Found /home/anant2040/git/ratis/ratis-examples/target/ratis-examples-3.2.0-SNAPSHOT.jar
Starting Async write now 
2025-12-18 17:47:54 INFO  ProducerConfig:370 - ProducerConfig values: 
	acks = -1
	auto.include.jmx.reporter = true
	batch.size = 16384
	bootstrap.servers = [10.129.148.129:9092]
	buffer.memory = 33554432
	client.dns.lookup = use_all_dns_ips
	client.id = producer-1
	compression.type = none
	connections.max.idle.ms = 540000
	delivery.timeout.ms = 120000
	enable.idempotence = true
	enable.metrics.push = true
	interceptor.classes = []
	key.serializer = class org.apache.kafka.common.serialization.StringSerializer
	linger.ms = 0
	max.block.ms = 60000
	max.in.flight.requests.per.connection = 5
	max.request.size = 1048576
	metadata.max.age.ms = 300000
	metadata.max.idle.ms = 300000
	metric.reporters = []
	metrics.num.samples = 2
	metrics.recording.level = INFO
	metrics.sample.window.ms = 30000
	partitioner.adaptive.partitioning.enable = true
	partitioner.availability.timeout.ms = 0
	partitioner.class = null
	partitioner.ignore.keys = false
	receive.buffer.bytes = 32768
	reconnect.backoff.max.ms = 1000
	reconnect.backoff.ms = 50
	request.timeout.ms = 30000
	retries = 2147483647
	retry.backoff.max.ms = 1000
	retry.backoff.ms = 100
	sasl.client.callback.handler.class = null
	sasl.jaas.config = null
	sasl.kerberos.kinit.cmd = /usr/bin/kinit
	sasl.kerberos.min.time.before.relogin = 60000
	sasl.kerberos.service.name = null
	sasl.kerberos.ticket.renew.jitter = 0.05
	sasl.kerberos.ticket.renew.window.factor = 0.8
	sasl.login.callback.handler.class = null
	sasl.login.class = null
	sasl.login.connect.timeout.ms = null
	sasl.login.read.timeout.ms = null
	sasl.login.refresh.buffer.seconds = 300
	sasl.login.refresh.min.period.seconds = 60
	sasl.login.refresh.window.factor = 0.8
	sasl.login.refresh.window.jitter = 0.05
	sasl.login.retry.backoff.max.ms = 10000
	sasl.login.retry.backoff.ms = 100
	sasl.mechanism = GSSAPI
	sasl.oauthbearer.clock.skew.seconds = 30
	sasl.oauthbearer.expected.audience = null
	sasl.oauthbearer.expected.issuer = null
	sasl.oauthbearer.jwks.endpoint.refresh.ms = 3600000
	sasl.oauthbearer.jwks.endpoint.retry.backoff.max.ms = 10000
	sasl.oauthbearer.jwks.endpoint.retry.backoff.ms = 100
	sasl.oauthbearer.jwks.endpoint.url = null
	sasl.oauthbearer.scope.claim.name = scope
	sasl.oauthbearer.sub.claim.name = sub
	sasl.oauthbearer.token.endpoint.url = null
	security.protocol = PLAINTEXT
	security.providers = null
	send.buffer.bytes = 131072
	socket.connection.setup.timeout.max.ms = 30000
	socket.connection.setup.timeout.ms = 10000
	ssl.cipher.suites = null
	ssl.enabled.protocols = [TLSv1.2, TLSv1.3]
	ssl.endpoint.identification.algorithm = https
	ssl.engine.factory.class = null
	ssl.key.password = null
	ssl.keymanager.algorithm = SunX509
	ssl.keystore.certificate.chain = null
	ssl.keystore.key = null
	ssl.keystore.location = null
	ssl.keystore.password = null
	ssl.keystore.type = JKS
	ssl.protocol = TLSv1.3
	ssl.provider = null
	ssl.secure.random.implementation = null
	ssl.trustmanager.algorithm = PKIX
	ssl.truststore.certificates = null
	ssl.truststore.location = null
	ssl.truststore.password = null
	ssl.truststore.type = JKS
	transaction.timeout.ms = 60000
	transactional.id = null
	value.serializer = class org.apache.kafka.common.serialization.StringSerializer

safedb syserr  data=java.nio.HeapByteBuffer[pos=0 lim=43 cap=43] &&& <ByteString@689604d9 size=43 contents="SELECT * FROM usertable WHERE YCSB_KEY=868;">
2025-12-18 17:47:54 INFO  KafkaMetricsCollector:297 - initializing Kafka metrics collector
2025-12-18 17:47:54 INFO  KafkaProducer:597 - [Producer clientId=producer-1] Instantiated an idempotent producer.
2025-12-18 17:47:54 INFO  AppInfoParser:124 - Kafka version: 3.7.0
2025-12-18 17:47:54 INFO  AppInfoParser:125 - Kafka commitId: 2ae524ed625438c5
2025-12-18 17:47:54 INFO  AppInfoParser:126 - Kafka startTimeMs: 1766060274897
2025-12-18 17:47:54 INFO  ConsumerConfig:370 - ConsumerConfig values: 
	allow.auto.create.topics = true
	auto.commit.interval.ms = 5000
	auto.include.jmx.reporter = true
	auto.offset.reset = latest
	bootstrap.servers = [10.129.148.129:9092]
	check.crcs = true
	client.dns.lookup = use_all_dns_ips
	client.id = consumer-my-group-1
	client.rack = 
	connections.max.idle.ms = 540000
	default.api.timeout.ms = 60000
	enable.auto.commit = true
	enable.metrics.push = true
	exclude.internal.topics = true
	fetch.max.bytes = 52428800
	fetch.max.wait.ms = 500
	fetch.min.bytes = 1
	group.id = my-group
	group.instance.id = null
	group.protocol = classic
	group.remote.assignor = null
	heartbeat.interval.ms = 3000
	interceptor.classes = []
	internal.leave.group.on.close = true
	internal.throw.on.fetch.stable.offset.unsupported = false
	isolation.level = read_uncommitted
	key.deserializer = class org.apache.kafka.common.serialization.StringDeserializer
	max.partition.fetch.bytes = 1048576
	max.poll.interval.ms = 300000
	max.poll.records = 500
	metadata.max.age.ms = 300000
	metric.reporters = []
	metrics.num.samples = 2
	metrics.recording.level = INFO
	metrics.sample.window.ms = 30000
	partition.assignment.strategy = [class org.apache.kafka.clients.consumer.RangeAssignor, class org.apache.kafka.clients.consumer.CooperativeStickyAssignor]
	receive.buffer.bytes = 65536
	reconnect.backoff.max.ms = 1000
	reconnect.backoff.ms = 50
	request.timeout.ms = 30000
	retry.backoff.max.ms = 1000
	retry.backoff.ms = 100
	sasl.client.callback.handler.class = null
	sasl.jaas.config = null
	sasl.kerberos.kinit.cmd = /usr/bin/kinit
	sasl.kerberos.min.time.before.relogin = 60000
	sasl.kerberos.service.name = null
	sasl.kerberos.ticket.renew.jitter = 0.05
	sasl.kerberos.ticket.renew.window.factor = 0.8
	sasl.login.callback.handler.class = null
	sasl.login.class = null
	sasl.login.connect.timeout.ms = null
	sasl.login.read.timeout.ms = null
	sasl.login.refresh.buffer.seconds = 300
	sasl.login.refresh.min.period.seconds = 60
	sasl.login.refresh.window.factor = 0.8
	sasl.login.refresh.window.jitter = 0.05
	sasl.login.retry.backoff.max.ms = 10000
	sasl.login.retry.backoff.ms = 100
	sasl.mechanism = GSSAPI
	sasl.oauthbearer.clock.skew.seconds = 30
	sasl.oauthbearer.expected.audience = null
	sasl.oauthbearer.expected.issuer = null
	sasl.oauthbearer.jwks.endpoint.refresh.ms = 3600000
	sasl.oauthbearer.jwks.endpoint.retry.backoff.max.ms = 10000
	sasl.oauthbearer.jwks.endpoint.retry.backoff.ms = 100
	sasl.oauthbearer.jwks.endpoint.url = null
	sasl.oauthbearer.scope.claim.name = scope
	sasl.oauthbearer.sub.claim.name = sub
	sasl.oauthbearer.token.endpoint.url = null
	security.protocol = PLAINTEXT
	security.providers = null
	send.buffer.bytes = 131072
	session.timeout.ms = 45000
	socket.connection.setup.timeout.max.ms = 30000
	socket.connection.setup.timeout.ms = 10000
	ssl.cipher.suites = null
	ssl.enabled.protocols = [TLSv1.2, TLSv1.3]
	ssl.endpoint.identification.algorithm = https
	ssl.engine.factory.class = null
	ssl.key.password = null
	ssl.keymanager.algorithm = SunX509
	ssl.keystore.certificate.chain = null
	ssl.keystore.key = null
	ssl.keystore.location = null
	ssl.keystore.password = null
	ssl.keystore.type = JKS
	ssl.protocol = TLSv1.3
	ssl.provider = null
	ssl.secure.random.implementation = null
	ssl.trustmanager.algorithm = PKIX
	ssl.truststore.certificates = null
	ssl.truststore.location = null
	ssl.truststore.password = null
	ssl.truststore.type = JKS
	value.deserializer = class org.apache.kafka.common.serialization.StringDeserializer

2025-12-18 17:47:54 INFO  KafkaMetricsCollector:297 - initializing Kafka metrics collector
2025-12-18 17:47:54 INFO  AppInfoParser:124 - Kafka version: 3.7.0
2025-12-18 17:47:54 INFO  AppInfoParser:125 - Kafka commitId: 2ae524ed625438c5
2025-12-18 17:47:54 INFO  AppInfoParser:126 - Kafka startTimeMs: 1766060274936
2025-12-18 17:47:54 INFO  LegacyKafkaConsumer:475 - [Consumer clientId=consumer-my-group-1, groupId=my-group] Subscribed to topic(s): topic2
2025-12-18 17:47:55 INFO  Metadata:349 - [Producer clientId=producer-1] Cluster ID: RoDpOzHHSqetx75HCfkdgg
2025-12-18 17:47:55 INFO  TransactionManager:502 - [Producer clientId=producer-1] ProducerId set to 1146 with epoch 0
2025-12-18 17:47:55 INFO  Metadata:349 - [Consumer clientId=consumer-my-group-1, groupId=my-group] Cluster ID: RoDpOzHHSqetx75HCfkdgg
2025-12-18 17:47:55 INFO  ConsumerCoordinator:936 - [Consumer clientId=consumer-my-group-1, groupId=my-group] Discovered group coordinator 10.129.148.129:9092 (id: 2147483647 rack: null)
2025-12-18 17:47:55 INFO  ConsumerCoordinator:604 - [Consumer clientId=consumer-my-group-1, groupId=my-group] (Re-)joining group
 Waiting for request 1766060275

safedb syserr  data=java.nio.HeapByteBuffer[pos=0 lim=43 cap=43] &&& <ByteString@68be8808 size=43 contents="SELECT * FROM usertable WHERE YCSB_KEY=831;">
safedb syserr  data=java.nio.HeapByteBuffer[pos=0 lim=41 cap=41] &&& <ByteString@69653e16 size=41 contents="DELETE FROM usertable where YCSB_KEY=937;">
safedb syserr  data=java.nio.HeapByteBuffer[pos=0 lim=43 cap=43] &&& <ByteString@906d29b size=43 contents="SELECT * FROM usertable where YCSB_KEY=473;">
2025-12-18 17:47:55 INFO  ConsumerCoordinator:1102 - [Consumer clientId=consumer-my-group-1, groupId=my-group] Request joining group due to: need to re-join with the given member-id: consumer-my-group-1-02302b0a-8cb0-470b-8185-eadc4e6c61c6
2025-12-18 17:47:55 INFO  ConsumerCoordinator:604 - [Consumer clientId=consumer-my-group-1, groupId=my-group] (Re-)joining group
safedb syserr  data=java.nio.HeapByteBuffer[pos=0 lim=43 cap=43] &&& <ByteString@5fe1ce85 size=43 contents="SELECT * FROM usertable WHERE YCSB_KEY=778;">
safedb syserr  data=java.nio.HeapByteBuffer[pos=0 lim=43 cap=43] &&& <ByteString@66fdec9 size=43 contents="SELECT * FROM usertable WHERE YCSB_KEY=144;">
safedb syserr  data=java.nio.HeapByteBuffer[pos=0 lim=43 cap=43] &&& <ByteString@2a640157 size=43 contents="SELECT * FROM usertable WHERE YCSB_KEY=833;">
safedb syserr  data=java.nio.HeapByteBuffer[pos=0 lim=44 cap=44] &&& <ByteString@5d8bafa9 size=44 contents="SELECT * FROM usertable WHERE YCSB_KEY=1082;">
 Waiting for request 1766060275

safedb syserr  data=java.nio.HeapByteBuffer[pos=0 lim=43 cap=43] &&& <ByteString@f80945f size=43 contents="SELECT * FROM usertable where YCSB_KEY=848;">
safedb syserr  data=java.nio.HeapByteBuffer[pos=0 lim=43 cap=43] &&& <ByteString@5ef6ae06 size=43 contents="SELECT * FROM usertable WHERE YCSB_KEY=196;">
2025-12-18 17:47:55 INFO  ConsumerCoordinator:665 - [Consumer clientId=consumer-my-group-1, groupId=my-group] Successfully joined group with generation Generation{generationId=59, memberId='consumer-my-group-1-02302b0a-8cb0-470b-8185-eadc4e6c61c6', protocol='range'}
2025-12-18 17:47:55 INFO  ConsumerCoordinator:659 - [Consumer clientId=consumer-my-group-1, groupId=my-group] Finished assignment for group at generation 59: {consumer-my-group-1-02302b0a-8cb0-470b-8185-eadc4e6c61c6=Assignment(partitions=[topic2-0])}
 Waiting for request 1766060275

2025-12-18 17:47:55 INFO  ConsumerCoordinator:842 - [Consumer clientId=consumer-my-group-1, groupId=my-group] Successfully synced group in generation Generation{generationId=59, memberId='consumer-my-group-1-02302b0a-8cb0-470b-8185-eadc4e6c61c6', protocol='range'}
2025-12-18 17:47:55 INFO  ConsumerCoordinator:319 - [Consumer clientId=consumer-my-group-1, groupId=my-group] Notifying assignor about the new Assignment(partitions=[topic2-0])
2025-12-18 17:47:55 INFO  ConsumerRebalanceListenerInvoker:56 - [Consumer clientId=consumer-my-group-1, groupId=my-group] Adding newly assigned partitions: topic2-0
2025-12-18 17:47:55 INFO  ConsumerUtils:199 - Setting offset for partition topic2-0 to the committed offset FetchPosition{offset=2218, offsetEpoch=Optional[0], currentLeader=LeaderAndEpoch{leader=Optional[10.129.148.129:9092 (id: 0 rack: null)], epoch=0}}
 Waiting for request 1766060275


 pt... Kafka Consumer Record in braces:(c2-1 0 SELECT 1 [(868, '1HN1XmDqAgYWQZvX5wSh', 'vkY09ZuvGHNj7Dbrknjj', 'XE3lMtYGXNWD73Jp7G4f', '27oB0OFqNAGYKTUJzIdD', 'Ld01zfxURc6XND1SF4eC', 'O1zmYkL2uf6B6H4UkxlE', '8N4VFn8XSBd8haf3BTNz', 'IqBGgdty3BWlit22zPqH', 'Wn1gwsn1gvpwqmFeHrIz', '6fhVenLB62xJckbDBIc5')])


 pt... Kafka Consumer Record in braces:(c2-2 0 SELECT 1 [(831, 's4INFaeA6LzaaxIRWxtC', 'QjL9cSTEKeIlQLV77wFA', 'Exuy5KkWLB8rFy4pzi6S', 'fsfhTB3ip0PwJfUf4Tz5', 'wu7lOQO8tNp7Mhf2XOR0', 'fEgWlS8VKsAChsL9Kl5z', 'EWah3XklTdDi2zv2YBxu', 'qvaIBrrh03PVPcASIOWY', 'jVqeVpzOviXtLJuFmfJ1', 'yFXrzDekuLPImOZNeCD0')])


 pt... Kafka Consumer Record in braces:(c2-3 0 DELETE 1)


 pt... Kafka Consumer Record in braces:(c2-4 0 SELECT 1 [(473, '68hkO95VmWsHWqwEyvWD', 'ertD1y5XruMYqIVAbN4p', 'x72FhUdKhULL7PFl8jMg', '10kTAB7ZfkrMMMwectK9', '4z3KiFW7OK4bLco9jXcu', 'aC29VqWNockytVzCITZJ', 'wCuelaxKgrZqgDveTGHy', 'esmVd3TOseRzfXZk0Fdr', 'Gklz3kbbmkonscUr6Y8W', 'YwxtTWAHiqkOJNCihsBi')])


 pt... Kafka Consumer Record in braces:(c2-5 0 SELECT 1 [(778, '24Icq1Iaq0J96HBJLyBw', 'AkZw0WQorESN9z1TtVjK', 'b1Ssf1gpWirYnSzMvvCC', 'dKMBgb2tFVTZ5K4nkdxW', 'HGRssdGU03lM6cC0hG17', 'XoCFDEMe9pUilf9S3ISx', 'q7qmnzvICnDWZrQfoQiE', '0EbLOCezwv8yMH1rFTzI', 'dnO9UEfx5pdcaFmSxVsx', 'iGp1gmeaxlU2rku2WwtN')])


 pt... Kafka Consumer Record in braces:(c2-6 0 SELECT 1 [(144, 'nmx7GE5CKM1Nu6BG8jUM', 'yi5vYi29fcgMkiWQgOJ7', 'Lv32oPfiCp2PbbrrTxVn', 'PiVHklyaSIizoaohlbvc', 'HDnxwu8OwFQK9VPhCg3t', 'WjscGgls57VyrVNNp8jm', 'N5uuALd8nIzlYgEOf0Gb', '2P00POI0ca3tes83Wpwi', 'AcOVcTCY6AEuP3oHvbEm', 'REsp1540XTtTXZ3Wpbss')])


 pt... Kafka Consumer Record in braces:(c2-7 0 SELECT 1 [(833, 'aPeQclPCozuKBVQ3KFAA', 'xW9BjMhhzQCYU9pZ2NBq', 's3q6GtBxJBIS9Rtk7DMd', 'GTWqUmdYFhHBXS7D1kLJ', '4a0faN1dOkWnVVQcq1MY', 'yqLi2CWgSHbhGNp92uD7', 'uDJKonGsJVeTF0uJxdrG', 'icJc9UW5SpRp3ucn1jks', 'T2NW5ZXp7qG2HwCkNSsw', 'hUn5BkSZdVcouLzteRCz')])


 pt... Kafka Consumer Record in braces:(c2-8 0 SELECT 1 [(1082, 'FykI6Vojnpq36vV17CNY', 'AzVJcluVnJZqGxVlBLkc', 'xf5NzUHVLBkh9JbkIRZi', 'gWe2Rj8drLe3QonSqq41', 'ixy1x3cRWZu6zdy5SzY1', 'dYPbDle2Wbrt50N4ukh0', 'lPcA1zVpWqGoFG5HaPJF', 'H78oA3t2m0PP9Df7rSV0', 'H2MGKdu2YXRdbXmnKurF', 'Sfq0eKZkTpb1BS7I20zR')])


 pt... Kafka Consumer Record in braces:(c2-9 0 SELECT 1 [(848, 'mEqyAkNWO7lsa7Lcozjk', '2MgVc4w4XrmYIvtUL0eX', 'XIchnV38BjGTAl7wP5eo', 'qWiommUSlF7xuLhufNft', 'VXTk4n9A6EFvIOS2r0IR', 'iibPrbo7ur2UG7UvP0fZ', 'g1S1DBixpVvVthj4cllh', 'BchwAOc1ybmy1J7HvPut', 'd3O9jM5LZgPxlPHgzpmJ', 'QEaOq5yIkrwTUtNgsvut')])


 pt... Kafka Consumer Record in braces:(c2-10 0 SELECT 1 [(196, 'sXUNuK4j0WkxGFiRrskr', '7mKGhBblClTViBNfxlOp', 'B6dEaCODTNCWnhMEjq8n', 'DcWYbYglXX9UIwjAjMTG', 'ITzzbC4OLlzsK5iltpPS', 'A5Z49reTNp5d0KVIbo6B', 'nsHfuEGe4Z5CjmoDnYYp', 'rrD3WXaO53QpxAgaKSwA', 'EVOLKs7oRnLhosa7FdPG', 'R82aeH4eU5cR89QEAwfX')])


 txReplies num keys sz= 10
2025-12-18 17:47:55 DEBUG RaftClient:484 - close client-CD7729F51F01
 Waiting for request 1766060275

 Waiting for request 1766060275

 Waiting for request 1766060275

 Waiting for request 1766060275

 Waiting for request 1766060275

 Waiting for request 1766060276

 Waiting for request 1766060276

 Waiting for request 1766060276

 Waiting for request 1766060276

 Waiting for request 1766060276

 Waiting for request 1766060276

 Waiting for request 1766060276

 Waiting for request 1766060276

 Waiting for request 1766060276

 Waiting for request 1766060276

 Waiting for request 1766060276

 Waiting for request 1766060277

 Waiting for request 1766060277

 Waiting for request 1766060277

 Waiting for request 1766060277

 Waiting for request 1766060277

 Waiting for request 1766060277

 Waiting for request 1766060277

 Waiting for request 1766060277

 Waiting for request 1766060277

 Waiting for request 1766060277

 Waiting for request 1766060277

 Waiting for request 1766060277

 Waiting for request 1766060278

 Waiting for request 1766060278

 Waiting for request 1766060278

 Waiting for request 1766060278

 Waiting for request 1766060278

 Waiting for request 1766060278

 Waiting for request 1766060278

 Waiting for request 1766060278

 Waiting for request 1766060278

 Waiting for request 1766060278

 Waiting for request 1766060278

 Waiting for request 1766060279

 Waiting for request 1766060279

 Waiting for request 1766060279

 Waiting for request 1766060279

 Waiting for request 1766060279

 Waiting for request 1766060279

 req= c2-7 execTime = 252872708
 req= c2-6 execTime = 260698527
 req= c2-9 execTime = 236325112
 req= c2-8 execTime = 245139360
 req= c2-10 execTime = 228564614
 req= c2-3 execTime = 287792094
 req= c2-2 execTime = 303973469
 req= c2-5 execTime = 269537572
 req= c2-4 execTime = 278281930
 req= c2-1 execTime = 709667042
Avg time taken: -122211486 nanosec
Total time taken: 734414 microsec
 Waiting for request 1766060279

 Waiting for request 1766060279

 Waiting for request 1766060279

 Waiting for request 1766060279

 Waiting for request 1766060279

 Waiting for request 1766060280

 Waiting for request 1766060280

 Waiting for request 1766060280

 Waiting for request 1766060280

 Waiting for request 1766060280

 Waiting for request 1766060280

 Waiting for request 1766060280

 Waiting for request 1766060280

 Waiting for request 1766060280

 Waiting for request 1766060280

 Waiting for request 1766060280

 Waiting for request 1766060281

 Waiting for request 1766060281

 Waiting for request 1766060281

 Waiting for request 1766060281

 Waiting for request 1766060281

 Waiting for request 1766060281

 Waiting for request 1766060281

 Waiting for request 1766060281

 Waiting for request 1766060281

 Waiting for request 1766060281

 Waiting for request 1766060281

 Waiting for request 1766060281

 Waiting for request 1766060282

 Waiting for request 1766060282

 Waiting for request 1766060282

 Waiting for request 1766060282

 Waiting for request 1766060282

 Waiting for request 1766060282

 Waiting for request 1766060282

 Waiting for request 1766060282

 Waiting for request 1766060282

 Waiting for request 1766060282

 Waiting for request 1766060282

 Waiting for request 1766060283

 Waiting for request 1766060283

 Waiting for request 1766060283

 Waiting for request 1766060283

 Waiting for request 1766060283

 Waiting for request 1766060283

 Waiting for request 1766060283

 Waiting for request 1766060283

 Waiting for request 1766060283

 Waiting for request 1766060283

 Waiting for request 1766060283

 Waiting for request 1766060284

 Waiting for request 1766060284

 Waiting for request 1766060284

 Waiting for request 1766060284

 Waiting for request 1766060284

 Waiting for request 1766060284

 Waiting for request 1766060284

 Waiting for request 1766060284

 Waiting for request 1766060284

 Waiting for request 1766060284

 Waiting for request 1766060284

 Waiting for request 1766060285

 Waiting for request 1766060285

 Waiting for request 1766060285

 Waiting for request 1766060285

 Waiting for request 1766060285

 Waiting for request 1766060285

 Waiting for request 1766060285

 Waiting for request 1766060285

 Waiting for request 1766060285

 Waiting for request 1766060285

 Waiting for request 1766060285

 Waiting for request 1766060286

 Waiting for request 1766060286

 Waiting for request 1766060286

 Waiting for request 1766060286

 Waiting for request 1766060286

 Waiting for request 1766060286

 Waiting for request 1766060286

 Waiting for request 1766060286

 Waiting for request 1766060286

 Waiting for request 1766060286

 Waiting for request 1766060286

 Waiting for request 1766060287

 Waiting for request 1766060287

 Waiting for request 1766060287

 Waiting for request 1766060287

 Waiting for request 1766060287

 Waiting for request 1766060287

 Waiting for request 1766060287

 Waiting for request 1766060287

 Waiting for request 1766060287

 Waiting for request 1766060287

 Waiting for request 1766060287

 Waiting for request 1766060287

 Waiting for request 1766060288

 Waiting for request 1766060288

 Waiting for request 1766060288

 Waiting for request 1766060288

 Waiting for request 1766060288

 Waiting for request 1766060288

 Waiting for request 1766060288

