Found /home/anant2040/git/ratis/ratis-examples/target/ratis-examples-3.2.0-SNAPSHOT.jar
Starting Async write now 
2025-12-19 17:12:40 INFO  ProducerConfig:370 - ProducerConfig values: 
	acks = -1
	auto.include.jmx.reporter = true
	batch.size = 16384
	bootstrap.servers = [10.129.148.129:9092]
	buffer.memory = 33554432
	client.dns.lookup = use_all_dns_ips
	client.id = producer-1
	compression.type = none
	connections.max.idle.ms = 540000
	delivery.timeout.ms = 120000
	enable.idempotence = true
	enable.metrics.push = true
	interceptor.classes = []
	key.serializer = class org.apache.kafka.common.serialization.StringSerializer
	linger.ms = 0
	max.block.ms = 60000
	max.in.flight.requests.per.connection = 5
	max.request.size = 1048576
	metadata.max.age.ms = 300000
	metadata.max.idle.ms = 300000
	metric.reporters = []
	metrics.num.samples = 2
	metrics.recording.level = INFO
	metrics.sample.window.ms = 30000
	partitioner.adaptive.partitioning.enable = true
	partitioner.availability.timeout.ms = 0
	partitioner.class = null
	partitioner.ignore.keys = false
	receive.buffer.bytes = 32768
	reconnect.backoff.max.ms = 1000
	reconnect.backoff.ms = 50
	request.timeout.ms = 30000
	retries = 2147483647
	retry.backoff.max.ms = 1000
	retry.backoff.ms = 100
	sasl.client.callback.handler.class = null
	sasl.jaas.config = null
	sasl.kerberos.kinit.cmd = /usr/bin/kinit
	sasl.kerberos.min.time.before.relogin = 60000
	sasl.kerberos.service.name = null
	sasl.kerberos.ticket.renew.jitter = 0.05
	sasl.kerberos.ticket.renew.window.factor = 0.8
	sasl.login.callback.handler.class = null
	sasl.login.class = null
	sasl.login.connect.timeout.ms = null
	sasl.login.read.timeout.ms = null
	sasl.login.refresh.buffer.seconds = 300
	sasl.login.refresh.min.period.seconds = 60
	sasl.login.refresh.window.factor = 0.8
	sasl.login.refresh.window.jitter = 0.05
	sasl.login.retry.backoff.max.ms = 10000
	sasl.login.retry.backoff.ms = 100
	sasl.mechanism = GSSAPI
	sasl.oauthbearer.clock.skew.seconds = 30
	sasl.oauthbearer.expected.audience = null
	sasl.oauthbearer.expected.issuer = null
	sasl.oauthbearer.jwks.endpoint.refresh.ms = 3600000
	sasl.oauthbearer.jwks.endpoint.retry.backoff.max.ms = 10000
	sasl.oauthbearer.jwks.endpoint.retry.backoff.ms = 100
	sasl.oauthbearer.jwks.endpoint.url = null
	sasl.oauthbearer.scope.claim.name = scope
	sasl.oauthbearer.sub.claim.name = sub
	sasl.oauthbearer.token.endpoint.url = null
	security.protocol = PLAINTEXT
	security.providers = null
	send.buffer.bytes = 131072
	socket.connection.setup.timeout.max.ms = 30000
	socket.connection.setup.timeout.ms = 10000
	ssl.cipher.suites = null
	ssl.enabled.protocols = [TLSv1.2, TLSv1.3]
	ssl.endpoint.identification.algorithm = https
	ssl.engine.factory.class = null
	ssl.key.password = null
	ssl.keymanager.algorithm = SunX509
	ssl.keystore.certificate.chain = null
	ssl.keystore.key = null
	ssl.keystore.location = null
	ssl.keystore.password = null
	ssl.keystore.type = JKS
	ssl.protocol = TLSv1.3
	ssl.provider = null
	ssl.secure.random.implementation = null
	ssl.trustmanager.algorithm = PKIX
	ssl.truststore.certificates = null
	ssl.truststore.location = null
	ssl.truststore.password = null
	ssl.truststore.type = JKS
	transaction.timeout.ms = 60000
	transactional.id = null
	value.serializer = class org.apache.kafka.common.serialization.StringSerializer

2025-12-19 17:12:40 INFO  KafkaMetricsCollector:297 - initializing Kafka metrics collector
2025-12-19 17:12:40 INFO  KafkaProducer:597 - [Producer clientId=producer-1] Instantiated an idempotent producer.
2025-12-19 17:12:40 INFO  AppInfoParser:124 - Kafka version: 3.7.0
2025-12-19 17:12:40 INFO  AppInfoParser:125 - Kafka commitId: 2ae524ed625438c5
2025-12-19 17:12:40 INFO  AppInfoParser:126 - Kafka startTimeMs: 1766144560732
2025-12-19 17:12:40 INFO  ConsumerConfig:370 - ConsumerConfig values: 
	allow.auto.create.topics = true
	auto.commit.interval.ms = 5000
	auto.include.jmx.reporter = true
	auto.offset.reset = latest
	bootstrap.servers = [10.129.148.129:9092]
	check.crcs = true
	client.dns.lookup = use_all_dns_ips
	client.id = consumer-my-group-1
	client.rack = 
	connections.max.idle.ms = 540000
	default.api.timeout.ms = 60000
	enable.auto.commit = true
	enable.metrics.push = true
	exclude.internal.topics = true
	fetch.max.bytes = 52428800
	fetch.max.wait.ms = 500
	fetch.min.bytes = 1
	group.id = my-group
	group.instance.id = null
	group.protocol = classic
	group.remote.assignor = null
	heartbeat.interval.ms = 3000
	interceptor.classes = []
	internal.leave.group.on.close = true
	internal.throw.on.fetch.stable.offset.unsupported = false
	isolation.level = read_uncommitted
	key.deserializer = class org.apache.kafka.common.serialization.StringDeserializer
	max.partition.fetch.bytes = 1048576
	max.poll.interval.ms = 300000
	max.poll.records = 500
	metadata.max.age.ms = 300000
	metric.reporters = []
	metrics.num.samples = 2
	metrics.recording.level = INFO
	metrics.sample.window.ms = 30000
	partition.assignment.strategy = [class org.apache.kafka.clients.consumer.RangeAssignor, class org.apache.kafka.clients.consumer.CooperativeStickyAssignor]
	receive.buffer.bytes = 65536
	reconnect.backoff.max.ms = 1000
	reconnect.backoff.ms = 50
	request.timeout.ms = 30000
	retry.backoff.max.ms = 1000
	retry.backoff.ms = 100
	sasl.client.callback.handler.class = null
	sasl.jaas.config = null
	sasl.kerberos.kinit.cmd = /usr/bin/kinit
	sasl.kerberos.min.time.before.relogin = 60000
	sasl.kerberos.service.name = null
	sasl.kerberos.ticket.renew.jitter = 0.05
	sasl.kerberos.ticket.renew.window.factor = 0.8
	sasl.login.callback.handler.class = null
	sasl.login.class = null
	sasl.login.connect.timeout.ms = null
	sasl.login.read.timeout.ms = null
	sasl.login.refresh.buffer.seconds = 300
	sasl.login.refresh.min.period.seconds = 60
	sasl.login.refresh.window.factor = 0.8
	sasl.login.refresh.window.jitter = 0.05
	sasl.login.retry.backoff.max.ms = 10000
	sasl.login.retry.backoff.ms = 100
	sasl.mechanism = GSSAPI
	sasl.oauthbearer.clock.skew.seconds = 30
	sasl.oauthbearer.expected.audience = null
	sasl.oauthbearer.expected.issuer = null
	sasl.oauthbearer.jwks.endpoint.refresh.ms = 3600000
	sasl.oauthbearer.jwks.endpoint.retry.backoff.max.ms = 10000
	sasl.oauthbearer.jwks.endpoint.retry.backoff.ms = 100
	sasl.oauthbearer.jwks.endpoint.url = null
	sasl.oauthbearer.scope.claim.name = scope
	sasl.oauthbearer.sub.claim.name = sub
	sasl.oauthbearer.token.endpoint.url = null
	security.protocol = PLAINTEXT
	security.providers = null
	send.buffer.bytes = 131072
	session.timeout.ms = 45000
	socket.connection.setup.timeout.max.ms = 30000
	socket.connection.setup.timeout.ms = 10000
	ssl.cipher.suites = null
	ssl.enabled.protocols = [TLSv1.2, TLSv1.3]
	ssl.endpoint.identification.algorithm = https
	ssl.engine.factory.class = null
	ssl.key.password = null
	ssl.keymanager.algorithm = SunX509
	ssl.keystore.certificate.chain = null
	ssl.keystore.key = null
	ssl.keystore.location = null
	ssl.keystore.password = null
	ssl.keystore.type = JKS
	ssl.protocol = TLSv1.3
	ssl.provider = null
	ssl.secure.random.implementation = null
	ssl.trustmanager.algorithm = PKIX
	ssl.truststore.certificates = null
	ssl.truststore.location = null
	ssl.truststore.password = null
	ssl.truststore.type = JKS
	value.deserializer = class org.apache.kafka.common.serialization.StringDeserializer

2025-12-19 17:12:40 INFO  KafkaMetricsCollector:297 - initializing Kafka metrics collector
2025-12-19 17:12:40 INFO  AppInfoParser:124 - Kafka version: 3.7.0
2025-12-19 17:12:40 INFO  AppInfoParser:125 - Kafka commitId: 2ae524ed625438c5
2025-12-19 17:12:40 INFO  AppInfoParser:126 - Kafka startTimeMs: 1766144560774
2025-12-19 17:12:40 INFO  LegacyKafkaConsumer:475 - [Consumer clientId=consumer-my-group-1, groupId=my-group] Subscribed to topic(s): topic2
2025-12-19 17:12:40 INFO  Metadata:349 - [Producer clientId=producer-1] Cluster ID: RoDpOzHHSqetx75HCfkdgg
2025-12-19 17:12:40 INFO  TransactionManager:502 - [Producer clientId=producer-1] ProducerId set to 1179 with epoch 0
2025-12-19 17:12:40 INFO  Metadata:349 - [Consumer clientId=consumer-my-group-1, groupId=my-group] Cluster ID: RoDpOzHHSqetx75HCfkdgg
2025-12-19 17:12:40 INFO  ConsumerCoordinator:936 - [Consumer clientId=consumer-my-group-1, groupId=my-group] Discovered group coordinator 10.129.148.129:9092 (id: 2147483647 rack: null)
2025-12-19 17:12:40 INFO  ConsumerCoordinator:604 - [Consumer clientId=consumer-my-group-1, groupId=my-group] (Re-)joining group
2025-12-19 17:12:40 INFO  ConsumerCoordinator:1102 - [Consumer clientId=consumer-my-group-1, groupId=my-group] Request joining group due to: need to re-join with the given member-id: consumer-my-group-1-d639cd8f-df80-4cb6-83c0-955e92c2dc92
2025-12-19 17:12:40 INFO  ConsumerCoordinator:604 - [Consumer clientId=consumer-my-group-1, groupId=my-group] (Re-)joining group
2025-12-19 17:12:40 INFO  ConsumerCoordinator:665 - [Consumer clientId=consumer-my-group-1, groupId=my-group] Successfully joined group with generation Generation{generationId=90, memberId='consumer-my-group-1-d639cd8f-df80-4cb6-83c0-955e92c2dc92', protocol='range'}
2025-12-19 17:12:40 INFO  ConsumerCoordinator:659 - [Consumer clientId=consumer-my-group-1, groupId=my-group] Finished assignment for group at generation 90: {consumer-my-group-1-d639cd8f-df80-4cb6-83c0-955e92c2dc92=Assignment(partitions=[topic2-0])}
2025-12-19 17:12:40 INFO  ConsumerCoordinator:842 - [Consumer clientId=consumer-my-group-1, groupId=my-group] Successfully synced group in generation Generation{generationId=90, memberId='consumer-my-group-1-d639cd8f-df80-4cb6-83c0-955e92c2dc92', protocol='range'}
2025-12-19 17:12:40 INFO  ConsumerCoordinator:319 - [Consumer clientId=consumer-my-group-1, groupId=my-group] Notifying assignor about the new Assignment(partitions=[topic2-0])
2025-12-19 17:12:40 INFO  ConsumerRebalanceListenerInvoker:56 - [Consumer clientId=consumer-my-group-1, groupId=my-group] Adding newly assigned partitions: topic2-0
2025-12-19 17:12:40 INFO  ConsumerUtils:199 - Setting offset for partition topic2-0 to the committed offset FetchPosition{offset=2358, offsetEpoch=Optional[0], currentLeader=LeaderAndEpoch{leader=Optional[10.129.148.129:9092 (id: 0 rack: null)], epoch=0}}
 Waiting for request 1766144561

 Waiting for request 1766144561

 Waiting for request 1766144561

2025-12-19 17:12:41 ERROR ResourceLeakDetector:337 - LEAK: ByteBuf.release() was not called before it's garbage-collected. See https://netty.io/wiki/reference-counted-objects.html for more information.
Recent access records: 
Created at:
	org.apache.ratis.thirdparty.io.netty.buffer.PooledByteBufAllocator.newHeapBuffer(PooledByteBufAllocator.java:387)
	org.apache.ratis.thirdparty.io.netty.buffer.AbstractByteBufAllocator.heapBuffer(AbstractByteBufAllocator.java:169)
	org.apache.ratis.thirdparty.io.netty.buffer.AbstractByteBufAllocator.heapBuffer(AbstractByteBufAllocator.java:160)
	org.apache.ratis.examples.filestore.cli.LoadGen.writeDbTx(LoadGen.java:695)
	org.apache.ratis.examples.filestore.cli.LoadGen.operation(LoadGen.java:133)
	org.apache.ratis.examples.filestore.cli.Client.run(Client.java:158)
	org.apache.ratis.examples.common.Runner.main(Runner.java:63)
 Waiting for request 1766144561

 Waiting for request 1766144561

 Waiting for request 1766144561

 Waiting for request 1766144561

 Waiting for request 1766144561

 Waiting for request 1766144561

 Waiting for request 1766144562

 Waiting for request 1766144562

 Waiting for request 1766144562

 Waiting for request 1766144562

 Waiting for request 1766144562

 Waiting for request 1766144562

 Waiting for request 1766144562

 Waiting for request 1766144562

 Waiting for request 1766144562

 Waiting for request 1766144563

 Waiting for request 1766144563

 Waiting for request 1766144563

 Waiting for request 1766144563

 Waiting for request 1766144563

 Waiting for request 1766144563

 Waiting for request 1766144563

 Waiting for request 1766144563

 Waiting for request 1766144563

 Waiting for request 1766144564

 Waiting for request 1766144564

 Waiting for request 1766144564

 Waiting for request 1766144564

 Waiting for request 1766144564

 Waiting for request 1766144564

 Waiting for request 1766144564

 Waiting for request 1766144564

 Waiting for request 1766144565

 Waiting for request 1766144565

 Waiting for request 1766144565

 Waiting for request 1766144565

 Waiting for request 1766144565

 Waiting for request 1766144565

 Waiting for request 1766144565

 Waiting for request 1766144565

 Waiting for request 1766144565

 Waiting for request 1766144566

 Waiting for request 1766144566

 Waiting for request 1766144566

 Waiting for request 1766144566

 Waiting for request 1766144566

 Waiting for request 1766144566

 Waiting for request 1766144566

 Waiting for request 1766144566

 Waiting for request 1766144566

 Waiting for request 1766144567

 Waiting for request 1766144567

 Waiting for request 1766144567

 Waiting for request 1766144567

 Waiting for request 1766144567

 Waiting for request 1766144567

 Waiting for request 1766144567

 Waiting for request 1766144567

 Waiting for request 1766144568

 Waiting for request 1766144568

 Waiting for request 1766144568

 Waiting for request 1766144568

 Waiting for request 1766144568

 Waiting for request 1766144568

 Waiting for request 1766144568

 Waiting for request 1766144568

 Waiting for request 1766144568

 Waiting for request 1766144569

 Waiting for request 1766144569

 Waiting for request 1766144569

 Waiting for request 1766144569

 Waiting for request 1766144569

 Waiting for request 1766144569

 Waiting for request 1766144569

 Waiting for request 1766144569

 Waiting for request 1766144569

 Waiting for request 1766144570

 Waiting for request 1766144570

 Waiting for request 1766144570

 Waiting for request 1766144570

 Waiting for request 1766144570

 Waiting for request 1766144570

 Waiting for request 1766144570

 Waiting for request 1766144570

 Waiting for request 1766144570

 Waiting for request 1766144571

 Waiting for request 1766144571

 Waiting for request 1766144571

 Waiting for request 1766144571

 Waiting for request 1766144571

 Waiting for request 1766144571

 Waiting for request 1766144571

 Waiting for request 1766144571

 Waiting for request 1766144571

 Waiting for request 1766144572

 Waiting for request 1766144572

 Waiting for request 1766144572

 Waiting for request 1766144572

 Waiting for request 1766144572

 Waiting for request 1766144572

 Waiting for request 1766144572

 Waiting for request 1766144572

 Waiting for request 1766144572

 Waiting for request 1766144573

 Waiting for request 1766144573

 Waiting for request 1766144573

 Waiting for request 1766144573

 Waiting for request 1766144573

 Waiting for request 1766144573

 Waiting for request 1766144573

 Waiting for request 1766144573

 Waiting for request 1766144573

 Waiting for request 1766144573

 Waiting for request 1766144574

 Waiting for request 1766144574

 Waiting for request 1766144574

 Waiting for request 1766144574

 Waiting for request 1766144574

 Waiting for request 1766144574

 Waiting for request 1766144574

 Waiting for request 1766144574

 Waiting for request 1766144574

 Waiting for request 1766144575

 Waiting for request 1766144575

 Waiting for request 1766144575

 Waiting for request 1766144575

 Waiting for request 1766144575

 Waiting for request 1766144575

 Waiting for request 1766144575

 Waiting for request 1766144575

 Waiting for request 1766144575

 Waiting for request 1766144575

 Waiting for request 1766144576

 Waiting for request 1766144576

 Waiting for request 1766144576

 Waiting for request 1766144576

 Waiting for request 1766144576

 Waiting for request 1766144576

 Waiting for request 1766144576

 Waiting for request 1766144576

 Waiting for request 1766144576

 Waiting for request 1766144577

 Waiting for request 1766144577

 Waiting for request 1766144577

 Waiting for request 1766144577

 Waiting for request 1766144577

 Waiting for request 1766144577

 Waiting for request 1766144577

 Waiting for request 1766144577

 Waiting for request 1766144577

 Waiting for request 1766144577

 Waiting for request 1766144578

 Waiting for request 1766144578

 Waiting for request 1766144578

 Waiting for request 1766144578

 Waiting for request 1766144578

 Waiting for request 1766144578

 Waiting for request 1766144578

 Waiting for request 1766144578

 Waiting for request 1766144578

 Waiting for request 1766144578

 Waiting for request 1766144579

 Waiting for request 1766144579

 Waiting for request 1766144579

 Waiting for request 1766144579

 Waiting for request 1766144579

 Waiting for request 1766144579

 Waiting for request 1766144579

 Waiting for request 1766144579

 Waiting for request 1766144579

 Waiting for request 1766144580

 Waiting for request 1766144580

 Waiting for request 1766144580

 Waiting for request 1766144580

 Waiting for request 1766144580

 Waiting for request 1766144580

 Waiting for request 1766144580

 Waiting for request 1766144580

 Waiting for request 1766144580

 Waiting for request 1766144580

 Waiting for request 1766144581

 Waiting for request 1766144581

 Waiting for request 1766144581

 Waiting for request 1766144581

 Waiting for request 1766144581

 Waiting for request 1766144581

 Waiting for request 1766144581

 Waiting for request 1766144581

 Waiting for request 1766144581

 Waiting for request 1766144582

 Waiting for request 1766144582

 Waiting for request 1766144582

 Waiting for request 1766144582

 Waiting for request 1766144582

 Waiting for request 1766144582

 Waiting for request 1766144582

 Waiting for request 1766144582

 Waiting for request 1766144582

 Waiting for request 1766144582

 Waiting for request 1766144583

 Waiting for request 1766144583

 Waiting for request 1766144583

 Waiting for request 1766144583

 Waiting for request 1766144583

 Waiting for request 1766144583

 Waiting for request 1766144583

 Waiting for request 1766144583

 Waiting for request 1766144583

 Waiting for request 1766144584

 Waiting for request 1766144584

 Waiting for request 1766144584

 Waiting for request 1766144584

 Waiting for request 1766144584

 Waiting for request 1766144584

 Waiting for request 1766144584

 Waiting for request 1766144584

 Waiting for request 1766144584

 Waiting for request 1766144584

 Waiting for request 1766144585

 Waiting for request 1766144585

 Waiting for request 1766144585

 Waiting for request 1766144585

 Waiting for request 1766144585

 Waiting for request 1766144585

 Waiting for request 1766144585

 Waiting for request 1766144585

 Waiting for request 1766144585

 Waiting for request 1766144585

 Waiting for request 1766144586

 Waiting for request 1766144586

 Waiting for request 1766144586

 Waiting for request 1766144586

 Waiting for request 1766144586

 Waiting for request 1766144586

 Waiting for request 1766144586

 Waiting for request 1766144586

 Waiting for request 1766144586

 Waiting for request 1766144587

 Waiting for request 1766144587

 Waiting for request 1766144587

 Waiting for request 1766144587

 Waiting for request 1766144587

 Waiting for request 1766144587

 Waiting for request 1766144587

 Waiting for request 1766144587

 Waiting for request 1766144587

 Waiting for request 1766144587

 Waiting for request 1766144588

 Waiting for request 1766144588

 Waiting for request 1766144588

 Waiting for request 1766144588

 Waiting for request 1766144588

 Waiting for request 1766144588

 Waiting for request 1766144588

 Waiting for request 1766144588

 Waiting for request 1766144588

 Waiting for request 1766144589

 Waiting for request 1766144589

 Waiting for request 1766144589

 Waiting for request 1766144589

 Waiting for request 1766144589

 Waiting for request 1766144589

 Waiting for request 1766144589

 Waiting for request 1766144589

 Waiting for request 1766144589

 Waiting for request 1766144589

 Waiting for request 1766144590

 Waiting for request 1766144590

 Waiting for request 1766144590

 Waiting for request 1766144590

 Waiting for request 1766144590

 Waiting for request 1766144590

 Waiting for request 1766144590

 Waiting for request 1766144590

 Waiting for request 1766144590

 Waiting for request 1766144591

 Waiting for request 1766144591

 Waiting for request 1766144591

 Waiting for request 1766144591

 Waiting for request 1766144591

 Waiting for request 1766144591

 Waiting for request 1766144591

 Waiting for request 1766144591

 Waiting for request 1766144591

 Waiting for request 1766144591

 Waiting for request 1766144592

 Waiting for request 1766144592

 Waiting for request 1766144592

 Waiting for request 1766144592

 Waiting for request 1766144592

 Waiting for request 1766144592

 Waiting for request 1766144592

 Waiting for request 1766144592

 Waiting for request 1766144592

 Waiting for request 1766144592

 Waiting for request 1766144593

 Waiting for request 1766144593

 Waiting for request 1766144593

 Waiting for request 1766144593

 Waiting for request 1766144593

 Waiting for request 1766144593

 Waiting for request 1766144593

 Waiting for request 1766144593

 Waiting for request 1766144593

 Waiting for request 1766144594

 Waiting for request 1766144594

 Waiting for request 1766144594

 Waiting for request 1766144594

 Waiting for request 1766144594

 Waiting for request 1766144594

 Waiting for request 1766144594

 Waiting for request 1766144594

 Waiting for request 1766144594

 Waiting for request 1766144594

 Waiting for request 1766144595

 Waiting for request 1766144595

 Waiting for request 1766144595

 Waiting for request 1766144595

 Waiting for request 1766144595

 Waiting for request 1766144595

 Waiting for request 1766144595

 Waiting for request 1766144595

 Waiting for request 1766144595

 Waiting for request 1766144596

 Waiting for request 1766144596

 Waiting for request 1766144596

 Waiting for request 1766144596

 Waiting for request 1766144596

 Waiting for request 1766144596

 Waiting for request 1766144596

 Waiting for request 1766144596

 Waiting for request 1766144596

 Waiting for request 1766144596

 Waiting for request 1766144597

 Waiting for request 1766144597

 Waiting for request 1766144597

 Waiting for request 1766144597

 Waiting for request 1766144597

 Waiting for request 1766144597

 Waiting for request 1766144597

 Waiting for request 1766144597

 Waiting for request 1766144597

 Waiting for request 1766144597

 Waiting for request 1766144598

 Waiting for request 1766144598

 Waiting for request 1766144598

 Waiting for request 1766144598

 Waiting for request 1766144598

 Waiting for request 1766144598

 Waiting for request 1766144598

 Waiting for request 1766144598

 Waiting for request 1766144598

 Waiting for request 1766144599

 Waiting for request 1766144599

 Waiting for request 1766144599

 Waiting for request 1766144599

 Waiting for request 1766144599

 Waiting for request 1766144599

 Waiting for request 1766144599

 Waiting for request 1766144599

 Waiting for request 1766144599

 Waiting for request 1766144599

 Waiting for request 1766144600

 Waiting for request 1766144600

 Waiting for request 1766144600

 Waiting for request 1766144600

 Waiting for request 1766144600

 Waiting for request 1766144600

 Waiting for request 1766144600

 Waiting for request 1766144600

 Waiting for request 1766144600

 Waiting for request 1766144601

 Waiting for request 1766144601

 Waiting for request 1766144601

 Waiting for request 1766144601

 Waiting for request 1766144601

 Waiting for request 1766144601

 Waiting for request 1766144601

 Waiting for request 1766144601

 Waiting for request 1766144601

 Waiting for request 1766144601

 Waiting for request 1766144602

 Waiting for request 1766144602

 Waiting for request 1766144602

 Waiting for request 1766144602

 Waiting for request 1766144602

 Waiting for request 1766144602

 Waiting for request 1766144602

 Waiting for request 1766144602

 Waiting for request 1766144602

 Waiting for request 1766144602

 Waiting for request 1766144603

 Waiting for request 1766144603

 Waiting for request 1766144603

 Waiting for request 1766144603

 Waiting for request 1766144603

 Waiting for request 1766144603

 Waiting for request 1766144603

 Waiting for request 1766144603

 Waiting for request 1766144603

 Waiting for request 1766144604

 Waiting for request 1766144604

 Waiting for request 1766144604

 Waiting for request 1766144604

 Waiting for request 1766144604

 Waiting for request 1766144604

 Waiting for request 1766144604

 Waiting for request 1766144604

 Waiting for request 1766144604

 Waiting for request 1766144604

 Waiting for request 1766144605

 Waiting for request 1766144605

 Waiting for request 1766144605

 Waiting for request 1766144605

 Waiting for request 1766144605

 Waiting for request 1766144605

 Waiting for request 1766144605

 Waiting for request 1766144605

 Waiting for request 1766144605

 Waiting for request 1766144606

 Waiting for request 1766144606

 Waiting for request 1766144606

 Waiting for request 1766144606

 Waiting for request 1766144606

 Waiting for request 1766144606

 Waiting for request 1766144606

 Waiting for request 1766144606

 Waiting for request 1766144606

 Waiting for request 1766144606

 Waiting for request 1766144607

 Waiting for request 1766144607

 Waiting for request 1766144607

 Waiting for request 1766144607

 Waiting for request 1766144607

 Waiting for request 1766144607

 Waiting for request 1766144607

 Waiting for request 1766144607

 Waiting for request 1766144607

 Waiting for request 1766144608

 Waiting for request 1766144608

 Waiting for request 1766144608

 Waiting for request 1766144608

 Waiting for request 1766144608

 Waiting for request 1766144608

 Waiting for request 1766144608

 Waiting for request 1766144608

 Waiting for request 1766144608

 Waiting for request 1766144608

 Waiting for request 1766144609

 Waiting for request 1766144609

 Waiting for request 1766144609

 Waiting for request 1766144609

 Waiting for request 1766144609

 Waiting for request 1766144609

 Waiting for request 1766144609

 Waiting for request 1766144609

 Waiting for request 1766144609

 Waiting for request 1766144610

 Waiting for request 1766144610

 Waiting for request 1766144610

 Waiting for request 1766144610

 Waiting for request 1766144610

 Waiting for request 1766144610

 Waiting for request 1766144610

 Waiting for request 1766144610

 Waiting for request 1766144610

 Waiting for request 1766144610

 Waiting for request 1766144611

 Waiting for request 1766144611

 Waiting for request 1766144611

 Waiting for request 1766144611

 Waiting for request 1766144611

 Waiting for request 1766144611

 Waiting for request 1766144611

 Waiting for request 1766144611

 Waiting for request 1766144611

 Waiting for request 1766144612

 Waiting for request 1766144612

 Waiting for request 1766144612

 Waiting for request 1766144612

 Waiting for request 1766144612

 Waiting for request 1766144612

 Waiting for request 1766144612

 Waiting for request 1766144612

 Waiting for request 1766144612

 Waiting for request 1766144612

 Waiting for request 1766144613

 Waiting for request 1766144613

 Waiting for request 1766144613

 Waiting for request 1766144613

 Waiting for request 1766144613

 Waiting for request 1766144613

 Waiting for request 1766144613

 Waiting for request 1766144613

 Waiting for request 1766144613

 Waiting for request 1766144613

 Waiting for request 1766144614

 Waiting for request 1766144614

 Waiting for request 1766144614

 Waiting for request 1766144614

 Waiting for request 1766144614

 Waiting for request 1766144614

 Waiting for request 1766144614

 Waiting for request 1766144614

 Waiting for request 1766144614

 Waiting for request 1766144615

 Waiting for request 1766144615

 Waiting for request 1766144615

 Waiting for request 1766144615

 Waiting for request 1766144615

 Waiting for request 1766144615

 Waiting for request 1766144615

 Waiting for request 1766144615

 Waiting for request 1766144615

 Waiting for request 1766144615

 Waiting for request 1766144616

 Waiting for request 1766144616

 Waiting for request 1766144616

 Waiting for request 1766144616

 Waiting for request 1766144616

 Waiting for request 1766144616

 Waiting for request 1766144616

 Waiting for request 1766144616

 Waiting for request 1766144616

 Waiting for request 1766144617

 Waiting for request 1766144617

 Waiting for request 1766144617

 Waiting for request 1766144617

 Waiting for request 1766144617

 Waiting for request 1766144617

 Waiting for request 1766144617

 Waiting for request 1766144617

 Waiting for request 1766144617

 Waiting for request 1766144617

 Waiting for request 1766144618

 Waiting for request 1766144618

 Waiting for request 1766144618

 Waiting for request 1766144618

 Waiting for request 1766144618

 Waiting for request 1766144618

 Waiting for request 1766144618

 Waiting for request 1766144618

 Waiting for request 1766144618

 Waiting for request 1766144619

 Waiting for request 1766144619

 Waiting for request 1766144619

 Waiting for request 1766144619

 Waiting for request 1766144619

 Waiting for request 1766144619

 Waiting for request 1766144619

 Waiting for request 1766144619

 Waiting for request 1766144619

 Waiting for request 1766144619

 Waiting for request 1766144620

 Waiting for request 1766144620

 Waiting for request 1766144620

 Waiting for request 1766144620

 Waiting for request 1766144620

 Waiting for request 1766144620

 Waiting for request 1766144620

 Waiting for request 1766144620

 Waiting for request 1766144620

 Waiting for request 1766144621

 Waiting for request 1766144621

 Waiting for request 1766144621

 Waiting for request 1766144621

 Waiting for request 1766144621

 Waiting for request 1766144621

 Waiting for request 1766144621

 Waiting for request 1766144621

 Waiting for request 1766144621

 Waiting for request 1766144621

 Waiting for request 1766144622

 Waiting for request 1766144622

 Waiting for request 1766144622

 Waiting for request 1766144622

 Waiting for request 1766144622

 Waiting for request 1766144622

 Waiting for request 1766144622

 Waiting for request 1766144622

 Waiting for request 1766144622

 Waiting for request 1766144622

 Waiting for request 1766144623

 Waiting for request 1766144623

 Waiting for request 1766144623

 Waiting for request 1766144623

 Waiting for request 1766144623

 Waiting for request 1766144623

 Waiting for request 1766144623

 Waiting for request 1766144623

 Waiting for request 1766144623

 Waiting for request 1766144624

 Waiting for request 1766144624

 Waiting for request 1766144624

 Waiting for request 1766144624

 Waiting for request 1766144624

 Waiting for request 1766144624

 Waiting for request 1766144624

 Waiting for request 1766144624

 Waiting for request 1766144624

 Waiting for request 1766144624

 Waiting for request 1766144625

 Waiting for request 1766144625

 Waiting for request 1766144625

 Waiting for request 1766144625

 Waiting for request 1766144625

 Waiting for request 1766144625

 Waiting for request 1766144625

 Waiting for request 1766144625

 Waiting for request 1766144625

 Waiting for request 1766144626

 Waiting for request 1766144626

 Waiting for request 1766144626

 Waiting for request 1766144626

 Waiting for request 1766144626

 Waiting for request 1766144626

 Waiting for request 1766144626

 Waiting for request 1766144626

 Waiting for request 1766144626

 Waiting for request 1766144626

 Waiting for request 1766144627

 Waiting for request 1766144627

 Waiting for request 1766144627

 Waiting for request 1766144627

 Waiting for request 1766144627

 Waiting for request 1766144627

 Waiting for request 1766144627

 Waiting for request 1766144627

 Waiting for request 1766144627

 Waiting for request 1766144627

 Waiting for request 1766144628

 Waiting for request 1766144628

 Waiting for request 1766144628

 Waiting for request 1766144628

 Waiting for request 1766144628

 Waiting for request 1766144628

 Waiting for request 1766144628

 Waiting for request 1766144628

 Waiting for request 1766144628

 Waiting for request 1766144629

 Waiting for request 1766144629

 Waiting for request 1766144629

 Waiting for request 1766144629

 Waiting for request 1766144629

 Waiting for request 1766144629

 Waiting for request 1766144629

 Waiting for request 1766144629

 Waiting for request 1766144629

 Waiting for request 1766144629

 Waiting for request 1766144630

 Waiting for request 1766144630

 Waiting for request 1766144630

 Waiting for request 1766144630

 Waiting for request 1766144630

 Waiting for request 1766144630

 Waiting for request 1766144630

 Waiting for request 1766144630

 Waiting for request 1766144630

 Waiting for request 1766144631

 Waiting for request 1766144631

 Waiting for request 1766144631

 Waiting for request 1766144631

 Waiting for request 1766144631

 Waiting for request 1766144631

 Waiting for request 1766144631

 Waiting for request 1766144631

 Waiting for request 1766144631

 Waiting for request 1766144631

 Waiting for request 1766144632

 Waiting for request 1766144632

 Waiting for request 1766144632

 Waiting for request 1766144632

 Waiting for request 1766144632

 Waiting for request 1766144632

 Waiting for request 1766144632

 Waiting for request 1766144632

 Waiting for request 1766144632

 Waiting for request 1766144633

 Waiting for request 1766144633

 Waiting for request 1766144633

 Waiting for request 1766144633

 Waiting for request 1766144633

 Waiting for request 1766144633

 Waiting for request 1766144633

 Waiting for request 1766144633

 Waiting for request 1766144633

 Waiting for request 1766144633

 Waiting for request 1766144634

 Waiting for request 1766144634

 Waiting for request 1766144634

 Waiting for request 1766144634

 Waiting for request 1766144634

 Waiting for request 1766144634

 Waiting for request 1766144634

 Waiting for request 1766144634

 Waiting for request 1766144634

 Waiting for request 1766144634

 Waiting for request 1766144635

 Waiting for request 1766144635

 Waiting for request 1766144635

 Waiting for request 1766144635

 Waiting for request 1766144635

 Waiting for request 1766144635

 Waiting for request 1766144635

 Waiting for request 1766144635

 Waiting for request 1766144635

 Waiting for request 1766144636

 Waiting for request 1766144636

 Waiting for request 1766144636

 Waiting for request 1766144636

 Waiting for request 1766144636

 Waiting for request 1766144636

 Waiting for request 1766144636

 Waiting for request 1766144636

 Waiting for request 1766144636

 Waiting for request 1766144636

 Waiting for request 1766144637

 Waiting for request 1766144637

 Waiting for request 1766144637

 Waiting for request 1766144637

 Waiting for request 1766144637

 Waiting for request 1766144637

 Waiting for request 1766144637

 Waiting for request 1766144637

 Waiting for request 1766144637

 Waiting for request 1766144638

 Waiting for request 1766144638

 Waiting for request 1766144638

 Waiting for request 1766144638

 Waiting for request 1766144638

 Waiting for request 1766144638

 Waiting for request 1766144638

 Waiting for request 1766144638

 Waiting for request 1766144638

 Waiting for request 1766144638

 Waiting for request 1766144639

 Waiting for request 1766144639

 Waiting for request 1766144639

 Waiting for request 1766144639

 Waiting for request 1766144639

 Waiting for request 1766144639

 Waiting for request 1766144639

 Waiting for request 1766144639

 Waiting for request 1766144639

 Waiting for request 1766144639

 Waiting for request 1766144640

 Waiting for request 1766144640

 Waiting for request 1766144640

 Waiting for request 1766144640

 Waiting for request 1766144640

 Waiting for request 1766144640

 Waiting for request 1766144640

 Waiting for request 1766144640

 Waiting for request 1766144640

 Waiting for request 1766144641

 Waiting for request 1766144641

 Waiting for request 1766144641

 Waiting for request 1766144641

 Waiting for request 1766144641

 Waiting for request 1766144641

 Waiting for request 1766144641

 Waiting for request 1766144641

 Waiting for request 1766144641

 Waiting for request 1766144641

 Waiting for request 1766144642

 Waiting for request 1766144642

 Waiting for request 1766144642

 Waiting for request 1766144642

 Waiting for request 1766144642

 Waiting for request 1766144642

 Waiting for request 1766144642

 Waiting for request 1766144642

 Waiting for request 1766144642

 Waiting for request 1766144643

 Waiting for request 1766144643

 Waiting for request 1766144643

 Waiting for request 1766144643

 Waiting for request 1766144643

 Waiting for request 1766144643

 Waiting for request 1766144643

 Waiting for request 1766144643

 Waiting for request 1766144643

 Waiting for request 1766144643

 Waiting for request 1766144644

 Waiting for request 1766144644

 Waiting for request 1766144644

 Waiting for request 1766144644

 Waiting for request 1766144644

 Waiting for request 1766144644

 Waiting for request 1766144644

 Waiting for request 1766144644

 Waiting for request 1766144644

 Waiting for request 1766144644

 Waiting for request 1766144645

 Waiting for request 1766144645

 Waiting for request 1766144645

 Waiting for request 1766144645

 Waiting for request 1766144645

 Waiting for request 1766144645

 Waiting for request 1766144645

 Waiting for request 1766144645

 Waiting for request 1766144645

 Waiting for request 1766144646

 Waiting for request 1766144646

 Waiting for request 1766144646

 Waiting for request 1766144646

 Waiting for request 1766144646

 Waiting for request 1766144646

 Waiting for request 1766144646

 Waiting for request 1766144646

 Waiting for request 1766144646

 Waiting for request 1766144646

 Waiting for request 1766144647

 Waiting for request 1766144647

 Waiting for request 1766144647

 Waiting for request 1766144647

 Waiting for request 1766144647

 Waiting for request 1766144647

 Waiting for request 1766144647

 Waiting for request 1766144647

 Waiting for request 1766144647

 Waiting for request 1766144648

 Waiting for request 1766144648

 Waiting for request 1766144648

 Waiting for request 1766144648

 Waiting for request 1766144648

 Waiting for request 1766144648

 Waiting for request 1766144648

 Waiting for request 1766144648

 Waiting for request 1766144648

 Waiting for request 1766144648

 Waiting for request 1766144649

 Waiting for request 1766144649

 Waiting for request 1766144649

 Waiting for request 1766144649

 Waiting for request 1766144649

 Waiting for request 1766144649

 Waiting for request 1766144649

 Waiting for request 1766144649

 Waiting for request 1766144649

 Waiting for request 1766144649

 Waiting for request 1766144650

 Waiting for request 1766144650

 Waiting for request 1766144650

 Waiting for request 1766144650

 Waiting for request 1766144650

 Waiting for request 1766144650

 Waiting for request 1766144650

 Waiting for request 1766144650

