Found /home/anant2040/git/ratis/ratis-examples/target/ratis-examples-3.2.0-SNAPSHOT.jar
Starting Async write now 
2025-12-17 15:44:14 INFO  ProducerConfig:370 - ProducerConfig values: 
	acks = -1
	auto.include.jmx.reporter = true
	batch.size = 16384
	bootstrap.servers = [10.129.148.129:9092]
	buffer.memory = 33554432
	client.dns.lookup = use_all_dns_ips
	client.id = producer-1
	compression.type = none
	connections.max.idle.ms = 540000
	delivery.timeout.ms = 120000
	enable.idempotence = true
	enable.metrics.push = true
	interceptor.classes = []
	key.serializer = class org.apache.kafka.common.serialization.StringSerializer
	linger.ms = 0
	max.block.ms = 60000
	max.in.flight.requests.per.connection = 5
	max.request.size = 1048576
	metadata.max.age.ms = 300000
	metadata.max.idle.ms = 300000
	metric.reporters = []
	metrics.num.samples = 2
	metrics.recording.level = INFO
	metrics.sample.window.ms = 30000
	partitioner.adaptive.partitioning.enable = true
	partitioner.availability.timeout.ms = 0
	partitioner.class = null
	partitioner.ignore.keys = false
	receive.buffer.bytes = 32768
	reconnect.backoff.max.ms = 1000
	reconnect.backoff.ms = 50
	request.timeout.ms = 30000
	retries = 2147483647
	retry.backoff.max.ms = 1000
	retry.backoff.ms = 100
	sasl.client.callback.handler.class = null
	sasl.jaas.config = null
	sasl.kerberos.kinit.cmd = /usr/bin/kinit
	sasl.kerberos.min.time.before.relogin = 60000
	sasl.kerberos.service.name = null
	sasl.kerberos.ticket.renew.jitter = 0.05
	sasl.kerberos.ticket.renew.window.factor = 0.8
	sasl.login.callback.handler.class = null
	sasl.login.class = null
	sasl.login.connect.timeout.ms = null
	sasl.login.read.timeout.ms = null
	sasl.login.refresh.buffer.seconds = 300
	sasl.login.refresh.min.period.seconds = 60
	sasl.login.refresh.window.factor = 0.8
	sasl.login.refresh.window.jitter = 0.05
	sasl.login.retry.backoff.max.ms = 10000
	sasl.login.retry.backoff.ms = 100
	sasl.mechanism = GSSAPI
	sasl.oauthbearer.clock.skew.seconds = 30
	sasl.oauthbearer.expected.audience = null
	sasl.oauthbearer.expected.issuer = null
	sasl.oauthbearer.jwks.endpoint.refresh.ms = 3600000
	sasl.oauthbearer.jwks.endpoint.retry.backoff.max.ms = 10000
	sasl.oauthbearer.jwks.endpoint.retry.backoff.ms = 100
	sasl.oauthbearer.jwks.endpoint.url = null
	sasl.oauthbearer.scope.claim.name = scope
	sasl.oauthbearer.sub.claim.name = sub
	sasl.oauthbearer.token.endpoint.url = null
	security.protocol = PLAINTEXT
	security.providers = null
	send.buffer.bytes = 131072
	socket.connection.setup.timeout.max.ms = 30000
	socket.connection.setup.timeout.ms = 10000
	ssl.cipher.suites = null
	ssl.enabled.protocols = [TLSv1.2, TLSv1.3]
	ssl.endpoint.identification.algorithm = https
	ssl.engine.factory.class = null
	ssl.key.password = null
	ssl.keymanager.algorithm = SunX509
	ssl.keystore.certificate.chain = null
	ssl.keystore.key = null
	ssl.keystore.location = null
	ssl.keystore.password = null
	ssl.keystore.type = JKS
	ssl.protocol = TLSv1.3
	ssl.provider = null
	ssl.secure.random.implementation = null
	ssl.trustmanager.algorithm = PKIX
	ssl.truststore.certificates = null
	ssl.truststore.location = null
	ssl.truststore.password = null
	ssl.truststore.type = JKS
	transaction.timeout.ms = 60000
	transactional.id = null
	value.serializer = class org.apache.kafka.common.serialization.StringSerializer

safedb syserr  data=java.nio.HeapByteBuffer[pos=0 lim=43 cap=43] &&& <ByteString@35e2d654 size=43 contents="SELECT * FROM usertable WHERE YCSB_KEY=868;">
2025-12-17 15:44:14 INFO  KafkaMetricsCollector:297 - initializing Kafka metrics collector
2025-12-17 15:44:14 INFO  KafkaProducer:597 - [Producer clientId=producer-1] Instantiated an idempotent producer.
2025-12-17 15:44:15 INFO  AppInfoParser:124 - Kafka version: 3.7.0
2025-12-17 15:44:15 INFO  AppInfoParser:125 - Kafka commitId: 2ae524ed625438c5
2025-12-17 15:44:15 INFO  AppInfoParser:126 - Kafka startTimeMs: 1765966455018
2025-12-17 15:44:15 INFO  ConsumerConfig:370 - ConsumerConfig values: 
	allow.auto.create.topics = true
	auto.commit.interval.ms = 5000
	auto.include.jmx.reporter = true
	auto.offset.reset = latest
	bootstrap.servers = [10.129.148.129:9092]
	check.crcs = true
	client.dns.lookup = use_all_dns_ips
	client.id = consumer-my-group-1
	client.rack = 
	connections.max.idle.ms = 540000
	default.api.timeout.ms = 60000
	enable.auto.commit = true
	enable.metrics.push = true
	exclude.internal.topics = true
	fetch.max.bytes = 52428800
	fetch.max.wait.ms = 500
	fetch.min.bytes = 1
	group.id = my-group
	group.instance.id = null
	group.protocol = classic
	group.remote.assignor = null
	heartbeat.interval.ms = 3000
	interceptor.classes = []
	internal.leave.group.on.close = true
	internal.throw.on.fetch.stable.offset.unsupported = false
	isolation.level = read_uncommitted
	key.deserializer = class org.apache.kafka.common.serialization.StringDeserializer
	max.partition.fetch.bytes = 1048576
	max.poll.interval.ms = 300000
	max.poll.records = 500
	metadata.max.age.ms = 300000
	metric.reporters = []
	metrics.num.samples = 2
	metrics.recording.level = INFO
	metrics.sample.window.ms = 30000
	partition.assignment.strategy = [class org.apache.kafka.clients.consumer.RangeAssignor, class org.apache.kafka.clients.consumer.CooperativeStickyAssignor]
	receive.buffer.bytes = 65536
	reconnect.backoff.max.ms = 1000
	reconnect.backoff.ms = 50
	request.timeout.ms = 30000
	retry.backoff.max.ms = 1000
	retry.backoff.ms = 100
	sasl.client.callback.handler.class = null
	sasl.jaas.config = null
	sasl.kerberos.kinit.cmd = /usr/bin/kinit
	sasl.kerberos.min.time.before.relogin = 60000
	sasl.kerberos.service.name = null
	sasl.kerberos.ticket.renew.jitter = 0.05
	sasl.kerberos.ticket.renew.window.factor = 0.8
	sasl.login.callback.handler.class = null
	sasl.login.class = null
	sasl.login.connect.timeout.ms = null
	sasl.login.read.timeout.ms = null
	sasl.login.refresh.buffer.seconds = 300
	sasl.login.refresh.min.period.seconds = 60
	sasl.login.refresh.window.factor = 0.8
	sasl.login.refresh.window.jitter = 0.05
	sasl.login.retry.backoff.max.ms = 10000
	sasl.login.retry.backoff.ms = 100
	sasl.mechanism = GSSAPI
	sasl.oauthbearer.clock.skew.seconds = 30
	sasl.oauthbearer.expected.audience = null
	sasl.oauthbearer.expected.issuer = null
	sasl.oauthbearer.jwks.endpoint.refresh.ms = 3600000
	sasl.oauthbearer.jwks.endpoint.retry.backoff.max.ms = 10000
	sasl.oauthbearer.jwks.endpoint.retry.backoff.ms = 100
	sasl.oauthbearer.jwks.endpoint.url = null
	sasl.oauthbearer.scope.claim.name = scope
	sasl.oauthbearer.sub.claim.name = sub
	sasl.oauthbearer.token.endpoint.url = null
	security.protocol = PLAINTEXT
	security.providers = null
	send.buffer.bytes = 131072
	session.timeout.ms = 45000
	socket.connection.setup.timeout.max.ms = 30000
	socket.connection.setup.timeout.ms = 10000
	ssl.cipher.suites = null
	ssl.enabled.protocols = [TLSv1.2, TLSv1.3]
	ssl.endpoint.identification.algorithm = https
	ssl.engine.factory.class = null
	ssl.key.password = null
	ssl.keymanager.algorithm = SunX509
	ssl.keystore.certificate.chain = null
	ssl.keystore.key = null
	ssl.keystore.location = null
	ssl.keystore.password = null
	ssl.keystore.type = JKS
	ssl.protocol = TLSv1.3
	ssl.provider = null
	ssl.secure.random.implementation = null
	ssl.trustmanager.algorithm = PKIX
	ssl.truststore.certificates = null
	ssl.truststore.location = null
	ssl.truststore.password = null
	ssl.truststore.type = JKS
	value.deserializer = class org.apache.kafka.common.serialization.StringDeserializer

2025-12-17 15:44:15 INFO  KafkaMetricsCollector:297 - initializing Kafka metrics collector
2025-12-17 15:44:15 INFO  AppInfoParser:124 - Kafka version: 3.7.0
2025-12-17 15:44:15 INFO  AppInfoParser:125 - Kafka commitId: 2ae524ed625438c5
2025-12-17 15:44:15 INFO  AppInfoParser:126 - Kafka startTimeMs: 1765966455054
2025-12-17 15:44:15 INFO  LegacyKafkaConsumer:475 - [Consumer clientId=consumer-my-group-1, groupId=my-group] Subscribed to topic(s): topic2
2025-12-17 15:44:15 INFO  Metadata:349 - [Producer clientId=producer-1] Cluster ID: RoDpOzHHSqetx75HCfkdgg
2025-12-17 15:44:15 INFO  TransactionManager:502 - [Producer clientId=producer-1] ProducerId set to 1108 with epoch 0
2025-12-17 15:44:15 INFO  Metadata:349 - [Consumer clientId=consumer-my-group-1, groupId=my-group] Cluster ID: RoDpOzHHSqetx75HCfkdgg
2025-12-17 15:44:15 INFO  ConsumerCoordinator:936 - [Consumer clientId=consumer-my-group-1, groupId=my-group] Discovered group coordinator 10.129.148.129:9092 (id: 2147483647 rack: null)
2025-12-17 15:44:15 INFO  ConsumerCoordinator:604 - [Consumer clientId=consumer-my-group-1, groupId=my-group] (Re-)joining group
2025-12-17 15:44:15 INFO  ConsumerCoordinator:1102 - [Consumer clientId=consumer-my-group-1, groupId=my-group] Request joining group due to: need to re-join with the given member-id: consumer-my-group-1-c874c6a7-f5ca-4351-b601-d89043084922
2025-12-17 15:44:15 INFO  ConsumerCoordinator:604 - [Consumer clientId=consumer-my-group-1, groupId=my-group] (Re-)joining group
2025-12-17 15:44:15 INFO  ConsumerCoordinator:665 - [Consumer clientId=consumer-my-group-1, groupId=my-group] Successfully joined group with generation Generation{generationId=41, memberId='consumer-my-group-1-c874c6a7-f5ca-4351-b601-d89043084922', protocol='range'}
2025-12-17 15:44:15 INFO  ConsumerCoordinator:659 - [Consumer clientId=consumer-my-group-1, groupId=my-group] Finished assignment for group at generation 41: {consumer-my-group-1-c874c6a7-f5ca-4351-b601-d89043084922=Assignment(partitions=[topic2-0])}
2025-12-17 15:44:15 INFO  ConsumerCoordinator:842 - [Consumer clientId=consumer-my-group-1, groupId=my-group] Successfully synced group in generation Generation{generationId=41, memberId='consumer-my-group-1-c874c6a7-f5ca-4351-b601-d89043084922', protocol='range'}
2025-12-17 15:44:15 INFO  ConsumerCoordinator:319 - [Consumer clientId=consumer-my-group-1, groupId=my-group] Notifying assignor about the new Assignment(partitions=[topic2-0])
2025-12-17 15:44:15 INFO  ConsumerRebalanceListenerInvoker:56 - [Consumer clientId=consumer-my-group-1, groupId=my-group] Adding newly assigned partitions: topic2-0
2025-12-17 15:44:15 INFO  ConsumerUtils:199 - Setting offset for partition topic2-0 to the committed offset FetchPosition{offset=1418, offsetEpoch=Optional[0], currentLeader=LeaderAndEpoch{leader=Optional[10.129.148.129:9092 (id: 0 rack: null)], epoch=0}}
safedb syserr  data=java.nio.HeapByteBuffer[pos=0 lim=43 cap=43] &&& <ByteString@1c32386d size=43 contents="SELECT * FROM usertable WHERE YCSB_KEY=831;">
safedb syserr  data=java.nio.HeapByteBuffer[pos=0 lim=41 cap=41] &&& <ByteString@5023bb8b size=41 contents="DELETE FROM usertable where YCSB_KEY=937;">
safedb syserr  data=java.nio.HeapByteBuffer[pos=0 lim=43 cap=43] &&& <ByteString@1e0f9063 size=43 contents="SELECT * FROM usertable where YCSB_KEY=473;">
safedb syserr  data=java.nio.HeapByteBuffer[pos=0 lim=41 cap=41] &&& <ByteString@3e30646a size=41 contents="DELETE FROM usertable WHERE YCSB_KEY=473;">

 pt... Kafka Consumer Record in braces:(c2-1 0 SELECT 1 [(868, '1HN1XmDqAgYWQZvX5wSh', 'vkY09ZuvGHNj7Dbrknjj', 'XE3lMtYGXNWD73Jp7G4f', '27oB0OFqNAGYKTUJzIdD', 'Ld01zfxURc6XND1SF4eC', 'O1zmYkL2uf6B6H4UkxlE', '8N4VFn8XSBd8haf3BTNz', 'IqBGgdty3BWlit22zPqH', 'Wn1gwsn1gvpwqmFeHrIz', '6fhVenLB62xJckbDBIc5')])

safedb syserr  data=java.nio.HeapByteBuffer[pos=0 lim=43 cap=43] &&& <ByteString@37c7595 size=43 contents="SELECT * FROM usertable WHERE YCSB_KEY=778;">

 pt... Kafka Consumer Record in braces:(c2-2 0 SELECT 1 [(831, 's4INFaeA6LzaaxIRWxtC', 'QjL9cSTEKeIlQLV77wFA', 'Exuy5KkWLB8rFy4pzi6S', 'fsfhTB3ip0PwJfUf4Tz5', 'wu7lOQO8tNp7Mhf2XOR0', 'fEgWlS8VKsAChsL9Kl5z', 'EWah3XklTdDi2zv2YBxu', 'qvaIBrrh03PVPcASIOWY', 'jVqeVpzOviXtLJuFmfJ1', 'yFXrzDekuLPImOZNeCD0')])


 pt... Kafka Consumer Record in braces:(c2-3 0 DELETE 1)


 pt... Kafka Consumer Record in braces:(c2-4 0 SELECT 1 [(473, '68hkO95VmWsHWqwEyvWD', 'ertD1y5XruMYqIVAbN4p', 'x72FhUdKhULL7PFl8jMg', '10kTAB7ZfkrMMMwectK9', '4z3KiFW7OK4bLco9jXcu', 'aC29VqWNockytVzCITZJ', 'wCuelaxKgrZqgDveTGHy', 'esmVd3TOseRzfXZk0Fdr', 'Gklz3kbbmkonscUr6Y8W', 'YwxtTWAHiqkOJNCihsBi')])


 pt... Kafka Consumer Record in braces:(c2-5 0 DELETE 1)

safedb syserr  data=java.nio.HeapByteBuffer[pos=0 lim=43 cap=43] &&& <ByteString@614df0a4 size=43 contents="SELECT * FROM usertable WHERE YCSB_KEY=144;">

 pt... Kafka Consumer Record in braces:(c2-6 0 SELECT 1 [(778, '24Icq1Iaq0J96HBJLyBw', 'AkZw0WQorESN9z1TtVjK', 'b1Ssf1gpWirYnSzMvvCC', 'dKMBgb2tFVTZ5K4nkdxW', 'HGRssdGU03lM6cC0hG17', 'XoCFDEMe9pUilf9S3ISx', 'q7qmnzvICnDWZrQfoQiE', '0EbLOCezwv8yMH1rFTzI', 'dnO9UEfx5pdcaFmSxVsx', 'iGp1gmeaxlU2rku2WwtN')])

safedb syserr  data=java.nio.HeapByteBuffer[pos=0 lim=43 cap=43] &&& <ByteString@73a2e526 size=43 contents="SELECT * FROM usertable WHERE YCSB_KEY=833;">

 pt... Kafka Consumer Record in braces:(c2-7 0 SELECT 1 [(144, 'nmx7GE5CKM1Nu6BG8jUM', 'yi5vYi29fcgMkiWQgOJ7', 'Lv32oPfiCp2PbbrrTxVn', 'PiVHklyaSIizoaohlbvc', 'HDnxwu8OwFQK9VPhCg3t', 'WjscGgls57VyrVNNp8jm', 'N5uuALd8nIzlYgEOf0Gb', '2P00POI0ca3tes83Wpwi', 'AcOVcTCY6AEuP3oHvbEm', 'REsp1540XTtTXZ3Wpbss')])

safedb syserr  data=java.nio.HeapByteBuffer[pos=0 lim=44 cap=44] &&& <ByteString@cd1d761 size=44 contents="SELECT * FROM usertable WHERE YCSB_KEY=1082;">

 pt... Kafka Consumer Record in braces:(c2-8 0 SELECT 1 [(833, 'aPeQclPCozuKBVQ3KFAA', 'xW9BjMhhzQCYU9pZ2NBq', 's3q6GtBxJBIS9Rtk7DMd', 'GTWqUmdYFhHBXS7D1kLJ', '4a0faN1dOkWnVVQcq1MY', 'yqLi2CWgSHbhGNp92uD7', 'uDJKonGsJVeTF0uJxdrG', 'icJc9UW5SpRp3ucn1jks', 'T2NW5ZXp7qG2HwCkNSsw', 'hUn5BkSZdVcouLzteRCz')])

safedb syserr  data=java.nio.HeapByteBuffer[pos=0 lim=41 cap=41] &&& <ByteString@6b8d96d9 size=41 contents="DELETE FROM usertable WHERE YCSB_KEY=950;">

 pt... Kafka Consumer Record in braces:(c2-9 0 SELECT 1 [(1082, 'FykI6Vojnpq36vV17CNY', 'AzVJcluVnJZqGxVlBLkc', 'xf5NzUHVLBkh9JbkIRZi', 'gWe2Rj8drLe3QonSqq41', 'ixy1x3cRWZu6zdy5SzY1', 'dYPbDle2Wbrt50N4ukh0', 'lPcA1zVpWqGoFG5HaPJF', 'H78oA3t2m0PP9Df7rSV0', 'H2MGKdu2YXRdbXmnKurF', 'Sfq0eKZkTpb1BS7I20zR')])

safedb syserr  data=java.nio.HeapByteBuffer[pos=0 lim=43 cap=43] &&& <ByteString@ebaa6cb size=43 contents="SELECT * FROM usertable where YCSB_KEY=848;">

 pt... Kafka Consumer Record in braces:(c2-10 0 DELETE 1)

safedb syserr  data=java.nio.HeapByteBuffer[pos=0 lim=41 cap=41] &&& <ByteString@436bc36 size=41 contents="DELETE FROM usertable WHERE YCSB_KEY=848;">

 pt... Kafka Consumer Record in braces:(c2-11 0 SELECT 1 [(848, 'mEqyAkNWO7lsa7Lcozjk', '2MgVc4w4XrmYIvtUL0eX', 'XIchnV38BjGTAl7wP5eo', 'qWiommUSlF7xuLhufNft', 'VXTk4n9A6EFvIOS2r0IR', 'iibPrbo7ur2UG7UvP0fZ', 'g1S1DBixpVvVthj4cllh', 'BchwAOc1ybmy1J7HvPut', 'd3O9jM5LZgPxlPHgzpmJ', 'QEaOq5yIkrwTUtNgsvut')])

safedb syserr  data=java.nio.HeapByteBuffer[pos=0 lim=43 cap=43] &&& <ByteString@37091312 size=43 contents="SELECT * FROM usertable WHERE YCSB_KEY=196;">

 pt... Kafka Consumer Record in braces:(c2-12 0 DELETE 1)

safedb syserr  data=java.nio.HeapByteBuffer[pos=0 lim=367 cap=367] &&& <ByteString@2a640157 size=367 contents="INSERT INTO usertable (ycsb_key, FIELD10, FIELD...">

 pt... Kafka Consumer Record in braces:(c2-13 0 SELECT 1 [(196, 'sXUNuK4j0WkxGFiRrskr', '7mKGhBblClTViBNfxlOp', 'B6dEaCODTNCWnhMEjq8n', 'DcWYbYglXX9UIwjAjMTG', 'ITzzbC4OLlzsK5iltpPS', 'A5Z49reTNp5d0KVIbo6B', 'nsHfuEGe4Z5CjmoDnYYp', 'rrD3WXaO53QpxAgaKSwA', 'EVOLKs7oRnLhosa7FdPG', 'R82aeH4eU5cR89QEAwfX')])

safedb syserr  data=java.nio.HeapByteBuffer[pos=0 lim=43 cap=43] &&& <ByteString@5d8bafa9 size=43 contents="SELECT * FROM usertable where YCSB_KEY=947;">

 pt... Kafka Consumer Record in braces:(c2-14 0 INSERT 0 1)

safedb syserr  data=java.nio.HeapByteBuffer[pos=0 lim=41 cap=41] &&& <ByteString@f80945f size=41 contents="DELETE FROM usertable WHERE YCSB_KEY=947;">

 pt... Kafka Consumer Record in braces:(c2-15 0 SELECT 1 [(947, '5tNzYtVQU5Q90sGwal3L', 'NiUUo0VAUggcRjwbpCYN', 'vQJWWSHUwdfUF9l4mQhh', 'DgxtrkanoatSTKQc6sGF', 'DvpSEnKOMuTaY7JSYk3j', 'TIUchMe4tf2TUs7oxEVz', 'LV51NTz2fbj3YkNoEE6Y', 'eJiVH5nz6K0A25r0fjMZ', 'pNF39IaZXtNeoIj3hAUv', '0dZNavJwV4MeWJtyPYS6')])

safedb syserr  data=java.nio.HeapByteBuffer[pos=0 lim=43 cap=43] &&& <ByteString@5ef6ae06 size=43 contents="SELECT * FROM usertable WHERE YCSB_KEY=858;">

 pt... Kafka Consumer Record in braces:(c2-16 0 DELETE 1)

safedb syserr  data=java.nio.HeapByteBuffer[pos=0 lim=43 cap=43] &&& <ByteString@1cdc4c27 size=43 contents="SELECT * FROM usertable WHERE YCSB_KEY=808;">

 pt... Kafka Consumer Record in braces:(c2-17 0 SELECT 1 [(858, 'Sq43zUws1F15z2imIhfa', 'I2HjPYt86NacuqbLCAuU', 'ZPMIwKXs7UAiy1BoPvNM', 'na2WFpXtlTDDYiQ1HvJp', 'bWkMp9oIojHshpOBBLWS', 'tuTwTR3Q9pee0bwYdEmK', 'QteSouCF5eRXsDKBiaK9', 'mPeJipf9OiGVD908HVgz', 't84hfD7Iawvdyh659K0m', 'O6RqJ2mt3BqdpOLPkqU5')])

safedb syserr  data=java.nio.HeapByteBuffer[pos=0 lim=367 cap=367] &&& <ByteString@1e8ce150 size=367 contents="INSERT INTO usertable (ycsb_key, FIELD10, FIELD...">

 pt... Kafka Consumer Record in braces:(c2-18 0 SELECT 1 [(808, 'UkBlXElnqhjSNsJsFh16', 'shPmIEW5K7QsmqHJgKbN', 'unQC1KVw4tY3hibTcptb', 'thbFRC87vw1EeQCsin8i', '66I4V4MprxXHv3dCoDLZ', 'dowb3AMQENQquAf6ZX55', 'Pw1zNLS72gNqZFkWV93k', '5oU7vEDXb3QwgBgFwUNS', 'MVKo2RRD3fj6MhmxXejm', '2KTQzYpI9jqSw5Iz91Lc')])

safedb syserr  data=java.nio.HeapByteBuffer[pos=0 lim=41 cap=41] &&& <ByteString@1b73be9f size=41 contents="DELETE FROM usertable WHERE YCSB_KEY=763;">

 pt... Kafka Consumer Record in braces:(c2-19 0 INSERT 0 1)

safedb syserr  data=java.nio.HeapByteBuffer[pos=0 lim=43 cap=43] &&& <ByteString@30b19518 size=43 contents="SELECT * FROM usertable WHERE YCSB_KEY=336;">

 pt... Kafka Consumer Record in braces:(c2-20 0 DELETE 1)

safedb syserr  data=java.nio.HeapByteBuffer[pos=0 lim=367 cap=367] &&& <ByteString@6ad59d92 size=367 contents="INSERT INTO usertable (ycsb_key, FIELD10, FIELD...">

 pt... Kafka Consumer Record in braces:(c2-21 0 SELECT 1 [(336, '17l5CsN0Uhtbz6cT1mC1', '7ixr44nNX81WFqFfn1Sk', 'EKgpxd9O357SpOzIfYsY', 'AcbuSoVQsn7mzXb0laSW', '9WDJX6h5VD7NSOQ6NhX4', '3sSk7cLhG0nE3Ax0nHuP', 'LTCcPWqskDqfedW3hkYH', 'XXFw6ydHwbuufkVcHTMx', 'I3sKX0Y9pUM4JUheoeFq', 'vS1LxBiHNIzMDJy91ZZC')])

safedb syserr  data=java.nio.HeapByteBuffer[pos=0 lim=43 cap=43] &&& <ByteString@2cc44ad size=43 contents="SELECT * FROM usertable WHERE YCSB_KEY=197;">

 pt... Kafka Consumer Record in braces:(c2-22 0 INSERT 0 1)

safedb syserr  data=java.nio.HeapByteBuffer[pos=0 lim=43 cap=43] &&& <ByteString@663411de size=43 contents="SELECT * FROM usertable WHERE YCSB_KEY=165;">

 pt... Kafka Consumer Record in braces:(c2-23 0 SELECT 1 [(197, '9Ua3LmHGCqknavvRoUi7', 'AAIpgsRB1uF4rj5Q4kVx', '41OtoZIAhxKOf4FHoeeq', 'oJLGzqCNW2yREj38KU2T', 'nn6aP1mF7iod1WgEDXdP', 'VWpNkHvBPaDifZGDYvaI', 'FeJRYj9K5grj3oumqwtU', 'MwvZyeDbm6DtNcTFxrrz', 'K8jsiQYAHvqjVOatYN7g', 'szAuRaISLbJgsEhtAlry')])

safedb syserr  data=java.nio.HeapByteBuffer[pos=0 lim=43 cap=43] &&& <ByteString@75cd8043 size=43 contents="SELECT * FROM usertable WHERE YCSB_KEY=406;">

 pt... Kafka Consumer Record in braces:(c2-24 0 SELECT 1 [(165, 'HkJUoGkkNJzT3JyUVmHm', 'qVCCyhFMZTVou4FT3gJA', 'aHWmZbOnBmQQ4IQkPetU', '9eNCDa8CAKBOtgTdaWzJ', 'gQjfSKkXrVCEPxbrxLqt', 'LTAxJADyyvwwjDuZx5oK', '905gPbm219Mv5uFTORSl', 'aokdIaJU9Udu3bOzzlvH', 'osIre4XjXWoCmstMckNI', 'YGXtxTp5gPgkc4VTdDny')])

safedb syserr  data=java.nio.HeapByteBuffer[pos=0 lim=43 cap=43] &&& <ByteString@10b9db7b size=43 contents="SELECT * FROM usertable WHERE YCSB_KEY=590;">

 pt... Kafka Consumer Record in braces:(c2-25 0 SELECT 1 [(406, '0mviiJNrfyUPRLUcKX5Z', 'syljE6forSG96imYb4RP', 'KwJb8UGZ2jWMJCWqCAkH', 'LZXg0jO3IXyPtF98UCVa', 'pjkLIbFlJQIHfFI7xPR0', 'U9pWn0ut7qeQ7zoNP2q8', 'hWtQPcQGqGyRXXGgnfdn', 'L4wmDvfmQLbC7jOuzl9r', 'g5e6hkCrR4OBJE0bz3aW', 'uxtiFoMCj5RtRIOZFsYG')])

safedb syserr  data=java.nio.HeapByteBuffer[pos=0 lim=367 cap=367] &&& <ByteString@6ee660fb size=367 contents="INSERT INTO usertable (ycsb_key, FIELD10, FIELD...">

 pt... Kafka Consumer Record in braces:(c2-26 0 SELECT 1 [(590, 'cHEzN6t0QURva0ZhBxys', 'YIP0qKjEmtPVQpixoV5s', 'gRaMwqWpAGoMlmywAI28', 'wIETrvdcLaBJ2tawSbjE', '56H0Cce8srnhu9XuPKAs', 'Z3WPX6KKZt3XlspEFQYZ', '1a5pR8ONDJVAGBOzbZo0', 'GARrSPKVrNHWh2TtW53Q', 'hy5RyicgWpz8VyguXP5z', 'lHzeZyI5NAlKsgieEPOq')])

safedb syserr  data=java.nio.HeapByteBuffer[pos=0 lim=42 cap=42] &&& <ByteString@1ecee32c size=42 contents="SELECT * FROM usertable where YCSB_KEY=96;">

 pt... Kafka Consumer Record in braces:(c2-27 0 INSERT 0 1)

safedb syserr  data=java.nio.HeapByteBuffer[pos=0 lim=40 cap=40] &&& <ByteString@4b41e4dd size=40 contents="DELETE FROM usertable WHERE YCSB_KEY=96;">

 pt... Kafka Consumer Record in braces:(c2-28 0 SELECT 1 [(96, 'SM0swvRU5YcEv5Lff7gu', 'E3T3BZ5JkwrGdJsxOAWi', 'oA7bCM6aglY7BqniqYt7', 'nmW5gbFnWmIS0TSiSWgQ', '0eUh3o5WN9ecMxhnJ1op', 'L4kNJKSGTGHes81I8nef', 'uwK1hwJIpfaB3ftXtvFU', 'CnA2HJqh0G1gF17TflXo', '4cbHmPml5RTnZryJDTlT', 'HjA2FC3qVg9Vw1GHFNGN')])

safedb syserr  data=java.nio.HeapByteBuffer[pos=0 lim=267 cap=267] &&& <ByteString@42721fe size=267 contents="INSERT INTO usertable VALUES (12001,\'A1vCDlW9TS...">

 pt... Kafka Consumer Record in braces:(c2-29 0 DELETE 1)

safedb syserr  data=java.nio.HeapByteBuffer[pos=0 lim=43 cap=43] &&& <ByteString@5b619d14 size=43 contents="SELECT * FROM usertable WHERE YCSB_KEY=967;">

 pt... Kafka Consumer Record in braces:(c2-30 0 INSERT 0 1)

safedb syserr  data=java.nio.HeapByteBuffer[pos=0 lim=43 cap=43] &&& <ByteString@7f36662c size=43 contents="SELECT * FROM usertable WHERE YCSB_KEY=388;">

 pt... Kafka Consumer Record in braces:(c2-31 0 SELECT 1 [(967, '33zu3yDe9A88jvYNvvXZ', '7S9QzfcMbrcxrcVSaBgt', 'bYpq8VqAZ2lSLOGmPpCx', '2L0P6oqfGTV7SiSQxehn', 'REsi4tu0PmowYhJmy4Zl', '09VSpl98sOLZhRvUJUsO', 'fnCowdfLvQ0wv8mHCSVO', '2F1GSxmKXL9gisetm5wU', 'KdsiZYscpmTKehsWDuWq', 'G7SMNJx5p2KVfd2JXJgI')])

safedb syserr  data=java.nio.HeapByteBuffer[pos=0 lim=367 cap=367] &&& <ByteString@54dcfa5a size=367 contents="INSERT INTO usertable (ycsb_key, FIELD10, FIELD...">

 pt... Kafka Consumer Record in braces:(c2-32 0 SELECT 1 [(388, 'Pit9uQS4xyoIm5gFrKMY', 'rrInMFRkotwwHWvmfRjt', 'W0zxD4zbfE5JMIhICYX5', 'Sd5vdvWa4EdjRgV9k61e', '9cjhZ0O3ZiMi2FguO02W', 'PUQEeT3iDzi5Jjv9c8xk', '1tsBG1juvASUGHb10019', 'hML8C63qCCDNW14M6LhD', 'xZeOZSvFrqdWmOOJ6zyu', 'LfLBx8MHxy8N9sPz0Xwr')])

safedb syserr  data=java.nio.HeapByteBuffer[pos=0 lim=44 cap=44] &&& <ByteString@3a3e78f size=44 contents="SELECT * FROM usertable WHERE YCSB_KEY=1579;">

 pt... Kafka Consumer Record in braces:(c2-33 0 INSERT 0 1)

safedb syserr  data=java.nio.HeapByteBuffer[pos=0 lim=42 cap=42] &&& <ByteString@10ded6a9 size=42 contents="SELECT * FROM usertable where YCSB_KEY=30;">

 pt... Kafka Consumer Record in braces:(c2-34 0 SELECT 1 [(1579, 'iXF070rocHLVGtGS9aSO', 'wsegP2kZrfSwD54lRbHD', 'SErlj33V3cqLu3sqEipv', 'gOnnKwg7r0sVU6ieiEjX', 'Ey98MgXQdEh1dowq2S8H', 'oN01mFUAc3BDSRYU38UU', '53Xfr5ozgvou2nV9711d', '1sEHDxkCVHgG5pCJU8LC', '01Dqnj2Zfsn6fQWUOUeY', '8TROylOjmBvw0noHllso')])

safedb syserr  data=java.nio.HeapByteBuffer[pos=0 lim=40 cap=40] &&& <ByteString@52066604 size=40 contents="DELETE FROM usertable WHERE YCSB_KEY=30;">

 pt... Kafka Consumer Record in braces:(c2-35 0 SELECT 1 [(30, 'hwVmWeltuBVYD33PQt2b', '26aaKqQ2PnoBiXiJNLos', 'NT2d51e3ieYOhmMvwREw', 'YTxQ6VIVlHgLdoR4l8oB', 'QOrEUdCAyUHOvNSSI0W7', 'z99nupDQ7rDhVJklaL4b', 'VLQSn424TY4bXLePMsmq', 'tB4gAeIzdG8R0G7KMaWG', 'InIoEifVrF6Bw5pLik42', 'KxU5yW3KLtZtvk3rW6CD')])

safedb syserr  data=java.nio.HeapByteBuffer[pos=0 lim=40 cap=40] &&& <ByteString@5669c5fb size=40 contents="DELETE FROM usertable where YCSB_KEY=41;">

 pt... Kafka Consumer Record in braces:(c2-36 0 DELETE 1)

safedb syserr  data=java.nio.HeapByteBuffer[pos=0 lim=41 cap=41] &&& <ByteString@c4ed84 size=41 contents="DELETE FROM usertable WHERE YCSB_KEY=751;">

 pt... Kafka Consumer Record in braces:(c2-37 0 DELETE 1)

safedb syserr  data=java.nio.HeapByteBuffer[pos=0 lim=43 cap=43] &&& <ByteString@362045c0 size=43 contents="SELECT * FROM usertable where YCSB_KEY=419;">

 pt... Kafka Consumer Record in braces:(c2-38 0 DELETE 1)

safedb syserr  data=java.nio.HeapByteBuffer[pos=0 lim=366 cap=366] &&& <ByteString@6d9f7a80 size=366 contents="INSERT INTO usertable (ycsb_key, FIELD10, FIELD...">

 pt... Kafka Consumer Record in braces:(c2-39 0 SELECT 1 [(419, 'MfItaZb2oBnDwBJMjbgQ', 'YDpLdGgx8Nx5YKWNr5fS', 'pJFOENrxNr0UshkF3rye', 'kB39IABe0uZIc9pXkU81', '06t0gI1LlIZmkcydq1xY', '8Pa7NBwN1FinP0C13dn9', 'cOYo7z3zPMTp13gTbYMO', 'XxFGIDwqVbnNiAN4Rnfu', 'QFkNR58deERLHjDcCynN', 'Rmo1BA17qzWjuSmXaqyt')])

safedb syserr  data=java.nio.HeapByteBuffer[pos=0 lim=41 cap=41] &&& <ByteString@3243b914 size=41 contents="DELETE FROM usertable WHERE YCSB_KEY=419;">

 pt... Kafka Consumer Record in braces:(c2-40 0 INSERT 0 1)

safedb syserr  data=java.nio.HeapByteBuffer[pos=0 lim=43 cap=43] &&& <ByteString@626c44e7 size=43 contents="SELECT * FROM usertable WHERE YCSB_KEY=549;">

 pt... Kafka Consumer Record in braces:(c2-41 0 DELETE 1)

safedb syserr  data=java.nio.HeapByteBuffer[pos=0 lim=43 cap=43] &&& <ByteString@3bcbb589 size=43 contents="SELECT * FROM usertable WHERE YCSB_KEY=658;">

 pt... Kafka Consumer Record in braces:(c2-42 0 SELECT 1 [(549, 'qo4LXi4501i9slJd8kVQ', 'RXfqnaji2jptCRglfVfH', 'sVGtYConNxCQlg1GxHFO', 'bChh60LdDgNpyqgEZ6mm', 'XiONccKR28AnFGu3Pw12', '4DrVitODyoSJeWWpAbtO', 'NpgVE0UVi2VzfN9cUBWt', 'YDVdJWebqdDF0XVBGaxI', 'sQ061AU7ahzj4IlZHHnS', '97cfKAxrnmbdtbhmlhQC')])

safedb syserr  data=java.nio.HeapByteBuffer[pos=0 lim=43 cap=43] &&& <ByteString@35d08e6c size=43 contents="SELECT * FROM usertable WHERE YCSB_KEY=400;">

 pt... Kafka Consumer Record in braces:(c2-43 0 SELECT 1 [(658, '4zSJQQmFoRoJD5KItCXK', 'pSUDyVEcrSdWarT8jDD4', 'zSTuoSdTTIEqAMzzdX92', 'S8TWLG73JcN2m1Em0jOK', 'UX503zGtiC9KoCgqlwyo', 'kosPYUpK18rQLKxVIKKq', 'Wynl6LD8KKSUzupmO6Ip', 'HR9oFmSk7iltS8buQb8b', 'HhbHdGSwWKeTeI8OkWEW', 'k5AMsbpHWOPEqs4vVV1R')])

safedb syserr  data=java.nio.HeapByteBuffer[pos=0 lim=366 cap=366] &&& <ByteString@6b3e12b5 size=366 contents="INSERT INTO usertable (ycsb_key, FIELD10, FIELD...">

 pt... Kafka Consumer Record in braces:(c2-44 0 SELECT 1 [(400, 'GgX0WEfzR9iH1Be6afNo', 'wSFbjCZhYzRbO4Chy5O7', 'csp9gzFT84s68jcbZ7Dr', 'dDbr9KUNydFRu4CXkYW8', 'l0vtBDhPYsMEHsWcm6CU', 'MRBHy3pjjH2EoNoQcObe', 'zrnlG43eyflDVLPfQIIK', '9iN2f7v2qklWxRsVGxQ4', '4hOfxVbWVvi9mLAj76jy', 'xQWhM3cuBg1iEhJjolQZ')])

safedb syserr  data=java.nio.HeapByteBuffer[pos=0 lim=42 cap=42] &&& <ByteString@42463763 size=42 contents="SELECT * FROM usertable WHERE YCSB_KEY=15;">

 pt... Kafka Consumer Record in braces:(c2-45 0 INSERT 0 1)

safedb syserr  data=java.nio.HeapByteBuffer[pos=0 lim=44 cap=44] &&& <ByteString@7ca33c24 size=44 contents="SELECT * FROM usertable WHERE YCSB_KEY=1404;">

 pt... Kafka Consumer Record in braces:(c2-46 0 SELECT 1 [(15, '2QnwWsddRuYhY9DkMhqU', 'x6656t4KeWEOyFG16cNh', 'j6gDJCX599XGcyLcZk7a', 'OYDXpqoBB9D623RMiCDg', 'AOQlr95RzpyBiuG4pooR', 'ZZUk8vTGBj20IlU1fkt7', 'Q2KZb2oYrRY4Y8FCI82D', 'faD2sDhwNue2rTZ2cL6S', '7aaMkthgNiW6hmH1GfbK', 'POQn8zBEl2E8r6MJaqOw')])

safedb syserr  data=java.nio.HeapByteBuffer[pos=0 lim=41 cap=41] &&& <ByteString@41dd05a size=41 contents="DELETE FROM usertable where YCSB_KEY=291;">

 pt... Kafka Consumer Record in braces:(c2-47 0 SELECT 1 [(1404, 'X3PiXz1XjCtzYinSr7C4', '0KsO8IG3uTAakrS4ntfQ', 'HHOsP5eWBTgLlgtLhEZj', '6JjgwvdToUstQwwAaPFm', '3yXumVaL8rQuy9EHr731', 'dp0sU87Fo305KfCD51VZ', 'MspAnIFqCGu9ZTaGArEz', 'RUOFUgRMLaIq66NKDNXz', 'viHOb1IOTtmB5bulvL0V', 'kmddM1KHWW9NVKw2Dzxz')])

safedb syserr  data=java.nio.HeapByteBuffer[pos=0 lim=367 cap=367] &&& <ByteString@7103cb56 size=367 contents="INSERT INTO usertable (ycsb_key, FIELD10, FIELD...">

 pt... Kafka Consumer Record in braces:(c2-48 0 DELETE 1)

safedb syserr  data=java.nio.HeapByteBuffer[pos=0 lim=44 cap=44] &&& <ByteString@6ebf0f36 size=44 contents="SELECT * FROM usertable WHERE YCSB_KEY=1099;">

 pt... Kafka Consumer Record in braces:(c2-49 0 INSERT 0 1)

safedb syserr  data=java.nio.HeapByteBuffer[pos=0 lim=43 cap=43] &&& <ByteString@72c28d64 size=43 contents="SELECT * FROM usertable WHERE YCSB_KEY=838;">

 pt... Kafka Consumer Record in braces:(c2-50 0 SELECT 1 [(1099, 'o6eXZupUtVr1vxGij8Gn', 'r349bcnAF1P9mKodFWsg', 'Ews5uuW5nXX3IHbyatJV', '4qG1yHIDmWSx2YMusrdy', 'IlzjZKt6qNA4omzqFAqi', '3cJ8hzVPdKrZNSzCDi6T', 'GKkkcD8QYhcUxOJbE7EW', 'YXwHeemh3Rh7fnMcT1S0', 'zFMB7c0sn0AEJBw8X6Q1', 'Z9lJoX6hLf8wJ9RwUacX')])

safedb syserr  data=java.nio.HeapByteBuffer[pos=0 lim=41 cap=41] &&& <ByteString@39a8312f size=41 contents="DELETE FROM usertable WHERE YCSB_KEY=859;">

 pt... Kafka Consumer Record in braces:(c2-51 0 SELECT 1 [(838, 'YwxtTWAHiqkOJNCihsBi', '68hkO95VmWsHWqwEyvWD', 'ertD1y5XruMYqIVAbN4p', 'x72FhUdKhULL7PFl8jMg', '10kTAB7ZfkrMMMwectK9', '4z3KiFW7OK4bLco9jXcu', 'aC29VqWNockytVzCITZJ', 'wCuelaxKgrZqgDveTGHy', 'esmVd3TOseRzfXZk0Fdr', 'Gklz3kbbmkonscUr6Y8W')])

safedb syserr  data=java.nio.HeapByteBuffer[pos=0 lim=367 cap=367] &&& <ByteString@294e5088 size=367 contents="INSERT INTO usertable (ycsb_key, FIELD10, FIELD...">

 pt... Kafka Consumer Record in braces:(c2-52 0 DELETE 1)

safedb syserr  data=java.nio.HeapByteBuffer[pos=0 lim=267 cap=267] &&& <ByteString@2002348 size=267 contents="INSERT INTO usertable VALUES (12002,\'51OAI4dGn0...">

 pt... Kafka Consumer Record in braces:(c2-53 0 INSERT 0 1)

safedb syserr  data=java.nio.HeapByteBuffer[pos=0 lim=41 cap=41] &&& <ByteString@1d470d0 size=41 contents="DELETE FROM usertable WHERE YCSB_KEY=497;">

 pt... Kafka Consumer Record in braces:(c2-54 0 INSERT 0 1)

safedb syserr  data=java.nio.HeapByteBuffer[pos=0 lim=43 cap=43] &&& <ByteString@65045a87 size=43 contents="SELECT * FROM usertable WHERE YCSB_KEY=565;">

 pt... Kafka Consumer Record in braces:(c2-55 0 DELETE 1)

safedb syserr  data=java.nio.HeapByteBuffer[pos=0 lim=43 cap=43] &&& <ByteString@48d5f34e size=43 contents="SELECT * FROM usertable WHERE YCSB_KEY=655;">

 pt... Kafka Consumer Record in braces:(c2-56 0 SELECT 1 [(565, 'BlKuxloGsR5vnHpd2amN', 'XQi4YZKDxD5DGw7D4jWX', 'IptHuuLPxnPQQdHnAsdJ', '1IF3Ty9lbuztGGHfSDsh', '7uwWrBT2gnjnkr1pSg9H', 'YKJeK7OJ95W9K1pBwKAk', 'M1wyNhLCxqBpIC5mTWdI', 'LnvfyI62NYr9xijFxs6w', 'kaJBnznNXbbVPfPs0bLB', '8C6OJLe7mmwhU3BdwI5J')])

safedb syserr  data=java.nio.HeapByteBuffer[pos=0 lim=43 cap=43] &&& <ByteString@2dd80673 size=43 contents="SELECT * FROM usertable WHERE YCSB_KEY=429;">

 pt... Kafka Consumer Record in braces:(c2-57 0 SELECT 1 [(655, 'YyfADEVAxMQzbIugKPSK', 'rybGDqrjVtKnX0BHrteq', '6odvhq2oCYZ5ZBG2qCSS', '8pcvbAUa2YCYqJql6ilL', 'pv6nLJ3f06TNbegOHqiL', 'D1IquIvYUMvI74HD6xxM', 'FaS3DmEpkq66T1MxiCFL', 'xx1CvGa6JIvXhnEQu6lr', 'eG2fqG04XRmv3I2dYghM', 'RqdlutNQgeLSQ91CP0hv')])

safedb syserr  data=java.nio.HeapByteBuffer[pos=0 lim=44 cap=44] &&& <ByteString@acdb094 size=44 contents="SELECT * FROM usertable WHERE YCSB_KEY=1539;">

 pt... Kafka Consumer Record in braces:(c2-58 0 SELECT 1 [(429, 'Zco96Doc8Z3qxrwW8iGu', 'bwnGGoxKOCJs9InNJrIB', 'JwzIbUGU4Gvr4jIayd2y', 'NdTFuyhzucoIYUfQ3pXP', '7hLEJv5gAZJce8AYiNz7', 'IsfP78icN2mMfZDeZ8I4', 'GiHuvTpP2RAT5fmBDClW', 'WbOOHyTrhDVKOdralrCh', 'r8Ii5Mo91t6Pa0VyIOK8', 'KfVyGSOmxkEFNtvcwRQ2')])

safedb syserr  data=java.nio.HeapByteBuffer[pos=0 lim=43 cap=43] &&& <ByteString@2ceb80a1 size=43 contents="SELECT * FROM usertable WHERE YCSB_KEY=631;">

 pt... Kafka Consumer Record in braces:(c2-59 0 SELECT 1 [(1539, 'iWpVmIuWma3XY72WFyw3', 'BRG9k4bccxA7yWfG5dmT', '6eiUnkiQuaroSuX78RqB', 'JOpVFTuXsfJmOGUqcLQM', 'np7peCACuutL7M65vV0M', 'gZwCqpyWMeUfJvXb0a7b', 'PKAGRXFhicARl6i3ukNm', 'vIQNRtQO55osvwGgAcBC', '21x130wQ2o5rBuk6Lw7g', '6Ard2BWzNAcGgpopggu7')])

safedb syserr  data=java.nio.HeapByteBuffer[pos=0 lim=43 cap=43] &&& <ByteString@2072acb2 size=43 contents="SELECT * FROM usertable where YCSB_KEY=851;">

 pt... Kafka Consumer Record in braces:(c2-60 0 SELECT 1 [(631, 'VZNGy9bqJ9FJpGCaydqV', 'snvYCygMCz7FyisWF0EV', 'pMV5J28ohXRN1PBS7wp1', '4IcNLBeJxX5tcRL2yWCe', 'c8xKpytjwGLtzpW1Fkwr', 'io2C3bzjOQrWuOlecvoo', 'n295lNmtcInAfMI1kY2S', 'ovepr3y1Ik1foztVlNAu', 'NYLAPJK6ggh8ym16Jvi9', 'jR4gkCgWWE7yyNnXympv')])

safedb syserr  data=java.nio.HeapByteBuffer[pos=0 lim=41 cap=41] &&& <ByteString@70a36a66 size=41 contents="DELETE FROM usertable WHERE YCSB_KEY=851;">

 pt... Kafka Consumer Record in braces:(c2-61 0 SELECT 1 [(851, 'qq1m1VLAGVcXvRpgygL0', '2R1Ml54fF8cCmyzZfWwl', 'X2Oyjv0L0nf2c0x4Ghtv', 'RWX3vG8lGEfkp8L6zboo', 'u548yVXsYxeShYWfQixZ', '4PswqJRs43q6bktn5435', 'dhtO0rZGoGSFE4Z1JSlg', 'GYbz4rwUXWFNBiLmou6R', 'sxWBgpW9pcwwkgZD6wzx', 'VKUDvcbrJ8Jn3uyjDuSk')])

safedb syserr  data=java.nio.HeapByteBuffer[pos=0 lim=367 cap=367] &&& <ByteString@d3957fe size=367 contents="INSERT INTO usertable (ycsb_key, FIELD10, FIELD...">

 pt... Kafka Consumer Record in braces:(c2-62 0 DELETE 1)

safedb syserr  data=java.nio.HeapByteBuffer[pos=0 lim=43 cap=43] &&& <ByteString@23fb172e size=43 contents="SELECT * FROM usertable WHERE YCSB_KEY=574;">

 pt... Kafka Consumer Record in braces:(c2-63 0 INSERT 0 1)

safedb syserr  data=java.nio.HeapByteBuffer[pos=0 lim=40 cap=40] &&& <ByteString@25a6944c size=40 contents="DELETE FROM usertable WHERE YCSB_KEY=48;">

 pt... Kafka Consumer Record in braces:(c2-64 0 SELECT 1 [(574, 'hgLsc6LBmBn6w28kN74P', '1xF6vgp3YX670kxFciSi', 'Xz1lOFa11Qqg8UEKbEEO', 'DqBIfvbE4U6PHBpCPzYF', 'Wj5i1fXADQMyhkYsyMqc', 'ceMBs0YmQl08NEHKTvzu', 'a0aB0fccuFlWpfXZUF0x', 'OPxWVZpRGamsH9DhWBbB', 'kBkjdbmhHxISLfxgbjBo', 'iUxO8P6xTbz2dMjmJfTR')])

safedb syserr  data=java.nio.HeapByteBuffer[pos=0 lim=367 cap=367] &&& <ByteString@2f17e30d size=367 contents="INSERT INTO usertable (ycsb_key, FIELD10, FIELD...">

 pt... Kafka Consumer Record in braces:(c2-65 0 DELETE 1)

safedb syserr  data=java.nio.HeapByteBuffer[pos=0 lim=43 cap=43] &&& <ByteString@71cf1b07 size=43 contents="SELECT * FROM usertable WHERE YCSB_KEY=766;">

 pt... Kafka Consumer Record in braces:(c2-66 0 INSERT 0 1)

safedb syserr  data=java.nio.HeapByteBuffer[pos=0 lim=41 cap=41] &&& <ByteString@4aa83f4f size=41 contents="DELETE FROM usertable WHERE YCSB_KEY=368;">

 pt... Kafka Consumer Record in braces:(c2-67 0 SELECT 1 [(766, 'YwxtTWAHiqkOJNCihsBi', '68hkO95VmWsHWqwEyvWD', 'ertD1y5XruMYqIVAbN4p', 'x72FhUdKhULL7PFl8jMg', '10kTAB7ZfkrMMMwectK9', '4z3KiFW7OK4bLco9jXcu', 'aC29VqWNockytVzCITZJ', 'wCuelaxKgrZqgDveTGHy', 'esmVd3TOseRzfXZk0Fdr', 'Gklz3kbbmkonscUr6Y8W')])

safedb syserr  data=java.nio.HeapByteBuffer[pos=0 lim=43 cap=43] &&& <ByteString@19648c40 size=43 contents="SELECT * FROM usertable WHERE YCSB_KEY=774;">

 pt... Kafka Consumer Record in braces:(c2-68 0 DELETE 1)

safedb syserr  data=java.nio.HeapByteBuffer[pos=0 lim=43 cap=43] &&& <ByteString@3300f4fd size=43 contents="SELECT * FROM usertable WHERE YCSB_KEY=602;">

 pt... Kafka Consumer Record in braces:(c2-69 0 SELECT 1 [(774, '6am8VbRVMlIeUC1gO0EW', 'LYsovWhlkT5IWQwBbYRK', 'gyURXEgkb4BjBUCG8rbh', '43LDwbJEoldgEzwpcjcv', 'NbQxNiIaylXPAqB2tjaU', 'V3znSJR3QImtGHC6Kt5N', '5jQSyzCFKU4DBnPUKxhF', 'uSXCCETW83Lp6Ghjdw4i', 'POflGInjjbMHga7jiRwf', 'eCFrli5JGEGaMRQ2fY1u')])

safedb syserr  data=java.nio.HeapByteBuffer[pos=0 lim=43 cap=43] &&& <ByteString@5b068087 size=43 contents="SELECT * FROM usertable WHERE YCSB_KEY=740;">

 pt... Kafka Consumer Record in braces:(c2-70 0 SELECT 1 [(602, 'YwxtTWAHiqkOJNCihsBi', '68hkO95VmWsHWqwEyvWD', 'ertD1y5XruMYqIVAbN4p', 'x72FhUdKhULL7PFl8jMg', '10kTAB7ZfkrMMMwectK9', '4z3KiFW7OK4bLco9jXcu', 'aC29VqWNockytVzCITZJ', 'wCuelaxKgrZqgDveTGHy', 'esmVd3TOseRzfXZk0Fdr', 'Gklz3kbbmkonscUr6Y8W')])

safedb syserr  data=java.nio.HeapByteBuffer[pos=0 lim=43 cap=43] &&& <ByteString@13518f37 size=43 contents="SELECT * FROM usertable WHERE YCSB_KEY=966;">

 pt... Kafka Consumer Record in braces:(c2-71 0 SELECT 1 [(740, 'KQ7DQ2YFQSKq9xc8g4ZG', 'GEoteXeCQIf9tO4QJQN6', 'yrtnavfCIJBhKmgrlMNu', '4qznyqyKtQCSpeKcEYy2', '8HDRSc9Y23Eh7O25UobI', '1AgjwoDeJZtboHC5DNrJ', 'ev61OHHTiXjCNh6sbtZU', 'wm91SjxobiDhXTDAe5z5', 'H58Doiu69I13EUyBRttz', 'pASIkWNnTLGXYyQnvid4')])

safedb syserr  data=java.nio.HeapByteBuffer[pos=0 lim=367 cap=367] &&& <ByteString@49872d67 size=367 contents="INSERT INTO usertable (ycsb_key, FIELD10, FIELD...">

 pt... Kafka Consumer Record in braces:(c2-72 0 SELECT 1 [(966, 'YwxtTWAHiqkOJNCihsBi', '68hkO95VmWsHWqwEyvWD', 'ertD1y5XruMYqIVAbN4p', 'x72FhUdKhULL7PFl8jMg', '10kTAB7ZfkrMMMwectK9', '4z3KiFW7OK4bLco9jXcu', 'aC29VqWNockytVzCITZJ', 'wCuelaxKgrZqgDveTGHy', 'esmVd3TOseRzfXZk0Fdr', 'Gklz3kbbmkonscUr6Y8W')])

safedb syserr  data=java.nio.HeapByteBuffer[pos=0 lim=43 cap=43] &&& <ByteString@8692d67 size=43 contents="SELECT * FROM usertable WHERE YCSB_KEY=324;">

 pt... Kafka Consumer Record in braces:(c2-73 0 INSERT 0 1)

safedb syserr  data=java.nio.HeapByteBuffer[pos=0 lim=43 cap=43] &&& <ByteString@34f7234e size=43 contents="SELECT * FROM usertable WHERE YCSB_KEY=136;">

 pt... Kafka Consumer Record in braces:(c2-74 0 SELECT 1 [(324, 'roohS5JfnUqhd1gNKI1m', 'QnVfH4GdXjQ9ErtUfMBe', 'js9TMlut5EG9bqpiFelr', 'j2HT45i5fPgpfS9394xe', 'g8Kk7Ck5Uv8ThBZi2UKk', '9uzoj2qNxdo7qU9BaJi2', '8hArAUSlRThzMn8o8Hr4', 'WgPvjAUjjBwwkBbmothN', 'QBU43Da3aNanGB6r9erS', 'E8j7iB0HI74y1YH4NOge')])

safedb syserr  data=java.nio.HeapByteBuffer[pos=0 lim=43 cap=43] &&& <ByteString@4983159f size=43 contents="SELECT * FROM usertable WHERE YCSB_KEY=416;">

 pt... Kafka Consumer Record in braces:(c2-75 0 SELECT 1 [(136, 'HjNKDxgcRRiVrGDOFGEq', 'kd2NzgolBR3uPHPl0h0g', 'rGdvCR9a1iLQojgMFcRE', 'jWVpTaIxO7Q8xaoHdmB5', '4BiXNuVOdGGekgEIhTvJ', 'Op2ufFCWUKHQZPuSfD4Y', 'hueSNiOlyb0t0UyHPbkF', 'gwHYmx4gL6IsigMhBcUj', 'dzsRin7Z9aruiXhtIITH', 'my3mXQLyIKoEuV2EafvD')])

safedb syserr  data=java.nio.HeapByteBuffer[pos=0 lim=366 cap=366] &&& <ByteString@4c550889 size=366 contents="INSERT INTO usertable (ycsb_key, FIELD10, FIELD...">

 pt... Kafka Consumer Record in braces:(c2-76 0 SELECT 1 [(416, 'Y7HBPat7MSLehxtCpVdm', '0Z0iSBWIjGFmZVCalmzw', '7mTIKcrNjVNMazIR33fZ', 'LyFGm3zBkVM47hI0j2Ci', 'eXiDiKYSeZWBSWulPyui', 'zJgCyMHojZqbcq60e6tG', 'rbQBaVcbqDijWCtGxgVK', '6An0T5JHVFMno2gkYwf1', 'jNdthdONTixZLwNAF5bc', 'UXianob4LC211uKlE507')])

safedb syserr  data=java.nio.HeapByteBuffer[pos=0 lim=41 cap=41] &&& <ByteString@65fe9e33 size=41 contents="DELETE FROM usertable WHERE YCSB_KEY=343;">

 pt... Kafka Consumer Record in braces:(c2-77 0 INSERT 0 1)

safedb syserr  data=java.nio.HeapByteBuffer[pos=0 lim=367 cap=367] &&& <ByteString@26bab2f1 size=367 contents="INSERT INTO usertable (ycsb_key, FIELD10, FIELD...">

 pt... Kafka Consumer Record in braces:(c2-78 0 DELETE 1)

safedb syserr  data=java.nio.HeapByteBuffer[pos=0 lim=41 cap=41] &&& <ByteString@6b53bcc2 size=41 contents="DELETE FROM usertable WHERE YCSB_KEY=993;">

 pt... Kafka Consumer Record in braces:(c2-79 0 INSERT 0 1)

safedb syserr  data=java.nio.HeapByteBuffer[pos=0 lim=43 cap=43] &&& <ByteString@340da44c size=43 contents="SELECT * FROM usertable WHERE YCSB_KEY=409;">

 pt... Kafka Consumer Record in braces:(c2-80 0 DELETE 1)

safedb syserr  data=java.nio.HeapByteBuffer[pos=0 lim=42 cap=42] &&& <ByteString@2320fa6f size=42 contents="SELECT * FROM usertable WHERE YCSB_KEY=67;">

 pt... Kafka Consumer Record in braces:(c2-81 0 SELECT 1 [(409, 'skn8M18lQM9oc7rolm5w', '86USzQ3EbEpmatRb0q8B', '4comhmcTsneO39lyrm1g', 'un0GG4AWnwwLQhUZ2Qhw', 'TuArCcbxxbLihD5PurCR', '55vuiMpI4JHOGFZW51Wb', 'uoCUQOJliAM0momlZCWI', 'T8thLA9tebS0hQCQ0SyG', 'VDquq2mXPxjpIEy6l0Jh', 'RLtFIRJyTdbq0tOtrqbv')])

safedb syserr  data=java.nio.HeapByteBuffer[pos=0 lim=43 cap=43] &&& <ByteString@53f0a4cb size=43 contents="SELECT * FROM usertable WHERE YCSB_KEY=855;">

 pt... Kafka Consumer Record in braces:(c2-82 0 SELECT 1 [(67, 'zMZDDaOSjhROlWWiezaR', 'cHhpJtdIIjP58QTckXag', 'VIciJ8dogDcae3kuiO8Q', 'YgvX0vXeo5JwzRtTlQ3m', '3C8e1un6WJTUSot4WGoj', 'YtpeOn3Z7izZCK8uhZLL', 'i4UpL6uYLpl7N348BmVD', 'D0eQGWPFojelHQhvHasD', 'SPih9nc4mkj19Mhml0GB', 'YiPXMaJxVa0B7ixwEiyg')])

safedb syserr  data=java.nio.HeapByteBuffer[pos=0 lim=41 cap=41] &&& <ByteString@616fe72b size=41 contents="DELETE FROM usertable where YCSB_KEY=763;">

 pt... Kafka Consumer Record in braces:(c2-83 0 SELECT 1 [(855, 'YwxtTWAHiqkOJNCihsBi', '68hkO95VmWsHWqwEyvWD', 'ertD1y5XruMYqIVAbN4p', 'x72FhUdKhULL7PFl8jMg', '10kTAB7ZfkrMMMwectK9', '4z3KiFW7OK4bLco9jXcu', 'aC29VqWNockytVzCITZJ', 'wCuelaxKgrZqgDveTGHy', 'esmVd3TOseRzfXZk0Fdr', 'Gklz3kbbmkonscUr6Y8W')])

safedb syserr  data=java.nio.HeapByteBuffer[pos=0 lim=41 cap=41] &&& <ByteString@7e5d9a50 size=41 contents="DELETE FROM usertable WHERE YCSB_KEY=975;">

 pt... Kafka Consumer Record in braces:(c2-84 0 DELETE 1)

safedb syserr  data=java.nio.HeapByteBuffer[pos=0 lim=267 cap=267] &&& <ByteString@fcb4004 size=267 contents="INSERT INTO usertable VALUES (12003,\'rt8DejuOkV...">

 pt... Kafka Consumer Record in braces:(c2-85 0 DELETE 1)

safedb syserr  data=java.nio.HeapByteBuffer[pos=0 lim=43 cap=43] &&& <ByteString@2dd29a59 size=43 contents="SELECT * FROM usertable WHERE YCSB_KEY=686;">

 pt... Kafka Consumer Record in braces:(c2-86 0 INSERT 0 1)

safedb syserr  data=java.nio.HeapByteBuffer[pos=0 lim=43 cap=43] &&& <ByteString@40dff0b7 size=43 contents="SELECT * FROM usertable WHERE YCSB_KEY=123;">

 pt... Kafka Consumer Record in braces:(c2-87 0 SELECT 1 [(686, 'bDbrufvknSncTKZ6DiKQ', 'guHtNrzs1VWFGVinZmsN', '3Jt06t9WeYlDGNHVfCHK', '6d92hwLkNGcMEhRB7L5J', 'vwbBGHqRfffTCKSYaUP6', 'TLJJqi3XoznaqQitxNEc', 'szvhBZJ2EA5AcshnfJQj', '1eXkCSvyM4UY4tMzpmX5', 'C7axwMPpYZbngctEYXM2', 'x1r0SMbI1Gi7m5hJ0jQi')])

safedb syserr  data=java.nio.HeapByteBuffer[pos=0 lim=367 cap=367] &&& <ByteString@1253e7cb size=367 contents="INSERT INTO usertable (ycsb_key, FIELD10, FIELD...">

 pt... Kafka Consumer Record in braces:(c2-88 0 SELECT 1 [(123, 'tVTmokFeqaits7gt9DtX', 'QDmPK2LzJCFzJVbGloA1', '8qRuDyZxQjDkMnOX5OyO', 'goKD3DrQuawba5mhtjim', 'aVGr35hYycDzhpvZSnIO', 'IAJZrgvskU3BzRUVvlvz', '3YtETl3rh2nxLjrkbMZ3', 'VviMCGqLWPZDCKBEYLhq', '91nmQrwFvxWXwET5lJDR', 'Ud4g2sOuDYpF1skhk6nR')])

safedb syserr  data=java.nio.HeapByteBuffer[pos=0 lim=43 cap=43] &&& <ByteString@3b0c9195 size=43 contents="SELECT * FROM usertable WHERE YCSB_KEY=296;">

 pt... Kafka Consumer Record in braces:(c2-89 0 INSERT 0 1)

safedb syserr  data=java.nio.HeapByteBuffer[pos=0 lim=43 cap=43] &&& <ByteString@302a07d size=43 contents="SELECT * FROM usertable WHERE YCSB_KEY=603;">

 pt... Kafka Consumer Record in braces:(c2-90 0 SELECT 1 [(296, 'KqXytA9wW45EjOZAHarz', 'Nw2uSE3dseRhdsegLOT4', '6NwtKrbjZ69r12QAwNWG', 'KIj0Yotxa2by0DNCS4el', 'PuBmjPJMD8g3CIgwPjpc', '3fosdsttfjNXm6djUM9q', 'X4vItW7i38n2WDAFKgTt', 'ZwsOiiyZG5t704fl4sow', 'C9b9rNTFSWeKE3Ff2kYh', 'rGrpGPTgKPpZX73IqOW8')])

safedb syserr  data=java.nio.HeapByteBuffer[pos=0 lim=367 cap=367] &&& <ByteString@7e8dcdaa size=367 contents="INSERT INTO usertable (ycsb_key, FIELD10, FIELD...">

 pt... Kafka Consumer Record in braces:(c2-91 0 SELECT 1 [(603, 'N4H4zbAmOX65bIyxk8P7', 'shWTYpZIvvnY1cMSaKl8', 'jxxhBzLSpG49vTIHoPWU', 'D8O0SP68SbhWBu6lG37J', '9MJsKlwrKKrwzEPFbBd8', 'eNnVgBV19fYBmJLmDIue', 'SAWll0U3TQhGCdtnnjmq', 'RTfP8VWixXHM9KdEJHVd', 'gWrajygVocY5e4ZaO6pM', 'bdOXaiwduY6pTmliDQON')])

safedb syserr  data=java.nio.HeapByteBuffer[pos=0 lim=42 cap=42] &&& <ByteString@5c08c46a size=42 contents="SELECT * FROM usertable WHERE YCSB_KEY=33;">

 pt... Kafka Consumer Record in braces:(c2-92 0 INSERT 0 1)

safedb syserr  data=java.nio.HeapByteBuffer[pos=0 lim=43 cap=43] &&& <ByteString@5829e4f4 size=43 contents="SELECT * FROM usertable WHERE YCSB_KEY=891;">

 pt... Kafka Consumer Record in braces:(c2-93 0 SELECT 1 [(33, 'xsEDcWEYGHUGJcGj5uWL', 'eYwlX08XfofM9rPtNozG', 'vxgl6hwCFslQIqAeItN1', 'Fro5bS6LFK0gzTs68TSe', 'WNSIQ1wdQknAvhYN7HpA', 'E7Hw4fi3INU81hRWyiXx', 'EiZnb9nTUWU6ou0dVOlP', 'uKp0tUMabXY0LCXmb9sx', 'ZdOBqK7JCMqZozUDiIes', 'soGqA10nOphRRR5Cx36f')])

safedb syserr  data=java.nio.HeapByteBuffer[pos=0 lim=43 cap=43] &&& <ByteString@1b2c4efb size=43 contents="SELECT * FROM usertable WHERE YCSB_KEY=807;">

 pt... Kafka Consumer Record in braces:(c2-94 0 SELECT 1 [(891, 'dUlZNLcD44yxFFzsaGGJ', 'E2K5GECVJFc4MDPoHXl9', 'GbpQqT0NZ7UsnvN241nR', 'nlT6hiC75OWYEHG5nAYh', 'UOEKGBEgP9LRmQS0VIrQ', 's2tMOWTnzyUsWeTec2Ly', 'te2XsO4ZszvopcZBDMDh', 'TCqFlPfw4AXmnPcXKMj6', 'q0pXyoFXSaISycgy24Yv', 'xjwXZCd7lRqtDQpJ2Uch')])

safedb syserr  data=java.nio.HeapByteBuffer[pos=0 lim=41 cap=41] &&& <ByteString@3cc41abc size=41 contents="DELETE FROM usertable WHERE YCSB_KEY=194;">

 pt... Kafka Consumer Record in braces:(c2-95 0 SELECT 1 [(807, 'umqYLaOXyP33XegYqFWe', 'turQ1UJWZr3LR6Z2U7Dd', 'wCaO1t0SQaERkq9l5QvY', 'fhD4nGYiKmnbntLAzOZM', '4vorUXAzJTlXzjGwaGFS', 'LZVh2ysEDB1xypldADuY', 'QsYzl48zeTjpPU7gKczD', 'AiRI6DmzbLfiRYkOzMDf', 'Oe2xJu2vkSmzXHkJmnUf', 'BMs6DckhsfrXaPwxeZ2w')])

safedb syserr  data=java.nio.HeapByteBuffer[pos=0 lim=41 cap=41] &&& <ByteString@3668d4 size=41 contents="DELETE FROM usertable WHERE YCSB_KEY=895;">

 pt... Kafka Consumer Record in braces:(c2-96 0 DELETE 1)

safedb syserr  data=java.nio.HeapByteBuffer[pos=0 lim=367 cap=367] &&& <ByteString@7f6f61c8 size=367 contents="INSERT INTO usertable (ycsb_key, FIELD10, FIELD...">

 pt... Kafka Consumer Record in braces:(c2-97 0 DELETE 1)

safedb syserr  data=java.nio.HeapByteBuffer[pos=0 lim=44 cap=44] &&& <ByteString@4097cac size=44 contents="SELECT * FROM usertable WHERE YCSB_KEY=1170;">

 pt... Kafka Consumer Record in braces:(c2-98 0 INSERT 0 1)

safedb syserr  data=java.nio.HeapByteBuffer[pos=0 lim=43 cap=43] &&& <ByteString@7c1e2a2d size=43 contents="SELECT * FROM usertable WHERE YCSB_KEY=881;">

 pt... Kafka Consumer Record in braces:(c2-99 0 SELECT 1 [(1170, 'j8E0AkSR9RHyaXhUiucK', 'f5THj3q6AZSSH71HBl4t', 'tLTrgsofAQ6Sx0aspiFj', 'yyQ1FmpfzhmgoDH4SgMH', 'CK5liqSA5iTtCFK773K6', 'eOSAi1MYkKawgQSF0F2k', '0grkEDisLV6HNkE402Q8', 'WnExaRyYTYAvbqi3Ii9l', '9Vyegn2mX9KyVTswzJEW', '4PXVfjOcz7ZEtFwdwcEn')])


 txReplies num keys sz= 99
2025-12-17 15:44:15 DEBUG RaftClient:484 - close client-CB5B5D0C3F59

 pt... Kafka Consumer Record in braces:(c2-100 0 SELECT 1 [(881, 'LTdo6wkGPloVn5BCp1uX', 'WLGLDqzJc4nrK80g6IM3', 'mnZkE4kj4CIP6s7buwvc', 'JxBFZ2KSWDYV4xIAUb75', 'DeM8OoPbPTc0ndU7K18n', 'e06JKZXUMNOy2PXBHmoT', 'uiiPAU0WDsJKusnrHOCc', 'OILHwhrEPlqKnAJ5u51Q', '1eQvRpM2qvIvbodvAjLo', '5pC9YSqGtAu2zRNQAGZc')])

 req= c2-15 execTime = 8508108
 req= c2-16 execTime = 9066688
 req= c2-13 execTime = 8388675
 req= c2-14 execTime = 13065392
 req= c2-19 execTime = 10015655
 req= c2-17 execTime = 8453556
 req= c2-18 execTime = 8392001
 req= c2-22 execTime = 8323946
 req= c2-23 execTime = 7230941
 req= c2-20 execTime = 8696900
 req= c2-21 execTime = 8496827
 req= c2-26 execTime = 7838061
 req= c2-27 execTime = 8084760
 req= c2-24 execTime = 6552198
 req= c2-25 execTime = 7006513
 req= c2-28 execTime = 7484362
 req= c2-29 execTime = 7556958
 req= c2-30 execTime = 7688652
 req= c2-7 execTime = 9570816
 req= c2-33 execTime = 7680156
 req= c2-6 execTime = 9458087
 req= c2-34 execTime = 6651872
 req= c2-9 execTime = 10056791
 req= c2-31 execTime = 6746419
 req= c2-8 execTime = 9034468
 req= c2-32 execTime = 7612170
 req= c2-3 execTime = 28768654
 req= c2-2 execTime = 44578795
 req= c2-5 execTime = 15482802
 req= c2-4 execTime = 21354522
 req= c2-1 execTime = 466594118
 req= c2-37 execTime = 6321087
 req= c2-38 execTime = 5940469
 req= c2-35 execTime = 5953582
 req= c2-36 execTime = 7454998
 req= c2-39 execTime = 5011650
 req= c2-40 execTime = 5297852
 req= c2-41 execTime = 5234113
 req= c2-44 execTime = 5182407
 req= c2-45 execTime = 5524263
 req= c2-42 execTime = 5501321
 req= c2-43 execTime = 5633187
 req= c2-48 execTime = 5487234
 req= c2-49 execTime = 5106365
 req= c2-46 execTime = 4882419
 req= c2-47 execTime = 5143175
 req= c2-51 execTime = 5024864
 req= c2-52 execTime = 5354398
 req= c2-50 execTime = 5047105
 req= c2-55 execTime = 7589077
 req= c2-56 execTime = 5233513
 req= c2-53 execTime = 4835702
 req= c2-54 execTime = 5211801
 req= c2-59 execTime = 5343026
 req= c2-57 execTime = 4937050
 req= c2-58 execTime = 5177408
 req= c2-62 execTime = 5626424
 req= c2-63 execTime = 5790299
 req= c2-60 execTime = 5201683
 req= c2-61 execTime = 5208616
 req= c2-66 execTime = 5238822
 req= c2-67 execTime = 5037337
 req= c2-64 execTime = 5573956
 req= c2-100 execTime = 4628757
 req= c2-65 execTime = 5346102
 req= c2-68 execTime = 5229084
 req= c2-69 execTime = 5093982
 req= c2-73 execTime = 4948171
 req= c2-74 execTime = 4575367
 req= c2-71 execTime = 4981824
 req= c2-72 execTime = 5185683
 req= c2-77 execTime = 5330903
 req= c2-78 execTime = 5064958
 req= c2-75 execTime = 5358315
 req= c2-76 execTime = 5255723
 req= c2-70 execTime = 4834920
 req= c2-79 execTime = 4785308
 req= c2-84 execTime = 6275563
 req= c2-85 execTime = 6610165
 req= c2-82 execTime = 5491522
 req= c2-83 execTime = 5918517
 req= c2-88 execTime = 4785969
 req= c2-89 execTime = 5204659
 req= c2-86 execTime = 5847104
 req= c2-87 execTime = 4911383
 req= c2-80 execTime = 5221319
 req= c2-81 execTime = 4950104
 req= c2-95 execTime = 5874125
 req= c2-96 execTime = 5990792
 req= c2-93 execTime = 5011078
 req= c2-94 execTime = 4924617
 req= c2-11 execTime = 8534898
 req= c2-99 execTime = 4576700
 req= c2-12 execTime = 10759198
 req= c2-97 execTime = 5419769
 req= c2-10 execTime = 9195898
 req= c2-98 execTime = 5300888
 req= c2-91 execTime = 4938914
 req= c2-92 execTime = 5418657
 req= c2-90 execTime = 4845180
Avg time taken: 11761711 nanosec
Total time taken: 949474 microsec
