Found /home/anant2040/git/ratis/ratis-examples/target/ratis-examples-3.2.0-SNAPSHOT.jar
Starting Async write now 
safedb syserr  data=java.nio.HeapByteBuffer[pos=0 lim=43 cap=43] &&& <ByteString@55b699ef size=43 contents="SELECT * FROM usertable WHERE YCSB_KEY=868;">
2026-01-15 17:18:51 INFO  ProducerConfig:370 - ProducerConfig values: 
	acks = -1
	auto.include.jmx.reporter = true
	batch.size = 16384
	bootstrap.servers = [10.129.148.129:9092]
	buffer.memory = 33554432
	client.dns.lookup = use_all_dns_ips
	client.id = producer-1
	compression.type = none
	connections.max.idle.ms = 540000
	delivery.timeout.ms = 120000
	enable.idempotence = true
	enable.metrics.push = true
	interceptor.classes = []
	key.serializer = class org.apache.kafka.common.serialization.StringSerializer
	linger.ms = 0
	max.block.ms = 60000
	max.in.flight.requests.per.connection = 5
	max.request.size = 1048576
	metadata.max.age.ms = 300000
	metadata.max.idle.ms = 300000
	metric.reporters = []
	metrics.num.samples = 2
	metrics.recording.level = INFO
	metrics.sample.window.ms = 30000
	partitioner.adaptive.partitioning.enable = true
	partitioner.availability.timeout.ms = 0
	partitioner.class = null
	partitioner.ignore.keys = false
	receive.buffer.bytes = 32768
	reconnect.backoff.max.ms = 1000
	reconnect.backoff.ms = 50
	request.timeout.ms = 30000
	retries = 2147483647
	retry.backoff.max.ms = 1000
	retry.backoff.ms = 100
	sasl.client.callback.handler.class = null
	sasl.jaas.config = null
	sasl.kerberos.kinit.cmd = /usr/bin/kinit
	sasl.kerberos.min.time.before.relogin = 60000
	sasl.kerberos.service.name = null
	sasl.kerberos.ticket.renew.jitter = 0.05
	sasl.kerberos.ticket.renew.window.factor = 0.8
	sasl.login.callback.handler.class = null
	sasl.login.class = null
	sasl.login.connect.timeout.ms = null
	sasl.login.read.timeout.ms = null
	sasl.login.refresh.buffer.seconds = 300
	sasl.login.refresh.min.period.seconds = 60
	sasl.login.refresh.window.factor = 0.8
	sasl.login.refresh.window.jitter = 0.05
	sasl.login.retry.backoff.max.ms = 10000
	sasl.login.retry.backoff.ms = 100
	sasl.mechanism = GSSAPI
	sasl.oauthbearer.clock.skew.seconds = 30
	sasl.oauthbearer.expected.audience = null
	sasl.oauthbearer.expected.issuer = null
	sasl.oauthbearer.jwks.endpoint.refresh.ms = 3600000
	sasl.oauthbearer.jwks.endpoint.retry.backoff.max.ms = 10000
	sasl.oauthbearer.jwks.endpoint.retry.backoff.ms = 100
	sasl.oauthbearer.jwks.endpoint.url = null
	sasl.oauthbearer.scope.claim.name = scope
	sasl.oauthbearer.sub.claim.name = sub
	sasl.oauthbearer.token.endpoint.url = null
	security.protocol = PLAINTEXT
	security.providers = null
	send.buffer.bytes = 131072
	socket.connection.setup.timeout.max.ms = 30000
	socket.connection.setup.timeout.ms = 10000
	ssl.cipher.suites = null
	ssl.enabled.protocols = [TLSv1.2, TLSv1.3]
	ssl.endpoint.identification.algorithm = https
	ssl.engine.factory.class = null
	ssl.key.password = null
	ssl.keymanager.algorithm = SunX509
	ssl.keystore.certificate.chain = null
	ssl.keystore.key = null
	ssl.keystore.location = null
	ssl.keystore.password = null
	ssl.keystore.type = JKS
	ssl.protocol = TLSv1.3
	ssl.provider = null
	ssl.secure.random.implementation = null
	ssl.trustmanager.algorithm = PKIX
	ssl.truststore.certificates = null
	ssl.truststore.location = null
	ssl.truststore.password = null
	ssl.truststore.type = JKS
	transaction.timeout.ms = 60000
	transactional.id = null
	value.serializer = class org.apache.kafka.common.serialization.StringSerializer

2026-01-15 17:18:51 INFO  KafkaMetricsCollector:297 - initializing Kafka metrics collector
2026-01-15 17:18:51 INFO  KafkaProducer:597 - [Producer clientId=producer-1] Instantiated an idempotent producer.
2026-01-15 17:18:51 INFO  AppInfoParser:124 - Kafka version: 3.7.0
2026-01-15 17:18:51 INFO  AppInfoParser:125 - Kafka commitId: 2ae524ed625438c5
2026-01-15 17:18:51 INFO  AppInfoParser:126 - Kafka startTimeMs: 1768477731767
2026-01-15 17:18:51 INFO  ConsumerConfig:370 - ConsumerConfig values: 
	allow.auto.create.topics = true
	auto.commit.interval.ms = 5000
	auto.include.jmx.reporter = true
	auto.offset.reset = latest
	bootstrap.servers = [10.129.148.129:9092]
	check.crcs = true
	client.dns.lookup = use_all_dns_ips
	client.id = consumer-my-group-1
	client.rack = 
	connections.max.idle.ms = 540000
	default.api.timeout.ms = 60000
	enable.auto.commit = true
	enable.metrics.push = true
	exclude.internal.topics = true
	fetch.max.bytes = 52428800
	fetch.max.wait.ms = 500
	fetch.min.bytes = 1
	group.id = my-group
	group.instance.id = null
	group.protocol = classic
	group.remote.assignor = null
	heartbeat.interval.ms = 3000
	interceptor.classes = []
	internal.leave.group.on.close = true
	internal.throw.on.fetch.stable.offset.unsupported = false
	isolation.level = read_uncommitted
	key.deserializer = class org.apache.kafka.common.serialization.StringDeserializer
	max.partition.fetch.bytes = 1048576
	max.poll.interval.ms = 300000
	max.poll.records = 500
	metadata.max.age.ms = 300000
	metric.reporters = []
	metrics.num.samples = 2
	metrics.recording.level = INFO
	metrics.sample.window.ms = 30000
	partition.assignment.strategy = [class org.apache.kafka.clients.consumer.RangeAssignor, class org.apache.kafka.clients.consumer.CooperativeStickyAssignor]
	receive.buffer.bytes = 65536
	reconnect.backoff.max.ms = 1000
	reconnect.backoff.ms = 50
	request.timeout.ms = 30000
	retry.backoff.max.ms = 1000
	retry.backoff.ms = 100
	sasl.client.callback.handler.class = null
	sasl.jaas.config = null
	sasl.kerberos.kinit.cmd = /usr/bin/kinit
	sasl.kerberos.min.time.before.relogin = 60000
	sasl.kerberos.service.name = null
	sasl.kerberos.ticket.renew.jitter = 0.05
	sasl.kerberos.ticket.renew.window.factor = 0.8
	sasl.login.callback.handler.class = null
	sasl.login.class = null
	sasl.login.connect.timeout.ms = null
	sasl.login.read.timeout.ms = null
	sasl.login.refresh.buffer.seconds = 300
	sasl.login.refresh.min.period.seconds = 60
	sasl.login.refresh.window.factor = 0.8
	sasl.login.refresh.window.jitter = 0.05
	sasl.login.retry.backoff.max.ms = 10000
	sasl.login.retry.backoff.ms = 100
	sasl.mechanism = GSSAPI
	sasl.oauthbearer.clock.skew.seconds = 30
	sasl.oauthbearer.expected.audience = null
	sasl.oauthbearer.expected.issuer = null
	sasl.oauthbearer.jwks.endpoint.refresh.ms = 3600000
	sasl.oauthbearer.jwks.endpoint.retry.backoff.max.ms = 10000
	sasl.oauthbearer.jwks.endpoint.retry.backoff.ms = 100
	sasl.oauthbearer.jwks.endpoint.url = null
	sasl.oauthbearer.scope.claim.name = scope
	sasl.oauthbearer.sub.claim.name = sub
	sasl.oauthbearer.token.endpoint.url = null
	security.protocol = PLAINTEXT
	security.providers = null
	send.buffer.bytes = 131072
	session.timeout.ms = 45000
	socket.connection.setup.timeout.max.ms = 30000
	socket.connection.setup.timeout.ms = 10000
	ssl.cipher.suites = null
	ssl.enabled.protocols = [TLSv1.2, TLSv1.3]
	ssl.endpoint.identification.algorithm = https
	ssl.engine.factory.class = null
	ssl.key.password = null
	ssl.keymanager.algorithm = SunX509
	ssl.keystore.certificate.chain = null
	ssl.keystore.key = null
	ssl.keystore.location = null
	ssl.keystore.password = null
	ssl.keystore.type = JKS
	ssl.protocol = TLSv1.3
	ssl.provider = null
	ssl.secure.random.implementation = null
	ssl.trustmanager.algorithm = PKIX
	ssl.truststore.certificates = null
	ssl.truststore.location = null
	ssl.truststore.password = null
	ssl.truststore.type = JKS
	value.deserializer = class org.apache.kafka.common.serialization.StringDeserializer

2026-01-15 17:18:51 INFO  KafkaMetricsCollector:297 - initializing Kafka metrics collector
2026-01-15 17:18:51 INFO  AppInfoParser:124 - Kafka version: 3.7.0
2026-01-15 17:18:51 INFO  AppInfoParser:125 - Kafka commitId: 2ae524ed625438c5
2026-01-15 17:18:51 INFO  AppInfoParser:126 - Kafka startTimeMs: 1768477731804
2026-01-15 17:18:51 INFO  LegacyKafkaConsumer:475 - [Consumer clientId=consumer-my-group-1, groupId=my-group] Subscribed to topic(s): topic2
2026-01-15 17:18:51 INFO  Metadata:349 - [Producer clientId=producer-1] Cluster ID: KnaY91erT92QN5ly-M942w
2026-01-15 17:18:51 INFO  Metadata:349 - [Consumer clientId=consumer-my-group-1, groupId=my-group] Cluster ID: KnaY91erT92QN5ly-M942w
2026-01-15 17:18:51 INFO  TransactionManager:502 - [Producer clientId=producer-1] ProducerId set to 155 with epoch 0
2026-01-15 17:18:51 INFO  ConsumerCoordinator:936 - [Consumer clientId=consumer-my-group-1, groupId=my-group] Discovered group coordinator 10.129.148.129:9092 (id: 2147483647 rack: null)
2026-01-15 17:18:51 INFO  ConsumerCoordinator:604 - [Consumer clientId=consumer-my-group-1, groupId=my-group] (Re-)joining group
2026-01-15 17:18:51 INFO  ConsumerCoordinator:1102 - [Consumer clientId=consumer-my-group-1, groupId=my-group] Request joining group due to: need to re-join with the given member-id: consumer-my-group-1-73abefec-32c2-4608-bf02-805f34743e7d
2026-01-15 17:18:51 INFO  ConsumerCoordinator:604 - [Consumer clientId=consumer-my-group-1, groupId=my-group] (Re-)joining group
2026-01-15 17:18:51 INFO  ConsumerCoordinator:665 - [Consumer clientId=consumer-my-group-1, groupId=my-group] Successfully joined group with generation Generation{generationId=182, memberId='consumer-my-group-1-73abefec-32c2-4608-bf02-805f34743e7d', protocol='range'}
2026-01-15 17:18:51 INFO  ConsumerCoordinator:659 - [Consumer clientId=consumer-my-group-1, groupId=my-group] Finished assignment for group at generation 182: {consumer-my-group-1-73abefec-32c2-4608-bf02-805f34743e7d=Assignment(partitions=[topic2-0])}
2026-01-15 17:18:51 INFO  ConsumerCoordinator:842 - [Consumer clientId=consumer-my-group-1, groupId=my-group] Successfully synced group in generation Generation{generationId=182, memberId='consumer-my-group-1-73abefec-32c2-4608-bf02-805f34743e7d', protocol='range'}
2026-01-15 17:18:51 INFO  ConsumerCoordinator:319 - [Consumer clientId=consumer-my-group-1, groupId=my-group] Notifying assignor about the new Assignment(partitions=[topic2-0])
2026-01-15 17:18:51 INFO  ConsumerRebalanceListenerInvoker:56 - [Consumer clientId=consumer-my-group-1, groupId=my-group] Adding newly assigned partitions: topic2-0
2026-01-15 17:18:51 INFO  ConsumerUtils:199 - Setting offset for partition topic2-0 to the committed offset FetchPosition{offset=1129976, offsetEpoch=Optional[0], currentLeader=LeaderAndEpoch{leader=Optional[10.129.148.129:9092 (id: 0 rack: null)], epoch=0}}
safedb syserr  data=java.nio.HeapByteBuffer[pos=0 lim=43 cap=43] &&& <ByteString@13f95696 size=43 contents="SELECT * FROM usertable WHERE YCSB_KEY=831;">
safedb syserr  data=java.nio.HeapByteBuffer[pos=0 lim=41 cap=41] &&& <ByteString@32193bea size=41 contents="DELETE FROM usertable where YCSB_KEY=937;">
 Waiting for request 1768477732

safedb syserr  data=java.nio.HeapByteBuffer[pos=0 lim=43 cap=43] &&& <ByteString@758705fa size=43 contents="SELECT * FROM usertable where YCSB_KEY=473;">
safedb syserr  data=java.nio.HeapByteBuffer[pos=0 lim=41 cap=41] &&& <ByteString@49d3c823 size=41 contents="DELETE FROM usertable WHERE YCSB_KEY=473;">
safedb syserr  data=java.nio.HeapByteBuffer[pos=0 lim=43 cap=43] &&& <ByteString@604c5de8 size=43 contents="SELECT * FROM usertable WHERE YCSB_KEY=778;">
safedb syserr  data=java.nio.HeapByteBuffer[pos=0 lim=43 cap=43] &&& <ByteString@57abad67 size=43 contents="SELECT * FROM usertable WHERE YCSB_KEY=144;">
safedb syserr  data=java.nio.HeapByteBuffer[pos=0 lim=43 cap=43] &&& <ByteString@52851b44 size=43 contents="SELECT * FROM usertable WHERE YCSB_KEY=833;">
safedb syserr  data=java.nio.HeapByteBuffer[pos=0 lim=44 cap=44] &&& <ByteString@576f63f6 size=44 contents="SELECT * FROM usertable WHERE YCSB_KEY=1082;">
safedb syserr  data=java.nio.HeapByteBuffer[pos=0 lim=41 cap=41] &&& <ByteString@ff684e1 size=41 contents="DELETE FROM usertable WHERE YCSB_KEY=950;">
safedb syserr  data=java.nio.HeapByteBuffer[pos=0 lim=43 cap=43] &&& <ByteString@55dfebeb size=43 contents="SELECT * FROM usertable where YCSB_KEY=848;">
safedb syserr  data=java.nio.HeapByteBuffer[pos=0 lim=41 cap=41] &&& <ByteString@77b14724 size=41 contents="DELETE FROM usertable WHERE YCSB_KEY=848;">
safedb syserr  data=java.nio.HeapByteBuffer[pos=0 lim=43 cap=43] &&& <ByteString@604f2bd2 size=43 contents="SELECT * FROM usertable WHERE YCSB_KEY=196;">
safedb syserr  data=java.nio.HeapByteBuffer[pos=0 lim=367 cap=367] &&& <ByteString@7b84fcf8 size=367 contents="INSERT INTO usertable (ycsb_key, FIELD10, FIELD...">
safedb syserr  data=java.nio.HeapByteBuffer[pos=0 lim=43 cap=43] &&& <ByteString@366ac49b size=43 contents="SELECT * FROM usertable where YCSB_KEY=947;">
safedb syserr  data=java.nio.HeapByteBuffer[pos=0 lim=41 cap=41] &&& <ByteString@62e20a76 size=41 contents="DELETE FROM usertable WHERE YCSB_KEY=947;">
safedb syserr  data=java.nio.HeapByteBuffer[pos=0 lim=43 cap=43] &&& <ByteString@1477089c size=43 contents="SELECT * FROM usertable WHERE YCSB_KEY=858;">
safedb syserr  data=java.nio.HeapByteBuffer[pos=0 lim=43 cap=43] &&& <ByteString@59d2400d size=43 contents="SELECT * FROM usertable WHERE YCSB_KEY=808;">
safedb syserr  data=java.nio.HeapByteBuffer[pos=0 lim=367 cap=367] &&& <ByteString@5b202a3a size=367 contents="INSERT INTO usertable (ycsb_key, FIELD10, FIELD...">
safedb syserr  data=java.nio.HeapByteBuffer[pos=0 lim=41 cap=41] &&& <ByteString@34cdeda2 size=41 contents="DELETE FROM usertable WHERE YCSB_KEY=763;">
safedb syserr  data=java.nio.HeapByteBuffer[pos=0 lim=43 cap=43] &&& <ByteString@4535b6d5 size=43 contents="SELECT * FROM usertable WHERE YCSB_KEY=336;">
 Waiting for request 1768477732

safedb syserr  data=java.nio.HeapByteBuffer[pos=0 lim=367 cap=367] &&& <ByteString@232a7d73 size=367 contents="INSERT INTO usertable (ycsb_key, FIELD10, FIELD...">
safedb syserr  data=java.nio.HeapByteBuffer[pos=0 lim=43 cap=43] &&& <ByteString@74960bfa size=43 contents="SELECT * FROM usertable WHERE YCSB_KEY=197;">
safedb syserr  data=java.nio.HeapByteBuffer[pos=0 lim=43 cap=43] &&& <ByteString@1f6c9cd8 size=43 contents="SELECT * FROM usertable WHERE YCSB_KEY=165;">
safedb syserr  data=java.nio.HeapByteBuffer[pos=0 lim=43 cap=43] &&& <ByteString@447a020 size=43 contents="SELECT * FROM usertable WHERE YCSB_KEY=406;">
safedb syserr  data=java.nio.HeapByteBuffer[pos=0 lim=43 cap=43] &&& <ByteString@6d23017e size=43 contents="SELECT * FROM usertable WHERE YCSB_KEY=590;">
safedb syserr  data=java.nio.HeapByteBuffer[pos=0 lim=367 cap=367] &&& <ByteString@767e20cf size=367 contents="INSERT INTO usertable (ycsb_key, FIELD10, FIELD...">
safedb syserr  data=java.nio.HeapByteBuffer[pos=0 lim=42 cap=42] &&& <ByteString@17a1e4ca size=42 contents="SELECT * FROM usertable where YCSB_KEY=96;">
safedb syserr  data=java.nio.HeapByteBuffer[pos=0 lim=40 cap=40] &&& <ByteString@4a194c39 size=40 contents="DELETE FROM usertable WHERE YCSB_KEY=96;">
safedb syserr  data=java.nio.HeapByteBuffer[pos=0 lim=267 cap=267] &&& <ByteString@56113384 size=267 contents="INSERT INTO usertable VALUES (12001,\'A1vCDlW9TS...">
safedb syserr  data=java.nio.HeapByteBuffer[pos=0 lim=43 cap=43] &&& <ByteString@5f9678e1 size=43 contents="SELECT * FROM usertable WHERE YCSB_KEY=967;">
safedb syserr  data=java.nio.HeapByteBuffer[pos=0 lim=43 cap=43] &&& <ByteString@5a9d6f02 size=43 contents="SELECT * FROM usertable WHERE YCSB_KEY=388;">
safedb syserr  data=java.nio.HeapByteBuffer[pos=0 lim=367 cap=367] &&& <ByteString@5ccbeb64 size=367 contents="INSERT INTO usertable (ycsb_key, FIELD10, FIELD...">
safedb syserr  data=java.nio.HeapByteBuffer[pos=0 lim=44 cap=44] &&& <ByteString@31d0e481 size=44 contents="SELECT * FROM usertable WHERE YCSB_KEY=1579;">
safedb syserr  data=java.nio.HeapByteBuffer[pos=0 lim=42 cap=42] &&& <ByteString@542e560f size=42 contents="SELECT * FROM usertable where YCSB_KEY=30;">
safedb syserr  data=java.nio.HeapByteBuffer[pos=0 lim=40 cap=40] &&& <ByteString@1d730606 size=40 contents="DELETE FROM usertable WHERE YCSB_KEY=30;">
safedb syserr  data=java.nio.HeapByteBuffer[pos=0 lim=40 cap=40] &&& <ByteString@3016fd5e size=40 contents="DELETE FROM usertable where YCSB_KEY=41;">
safedb syserr  data=java.nio.HeapByteBuffer[pos=0 lim=41 cap=41] &&& <ByteString@6c45ee6e size=41 contents="DELETE FROM usertable WHERE YCSB_KEY=751;">
safedb syserr  data=java.nio.HeapByteBuffer[pos=0 lim=43 cap=43] &&& <ByteString@1338fb5 size=43 contents="SELECT * FROM usertable where YCSB_KEY=419;">
safedb syserr  data=java.nio.HeapByteBuffer[pos=0 lim=366 cap=366] &&& <ByteString@61f05988 size=366 contents="INSERT INTO usertable (ycsb_key, FIELD10, FIELD...">
safedb syserr  data=java.nio.HeapByteBuffer[pos=0 lim=41 cap=41] &&& <ByteString@67c2e933 size=41 contents="DELETE FROM usertable WHERE YCSB_KEY=419;">
safedb syserr  data=java.nio.HeapByteBuffer[pos=0 lim=43 cap=43] &&& <ByteString@178213b size=43 contents="SELECT * FROM usertable WHERE YCSB_KEY=549;">
safedb syserr  data=java.nio.HeapByteBuffer[pos=0 lim=43 cap=43] &&& <ByteString@2e8e8225 size=43 contents="SELECT * FROM usertable WHERE YCSB_KEY=658;">
safedb syserr  data=java.nio.HeapByteBuffer[pos=0 lim=43 cap=43] &&& <ByteString@2807bdeb size=43 contents="SELECT * FROM usertable WHERE YCSB_KEY=400;">
safedb syserr  data=java.nio.HeapByteBuffer[pos=0 lim=366 cap=366] &&& <ByteString@2c5529ab size=366 contents="INSERT INTO usertable (ycsb_key, FIELD10, FIELD...">
safedb syserr  data=java.nio.HeapByteBuffer[pos=0 lim=42 cap=42] &&& <ByteString@2c532cd8 size=42 contents="SELECT * FROM usertable WHERE YCSB_KEY=15;">
safedb syserr  data=java.nio.HeapByteBuffer[pos=0 lim=44 cap=44] &&& <ByteString@3700ec9c size=44 contents="SELECT * FROM usertable WHERE YCSB_KEY=1404;">
 Waiting for request 1768477732

safedb syserr  data=java.nio.HeapByteBuffer[pos=0 lim=41 cap=41] &&& <ByteString@31000e60 size=41 contents="DELETE FROM usertable where YCSB_KEY=291;">
safedb syserr  data=java.nio.HeapByteBuffer[pos=0 lim=367 cap=367] &&& <ByteString@54c62d71 size=367 contents="INSERT INTO usertable (ycsb_key, FIELD10, FIELD...">
safedb syserr  data=java.nio.HeapByteBuffer[pos=0 lim=44 cap=44] &&& <ByteString@2d1dee39 size=44 contents="SELECT * FROM usertable WHERE YCSB_KEY=1099;">
safedb syserr  data=java.nio.HeapByteBuffer[pos=0 lim=43 cap=43] &&& <ByteString@6ff65192 size=43 contents="SELECT * FROM usertable WHERE YCSB_KEY=838;">
safedb syserr  data=java.nio.HeapByteBuffer[pos=0 lim=41 cap=41] &&& <ByteString@57ea113a size=41 contents="DELETE FROM usertable WHERE YCSB_KEY=859;">
safedb syserr  data=java.nio.HeapByteBuffer[pos=0 lim=367 cap=367] &&& <ByteString@2b0f373b size=367 contents="INSERT INTO usertable (ycsb_key, FIELD10, FIELD...">
safedb syserr  data=java.nio.HeapByteBuffer[pos=0 lim=267 cap=267] &&& <ByteString@7216fb24 size=267 contents="INSERT INTO usertable VALUES (12002,\'51OAI4dGn0...">
safedb syserr  data=java.nio.HeapByteBuffer[pos=0 lim=41 cap=41] &&& <ByteString@35a9782c size=41 contents="DELETE FROM usertable WHERE YCSB_KEY=497;">
safedb syserr  data=java.nio.HeapByteBuffer[pos=0 lim=43 cap=43] &&& <ByteString@732f29af size=43 contents="SELECT * FROM usertable WHERE YCSB_KEY=565;">
safedb syserr  data=java.nio.HeapByteBuffer[pos=0 lim=43 cap=43] &&& <ByteString@299321e2 size=43 contents="SELECT * FROM usertable WHERE YCSB_KEY=655;">
safedb syserr  data=java.nio.HeapByteBuffer[pos=0 lim=43 cap=43] &&& <ByteString@158a3b2e size=43 contents="SELECT * FROM usertable WHERE YCSB_KEY=429;">
safedb syserr  data=java.nio.HeapByteBuffer[pos=0 lim=44 cap=44] &&& <ByteString@6b00f608 size=44 contents="SELECT * FROM usertable WHERE YCSB_KEY=1539;">
safedb syserr  data=java.nio.HeapByteBuffer[pos=0 lim=43 cap=43] &&& <ByteString@1d131e1b size=43 contents="SELECT * FROM usertable WHERE YCSB_KEY=631;">
safedb syserr  data=java.nio.HeapByteBuffer[pos=0 lim=43 cap=43] &&& <ByteString@4fce136b size=43 contents="SELECT * FROM usertable where YCSB_KEY=851;">
safedb syserr  data=java.nio.HeapByteBuffer[pos=0 lim=41 cap=41] &&& <ByteString@260e86a1 size=41 contents="DELETE FROM usertable WHERE YCSB_KEY=851;">
safedb syserr  data=java.nio.HeapByteBuffer[pos=0 lim=367 cap=367] &&& <ByteString@61e94def size=367 contents="INSERT INTO usertable (ycsb_key, FIELD10, FIELD...">
safedb syserr  data=java.nio.HeapByteBuffer[pos=0 lim=43 cap=43] &&& <ByteString@70ab2d48 size=43 contents="SELECT * FROM usertable WHERE YCSB_KEY=574;">
safedb syserr  data=java.nio.HeapByteBuffer[pos=0 lim=40 cap=40] &&& <ByteString@3a393455 size=40 contents="DELETE FROM usertable WHERE YCSB_KEY=48;">
safedb syserr  data=java.nio.HeapByteBuffer[pos=0 lim=367 cap=367] &&& <ByteString@3a6f2de3 size=367 contents="INSERT INTO usertable (ycsb_key, FIELD10, FIELD...">
safedb syserr  data=java.nio.HeapByteBuffer[pos=0 lim=43 cap=43] &&& <ByteString@4b2a01d4 size=43 contents="SELECT * FROM usertable WHERE YCSB_KEY=766;">
safedb syserr  data=java.nio.HeapByteBuffer[pos=0 lim=41 cap=41] &&& <ByteString@2f48b3d2 size=41 contents="DELETE FROM usertable WHERE YCSB_KEY=368;">
safedb syserr  data=java.nio.HeapByteBuffer[pos=0 lim=43 cap=43] &&& <ByteString@23bff419 size=43 contents="SELECT * FROM usertable WHERE YCSB_KEY=774;">
safedb syserr  data=java.nio.HeapByteBuffer[pos=0 lim=43 cap=43] &&& <ByteString@101639ae size=43 contents="SELECT * FROM usertable WHERE YCSB_KEY=602;">
safedb syserr  data=java.nio.HeapByteBuffer[pos=0 lim=43 cap=43] &&& <ByteString@44040454 size=43 contents="SELECT * FROM usertable WHERE YCSB_KEY=740;">
safedb syserr  data=java.nio.HeapByteBuffer[pos=0 lim=43 cap=43] &&& <ByteString@42f8285e size=43 contents="SELECT * FROM usertable WHERE YCSB_KEY=966;">
safedb syserr  data=java.nio.HeapByteBuffer[pos=0 lim=367 cap=367] &&& <ByteString@68ead359 size=367 contents="INSERT INTO usertable (ycsb_key, FIELD10, FIELD...">
safedb syserr  data=java.nio.HeapByteBuffer[pos=0 lim=43 cap=43] &&& <ByteString@a43ce46 size=43 contents="SELECT * FROM usertable WHERE YCSB_KEY=324;">
safedb syserr  data=java.nio.HeapByteBuffer[pos=0 lim=43 cap=43] &&& <ByteString@37052337 size=43 contents="SELECT * FROM usertable WHERE YCSB_KEY=136;">
safedb syserr  data=java.nio.HeapByteBuffer[pos=0 lim=43 cap=43] &&& <ByteString@4d722ac9 size=43 contents="SELECT * FROM usertable WHERE YCSB_KEY=416;">
safedb syserr  data=java.nio.HeapByteBuffer[pos=0 lim=366 cap=366] &&& <ByteString@3d97a632 size=366 contents="INSERT INTO usertable (ycsb_key, FIELD10, FIELD...">
safedb syserr  data=java.nio.HeapByteBuffer[pos=0 lim=41 cap=41] &&& <ByteString@7e7b159b size=41 contents="DELETE FROM usertable WHERE YCSB_KEY=343;">
safedb syserr  data=java.nio.HeapByteBuffer[pos=0 lim=367 cap=367] &&& <ByteString@293a5f75 size=367 contents="INSERT INTO usertable (ycsb_key, FIELD10, FIELD...">
safedb syserr  data=java.nio.HeapByteBuffer[pos=0 lim=41 cap=41] &&& <ByteString@56e8b606 size=41 contents="DELETE FROM usertable WHERE YCSB_KEY=993;">
safedb syserr  data=java.nio.HeapByteBuffer[pos=0 lim=43 cap=43] &&& <ByteString@53142455 size=43 contents="SELECT * FROM usertable WHERE YCSB_KEY=409;">
safedb syserr  data=java.nio.HeapByteBuffer[pos=0 lim=42 cap=42] &&& <ByteString@60975100 size=42 contents="SELECT * FROM usertable WHERE YCSB_KEY=67;">
safedb syserr  data=java.nio.HeapByteBuffer[pos=0 lim=43 cap=43] &&& <ByteString@61c9c3fd size=43 contents="SELECT * FROM usertable WHERE YCSB_KEY=855;">
safedb syserr  data=java.nio.HeapByteBuffer[pos=0 lim=41 cap=41] &&& <ByteString@2c7b5824 size=41 contents="DELETE FROM usertable where YCSB_KEY=763;">
 Waiting for request 1768477732

safedb syserr  data=java.nio.HeapByteBuffer[pos=0 lim=41 cap=41] &&& <ByteString@8c11eee size=41 contents="DELETE FROM usertable WHERE YCSB_KEY=975;">
safedb syserr  data=java.nio.HeapByteBuffer[pos=0 lim=267 cap=267] &&& <ByteString@5cbe877d size=267 contents="INSERT INTO usertable VALUES (12003,\'rt8DejuOkV...">
safedb syserr  data=java.nio.HeapByteBuffer[pos=0 lim=43 cap=43] &&& <ByteString@708400f6 size=43 contents="SELECT * FROM usertable WHERE YCSB_KEY=686;">
safedb syserr  data=java.nio.HeapByteBuffer[pos=0 lim=43 cap=43] &&& <ByteString@4bff64c2 size=43 contents="SELECT * FROM usertable WHERE YCSB_KEY=123;">
safedb syserr  data=java.nio.HeapByteBuffer[pos=0 lim=367 cap=367] &&& <ByteString@c2db68f size=367 contents="INSERT INTO usertable (ycsb_key, FIELD10, FIELD...">
safedb syserr  data=java.nio.HeapByteBuffer[pos=0 lim=43 cap=43] &&& <ByteString@61ce23ac size=43 contents="SELECT * FROM usertable WHERE YCSB_KEY=296;">
safedb syserr  data=java.nio.HeapByteBuffer[pos=0 lim=43 cap=43] &&& <ByteString@6f2cfcc2 size=43 contents="SELECT * FROM usertable WHERE YCSB_KEY=603;">
safedb syserr  data=java.nio.HeapByteBuffer[pos=0 lim=367 cap=367] &&& <ByteString@ccb4b1b size=367 contents="INSERT INTO usertable (ycsb_key, FIELD10, FIELD...">
safedb syserr  data=java.nio.HeapByteBuffer[pos=0 lim=42 cap=42] &&& <ByteString@2a5b3fee size=42 contents="SELECT * FROM usertable WHERE YCSB_KEY=33;">
safedb syserr  data=java.nio.HeapByteBuffer[pos=0 lim=43 cap=43] &&& <ByteString@52d645b1 size=43 contents="SELECT * FROM usertable WHERE YCSB_KEY=891;">
safedb syserr  data=java.nio.HeapByteBuffer[pos=0 lim=43 cap=43] &&& <ByteString@710b18a6 size=43 contents="SELECT * FROM usertable WHERE YCSB_KEY=807;">
safedb syserr  data=java.nio.HeapByteBuffer[pos=0 lim=41 cap=41] &&& <ByteString@c055c54 size=41 contents="DELETE FROM usertable WHERE YCSB_KEY=194;">
safedb syserr  data=java.nio.HeapByteBuffer[pos=0 lim=41 cap=41] &&& <ByteString@73173f63 size=41 contents="DELETE FROM usertable WHERE YCSB_KEY=895;">
safedb syserr  data=java.nio.HeapByteBuffer[pos=0 lim=367 cap=367] &&& <ByteString@7e276594 size=367 contents="INSERT INTO usertable (ycsb_key, FIELD10, FIELD...">
safedb syserr  data=java.nio.HeapByteBuffer[pos=0 lim=44 cap=44] &&& <ByteString@4233e892 size=44 contents="SELECT * FROM usertable WHERE YCSB_KEY=1170;">
safedb syserr  data=java.nio.HeapByteBuffer[pos=0 lim=43 cap=43] &&& <ByteString@58ffcbd7 size=43 contents="SELECT * FROM usertable WHERE YCSB_KEY=881;">
safedb syserr  data=java.nio.HeapByteBuffer[pos=0 lim=43 cap=43] &&& <ByteString@3c9bfddc size=43 contents="SELECT * FROM usertable where YCSB_KEY=897;">
safedb syserr  data=java.nio.HeapByteBuffer[pos=0 lim=41 cap=41] &&& <ByteString@4c5474f5 size=41 contents="DELETE FROM usertable WHERE YCSB_KEY=897;">
safedb syserr  data=java.nio.HeapByteBuffer[pos=0 lim=43 cap=43] &&& <ByteString@3bd418e4 size=43 contents="SELECT * FROM usertable WHERE YCSB_KEY=739;">
safedb syserr  data=java.nio.HeapByteBuffer[pos=0 lim=41 cap=41] &&& <ByteString@2e61d218 size=41 contents="DELETE FROM usertable where YCSB_KEY=815;">
safedb syserr  data=java.nio.HeapByteBuffer[pos=0 lim=367 cap=367] &&& <ByteString@e84a8e1 size=367 contents="INSERT INTO usertable (ycsb_key, FIELD10, FIELD...">
safedb syserr  data=java.nio.HeapByteBuffer[pos=0 lim=43 cap=43] &&& <ByteString@7d42c224 size=43 contents="SELECT * FROM usertable WHERE YCSB_KEY=884;">
safedb syserr  data=java.nio.HeapByteBuffer[pos=0 lim=367 cap=367] &&& <ByteString@35390ee3 size=367 contents="INSERT INTO usertable (ycsb_key, FIELD10, FIELD...">
safedb syserr  data=java.nio.HeapByteBuffer[pos=0 lim=43 cap=43] &&& <ByteString@5ee2b6f9 size=43 contents="SELECT * FROM usertable WHERE YCSB_KEY=723;">
safedb syserr  data=java.nio.HeapByteBuffer[pos=0 lim=43 cap=43] &&& <ByteString@58fb7731 size=43 contents="SELECT * FROM usertable where YCSB_KEY=198;">
safedb syserr  data=java.nio.HeapByteBuffer[pos=0 lim=41 cap=41] &&& <ByteString@37ddb69a size=41 contents="DELETE FROM usertable WHERE YCSB_KEY=198;">
safedb syserr  data=java.nio.HeapByteBuffer[pos=0 lim=43 cap=43] &&& <ByteString@4b9df8a size=43 contents="SELECT * FROM usertable WHERE YCSB_KEY=413;">
safedb syserr  data=java.nio.HeapByteBuffer[pos=0 lim=367 cap=367] &&& <ByteString@6955cb39 size=367 contents="INSERT INTO usertable (ycsb_key, FIELD10, FIELD...">
safedb syserr  data=java.nio.HeapByteBuffer[pos=0 lim=43 cap=43] &&& <ByteString@5f7b97da size=43 contents="SELECT * FROM usertable WHERE YCSB_KEY=411;">
safedb syserr  data=java.nio.HeapByteBuffer[pos=0 lim=43 cap=43] &&& <ByteString@3a1dd365 size=43 contents="SELECT * FROM usertable WHERE YCSB_KEY=811;">
safedb syserr  data=java.nio.HeapByteBuffer[pos=0 lim=43 cap=43] &&& <ByteString@68044f4 size=43 contents="SELECT * FROM usertable WHERE YCSB_KEY=129;">
safedb syserr  data=java.nio.HeapByteBuffer[pos=0 lim=267 cap=267] &&& <ByteString@68fa0ba8 size=267 contents="INSERT INTO usertable VALUES (12004,\'SRg4mUoOlA...">
safedb syserr  data=java.nio.HeapByteBuffer[pos=0 lim=43 cap=43] &&& <ByteString@640f11a1 size=43 contents="SELECT * FROM usertable WHERE YCSB_KEY=173;">
safedb syserr  data=java.nio.HeapByteBuffer[pos=0 lim=267 cap=267] &&& <ByteString@78365cfa size=267 contents="INSERT INTO usertable VALUES (12005,\'SdguMjKrpF...">
safedb syserr  data=java.nio.HeapByteBuffer[pos=0 lim=43 cap=43] &&& <ByteString@52de51b6 size=43 contents="SELECT * FROM usertable WHERE YCSB_KEY=124;">
safedb syserr  data=java.nio.HeapByteBuffer[pos=0 lim=44 cap=44] &&& <ByteString@68ad99fe size=44 contents="SELECT * FROM usertable WHERE YCSB_KEY=1198;">
safedb syserr  data=java.nio.HeapByteBuffer[pos=0 lim=43 cap=43] &&& <ByteString@2a79d4b1 size=43 contents="SELECT * FROM usertable where YCSB_KEY=135;">
safedb syserr  data=java.nio.HeapByteBuffer[pos=0 lim=41 cap=41] &&& <ByteString@1755e85b size=41 contents="DELETE FROM usertable WHERE YCSB_KEY=135;">
safedb syserr  data=java.nio.HeapByteBuffer[pos=0 lim=367 cap=367] &&& <ByteString@5b529706 size=367 contents="INSERT INTO usertable (ycsb_key, FIELD10, FIELD...">
safedb syserr  data=java.nio.HeapByteBuffer[pos=0 lim=43 cap=43] &&& <ByteString@5553d0f5 size=43 contents="SELECT * FROM usertable WHERE YCSB_KEY=896;">
 Waiting for request 1768477732

safedb syserr  data=java.nio.HeapByteBuffer[pos=0 lim=43 cap=43] &&& <ByteString@3f390d63 size=43 contents="SELECT * FROM usertable WHERE YCSB_KEY=633;">
safedb syserr  data=java.nio.HeapByteBuffer[pos=0 lim=43 cap=43] &&& <ByteString@2374d36a size=43 contents="SELECT * FROM usertable WHERE YCSB_KEY=505;">
safedb syserr  data=java.nio.HeapByteBuffer[pos=0 lim=43 cap=43] &&& <ByteString@47a5b70d size=43 contents="SELECT * FROM usertable WHERE YCSB_KEY=847;">
safedb syserr  data=java.nio.HeapByteBuffer[pos=0 lim=41 cap=41] &&& <ByteString@38f116f6 size=41 contents="DELETE FROM usertable where YCSB_KEY=276;">
safedb syserr  data=java.nio.HeapByteBuffer[pos=0 lim=43 cap=43] &&& <ByteString@5c530d1e size=43 contents="SELECT * FROM usertable WHERE YCSB_KEY=807;">
safedb syserr  data=java.nio.HeapByteBuffer[pos=0 lim=41 cap=41] &&& <ByteString@c5ee75e size=41 contents="DELETE FROM usertable WHERE YCSB_KEY=821;">
safedb syserr  data=java.nio.HeapByteBuffer[pos=0 lim=44 cap=44] &&& <ByteString@70efb718 size=44 contents="SELECT * FROM usertable WHERE YCSB_KEY=1665;">
safedb syserr  data=java.nio.HeapByteBuffer[pos=0 lim=43 cap=43] &&& <ByteString@4e858e0a size=43 contents="SELECT * FROM usertable WHERE YCSB_KEY=703;">
safedb syserr  data=java.nio.HeapByteBuffer[pos=0 lim=367 cap=367] &&& <ByteString@b7838a9 size=367 contents="INSERT INTO usertable (ycsb_key, FIELD10, FIELD...">
safedb syserr  data=java.nio.HeapByteBuffer[pos=0 lim=41 cap=41] &&& <ByteString@1c3146bc size=41 contents="DELETE FROM usertable WHERE YCSB_KEY=822;">
safedb syserr  data=java.nio.HeapByteBuffer[pos=0 lim=43 cap=43] &&& <ByteString@f478a81 size=43 contents="SELECT * FROM usertable WHERE YCSB_KEY=706;">
safedb syserr  data=java.nio.HeapByteBuffer[pos=0 lim=42 cap=42] &&& <ByteString@7fe7c640 size=42 contents="SELECT * FROM usertable WHERE YCSB_KEY=25;">
safedb syserr  data=java.nio.HeapByteBuffer[pos=0 lim=44 cap=44] &&& <ByteString@32c8e539 size=44 contents="SELECT * FROM usertable WHERE YCSB_KEY=1767;">
safedb syserr  data=java.nio.HeapByteBuffer[pos=0 lim=43 cap=43] &&& <ByteString@32811494 size=43 contents="SELECT * FROM usertable WHERE YCSB_KEY=848;">
safedb syserr  data=java.nio.HeapByteBuffer[pos=0 lim=41 cap=41] &&& <ByteString@14d14731 size=41 contents="SELECT * FROM usertable WHERE YCSB_KEY=7;">
safedb syserr  data=java.nio.HeapByteBuffer[pos=0 lim=44 cap=44] &&& <ByteString@42f33b5d size=44 contents="SELECT * FROM usertable WHERE YCSB_KEY=1016;">

 txReplies num keys sz= 0
 Waiting for request 1768477732

2026-01-15 17:18:52 DEBUG RaftClient:484 - close client-6B298C0D8C30
 Waiting for request 1768477732

 Waiting for request 1768477732

 Waiting for request 1768477732

 Waiting for request 1768477733

 Waiting for request 1768477733

 Waiting for request 1768477733

 Waiting for request 1768477733

 Waiting for request 1768477733

 Waiting for request 1768477733

 Waiting for request 1768477733

 Waiting for request 1768477733

 Waiting for request 1768477734

 Waiting for request 1768477734

 Waiting for request 1768477734

 Waiting for request 1768477734

 Waiting for request 1768477734

 Waiting for request 1768477734

 Waiting for request 1768477734

 Waiting for request 1768477734

 Waiting for request 1768477734

 Waiting for request 1768477735

 Waiting for request 1768477735

 Waiting for request 1768477735

 Waiting for request 1768477735

 Waiting for request 1768477735

 Waiting for request 1768477735

 Waiting for request 1768477735

 Waiting for request 1768477735

 Waiting for request 1768477736

 Waiting for request 1768477736

 Waiting for request 1768477736

 Waiting for request 1768477736

 Waiting for request 1768477736

 Waiting for request 1768477736

 Waiting for request 1768477736

 Waiting for request 1768477736

 Waiting for request 1768477736

 Waiting for request 1768477737

 Waiting for request 1768477737

 Waiting for request 1768477737

 Waiting for request 1768477737

 Waiting for request 1768477737

 Waiting for request 1768477737

 req= c2-15 startTime = 690056824286 endTime= null
 req= c2-16 startTime = 690056830562 endTime= null
 req= c2-13 startTime = 690056808259 endTime= null
 req= c2-140 startTime = 690057274831 endTime= null
 req= c2-14 startTime = 690056814371 endTime= null
 req= c2-19 startTime = 690056847617 endTime= null
 req= c2-17 startTime = 690056836630 endTime= null
 req= c2-18 startTime = 690056842160 endTime= null
 req= c2-22 startTime = 690056866350 endTime= null
 req= c2-23 startTime = 690056871855 endTime= null
 req= c2-20 startTime = 690056853712 endTime= null
 req= c2-21 startTime = 690056859618 endTime= null
 req= c2-26 startTime = 690056885139 endTime= null
 req= c2-27 startTime = 690056890152 endTime= null
 req= c2-24 startTime = 690056876502 endTime= null
 req= c2-25 startTime = 690056880705 endTime= null
 req= c2-28 startTime = 690056895194 endTime= null
 req= c2-29 startTime = 690056900403 endTime= null
 req= c2-30 startTime = 690056905889 endTime= null
 req= c2-7 startTime = 690056770844 endTime= null
 req= c2-33 startTime = 690056919868 endTime= null
 req= c2-6 startTime = 690056763827 endTime= null
 req= c2-34 startTime = 690056925283 endTime= null
 req= c2-9 startTime = 690056784155 endTime= null
 req= c2-31 startTime = 690056910889 endTime= null
 req= c2-8 startTime = 690056777362 endTime= null
 req= c2-32 startTime = 690056915175 endTime= null
 req= c2-3 startTime = 690056743025 endTime= null
 req= c2-2 startTime = 690056730279 endTime= null
 req= c2-5 startTime = 690056756368 endTime= null
 req= c2-4 startTime = 690056749272 endTime= null
 req= c2-1 startTime = 690056301042 endTime= null
 req= c2-37 startTime = 690056938997 endTime= null
 req= c2-38 startTime = 690056943373 endTime= null
 req= c2-35 startTime = 690056930114 endTime= null
 req= c2-36 startTime = 690056934470 endTime= null
 req= c2-39 startTime = 690056947649 endTime= null
 req= c2-40 startTime = 690056951410 endTime= null
 req= c2-124 startTime = 690057211392 endTime= null
 req= c2-41 startTime = 690056955760 endTime= null
 req= c2-123 startTime = 690057207692 endTime= null
 req= c2-126 startTime = 690057219874 endTime= null
 req= c2-125 startTime = 690057215113 endTime= null
 req= c2-44 startTime = 690056966800 endTime= null
 req= c2-120 startTime = 690057197780 endTime= null
 req= c2-45 startTime = 690056970061 endTime= null
 req= c2-42 startTime = 690056959600 endTime= null
 req= c2-122 startTime = 690057204709 endTime= null
 req= c2-43 startTime = 690056963272 endTime= null
 req= c2-121 startTime = 690057201468 endTime= null
 req= c2-128 startTime = 690057232205 endTime= null
 req= c2-127 startTime = 690057225343 endTime= null
 req= c2-129 startTime = 690057238410 endTime= null
 req= c2-48 startTime = 690056980220 endTime= null
 req= c2-49 startTime = 690056983444 endTime= null
 req= c2-46 startTime = 690056973189 endTime= null
 req= c2-47 startTime = 690056977070 endTime= null
 req= c2-51 startTime = 690056991159 endTime= null
 req= c2-135 startTime = 690057258661 endTime= null
 req= c2-52 startTime = 690056994518 endTime= null
 req= c2-134 startTime = 690057255814 endTime= null
 req= c2-137 startTime = 690057265009 endTime= null
 req= c2-50 startTime = 690056986515 endTime= null
 req= c2-136 startTime = 690057261612 endTime= null
 req= c2-55 startTime = 690057003990 endTime= null
 req= c2-131 startTime = 690057246539 endTime= null
 req= c2-56 startTime = 690057006824 endTime= null
 req= c2-130 startTime = 690057242870 endTime= null
 req= c2-53 startTime = 690056997837 endTime= null
 req= c2-133 startTime = 690057252630 endTime= null
 req= c2-54 startTime = 690057000987 endTime= null
 req= c2-132 startTime = 690057249570 endTime= null
 req= c2-139 startTime = 690057271635 endTime= null
 req= c2-138 startTime = 690057268172 endTime= null
 req= c2-59 startTime = 690057015449 endTime= null
 req= c2-57 startTime = 690057009630 endTime= null
 req= c2-58 startTime = 690057012343 endTime= null
 req= c2-62 startTime = 690057024299 endTime= null
 req= c2-102 startTime = 690057146582 endTime= null
 req= c2-63 startTime = 690057027714 endTime= null
 req= c2-101 startTime = 690057143886 endTime= null
 req= c2-60 startTime = 690057018345 endTime= null
 req= c2-104 startTime = 690057151635 endTime= null
 req= c2-61 startTime = 690057021038 endTime= null
 req= c2-103 startTime = 690057149049 endTime= null
 req= c2-66 startTime = 690057039796 endTime= null
 req= c2-67 startTime = 690057042607 endTime= null
 req= c2-64 startTime = 690057031745 endTime= null
 req= c2-100 startTime = 690057140893 endTime= null
 req= c2-65 startTime = 690057036412 endTime= null
 req= c2-109 startTime = 690057167699 endTime= null
 req= c2-106 startTime = 690057157746 endTime= null
 req= c2-105 startTime = 690057154643 endTime= null
 req= c2-108 startTime = 690057164222 endTime= null
 req= c2-107 startTime = 690057161088 endTime= null
 req= c2-68 startTime = 690057045532 endTime= null
 req= c2-69 startTime = 690057048302 endTime= null
 req= c2-73 startTime = 690057058604 endTime= null
 req= c2-113 startTime = 690057178411 endTime= null
 req= c2-74 startTime = 690057061161 endTime= null
 req= c2-112 startTime = 690057175740 endTime= null
 req= c2-71 startTime = 690057053536 endTime= null
 req= c2-115 startTime = 690057183543 endTime= null
 req= c2-72 startTime = 690057056033 endTime= null
 req= c2-114 startTime = 690057180934 endTime= null
 req= c2-77 startTime = 690057068836 endTime= null
 req= c2-78 startTime = 690057072105 endTime= null
 req= c2-75 startTime = 690057063698 endTime= null
 req= c2-111 startTime = 690057172980 endTime= null
 req= c2-76 startTime = 690057066212 endTime= null
 req= c2-110 startTime = 690057170413 endTime= null
 req= c2-117 startTime = 690057188730 endTime= null
 req= c2-70 startTime = 690057050833 endTime= null
 req= c2-116 startTime = 690057186089 endTime= null
 req= c2-119 startTime = 690057194648 endTime= null
 req= c2-118 startTime = 690057191554 endTime= null
 req= c2-79 startTime = 690057075022 endTime= null
 req= c2-84 startTime = 690057090374 endTime= null
 req= c2-85 startTime = 690057094675 endTime= null
 req= c2-82 startTime = 690057083438 endTime= null
 req= c2-83 startTime = 690057086891 endTime= null
 req= c2-88 startTime = 690057107127 endTime= null
 req= c2-89 startTime = 690057110165 endTime= null
 req= c2-86 startTime = 690057099573 endTime= null
 req= c2-87 startTime = 690057103726 endTime= null
 req= c2-80 startTime = 690057077704 endTime= null
 req= c2-81 startTime = 690057080447 endTime= null
 req= c2-95 startTime = 690057126131 endTime= null
 req= c2-96 startTime = 690057128578 endTime= null
 req= c2-93 startTime = 690057120766 endTime= null
 req= c2-94 startTime = 690057123386 endTime= null
 req= c2-11 startTime = 690056795444 endTime= null
 req= c2-99 startTime = 690057138188 endTime= null
 req= c2-12 startTime = 690056801378 endTime= null
 req= c2-97 startTime = 690057132324 endTime= null
 req= c2-10 startTime = 690056789869 endTime= null
 req= c2-98 startTime = 690057135501 endTime= null
 req= c2-91 startTime = 690057115701 endTime= null
 req= c2-92 startTime = 690057118256 endTime= null
 req= c2-90 startTime = 690057112961 endTime= null
Total time taken: 1098302 microsec
start time: 690056289867356 nanosec  && msec=1768477731631
 Waiting for request 1768477737

 Waiting for request 1768477737

 Waiting for request 1768477737

 Waiting for request 1768477738

 Waiting for request 1768477738

