Found /home/anant2040/git/ratis/ratis-examples/target/ratis-examples-3.2.0-SNAPSHOT.jar
Starting Async write now 
safedb syserr  data=java.nio.HeapByteBuffer[pos=0 lim=43 cap=43] &&& <ByteString@55b699ef size=43 contents="SELECT * FROM usertable WHERE YCSB_KEY=868;">
2026-01-01 16:31:38 INFO  ProducerConfig:370 - ProducerConfig values: 
	acks = -1
	auto.include.jmx.reporter = true
	batch.size = 16384
	bootstrap.servers = [10.129.148.129:9092]
	buffer.memory = 33554432
	client.dns.lookup = use_all_dns_ips
	client.id = producer-1
	compression.type = none
	connections.max.idle.ms = 540000
	delivery.timeout.ms = 120000
	enable.idempotence = true
	enable.metrics.push = true
	interceptor.classes = []
	key.serializer = class org.apache.kafka.common.serialization.StringSerializer
	linger.ms = 0
	max.block.ms = 60000
	max.in.flight.requests.per.connection = 5
	max.request.size = 1048576
	metadata.max.age.ms = 300000
	metadata.max.idle.ms = 300000
	metric.reporters = []
	metrics.num.samples = 2
	metrics.recording.level = INFO
	metrics.sample.window.ms = 30000
	partitioner.adaptive.partitioning.enable = true
	partitioner.availability.timeout.ms = 0
	partitioner.class = null
	partitioner.ignore.keys = false
	receive.buffer.bytes = 32768
	reconnect.backoff.max.ms = 1000
	reconnect.backoff.ms = 50
	request.timeout.ms = 30000
	retries = 2147483647
	retry.backoff.max.ms = 1000
	retry.backoff.ms = 100
	sasl.client.callback.handler.class = null
	sasl.jaas.config = null
	sasl.kerberos.kinit.cmd = /usr/bin/kinit
	sasl.kerberos.min.time.before.relogin = 60000
	sasl.kerberos.service.name = null
	sasl.kerberos.ticket.renew.jitter = 0.05
	sasl.kerberos.ticket.renew.window.factor = 0.8
	sasl.login.callback.handler.class = null
	sasl.login.class = null
	sasl.login.connect.timeout.ms = null
	sasl.login.read.timeout.ms = null
	sasl.login.refresh.buffer.seconds = 300
	sasl.login.refresh.min.period.seconds = 60
	sasl.login.refresh.window.factor = 0.8
	sasl.login.refresh.window.jitter = 0.05
	sasl.login.retry.backoff.max.ms = 10000
	sasl.login.retry.backoff.ms = 100
	sasl.mechanism = GSSAPI
	sasl.oauthbearer.clock.skew.seconds = 30
	sasl.oauthbearer.expected.audience = null
	sasl.oauthbearer.expected.issuer = null
	sasl.oauthbearer.jwks.endpoint.refresh.ms = 3600000
	sasl.oauthbearer.jwks.endpoint.retry.backoff.max.ms = 10000
	sasl.oauthbearer.jwks.endpoint.retry.backoff.ms = 100
	sasl.oauthbearer.jwks.endpoint.url = null
	sasl.oauthbearer.scope.claim.name = scope
	sasl.oauthbearer.sub.claim.name = sub
	sasl.oauthbearer.token.endpoint.url = null
	security.protocol = PLAINTEXT
	security.providers = null
	send.buffer.bytes = 131072
	socket.connection.setup.timeout.max.ms = 30000
	socket.connection.setup.timeout.ms = 10000
	ssl.cipher.suites = null
	ssl.enabled.protocols = [TLSv1.2, TLSv1.3]
	ssl.endpoint.identification.algorithm = https
	ssl.engine.factory.class = null
	ssl.key.password = null
	ssl.keymanager.algorithm = SunX509
	ssl.keystore.certificate.chain = null
	ssl.keystore.key = null
	ssl.keystore.location = null
	ssl.keystore.password = null
	ssl.keystore.type = JKS
	ssl.protocol = TLSv1.3
	ssl.provider = null
	ssl.secure.random.implementation = null
	ssl.trustmanager.algorithm = PKIX
	ssl.truststore.certificates = null
	ssl.truststore.location = null
	ssl.truststore.password = null
	ssl.truststore.type = JKS
	transaction.timeout.ms = 60000
	transactional.id = null
	value.serializer = class org.apache.kafka.common.serialization.StringSerializer

2026-01-01 16:31:38 INFO  KafkaMetricsCollector:297 - initializing Kafka metrics collector
2026-01-01 16:31:39 INFO  KafkaProducer:597 - [Producer clientId=producer-1] Instantiated an idempotent producer.
2026-01-01 16:31:39 INFO  AppInfoParser:124 - Kafka version: 3.7.0
2026-01-01 16:31:39 INFO  AppInfoParser:125 - Kafka commitId: 2ae524ed625438c5
2026-01-01 16:31:39 INFO  AppInfoParser:126 - Kafka startTimeMs: 1767265299088
2026-01-01 16:31:39 INFO  ConsumerConfig:370 - ConsumerConfig values: 
	allow.auto.create.topics = true
	auto.commit.interval.ms = 5000
	auto.include.jmx.reporter = true
	auto.offset.reset = latest
	bootstrap.servers = [10.129.148.129:9092]
	check.crcs = true
	client.dns.lookup = use_all_dns_ips
	client.id = consumer-my-group-1
	client.rack = 
	connections.max.idle.ms = 540000
	default.api.timeout.ms = 60000
	enable.auto.commit = true
	enable.metrics.push = true
	exclude.internal.topics = true
	fetch.max.bytes = 52428800
	fetch.max.wait.ms = 500
	fetch.min.bytes = 1
	group.id = my-group
	group.instance.id = null
	group.protocol = classic
	group.remote.assignor = null
	heartbeat.interval.ms = 3000
	interceptor.classes = []
	internal.leave.group.on.close = true
	internal.throw.on.fetch.stable.offset.unsupported = false
	isolation.level = read_uncommitted
	key.deserializer = class org.apache.kafka.common.serialization.StringDeserializer
	max.partition.fetch.bytes = 1048576
	max.poll.interval.ms = 300000
	max.poll.records = 500
	metadata.max.age.ms = 300000
	metric.reporters = []
	metrics.num.samples = 2
	metrics.recording.level = INFO
	metrics.sample.window.ms = 30000
	partition.assignment.strategy = [class org.apache.kafka.clients.consumer.RangeAssignor, class org.apache.kafka.clients.consumer.CooperativeStickyAssignor]
	receive.buffer.bytes = 65536
	reconnect.backoff.max.ms = 1000
	reconnect.backoff.ms = 50
	request.timeout.ms = 30000
	retry.backoff.max.ms = 1000
	retry.backoff.ms = 100
	sasl.client.callback.handler.class = null
	sasl.jaas.config = null
	sasl.kerberos.kinit.cmd = /usr/bin/kinit
	sasl.kerberos.min.time.before.relogin = 60000
	sasl.kerberos.service.name = null
	sasl.kerberos.ticket.renew.jitter = 0.05
	sasl.kerberos.ticket.renew.window.factor = 0.8
	sasl.login.callback.handler.class = null
	sasl.login.class = null
	sasl.login.connect.timeout.ms = null
	sasl.login.read.timeout.ms = null
	sasl.login.refresh.buffer.seconds = 300
	sasl.login.refresh.min.period.seconds = 60
	sasl.login.refresh.window.factor = 0.8
	sasl.login.refresh.window.jitter = 0.05
	sasl.login.retry.backoff.max.ms = 10000
	sasl.login.retry.backoff.ms = 100
	sasl.mechanism = GSSAPI
	sasl.oauthbearer.clock.skew.seconds = 30
	sasl.oauthbearer.expected.audience = null
	sasl.oauthbearer.expected.issuer = null
	sasl.oauthbearer.jwks.endpoint.refresh.ms = 3600000
	sasl.oauthbearer.jwks.endpoint.retry.backoff.max.ms = 10000
	sasl.oauthbearer.jwks.endpoint.retry.backoff.ms = 100
	sasl.oauthbearer.jwks.endpoint.url = null
	sasl.oauthbearer.scope.claim.name = scope
	sasl.oauthbearer.sub.claim.name = sub
	sasl.oauthbearer.token.endpoint.url = null
	security.protocol = PLAINTEXT
	security.providers = null
	send.buffer.bytes = 131072
	session.timeout.ms = 45000
	socket.connection.setup.timeout.max.ms = 30000
	socket.connection.setup.timeout.ms = 10000
	ssl.cipher.suites = null
	ssl.enabled.protocols = [TLSv1.2, TLSv1.3]
	ssl.endpoint.identification.algorithm = https
	ssl.engine.factory.class = null
	ssl.key.password = null
	ssl.keymanager.algorithm = SunX509
	ssl.keystore.certificate.chain = null
	ssl.keystore.key = null
	ssl.keystore.location = null
	ssl.keystore.password = null
	ssl.keystore.type = JKS
	ssl.protocol = TLSv1.3
	ssl.provider = null
	ssl.secure.random.implementation = null
	ssl.trustmanager.algorithm = PKIX
	ssl.truststore.certificates = null
	ssl.truststore.location = null
	ssl.truststore.password = null
	ssl.truststore.type = JKS
	value.deserializer = class org.apache.kafka.common.serialization.StringDeserializer

2026-01-01 16:31:39 INFO  KafkaMetricsCollector:297 - initializing Kafka metrics collector
2026-01-01 16:31:39 INFO  AppInfoParser:124 - Kafka version: 3.7.0
2026-01-01 16:31:39 INFO  AppInfoParser:125 - Kafka commitId: 2ae524ed625438c5
2026-01-01 16:31:39 INFO  AppInfoParser:126 - Kafka startTimeMs: 1767265299124
2026-01-01 16:31:39 INFO  LegacyKafkaConsumer:475 - [Consumer clientId=consumer-my-group-1, groupId=my-group] Subscribed to topic(s): topic2
2026-01-01 16:31:39 INFO  Metadata:349 - [Producer clientId=producer-1] Cluster ID: KnaY91erT92QN5ly-M942w
2026-01-01 16:31:39 INFO  Metadata:349 - [Consumer clientId=consumer-my-group-1, groupId=my-group] Cluster ID: KnaY91erT92QN5ly-M942w
2026-01-01 16:31:39 INFO  TransactionManager:502 - [Producer clientId=producer-1] ProducerId set to 107 with epoch 0
2026-01-01 16:31:39 INFO  ConsumerCoordinator:936 - [Consumer clientId=consumer-my-group-1, groupId=my-group] Discovered group coordinator 10.129.148.129:9092 (id: 2147483647 rack: null)
2026-01-01 16:31:39 INFO  ConsumerCoordinator:604 - [Consumer clientId=consumer-my-group-1, groupId=my-group] (Re-)joining group
2026-01-01 16:31:39 INFO  ConsumerCoordinator:1102 - [Consumer clientId=consumer-my-group-1, groupId=my-group] Request joining group due to: need to re-join with the given member-id: consumer-my-group-1-e9172cb9-f98d-4b75-80fb-103e8309b124
2026-01-01 16:31:39 INFO  ConsumerCoordinator:604 - [Consumer clientId=consumer-my-group-1, groupId=my-group] (Re-)joining group
2026-01-01 16:31:39 INFO  ConsumerCoordinator:665 - [Consumer clientId=consumer-my-group-1, groupId=my-group] Successfully joined group with generation Generation{generationId=98, memberId='consumer-my-group-1-e9172cb9-f98d-4b75-80fb-103e8309b124', protocol='range'}
2026-01-01 16:31:39 INFO  ConsumerCoordinator:659 - [Consumer clientId=consumer-my-group-1, groupId=my-group] Finished assignment for group at generation 98: {consumer-my-group-1-e9172cb9-f98d-4b75-80fb-103e8309b124=Assignment(partitions=[topic2-0])}
2026-01-01 16:31:39 INFO  ConsumerCoordinator:842 - [Consumer clientId=consumer-my-group-1, groupId=my-group] Successfully synced group in generation Generation{generationId=98, memberId='consumer-my-group-1-e9172cb9-f98d-4b75-80fb-103e8309b124', protocol='range'}
2026-01-01 16:31:39 INFO  ConsumerCoordinator:319 - [Consumer clientId=consumer-my-group-1, groupId=my-group] Notifying assignor about the new Assignment(partitions=[topic2-0])
2026-01-01 16:31:39 INFO  ConsumerRebalanceListenerInvoker:56 - [Consumer clientId=consumer-my-group-1, groupId=my-group] Adding newly assigned partitions: topic2-0
2026-01-01 16:31:39 INFO  ConsumerUtils:199 - Setting offset for partition topic2-0 to the committed offset FetchPosition{offset=768408, offsetEpoch=Optional[0], currentLeader=LeaderAndEpoch{leader=Optional[10.129.148.129:9092 (id: 0 rack: null)], epoch=0}}
safedb syserr  data=java.nio.HeapByteBuffer[pos=0 lim=43 cap=43] &&& <ByteString@13f95696 size=43 contents="SELECT * FROM usertable WHERE YCSB_KEY=831;">
safedb syserr  data=java.nio.HeapByteBuffer[pos=0 lim=41 cap=41] &&& <ByteString@32193bea size=41 contents="DELETE FROM usertable where YCSB_KEY=937;">
 Waiting for request 1767265299

safedb syserr  data=java.nio.HeapByteBuffer[pos=0 lim=43 cap=43] &&& <ByteString@758705fa size=43 contents="SELECT * FROM usertable where YCSB_KEY=473;">
safedb syserr  data=java.nio.HeapByteBuffer[pos=0 lim=41 cap=41] &&& <ByteString@49d3c823 size=41 contents="DELETE FROM usertable WHERE YCSB_KEY=473;">
safedb syserr  data=java.nio.HeapByteBuffer[pos=0 lim=43 cap=43] &&& <ByteString@604c5de8 size=43 contents="SELECT * FROM usertable WHERE YCSB_KEY=778;">
safedb syserr  data=java.nio.HeapByteBuffer[pos=0 lim=43 cap=43] &&& <ByteString@57abad67 size=43 contents="SELECT * FROM usertable WHERE YCSB_KEY=144;">
safedb syserr  data=java.nio.HeapByteBuffer[pos=0 lim=43 cap=43] &&& <ByteString@52851b44 size=43 contents="SELECT * FROM usertable WHERE YCSB_KEY=833;">
safedb syserr  data=java.nio.HeapByteBuffer[pos=0 lim=44 cap=44] &&& <ByteString@576f63f6 size=44 contents="SELECT * FROM usertable WHERE YCSB_KEY=1082;">
safedb syserr  data=java.nio.HeapByteBuffer[pos=0 lim=41 cap=41] &&& <ByteString@ff684e1 size=41 contents="DELETE FROM usertable WHERE YCSB_KEY=950;">
safedb syserr  data=java.nio.HeapByteBuffer[pos=0 lim=43 cap=43] &&& <ByteString@55dfebeb size=43 contents="SELECT * FROM usertable where YCSB_KEY=848;">
safedb syserr  data=java.nio.HeapByteBuffer[pos=0 lim=41 cap=41] &&& <ByteString@77b14724 size=41 contents="DELETE FROM usertable WHERE YCSB_KEY=848;">
safedb syserr  data=java.nio.HeapByteBuffer[pos=0 lim=43 cap=43] &&& <ByteString@604f2bd2 size=43 contents="SELECT * FROM usertable WHERE YCSB_KEY=196;">
safedb syserr  data=java.nio.HeapByteBuffer[pos=0 lim=367 cap=367] &&& <ByteString@7b84fcf8 size=367 contents="INSERT INTO usertable (ycsb_key, FIELD10, FIELD...">
safedb syserr  data=java.nio.HeapByteBuffer[pos=0 lim=43 cap=43] &&& <ByteString@366ac49b size=43 contents="SELECT * FROM usertable where YCSB_KEY=947;">
safedb syserr  data=java.nio.HeapByteBuffer[pos=0 lim=41 cap=41] &&& <ByteString@62e20a76 size=41 contents="DELETE FROM usertable WHERE YCSB_KEY=947;">
safedb syserr  data=java.nio.HeapByteBuffer[pos=0 lim=43 cap=43] &&& <ByteString@1477089c size=43 contents="SELECT * FROM usertable WHERE YCSB_KEY=858;">
safedb syserr  data=java.nio.HeapByteBuffer[pos=0 lim=43 cap=43] &&& <ByteString@59d2400d size=43 contents="SELECT * FROM usertable WHERE YCSB_KEY=808;">
safedb syserr  data=java.nio.HeapByteBuffer[pos=0 lim=367 cap=367] &&& <ByteString@5b202a3a size=367 contents="INSERT INTO usertable (ycsb_key, FIELD10, FIELD...">
safedb syserr  data=java.nio.HeapByteBuffer[pos=0 lim=41 cap=41] &&& <ByteString@34cdeda2 size=41 contents="DELETE FROM usertable WHERE YCSB_KEY=763;">
safedb syserr  data=java.nio.HeapByteBuffer[pos=0 lim=43 cap=43] &&& <ByteString@4535b6d5 size=43 contents="SELECT * FROM usertable WHERE YCSB_KEY=336;">
safedb syserr  data=java.nio.HeapByteBuffer[pos=0 lim=367 cap=367] &&& <ByteString@232a7d73 size=367 contents="INSERT INTO usertable (ycsb_key, FIELD10, FIELD...">
 Waiting for request 1767265299

safedb syserr  data=java.nio.HeapByteBuffer[pos=0 lim=43 cap=43] &&& <ByteString@74960bfa size=43 contents="SELECT * FROM usertable WHERE YCSB_KEY=197;">
safedb syserr  data=java.nio.HeapByteBuffer[pos=0 lim=43 cap=43] &&& <ByteString@1f6c9cd8 size=43 contents="SELECT * FROM usertable WHERE YCSB_KEY=165;">
safedb syserr  data=java.nio.HeapByteBuffer[pos=0 lim=43 cap=43] &&& <ByteString@28e8dde3 size=43 contents="SELECT * FROM usertable WHERE YCSB_KEY=406;">
safedb syserr  data=java.nio.HeapByteBuffer[pos=0 lim=43 cap=43] &&& <ByteString@1817f1eb size=43 contents="SELECT * FROM usertable WHERE YCSB_KEY=590;">
safedb syserr  data=java.nio.HeapByteBuffer[pos=0 lim=367 cap=367] &&& <ByteString@301ec38b size=367 contents="INSERT INTO usertable (ycsb_key, FIELD10, FIELD...">
safedb syserr  data=java.nio.HeapByteBuffer[pos=0 lim=42 cap=42] &&& <ByteString@c5dc4a2 size=42 contents="SELECT * FROM usertable where YCSB_KEY=96;">
safedb syserr  data=java.nio.HeapByteBuffer[pos=0 lim=40 cap=40] &&& <ByteString@340b9973 size=40 contents="DELETE FROM usertable WHERE YCSB_KEY=96;">
safedb syserr  data=java.nio.HeapByteBuffer[pos=0 lim=267 cap=267] &&& <ByteString@373ebf74 size=267 contents="INSERT INTO usertable VALUES (12001,\'A1vCDlW9TS...">
safedb syserr  data=java.nio.HeapByteBuffer[pos=0 lim=43 cap=43] &&& <ByteString@189aa67a size=43 contents="SELECT * FROM usertable WHERE YCSB_KEY=967;">
safedb syserr  data=java.nio.HeapByteBuffer[pos=0 lim=43 cap=43] &&& <ByteString@112f364d size=43 contents="SELECT * FROM usertable WHERE YCSB_KEY=388;">
safedb syserr  data=java.nio.HeapByteBuffer[pos=0 lim=367 cap=367] &&& <ByteString@59252cb6 size=367 contents="INSERT INTO usertable (ycsb_key, FIELD10, FIELD...">
safedb syserr  data=java.nio.HeapByteBuffer[pos=0 lim=44 cap=44] &&& <ByteString@241e8ea6 size=44 contents="SELECT * FROM usertable WHERE YCSB_KEY=1579;">
safedb syserr  data=java.nio.HeapByteBuffer[pos=0 lim=42 cap=42] &&& <ByteString@4dc8caa7 size=42 contents="SELECT * FROM usertable where YCSB_KEY=30;">
safedb syserr  data=java.nio.HeapByteBuffer[pos=0 lim=40 cap=40] &&& <ByteString@3b00856b size=40 contents="DELETE FROM usertable WHERE YCSB_KEY=30;">
safedb syserr  data=java.nio.HeapByteBuffer[pos=0 lim=40 cap=40] &&& <ByteString@53d102a2 size=40 contents="DELETE FROM usertable where YCSB_KEY=41;">
safedb syserr  data=java.nio.HeapByteBuffer[pos=0 lim=41 cap=41] &&& <ByteString@5aac4250 size=41 contents="DELETE FROM usertable WHERE YCSB_KEY=751;">
safedb syserr  data=java.nio.HeapByteBuffer[pos=0 lim=43 cap=43] &&& <ByteString@59f63e24 size=43 contents="SELECT * FROM usertable where YCSB_KEY=419;">
safedb syserr  data=java.nio.HeapByteBuffer[pos=0 lim=366 cap=366] &&& <ByteString@fade1fc size=366 contents="INSERT INTO usertable (ycsb_key, FIELD10, FIELD...">
safedb syserr  data=java.nio.HeapByteBuffer[pos=0 lim=41 cap=41] &&& <ByteString@613a8ee1 size=41 contents="DELETE FROM usertable WHERE YCSB_KEY=419;">
safedb syserr  data=java.nio.HeapByteBuffer[pos=0 lim=43 cap=43] &&& <ByteString@1b765a2c size=43 contents="SELECT * FROM usertable WHERE YCSB_KEY=549;">
safedb syserr  data=java.nio.HeapByteBuffer[pos=0 lim=43 cap=43] &&& <ByteString@18920cc size=43 contents="SELECT * FROM usertable WHERE YCSB_KEY=658;">
safedb syserr  data=java.nio.HeapByteBuffer[pos=0 lim=43 cap=43] &&& <ByteString@6492fab5 size=43 contents="SELECT * FROM usertable WHERE YCSB_KEY=400;">
safedb syserr  data=java.nio.HeapByteBuffer[pos=0 lim=366 cap=366] &&& <ByteString@5f6722d3 size=366 contents="INSERT INTO usertable (ycsb_key, FIELD10, FIELD...">
safedb syserr  data=java.nio.HeapByteBuffer[pos=0 lim=42 cap=42] &&& <ByteString@51972dc7 size=42 contents="SELECT * FROM usertable WHERE YCSB_KEY=15;">
safedb syserr  data=java.nio.HeapByteBuffer[pos=0 lim=44 cap=44] &&& <ByteString@5911e990 size=44 contents="SELECT * FROM usertable WHERE YCSB_KEY=1404;">
safedb syserr  data=java.nio.HeapByteBuffer[pos=0 lim=41 cap=41] &&& <ByteString@24d09c1 size=41 contents="DELETE FROM usertable where YCSB_KEY=291;">
safedb syserr  data=java.nio.HeapByteBuffer[pos=0 lim=367 cap=367] &&& <ByteString@47f4e407 size=367 contents="INSERT INTO usertable (ycsb_key, FIELD10, FIELD...">
 Waiting for request 1767265299

safedb syserr  data=java.nio.HeapByteBuffer[pos=0 lim=44 cap=44] &&& <ByteString@fc258b1 size=44 contents="SELECT * FROM usertable WHERE YCSB_KEY=1099;">
safedb syserr  data=java.nio.HeapByteBuffer[pos=0 lim=43 cap=43] &&& <ByteString@4af0df05 size=43 contents="SELECT * FROM usertable WHERE YCSB_KEY=838;">
safedb syserr  data=java.nio.HeapByteBuffer[pos=0 lim=41 cap=41] &&& <ByteString@674bd420 size=41 contents="DELETE FROM usertable WHERE YCSB_KEY=859;">
safedb syserr  data=java.nio.HeapByteBuffer[pos=0 lim=367 cap=367] &&& <ByteString@4b45dcb8 size=367 contents="INSERT INTO usertable (ycsb_key, FIELD10, FIELD...">
safedb syserr  data=java.nio.HeapByteBuffer[pos=0 lim=267 cap=267] &&& <ByteString@50ecde95 size=267 contents="INSERT INTO usertable VALUES (12002,\'51OAI4dGn0...">
safedb syserr  data=java.nio.HeapByteBuffer[pos=0 lim=41 cap=41] &&& <ByteString@45815ffc size=41 contents="DELETE FROM usertable WHERE YCSB_KEY=497;">
safedb syserr  data=java.nio.HeapByteBuffer[pos=0 lim=43 cap=43] &&& <ByteString@6622fc65 size=43 contents="SELECT * FROM usertable WHERE YCSB_KEY=565;">
safedb syserr  data=java.nio.HeapByteBuffer[pos=0 lim=43 cap=43] &&& <ByteString@64ba3208 size=43 contents="SELECT * FROM usertable WHERE YCSB_KEY=655;">
safedb syserr  data=java.nio.HeapByteBuffer[pos=0 lim=43 cap=43] &&& <ByteString@5e1fa5b1 size=43 contents="SELECT * FROM usertable WHERE YCSB_KEY=429;">
safedb syserr  data=java.nio.HeapByteBuffer[pos=0 lim=44 cap=44] &&& <ByteString@3e821657 size=44 contents="SELECT * FROM usertable WHERE YCSB_KEY=1539;">
safedb syserr  data=java.nio.HeapByteBuffer[pos=0 lim=43 cap=43] &&& <ByteString@615091b8 size=43 contents="SELECT * FROM usertable WHERE YCSB_KEY=631;">
safedb syserr  data=java.nio.HeapByteBuffer[pos=0 lim=43 cap=43] &&& <ByteString@43b6123e size=43 contents="SELECT * FROM usertable where YCSB_KEY=851;">
safedb syserr  data=java.nio.HeapByteBuffer[pos=0 lim=41 cap=41] &&& <ByteString@12bd8a64 size=41 contents="DELETE FROM usertable WHERE YCSB_KEY=851;">
safedb syserr  data=java.nio.HeapByteBuffer[pos=0 lim=367 cap=367] &&& <ByteString@ebb6851 size=367 contents="INSERT INTO usertable (ycsb_key, FIELD10, FIELD...">
safedb syserr  data=java.nio.HeapByteBuffer[pos=0 lim=43 cap=43] &&& <ByteString@6f152006 size=43 contents="SELECT * FROM usertable WHERE YCSB_KEY=574;">
safedb syserr  data=java.nio.HeapByteBuffer[pos=0 lim=40 cap=40] &&& <ByteString@7cbc3762 size=40 contents="DELETE FROM usertable WHERE YCSB_KEY=48;">
safedb syserr  data=java.nio.HeapByteBuffer[pos=0 lim=367 cap=367] &&& <ByteString@56303b57 size=367 contents="INSERT INTO usertable (ycsb_key, FIELD10, FIELD...">
safedb syserr  data=java.nio.HeapByteBuffer[pos=0 lim=43 cap=43] &&& <ByteString@78f5c518 size=43 contents="SELECT * FROM usertable WHERE YCSB_KEY=766;">
safedb syserr  data=java.nio.HeapByteBuffer[pos=0 lim=41 cap=41] &&& <ByteString@753432a2 size=41 contents="DELETE FROM usertable WHERE YCSB_KEY=368;">
safedb syserr  data=java.nio.HeapByteBuffer[pos=0 lim=43 cap=43] &&& <ByteString@44e3a2b2 size=43 contents="SELECT * FROM usertable WHERE YCSB_KEY=774;">
safedb syserr  data=java.nio.HeapByteBuffer[pos=0 lim=43 cap=43] &&& <ByteString@1d2bd371 size=43 contents="SELECT * FROM usertable WHERE YCSB_KEY=602;">
safedb syserr  data=java.nio.HeapByteBuffer[pos=0 lim=43 cap=43] &&& <ByteString@18bc345 size=43 contents="SELECT * FROM usertable WHERE YCSB_KEY=740;">
safedb syserr  data=java.nio.HeapByteBuffer[pos=0 lim=43 cap=43] &&& <ByteString@3724af13 size=43 contents="SELECT * FROM usertable WHERE YCSB_KEY=966;">
safedb syserr  data=java.nio.HeapByteBuffer[pos=0 lim=367 cap=367] &&& <ByteString@180da663 size=367 contents="INSERT INTO usertable (ycsb_key, FIELD10, FIELD...">
safedb syserr  data=java.nio.HeapByteBuffer[pos=0 lim=43 cap=43] &&& <ByteString@424ebba3 size=43 contents="SELECT * FROM usertable WHERE YCSB_KEY=324;">
safedb syserr  data=java.nio.HeapByteBuffer[pos=0 lim=43 cap=43] &&& <ByteString@7a560583 size=43 contents="SELECT * FROM usertable WHERE YCSB_KEY=136;">
safedb syserr  data=java.nio.HeapByteBuffer[pos=0 lim=43 cap=43] &&& <ByteString@616fe72b size=43 contents="SELECT * FROM usertable WHERE YCSB_KEY=416;">
safedb syserr  data=java.nio.HeapByteBuffer[pos=0 lim=366 cap=366] &&& <ByteString@7e5d9a50 size=366 contents="INSERT INTO usertable (ycsb_key, FIELD10, FIELD...">
safedb syserr  data=java.nio.HeapByteBuffer[pos=0 lim=41 cap=41] &&& <ByteString@fcb4004 size=41 contents="DELETE FROM usertable WHERE YCSB_KEY=343;">
safedb syserr  data=java.nio.HeapByteBuffer[pos=0 lim=367 cap=367] &&& <ByteString@2dd29a59 size=367 contents="INSERT INTO usertable (ycsb_key, FIELD10, FIELD...">
safedb syserr  data=java.nio.HeapByteBuffer[pos=0 lim=41 cap=41] &&& <ByteString@40dff0b7 size=41 contents="DELETE FROM usertable WHERE YCSB_KEY=993;">
safedb syserr  data=java.nio.HeapByteBuffer[pos=0 lim=43 cap=43] &&& <ByteString@1253e7cb size=43 contents="SELECT * FROM usertable WHERE YCSB_KEY=409;">
safedb syserr  data=java.nio.HeapByteBuffer[pos=0 lim=42 cap=42] &&& <ByteString@3b0c9195 size=42 contents="SELECT * FROM usertable WHERE YCSB_KEY=67;">
safedb syserr  data=java.nio.HeapByteBuffer[pos=0 lim=43 cap=43] &&& <ByteString@302a07d size=43 contents="SELECT * FROM usertable WHERE YCSB_KEY=855;">
safedb syserr  data=java.nio.HeapByteBuffer[pos=0 lim=41 cap=41] &&& <ByteString@7e8dcdaa size=41 contents="DELETE FROM usertable where YCSB_KEY=763;">
safedb syserr  data=java.nio.HeapByteBuffer[pos=0 lim=41 cap=41] &&& <ByteString@5c08c46a size=41 contents="DELETE FROM usertable WHERE YCSB_KEY=975;">
 Waiting for request 1767265299

safedb syserr  data=java.nio.HeapByteBuffer[pos=0 lim=267 cap=267] &&& <ByteString@5829e4f4 size=267 contents="INSERT INTO usertable VALUES (12003,\'rt8DejuOkV...">
safedb syserr  data=java.nio.HeapByteBuffer[pos=0 lim=43 cap=43] &&& <ByteString@1b2c4efb size=43 contents="SELECT * FROM usertable WHERE YCSB_KEY=686;">
safedb syserr  data=java.nio.HeapByteBuffer[pos=0 lim=43 cap=43] &&& <ByteString@3cc41abc size=43 contents="SELECT * FROM usertable WHERE YCSB_KEY=123;">
safedb syserr  data=java.nio.HeapByteBuffer[pos=0 lim=367 cap=367] &&& <ByteString@3668d4 size=367 contents="INSERT INTO usertable (ycsb_key, FIELD10, FIELD...">
safedb syserr  data=java.nio.HeapByteBuffer[pos=0 lim=43 cap=43] &&& <ByteString@7f6f61c8 size=43 contents="SELECT * FROM usertable WHERE YCSB_KEY=296;">
safedb syserr  data=java.nio.HeapByteBuffer[pos=0 lim=43 cap=43] &&& <ByteString@4097cac size=43 contents="SELECT * FROM usertable WHERE YCSB_KEY=603;">
safedb syserr  data=java.nio.HeapByteBuffer[pos=0 lim=367 cap=367] &&& <ByteString@7c1e2a2d size=367 contents="INSERT INTO usertable (ycsb_key, FIELD10, FIELD...">
safedb syserr  data=java.nio.HeapByteBuffer[pos=0 lim=42 cap=42] &&& <ByteString@2101b44a size=42 contents="SELECT * FROM usertable WHERE YCSB_KEY=33;">
safedb syserr  data=java.nio.HeapByteBuffer[pos=0 lim=43 cap=43] &&& <ByteString@119020fb size=43 contents="SELECT * FROM usertable WHERE YCSB_KEY=891;">
safedb syserr  data=java.nio.HeapByteBuffer[pos=0 lim=43 cap=43] &&& <ByteString@25e2ab5a size=43 contents="SELECT * FROM usertable WHERE YCSB_KEY=807;">
safedb syserr  data=java.nio.HeapByteBuffer[pos=0 lim=41 cap=41] &&& <ByteString@55562aa9 size=41 contents="DELETE FROM usertable WHERE YCSB_KEY=194;">
safedb syserr  data=java.nio.HeapByteBuffer[pos=0 lim=41 cap=41] &&& <ByteString@3401a114 size=41 contents="DELETE FROM usertable WHERE YCSB_KEY=895;">
safedb syserr  data=java.nio.HeapByteBuffer[pos=0 lim=367 cap=367] &&& <ByteString@77d2e85 size=367 contents="INSERT INTO usertable (ycsb_key, FIELD10, FIELD...">
safedb syserr  data=java.nio.HeapByteBuffer[pos=0 lim=44 cap=44] &&& <ByteString@555cf22 size=44 contents="SELECT * FROM usertable WHERE YCSB_KEY=1170;">
safedb syserr  data=java.nio.HeapByteBuffer[pos=0 lim=43 cap=43] &&& <ByteString@1a9c38eb size=43 contents="SELECT * FROM usertable WHERE YCSB_KEY=881;">
safedb syserr  data=java.nio.HeapByteBuffer[pos=0 lim=43 cap=43] &&& <ByteString@2f4205be size=43 contents="SELECT * FROM usertable where YCSB_KEY=897;">
safedb syserr  data=java.nio.HeapByteBuffer[pos=0 lim=41 cap=41] &&& <ByteString@544820b7 size=41 contents="DELETE FROM usertable WHERE YCSB_KEY=897;">
safedb syserr  data=java.nio.HeapByteBuffer[pos=0 lim=43 cap=43] &&& <ByteString@3569fc08 size=43 contents="SELECT * FROM usertable WHERE YCSB_KEY=739;">
safedb syserr  data=java.nio.HeapByteBuffer[pos=0 lim=41 cap=41] &&& <ByteString@2e554a3b size=41 contents="DELETE FROM usertable where YCSB_KEY=815;">
safedb syserr  data=java.nio.HeapByteBuffer[pos=0 lim=367 cap=367] &&& <ByteString@522a32b1 size=367 contents="INSERT INTO usertable (ycsb_key, FIELD10, FIELD...">
safedb syserr  data=java.nio.HeapByteBuffer[pos=0 lim=43 cap=43] &&& <ByteString@5ddea849 size=43 contents="SELECT * FROM usertable WHERE YCSB_KEY=884;">
safedb syserr  data=java.nio.HeapByteBuffer[pos=0 lim=367 cap=367] &&& <ByteString@704f1591 size=367 contents="INSERT INTO usertable (ycsb_key, FIELD10, FIELD...">
safedb syserr  data=java.nio.HeapByteBuffer[pos=0 lim=43 cap=43] &&& <ByteString@3fb6cf60 size=43 contents="SELECT * FROM usertable WHERE YCSB_KEY=723;">
safedb syserr  data=java.nio.HeapByteBuffer[pos=0 lim=43 cap=43] &&& <ByteString@dfddc9a size=43 contents="SELECT * FROM usertable where YCSB_KEY=198;">
safedb syserr  data=java.nio.HeapByteBuffer[pos=0 lim=41 cap=41] &&& <ByteString@aafcffa size=41 contents="DELETE FROM usertable WHERE YCSB_KEY=198;">
safedb syserr  data=java.nio.HeapByteBuffer[pos=0 lim=43 cap=43] &&& <ByteString@2b5f4d54 size=43 contents="SELECT * FROM usertable WHERE YCSB_KEY=413;">
safedb syserr  data=java.nio.HeapByteBuffer[pos=0 lim=367 cap=367] &&& <ByteString@6b7906b3 size=367 contents="INSERT INTO usertable (ycsb_key, FIELD10, FIELD...">
safedb syserr  data=java.nio.HeapByteBuffer[pos=0 lim=43 cap=43] &&& <ByteString@256f8274 size=43 contents="SELECT * FROM usertable WHERE YCSB_KEY=411;">
safedb syserr  data=java.nio.HeapByteBuffer[pos=0 lim=43 cap=43] &&& <ByteString@315f43d5 size=43 contents="SELECT * FROM usertable WHERE YCSB_KEY=811;">
safedb syserr  data=java.nio.HeapByteBuffer[pos=0 lim=43 cap=43] &&& <ByteString@2f05be7f size=43 contents="SELECT * FROM usertable WHERE YCSB_KEY=129;">
safedb syserr  data=java.nio.HeapByteBuffer[pos=0 lim=267 cap=267] &&& <ByteString@64a8c844 size=267 contents="INSERT INTO usertable VALUES (12004,\'SRg4mUoOlA...">
safedb syserr  data=java.nio.HeapByteBuffer[pos=0 lim=43 cap=43] &&& <ByteString@18c5069b size=43 contents="SELECT * FROM usertable WHERE YCSB_KEY=173;">
safedb syserr  data=java.nio.HeapByteBuffer[pos=0 lim=267 cap=267] &&& <ByteString@485e36bc size=267 contents="INSERT INTO usertable VALUES (12005,\'SdguMjKrpF...">
safedb syserr  data=java.nio.HeapByteBuffer[pos=0 lim=43 cap=43] &&& <ByteString@2e9fda69 size=43 contents="SELECT * FROM usertable WHERE YCSB_KEY=124;">
safedb syserr  data=java.nio.HeapByteBuffer[pos=0 lim=44 cap=44] &&& <ByteString@736d6a5c size=44 contents="SELECT * FROM usertable WHERE YCSB_KEY=1198;">
safedb syserr  data=java.nio.HeapByteBuffer[pos=0 lim=43 cap=43] &&& <ByteString@63fdab07 size=43 contents="SELECT * FROM usertable where YCSB_KEY=135;">
safedb syserr  data=java.nio.HeapByteBuffer[pos=0 lim=41 cap=41] &&& <ByteString@1af687fe size=41 contents="DELETE FROM usertable WHERE YCSB_KEY=135;">
safedb syserr  data=java.nio.HeapByteBuffer[pos=0 lim=367 cap=367] &&& <ByteString@74a6a609 size=367 contents="INSERT INTO usertable (ycsb_key, FIELD10, FIELD...">
safedb syserr  data=java.nio.HeapByteBuffer[pos=0 lim=43 cap=43] &&& <ByteString@54d18072 size=43 contents="SELECT * FROM usertable WHERE YCSB_KEY=896;">
safedb syserr  data=java.nio.HeapByteBuffer[pos=0 lim=43 cap=43] &&& <ByteString@424fd310 size=43 contents="SELECT * FROM usertable WHERE YCSB_KEY=633;">
safedb syserr  data=java.nio.HeapByteBuffer[pos=0 lim=43 cap=43] &&& <ByteString@5286c33a size=43 contents="SELECT * FROM usertable WHERE YCSB_KEY=505;">
 Waiting for request 1767265299

safedb syserr  data=java.nio.HeapByteBuffer[pos=0 lim=43 cap=43] &&& <ByteString@6c25e6c4 size=43 contents="SELECT * FROM usertable WHERE YCSB_KEY=847;">
safedb syserr  data=java.nio.HeapByteBuffer[pos=0 lim=41 cap=41] &&& <ByteString@48a12036 size=41 contents="DELETE FROM usertable where YCSB_KEY=276;">
safedb syserr  data=java.nio.HeapByteBuffer[pos=0 lim=43 cap=43] &&& <ByteString@b70da4c size=43 contents="SELECT * FROM usertable WHERE YCSB_KEY=807;">
safedb syserr  data=java.nio.HeapByteBuffer[pos=0 lim=41 cap=41] &&& <ByteString@435fb7b5 size=41 contents="DELETE FROM usertable WHERE YCSB_KEY=821;">
safedb syserr  data=java.nio.HeapByteBuffer[pos=0 lim=44 cap=44] &&& <ByteString@696f0212 size=44 contents="SELECT * FROM usertable WHERE YCSB_KEY=1665;">
safedb syserr  data=java.nio.HeapByteBuffer[pos=0 lim=43 cap=43] &&& <ByteString@56c698e3 size=43 contents="SELECT * FROM usertable WHERE YCSB_KEY=703;">
safedb syserr  data=java.nio.HeapByteBuffer[pos=0 lim=367 cap=367] &&& <ByteString@19553973 size=367 contents="INSERT INTO usertable (ycsb_key, FIELD10, FIELD...">
safedb syserr  data=java.nio.HeapByteBuffer[pos=0 lim=41 cap=41] &&& <ByteString@4c4748bf size=41 contents="DELETE FROM usertable WHERE YCSB_KEY=822;">
safedb syserr  data=java.nio.HeapByteBuffer[pos=0 lim=43 cap=43] &&& <ByteString@73dce0e6 size=43 contents="SELECT * FROM usertable WHERE YCSB_KEY=706;">
safedb syserr  data=java.nio.HeapByteBuffer[pos=0 lim=42 cap=42] &&& <ByteString@4795ded0 size=42 contents="SELECT * FROM usertable WHERE YCSB_KEY=25;">
safedb syserr  data=java.nio.HeapByteBuffer[pos=0 lim=44 cap=44] &&& <ByteString@2eced48b size=44 contents="SELECT * FROM usertable WHERE YCSB_KEY=1767;">
safedb syserr  data=java.nio.HeapByteBuffer[pos=0 lim=43 cap=43] &&& <ByteString@5c8504fd size=43 contents="SELECT * FROM usertable WHERE YCSB_KEY=848;">
safedb syserr  data=java.nio.HeapByteBuffer[pos=0 lim=41 cap=41] &&& <ByteString@3f07b12c size=41 contents="SELECT * FROM usertable WHERE YCSB_KEY=7;">
safedb syserr  data=java.nio.HeapByteBuffer[pos=0 lim=44 cap=44] &&& <ByteString@3e14c16d size=44 contents="SELECT * FROM usertable WHERE YCSB_KEY=1016;">

 txReplies num keys sz= 0
2026-01-01 16:31:39 DEBUG RaftClient:484 - close client-6CCA175E8FE1
 Waiting for request 1767265299

 Waiting for request 1767265300

 Waiting for request 1767265300

 Waiting for request 1767265300

 Waiting for request 1767265300

 Waiting for request 1767265300

 Waiting for request 1767265300

 Waiting for request 1767265300

 Waiting for request 1767265300

 Waiting for request 1767265300

 Waiting for request 1767265301

 Waiting for request 1767265301

 Waiting for request 1767265301

 Waiting for request 1767265301

 Waiting for request 1767265301

 Waiting for request 1767265301

 Waiting for request 1767265301

 Waiting for request 1767265301

 Waiting for request 1767265301

 Waiting for request 1767265302

 Waiting for request 1767265302

 Waiting for request 1767265302

 Waiting for request 1767265302

 Waiting for request 1767265302

 Waiting for request 1767265302

 Waiting for request 1767265302

 Waiting for request 1767265302

 Waiting for request 1767265302

 Waiting for request 1767265303

 Waiting for request 1767265303

 Waiting for request 1767265303

 Waiting for request 1767265303

 Waiting for request 1767265303

 Waiting for request 1767265303

 Waiting for request 1767265303

 Waiting for request 1767265303

 Waiting for request 1767265303

 Waiting for request 1767265304

 Waiting for request 1767265304

 Waiting for request 1767265304

 Waiting for request 1767265304

 Waiting for request 1767265304

 Waiting for request 1767265304

 Waiting for request 1767265304

 Waiting for request 1767265304

 Waiting for request 1767265304

 Waiting for request 1767265305

 Waiting for request 1767265305

 Waiting for request 1767265305

 Waiting for request 1767265305

 Waiting for request 1767265305

 Waiting for request 1767265305

 Waiting for request 1767265305

 Waiting for request 1767265305

 Waiting for request 1767265305

 Waiting for request 1767265306

 Waiting for request 1767265306

 Waiting for request 1767265306

 Waiting for request 1767265306

 Waiting for request 1767265306

 Waiting for request 1767265306

 Waiting for request 1767265306

 Waiting for request 1767265306

 Waiting for request 1767265306

 Waiting for request 1767265306

 Waiting for request 1767265307

 Waiting for request 1767265307

 Waiting for request 1767265307

 Waiting for request 1767265307

 Waiting for request 1767265307

 Waiting for request 1767265307

 Waiting for request 1767265307

 Waiting for request 1767265307

 Waiting for request 1767265308

 Waiting for request 1767265308

 Waiting for request 1767265308

 Waiting for request 1767265308

 Waiting for request 1767265308

 Waiting for request 1767265308

 Waiting for request 1767265308

 Waiting for request 1767265308

 Waiting for request 1767265308

 Waiting for request 1767265308

 Waiting for request 1767265309

 Waiting for request 1767265309

 Waiting for request 1767265309

 Waiting for request 1767265309

 Waiting for request 1767265309

 Waiting for request 1767265309

 Waiting for request 1767265309

 Waiting for request 1767265309

 Waiting for request 1767265309

 Waiting for request 1767265310

 Waiting for request 1767265310

 Waiting for request 1767265310

 Waiting for request 1767265310

 Waiting for request 1767265310

 Waiting for request 1767265310

 Waiting for request 1767265310

 Waiting for request 1767265310

 Waiting for request 1767265310

 Waiting for request 1767265311

 Waiting for request 1767265311

 Waiting for request 1767265311

 Waiting for request 1767265311

 Waiting for request 1767265311

 Waiting for request 1767265311

 Waiting for request 1767265311

 Waiting for request 1767265311

 Waiting for request 1767265311

 Waiting for request 1767265312

 Waiting for request 1767265312

 Waiting for request 1767265312

 Waiting for request 1767265312

 Waiting for request 1767265312

 Waiting for request 1767265312

 Waiting for request 1767265312

 Waiting for request 1767265312

 Waiting for request 1767265312

 Waiting for request 1767265313

 Waiting for request 1767265313

 Waiting for request 1767265313

 Waiting for request 1767265313

 Waiting for request 1767265313

 Waiting for request 1767265313

 Waiting for request 1767265313

 Waiting for request 1767265313

 Waiting for request 1767265313

 Waiting for request 1767265314

 Waiting for request 1767265314

 Waiting for request 1767265314

 Waiting for request 1767265314

 Waiting for request 1767265314

 Waiting for request 1767265314

 Waiting for request 1767265314

 Waiting for request 1767265314

 Waiting for request 1767265314

 Waiting for request 1767265314

 Waiting for request 1767265315

 Waiting for request 1767265315

 Waiting for request 1767265315

 Waiting for request 1767265315

 Waiting for request 1767265315

 Waiting for request 1767265315

 Waiting for request 1767265315

 Waiting for request 1767265315

 Waiting for request 1767265315

 Waiting for request 1767265316

 Waiting for request 1767265316

 Waiting for request 1767265316

 Waiting for request 1767265316

 Waiting for request 1767265316

 Waiting for request 1767265316

 Waiting for request 1767265316

 Waiting for request 1767265316

 Waiting for request 1767265316

 Waiting for request 1767265317

 Waiting for request 1767265317

 Waiting for request 1767265317

 Waiting for request 1767265317

 Waiting for request 1767265317

 Waiting for request 1767265317

 Waiting for request 1767265317

 Waiting for request 1767265317

 Waiting for request 1767265317

 req= c2-15 startTime = 1037994227203 endTime= null
 req= c2-16 startTime = 1037994232315 endTime= null
 req= c2-13 startTime = 1037994212935 endTime= null
 req= c2-140 startTime = 1037994682391 endTime= null
 req= c2-14 startTime = 1037994218239 endTime= null
 req= c2-19 startTime = 1037994248925 endTime= null
 req= c2-17 startTime = 1037994237602 endTime= null
 req= c2-18 startTime = 1037994243575 endTime= null
 req= c2-22 startTime = 1037994270586 endTime= null
 req= c2-23 startTime = 1037994283715 endTime= null
 req= c2-20 startTime = 1037994254561 endTime= null
 req= c2-21 startTime = 1037994261361 endTime= null
 req= c2-26 startTime = 1037994302966 endTime= null
 req= c2-27 startTime = 1037994307615 endTime= null
 req= c2-24 startTime = 1037994293337 endTime= null
 req= c2-25 startTime = 1037994298481 endTime= null
 req= c2-28 startTime = 1037994312398 endTime= null
 req= c2-29 startTime = 1037994316547 endTime= null
 req= c2-30 startTime = 1037994320919 endTime= null
 req= c2-7 startTime = 1037994182108 endTime= null
 req= c2-33 startTime = 1037994334541 endTime= null
 req= c2-6 startTime = 1037994176880 endTime= null
 req= c2-34 startTime = 1037994339438 endTime= null
 req= c2-9 startTime = 1037994192526 endTime= null
 req= c2-31 startTime = 1037994324482 endTime= null
 req= c2-8 startTime = 1037994187348 endTime= null
 req= c2-32 startTime = 1037994329385 endTime= null
 req= c2-3 startTime = 1037994159967 endTime= null
 req= c2-2 startTime = 1037994148798 endTime= null
 req= c2-5 startTime = 1037994170977 endTime= null
 req= c2-4 startTime = 1037994165424 endTime= null
 req= c2-1 startTime = 1037993733738 endTime= null
 req= c2-37 startTime = 1037994350821 endTime= null
 req= c2-38 startTime = 1037994354607 endTime= null
 req= c2-35 startTime = 1037994343694 endTime= null
 req= c2-36 startTime = 1037994347267 endTime= null
 req= c2-39 startTime = 1037994358138 endTime= null
 req= c2-40 startTime = 1037994361415 endTime= null
 req= c2-124 startTime = 1037994618775 endTime= null
 req= c2-41 startTime = 1037994365243 endTime= null
 req= c2-123 startTime = 1037994614968 endTime= null
 req= c2-126 startTime = 1037994626726 endTime= null
 req= c2-125 startTime = 1037994622430 endTime= null
 req= c2-44 startTime = 1037994376030 endTime= null
 req= c2-120 startTime = 1037994605091 endTime= null
 req= c2-45 startTime = 1037994379554 endTime= null
 req= c2-42 startTime = 1037994368477 endTime= null
 req= c2-122 startTime = 1037994611788 endTime= null
 req= c2-43 startTime = 1037994372068 endTime= null
 req= c2-121 startTime = 1037994608527 endTime= null
 req= c2-128 startTime = 1037994637080 endTime= null
 req= c2-127 startTime = 1037994631747 endTime= null
 req= c2-129 startTime = 1037994643798 endTime= null
 req= c2-48 startTime = 1037994388542 endTime= null
 req= c2-49 startTime = 1037994391606 endTime= null
 req= c2-46 startTime = 1037994382690 endTime= null
 req= c2-47 startTime = 1037994385621 endTime= null
 req= c2-51 startTime = 1037994397964 endTime= null
 req= c2-135 startTime = 1037994666067 endTime= null
 req= c2-52 startTime = 1037994401299 endTime= null
 req= c2-134 startTime = 1037994662897 endTime= null
 req= c2-137 startTime = 1037994672531 endTime= null
 req= c2-50 startTime = 1037994394767 endTime= null
 req= c2-136 startTime = 1037994669201 endTime= null
 req= c2-55 startTime = 1037994410812 endTime= null
 req= c2-131 startTime = 1037994651533 endTime= null
 req= c2-56 startTime = 1037994413856 endTime= null
 req= c2-130 startTime = 1037994648263 endTime= null
 req= c2-53 startTime = 1037994404836 endTime= null
 req= c2-133 startTime = 1037994659176 endTime= null
 req= c2-54 startTime = 1037994407953 endTime= null
 req= c2-132 startTime = 1037994655391 endTime= null
 req= c2-139 startTime = 1037994679064 endTime= null
 req= c2-138 startTime = 1037994675711 endTime= null
 req= c2-59 startTime = 1037994422991 endTime= null
 req= c2-57 startTime = 1037994416906 endTime= null
 req= c2-58 startTime = 1037994419832 endTime= null
 req= c2-62 startTime = 1037994432035 endTime= null
 req= c2-102 startTime = 1037994552971 endTime= null
 req= c2-63 startTime = 1037994435571 endTime= null
 req= c2-101 startTime = 1037994550599 endTime= null
 req= c2-60 startTime = 1037994425917 endTime= null
 req= c2-104 startTime = 1037994558124 endTime= null
 req= c2-61 startTime = 1037994428775 endTime= null
 req= c2-103 startTime = 1037994555388 endTime= null
 req= c2-66 startTime = 1037994447274 endTime= null
 req= c2-67 startTime = 1037994450174 endTime= null
 req= c2-64 startTime = 1037994439748 endTime= null
 req= c2-100 startTime = 1037994548329 endTime= null
 req= c2-65 startTime = 1037994444027 endTime= null
 req= c2-109 startTime = 1037994571900 endTime= null
 req= c2-106 startTime = 1037994563871 endTime= null
 req= c2-105 startTime = 1037994560889 endTime= null
 req= c2-108 startTime = 1037994569176 endTime= null
 req= c2-107 startTime = 1037994566683 endTime= null
 req= c2-68 startTime = 1037994452870 endTime= null
 req= c2-69 startTime = 1037994455393 endTime= null
 req= c2-73 startTime = 1037994466587 endTime= null
 req= c2-113 startTime = 1037994584939 endTime= null
 req= c2-74 startTime = 1037994469255 endTime= null
 req= c2-112 startTime = 1037994581882 endTime= null
 req= c2-71 startTime = 1037994461045 endTime= null
 req= c2-115 startTime = 1037994590447 endTime= null
 req= c2-72 startTime = 1037994463702 endTime= null
 req= c2-114 startTime = 1037994587775 endTime= null
 req= c2-77 startTime = 1037994477138 endTime= null
 req= c2-78 startTime = 1037994479926 endTime= null
 req= c2-75 startTime = 1037994471784 endTime= null
 req= c2-111 startTime = 1037994578541 endTime= null
 req= c2-76 startTime = 1037994474439 endTime= null
 req= c2-110 startTime = 1037994575197 endTime= null
 req= c2-117 startTime = 1037994595919 endTime= null
 req= c2-70 startTime = 1037994458127 endTime= null
 req= c2-116 startTime = 1037994593256 endTime= null
 req= c2-119 startTime = 1037994602141 endTime= null
 req= c2-118 startTime = 1037994598718 endTime= null
 req= c2-79 startTime = 1037994482793 endTime= null
 req= c2-84 startTime = 1037994498733 endTime= null
 req= c2-85 startTime = 1037994502955 endTime= null
 req= c2-82 startTime = 1037994491635 endTime= null
 req= c2-83 startTime = 1037994494857 endTime= null
 req= c2-88 startTime = 1037994514887 endTime= null
 req= c2-89 startTime = 1037994517617 endTime= null
 req= c2-86 startTime = 1037994507589 endTime= null
 req= c2-87 startTime = 1037994511852 endTime= null
 req= c2-80 startTime = 1037994485470 endTime= null
 req= c2-81 startTime = 1037994488341 endTime= null
 req= c2-95 startTime = 1037994534389 endTime= null
 req= c2-96 startTime = 1037994536963 endTime= null
 req= c2-93 startTime = 1037994528614 endTime= null
 req= c2-94 startTime = 1037994531471 endTime= null
 req= c2-11 startTime = 1037994203476 endTime= null
 req= c2-99 startTime = 1037994545816 endTime= null
 req= c2-12 startTime = 1037994207889 endTime= null
 req= c2-97 startTime = 1037994540174 endTime= null
 req= c2-10 startTime = 1037994197961 endTime= null
 req= c2-98 startTime = 1037994543186 endTime= null
 req= c2-91 startTime = 1037994523190 endTime= null
 req= c2-92 startTime = 1037994525871 endTime= null
 req= c2-90 startTime = 1037994520334 endTime= null
Total time taken: 8973502 microsec
 Waiting for request 1767265317

 Waiting for request 1767265318

 Waiting for request 1767265318

 Waiting for request 1767265318

 Waiting for request 1767265318

 Waiting for request 1767265318

