Found /home/anant2040/git/ratis/ratis-examples/target/ratis-examples-3.2.0-SNAPSHOT.jar
Starting Async write now 
2025-12-17 14:38:12 INFO  ProducerConfig:370 - ProducerConfig values: 
	acks = -1
	auto.include.jmx.reporter = true
	batch.size = 16384
	bootstrap.servers = [10.129.148.129:9092]
	buffer.memory = 33554432
	client.dns.lookup = use_all_dns_ips
	client.id = producer-1
	compression.type = none
	connections.max.idle.ms = 540000
	delivery.timeout.ms = 120000
	enable.idempotence = true
	enable.metrics.push = true
	interceptor.classes = []
	key.serializer = class org.apache.kafka.common.serialization.StringSerializer
	linger.ms = 0
	max.block.ms = 60000
	max.in.flight.requests.per.connection = 5
	max.request.size = 1048576
	metadata.max.age.ms = 300000
	metadata.max.idle.ms = 300000
	metric.reporters = []
	metrics.num.samples = 2
	metrics.recording.level = INFO
	metrics.sample.window.ms = 30000
	partitioner.adaptive.partitioning.enable = true
	partitioner.availability.timeout.ms = 0
	partitioner.class = null
	partitioner.ignore.keys = false
	receive.buffer.bytes = 32768
	reconnect.backoff.max.ms = 1000
	reconnect.backoff.ms = 50
	request.timeout.ms = 30000
	retries = 2147483647
	retry.backoff.max.ms = 1000
	retry.backoff.ms = 100
	sasl.client.callback.handler.class = null
	sasl.jaas.config = null
	sasl.kerberos.kinit.cmd = /usr/bin/kinit
	sasl.kerberos.min.time.before.relogin = 60000
	sasl.kerberos.service.name = null
	sasl.kerberos.ticket.renew.jitter = 0.05
	sasl.kerberos.ticket.renew.window.factor = 0.8
	sasl.login.callback.handler.class = null
	sasl.login.class = null
	sasl.login.connect.timeout.ms = null
	sasl.login.read.timeout.ms = null
	sasl.login.refresh.buffer.seconds = 300
	sasl.login.refresh.min.period.seconds = 60
	sasl.login.refresh.window.factor = 0.8
	sasl.login.refresh.window.jitter = 0.05
	sasl.login.retry.backoff.max.ms = 10000
	sasl.login.retry.backoff.ms = 100
	sasl.mechanism = GSSAPI
	sasl.oauthbearer.clock.skew.seconds = 30
	sasl.oauthbearer.expected.audience = null
	sasl.oauthbearer.expected.issuer = null
	sasl.oauthbearer.jwks.endpoint.refresh.ms = 3600000
	sasl.oauthbearer.jwks.endpoint.retry.backoff.max.ms = 10000
	sasl.oauthbearer.jwks.endpoint.retry.backoff.ms = 100
	sasl.oauthbearer.jwks.endpoint.url = null
	sasl.oauthbearer.scope.claim.name = scope
	sasl.oauthbearer.sub.claim.name = sub
	sasl.oauthbearer.token.endpoint.url = null
	security.protocol = PLAINTEXT
	security.providers = null
	send.buffer.bytes = 131072
	socket.connection.setup.timeout.max.ms = 30000
	socket.connection.setup.timeout.ms = 10000
	ssl.cipher.suites = null
	ssl.enabled.protocols = [TLSv1.2, TLSv1.3]
	ssl.endpoint.identification.algorithm = https
	ssl.engine.factory.class = null
	ssl.key.password = null
	ssl.keymanager.algorithm = SunX509
	ssl.keystore.certificate.chain = null
	ssl.keystore.key = null
	ssl.keystore.location = null
	ssl.keystore.password = null
	ssl.keystore.type = JKS
	ssl.protocol = TLSv1.3
	ssl.provider = null
	ssl.secure.random.implementation = null
	ssl.trustmanager.algorithm = PKIX
	ssl.truststore.certificates = null
	ssl.truststore.location = null
	ssl.truststore.password = null
	ssl.truststore.type = JKS
	transaction.timeout.ms = 60000
	transactional.id = null
	value.serializer = class org.apache.kafka.common.serialization.StringSerializer

2025-12-17 14:38:12 INFO  KafkaMetricsCollector:297 - initializing Kafka metrics collector
2025-12-17 14:38:12 INFO  KafkaProducer:597 - [Producer clientId=producer-1] Instantiated an idempotent producer.
2025-12-17 14:38:12 INFO  AppInfoParser:124 - Kafka version: 3.7.0
2025-12-17 14:38:12 INFO  AppInfoParser:125 - Kafka commitId: 2ae524ed625438c5
2025-12-17 14:38:12 INFO  AppInfoParser:126 - Kafka startTimeMs: 1765962492316
2025-12-17 14:38:12 INFO  ConsumerConfig:370 - ConsumerConfig values: 
	allow.auto.create.topics = true
	auto.commit.interval.ms = 5000
	auto.include.jmx.reporter = true
	auto.offset.reset = latest
	bootstrap.servers = [10.129.148.129:9092]
	check.crcs = true
	client.dns.lookup = use_all_dns_ips
	client.id = consumer-my-group-1
	client.rack = 
	connections.max.idle.ms = 540000
	default.api.timeout.ms = 60000
	enable.auto.commit = true
	enable.metrics.push = true
	exclude.internal.topics = true
	fetch.max.bytes = 52428800
	fetch.max.wait.ms = 500
	fetch.min.bytes = 1
	group.id = my-group
	group.instance.id = null
	group.protocol = classic
	group.remote.assignor = null
	heartbeat.interval.ms = 3000
	interceptor.classes = []
	internal.leave.group.on.close = true
	internal.throw.on.fetch.stable.offset.unsupported = false
	isolation.level = read_uncommitted
	key.deserializer = class org.apache.kafka.common.serialization.StringDeserializer
	max.partition.fetch.bytes = 1048576
	max.poll.interval.ms = 300000
	max.poll.records = 500
	metadata.max.age.ms = 300000
	metric.reporters = []
	metrics.num.samples = 2
	metrics.recording.level = INFO
	metrics.sample.window.ms = 30000
	partition.assignment.strategy = [class org.apache.kafka.clients.consumer.RangeAssignor, class org.apache.kafka.clients.consumer.CooperativeStickyAssignor]
	receive.buffer.bytes = 65536
	reconnect.backoff.max.ms = 1000
	reconnect.backoff.ms = 50
	request.timeout.ms = 30000
	retry.backoff.max.ms = 1000
	retry.backoff.ms = 100
	sasl.client.callback.handler.class = null
	sasl.jaas.config = null
	sasl.kerberos.kinit.cmd = /usr/bin/kinit
	sasl.kerberos.min.time.before.relogin = 60000
	sasl.kerberos.service.name = null
	sasl.kerberos.ticket.renew.jitter = 0.05
	sasl.kerberos.ticket.renew.window.factor = 0.8
	sasl.login.callback.handler.class = null
	sasl.login.class = null
	sasl.login.connect.timeout.ms = null
	sasl.login.read.timeout.ms = null
	sasl.login.refresh.buffer.seconds = 300
	sasl.login.refresh.min.period.seconds = 60
	sasl.login.refresh.window.factor = 0.8
	sasl.login.refresh.window.jitter = 0.05
	sasl.login.retry.backoff.max.ms = 10000
	sasl.login.retry.backoff.ms = 100
	sasl.mechanism = GSSAPI
	sasl.oauthbearer.clock.skew.seconds = 30
	sasl.oauthbearer.expected.audience = null
	sasl.oauthbearer.expected.issuer = null
	sasl.oauthbearer.jwks.endpoint.refresh.ms = 3600000
	sasl.oauthbearer.jwks.endpoint.retry.backoff.max.ms = 10000
	sasl.oauthbearer.jwks.endpoint.retry.backoff.ms = 100
	sasl.oauthbearer.jwks.endpoint.url = null
	sasl.oauthbearer.scope.claim.name = scope
	sasl.oauthbearer.sub.claim.name = sub
	sasl.oauthbearer.token.endpoint.url = null
	security.protocol = PLAINTEXT
	security.providers = null
	send.buffer.bytes = 131072
	session.timeout.ms = 45000
	socket.connection.setup.timeout.max.ms = 30000
	socket.connection.setup.timeout.ms = 10000
	ssl.cipher.suites = null
	ssl.enabled.protocols = [TLSv1.2, TLSv1.3]
	ssl.endpoint.identification.algorithm = https
	ssl.engine.factory.class = null
	ssl.key.password = null
	ssl.keymanager.algorithm = SunX509
	ssl.keystore.certificate.chain = null
	ssl.keystore.key = null
	ssl.keystore.location = null
	ssl.keystore.password = null
	ssl.keystore.type = JKS
	ssl.protocol = TLSv1.3
	ssl.provider = null
	ssl.secure.random.implementation = null
	ssl.trustmanager.algorithm = PKIX
	ssl.truststore.certificates = null
	ssl.truststore.location = null
	ssl.truststore.password = null
	ssl.truststore.type = JKS
	value.deserializer = class org.apache.kafka.common.serialization.StringDeserializer

2025-12-17 14:38:12 INFO  KafkaMetricsCollector:297 - initializing Kafka metrics collector
2025-12-17 14:38:12 INFO  AppInfoParser:124 - Kafka version: 3.7.0
2025-12-17 14:38:12 INFO  AppInfoParser:125 - Kafka commitId: 2ae524ed625438c5
2025-12-17 14:38:12 INFO  AppInfoParser:126 - Kafka startTimeMs: 1765962492352
2025-12-17 14:38:12 INFO  LegacyKafkaConsumer:475 - [Consumer clientId=consumer-my-group-1, groupId=my-group] Subscribed to topic(s): topic2
2025-12-17 14:38:12 INFO  Metadata:349 - [Producer clientId=producer-1] Cluster ID: RoDpOzHHSqetx75HCfkdgg
2025-12-17 14:38:12 INFO  Metadata:349 - [Consumer clientId=consumer-my-group-1, groupId=my-group] Cluster ID: RoDpOzHHSqetx75HCfkdgg
2025-12-17 14:38:12 INFO  TransactionManager:502 - [Producer clientId=producer-1] ProducerId set to 1084 with epoch 0
2025-12-17 14:38:12 INFO  ConsumerCoordinator:936 - [Consumer clientId=consumer-my-group-1, groupId=my-group] Discovered group coordinator 10.129.148.129:9092 (id: 2147483647 rack: null)
2025-12-17 14:38:12 INFO  ConsumerCoordinator:604 - [Consumer clientId=consumer-my-group-1, groupId=my-group] (Re-)joining group
2025-12-17 14:38:12 INFO  ConsumerCoordinator:1102 - [Consumer clientId=consumer-my-group-1, groupId=my-group] Request joining group due to: need to re-join with the given member-id: consumer-my-group-1-27929559-1e51-41ac-b6fb-53ed715dfa24
2025-12-17 14:38:12 INFO  ConsumerCoordinator:604 - [Consumer clientId=consumer-my-group-1, groupId=my-group] (Re-)joining group
2025-12-17 14:38:12 INFO  ConsumerCoordinator:665 - [Consumer clientId=consumer-my-group-1, groupId=my-group] Successfully joined group with generation Generation{generationId=19, memberId='consumer-my-group-1-27929559-1e51-41ac-b6fb-53ed715dfa24', protocol='range'}
2025-12-17 14:38:12 INFO  ConsumerCoordinator:659 - [Consumer clientId=consumer-my-group-1, groupId=my-group] Finished assignment for group at generation 19: {consumer-my-group-1-27929559-1e51-41ac-b6fb-53ed715dfa24=Assignment(partitions=[topic2-0])}
2025-12-17 14:38:12 INFO  ConsumerCoordinator:842 - [Consumer clientId=consumer-my-group-1, groupId=my-group] Successfully synced group in generation Generation{generationId=19, memberId='consumer-my-group-1-27929559-1e51-41ac-b6fb-53ed715dfa24', protocol='range'}
2025-12-17 14:38:12 INFO  ConsumerCoordinator:319 - [Consumer clientId=consumer-my-group-1, groupId=my-group] Notifying assignor about the new Assignment(partitions=[topic2-0])
2025-12-17 14:38:12 INFO  ConsumerRebalanceListenerInvoker:56 - [Consumer clientId=consumer-my-group-1, groupId=my-group] Adding newly assigned partitions: topic2-0
2025-12-17 14:38:12 INFO  ConsumerUtils:199 - Setting offset for partition topic2-0 to the committed offset FetchPosition{offset=318, offsetEpoch=Optional[0], currentLeader=LeaderAndEpoch{leader=Optional[10.129.148.129:9092 (id: 0 rack: null)], epoch=0}}

 pt... c2-1 execTime (ns)= 459735858

 pt... c2-2 execTime (ns)= 41269897

 pt... c2-3 execTime (ns)= 25448723

 pt... c2-4 execTime (ns)= 16908108

 pt... c2-5 execTime (ns)= 11632584

 pt... c2-6 execTime (ns)= 9441673

 pt... c2-7 execTime (ns)= 8266375

 pt... c2-8 execTime (ns)= 8796933

 pt... c2-9 execTime (ns)= 8541868

 pt... c2-10 execTime (ns)= 9478963

 pt... c2-11 execTime (ns)= 8472479

 pt... c2-12 execTime (ns)= 8698289

 pt... c2-13 execTime (ns)= 8147393

 pt... c2-14 execTime (ns)= 13292294

 pt... c2-15 execTime (ns)= 10309710

 pt... c2-16 execTime (ns)= 9171310

 pt... c2-17 execTime (ns)= 8665097

 pt... c2-18 execTime (ns)= 9327350

 pt... c2-19 execTime (ns)= 9792988

 pt... c2-20 execTime (ns)= 9239437

 pt... c2-21 execTime (ns)= 7973690

 pt... c2-22 execTime (ns)= 8552066

 pt... c2-23 execTime (ns)= 8356212

 pt... c2-24 execTime (ns)= 8219417

 pt... c2-25 execTime (ns)= 7958782

 pt... c2-26 execTime (ns)= 7878121

 pt... c2-27 execTime (ns)= 12615193

 pt... c2-28 execTime (ns)= 8636875

 pt... c2-29 execTime (ns)= 8573557

 pt... c2-30 execTime (ns)= 7857302

 pt... c2-31 execTime (ns)= 7432712

 pt... c2-32 execTime (ns)= 7002020

 pt... c2-33 execTime (ns)= 7561382

 pt... c2-34 execTime (ns)= 6271289

 pt... c2-35 execTime (ns)= 5187170

 pt... c2-36 execTime (ns)= 6607536

 pt... c2-37 execTime (ns)= 6545790

 pt... c2-38 execTime (ns)= 5656725

 pt... c2-39 execTime (ns)= 5093776

 pt... c2-40 execTime (ns)= 6062320

 pt... c2-41 execTime (ns)= 5835297

 pt... c2-42 execTime (ns)= 6142570

 pt... c2-43 execTime (ns)= 6159361

 pt... c2-44 execTime (ns)= 5407560

 pt... c2-45 execTime (ns)= 5688975

 pt... c2-46 execTime (ns)= 5149790

 pt... c2-47 execTime (ns)= 6231816

 pt... c2-48 execTime (ns)= 5930254

 pt... c2-49 execTime (ns)= 5663326

 pt... c2-50 execTime (ns)= 6697562

 pt... c2-51 execTime (ns)= 6017527

 pt... c2-52 execTime (ns)= 5944049

 pt... c2-53 execTime (ns)= 5666072

 pt... c2-54 execTime (ns)= 6267562

 pt... c2-55 execTime (ns)= 6137850

 pt... c2-56 execTime (ns)= 6251572

 pt... c2-57 execTime (ns)= 6369001

 pt... c2-58 execTime (ns)= 7090264

 pt... c2-59 execTime (ns)= 6722780

 pt... c2-60 execTime (ns)= 6623505

 pt... c2-61 execTime (ns)= 5666693

 pt... c2-62 execTime (ns)= 5774845

 pt... c2-63 execTime (ns)= 5782368

 pt... c2-64 execTime (ns)= 5963405

 pt... c2-65 execTime (ns)= 5861666

 pt... c2-66 execTime (ns)= 5196368

 pt... c2-67 execTime (ns)= 5382955

 pt... c2-68 execTime (ns)= 4982238

 pt... c2-69 execTime (ns)= 5108663

 pt... c2-70 execTime (ns)= 5642157

 pt... c2-71 execTime (ns)= 5787047

 pt... c2-72 execTime (ns)= 5366244

 pt... c2-73 execTime (ns)= 5125796

 pt... c2-74 execTime (ns)= 4879427

 pt... c2-75 execTime (ns)= 5728649

 pt... c2-76 execTime (ns)= 5294880

 pt... c2-77 execTime (ns)= 5950972

 pt... c2-78 execTime (ns)= 5316000

 pt... c2-79 execTime (ns)= 5405707

 pt... c2-80 execTime (ns)= 5606030

 pt... c2-81 execTime (ns)= 5396741

 pt... c2-82 execTime (ns)= 6052312

 pt... c2-83 execTime (ns)= 6404557

 pt... c2-84 execTime (ns)= 6885703

 pt... c2-85 execTime (ns)= 7431019

 pt... c2-86 execTime (ns)= 6292999

 pt... c2-87 execTime (ns)= 5119765

 pt... c2-88 execTime (ns)= 4950249

 pt... c2-89 execTime (ns)= 6324559

 pt... c2-90 execTime (ns)= 4822241

 pt... c2-91 execTime (ns)= 4741981

 pt... c2-92 execTime (ns)= 5857929

 pt... c2-93 execTime (ns)= 6346830

 pt... c2-94 execTime (ns)= 4550284

 pt... c2-95 execTime (ns)= 4758071

 pt... c2-96 execTime (ns)= 5801124

 pt... c2-97 execTime (ns)= 6030631

 pt... c2-98 execTime (ns)= 5713640

 pt... c2-99 execTime (ns)= 4847939
 req= c2-15 execTime = 10309710
 req= c2-16 execTime = 9171310
 req= c2-13 execTime = 8147393
 req= c2-14 execTime = 13292294
 req= c2-19 execTime = 9792988
 req= c2-17 execTime = 8665097
 req= c2-18 execTime = 9327350
 req= c2-22 execTime = 8552066
 req= c2-23 execTime = 8356212
 req= c2-20 execTime = 9239437
 req= c2-21 execTime = 7973690
 req= c2-26 execTime = 7878121
 req= c2-27 execTime = 12615193
 req= c2-24 execTime = 8219417
 req= c2-25 execTime = 7958782
 req= c2-28 execTime = 8636875
 req= c2-29 execTime = 8573557
 req= c2-30 execTime = 7857302
 req= c2-7 execTime = 8266375
 req= c2-33 execTime = 7561382
 req= c2-6 execTime = 9441673
 req= c2-34 execTime = 6271289
 req= c2-9 execTime = 8541868
 req= c2-31 execTime = 7432712
 req= c2-8 execTime = 8796933
 req= c2-32 execTime = 7002020
 req= c2-3 execTime = 25448723
 req= c2-2 execTime = 41269897
 req= c2-5 execTime = 11632584
 req= c2-4 execTime = 16908108
 req= c2-1 execTime = 459735858
 req= c2-37 execTime = 6545790
 req= c2-38 execTime = 5656725
 req= c2-35 execTime = 5187170
 req= c2-36 execTime = 6607536
 req= c2-39 execTime = 5093776
 req= c2-40 execTime = 6062320
 req= c2-41 execTime = 5835297
 req= c2-44 execTime = 5407560
 req= c2-45 execTime = 5688975
 req= c2-42 execTime = 6142570
 req= c2-43 execTime = 6159361
 req= c2-48 execTime = 5930254
 req= c2-49 execTime = 5663326
 req= c2-46 execTime = 5149790
 req= c2-47 execTime = 6231816
 req= c2-51 execTime = 6017527
 req= c2-52 execTime = 5944049
 req= c2-50 execTime = 6697562
 req= c2-55 execTime = 6137850
 req= c2-56 execTime = 6251572
 req= c2-53 execTime = 5666072
 req= c2-54 execTime = 6267562
 req= c2-59 execTime = 6722780
 req= c2-57 execTime = 6369001
 req= c2-58 execTime = 7090264
 req= c2-62 execTime = 5774845
 req= c2-63 execTime = 5782368
 req= c2-60 execTime = 6623505
 req= c2-61 execTime = 5666693
 req= c2-66 execTime = 5196368
 req= c2-67 execTime = 5382955
 req= c2-64 execTime = 5963405
 req= c2-65 execTime = 5861666
 req= c2-68 execTime = 4982238
 req= c2-69 execTime = 5108663
 req= c2-73 execTime = 5125796
 req= c2-74 execTime = 4879427
 req= c2-71 execTime = 5787047
 req= c2-72 execTime = 5366244
 req= c2-77 execTime = 5950972
 req= c2-78 execTime = 5316000
 req= c2-75 execTime = 5728649
 req= c2-76 execTime = 5294880
 req= c2-70 execTime = 5642157
 req= c2-79 execTime = 5405707
 req= c2-84 execTime = 6885703
 req= c2-85 execTime = 7431019
 req= c2-82 execTime = 6052312
 req= c2-83 execTime = 6404557
 req= c2-88 execTime = 4950249
 req= c2-89 execTime = 6324559
 req= c2-86 execTime = 6292999
 req= c2-87 execTime = 5119765
 req= c2-80 execTime = 5606030
 req= c2-81 execTime = 5396741
 req= c2-95 execTime = 4758071
 req= c2-96 execTime = 5801124
 req= c2-93 execTime = 6346830
 req= c2-94 execTime = 4550284
 req= c2-11 execTime = 8472479
 req= c2-99 execTime = 4847939
 req= c2-12 execTime = 8698289
 req= c2-97 execTime = 6030631
 req= c2-10 execTime = 9478963
 req= c2-98 execTime = 5713640
 req= c2-91 execTime = 4741981
 req= c2-92 execTime = 5857929
 req= c2-90 execTime = 4822241

 txReplies num keys sz= 99
Avg time taken: 11967945 nanosec
Total time taken: 963145 microsec
2025-12-17 14:38:13 DEBUG RaftClient:484 - close client-525CEEFBBBC6

 pt... c2-100 execTime (ns)= 4582294
 Waiting for request 1765962494

 Waiting for request 1765962495

 Waiting for request 1765962496

 Waiting for request 1765962497

