Found /home/anant2040/git/ratis/ratis-examples/target/ratis-examples-3.2.0-SNAPSHOT.jar
Starting Async write now 
safedb syserr  data=java.nio.HeapByteBuffer[pos=0 lim=43 cap=43] &&& <ByteString@55b699ef size=43 contents="SELECT * FROM usertable WHERE YCSB_KEY=868;">
2026-01-01 16:06:56 INFO  ProducerConfig:370 - ProducerConfig values: 
	acks = -1
	auto.include.jmx.reporter = true
	batch.size = 16384
	bootstrap.servers = [10.129.148.129:9092]
	buffer.memory = 33554432
	client.dns.lookup = use_all_dns_ips
	client.id = producer-1
	compression.type = none
	connections.max.idle.ms = 540000
	delivery.timeout.ms = 120000
	enable.idempotence = true
	enable.metrics.push = true
	interceptor.classes = []
	key.serializer = class org.apache.kafka.common.serialization.StringSerializer
	linger.ms = 0
	max.block.ms = 60000
	max.in.flight.requests.per.connection = 5
	max.request.size = 1048576
	metadata.max.age.ms = 300000
	metadata.max.idle.ms = 300000
	metric.reporters = []
	metrics.num.samples = 2
	metrics.recording.level = INFO
	metrics.sample.window.ms = 30000
	partitioner.adaptive.partitioning.enable = true
	partitioner.availability.timeout.ms = 0
	partitioner.class = null
	partitioner.ignore.keys = false
	receive.buffer.bytes = 32768
	reconnect.backoff.max.ms = 1000
	reconnect.backoff.ms = 50
	request.timeout.ms = 30000
	retries = 2147483647
	retry.backoff.max.ms = 1000
	retry.backoff.ms = 100
	sasl.client.callback.handler.class = null
	sasl.jaas.config = null
	sasl.kerberos.kinit.cmd = /usr/bin/kinit
	sasl.kerberos.min.time.before.relogin = 60000
	sasl.kerberos.service.name = null
	sasl.kerberos.ticket.renew.jitter = 0.05
	sasl.kerberos.ticket.renew.window.factor = 0.8
	sasl.login.callback.handler.class = null
	sasl.login.class = null
	sasl.login.connect.timeout.ms = null
	sasl.login.read.timeout.ms = null
	sasl.login.refresh.buffer.seconds = 300
	sasl.login.refresh.min.period.seconds = 60
	sasl.login.refresh.window.factor = 0.8
	sasl.login.refresh.window.jitter = 0.05
	sasl.login.retry.backoff.max.ms = 10000
	sasl.login.retry.backoff.ms = 100
	sasl.mechanism = GSSAPI
	sasl.oauthbearer.clock.skew.seconds = 30
	sasl.oauthbearer.expected.audience = null
	sasl.oauthbearer.expected.issuer = null
	sasl.oauthbearer.jwks.endpoint.refresh.ms = 3600000
	sasl.oauthbearer.jwks.endpoint.retry.backoff.max.ms = 10000
	sasl.oauthbearer.jwks.endpoint.retry.backoff.ms = 100
	sasl.oauthbearer.jwks.endpoint.url = null
	sasl.oauthbearer.scope.claim.name = scope
	sasl.oauthbearer.sub.claim.name = sub
	sasl.oauthbearer.token.endpoint.url = null
	security.protocol = PLAINTEXT
	security.providers = null
	send.buffer.bytes = 131072
	socket.connection.setup.timeout.max.ms = 30000
	socket.connection.setup.timeout.ms = 10000
	ssl.cipher.suites = null
	ssl.enabled.protocols = [TLSv1.2, TLSv1.3]
	ssl.endpoint.identification.algorithm = https
	ssl.engine.factory.class = null
	ssl.key.password = null
	ssl.keymanager.algorithm = SunX509
	ssl.keystore.certificate.chain = null
	ssl.keystore.key = null
	ssl.keystore.location = null
	ssl.keystore.password = null
	ssl.keystore.type = JKS
	ssl.protocol = TLSv1.3
	ssl.provider = null
	ssl.secure.random.implementation = null
	ssl.trustmanager.algorithm = PKIX
	ssl.truststore.certificates = null
	ssl.truststore.location = null
	ssl.truststore.password = null
	ssl.truststore.type = JKS
	transaction.timeout.ms = 60000
	transactional.id = null
	value.serializer = class org.apache.kafka.common.serialization.StringSerializer

2026-01-01 16:06:56 INFO  KafkaMetricsCollector:297 - initializing Kafka metrics collector
2026-01-01 16:06:56 INFO  KafkaProducer:597 - [Producer clientId=producer-1] Instantiated an idempotent producer.
2026-01-01 16:06:56 INFO  AppInfoParser:124 - Kafka version: 3.7.0
2026-01-01 16:06:56 INFO  AppInfoParser:125 - Kafka commitId: 2ae524ed625438c5
2026-01-01 16:06:56 INFO  AppInfoParser:126 - Kafka startTimeMs: 1767263816244
2026-01-01 16:06:56 INFO  ConsumerConfig:370 - ConsumerConfig values: 
	allow.auto.create.topics = true
	auto.commit.interval.ms = 5000
	auto.include.jmx.reporter = true
	auto.offset.reset = latest
	bootstrap.servers = [10.129.148.129:9092]
	check.crcs = true
	client.dns.lookup = use_all_dns_ips
	client.id = consumer-my-group-1
	client.rack = 
	connections.max.idle.ms = 540000
	default.api.timeout.ms = 60000
	enable.auto.commit = true
	enable.metrics.push = true
	exclude.internal.topics = true
	fetch.max.bytes = 52428800
	fetch.max.wait.ms = 500
	fetch.min.bytes = 1
	group.id = my-group
	group.instance.id = null
	group.protocol = classic
	group.remote.assignor = null
	heartbeat.interval.ms = 3000
	interceptor.classes = []
	internal.leave.group.on.close = true
	internal.throw.on.fetch.stable.offset.unsupported = false
	isolation.level = read_uncommitted
	key.deserializer = class org.apache.kafka.common.serialization.StringDeserializer
	max.partition.fetch.bytes = 1048576
	max.poll.interval.ms = 300000
	max.poll.records = 500
	metadata.max.age.ms = 300000
	metric.reporters = []
	metrics.num.samples = 2
	metrics.recording.level = INFO
	metrics.sample.window.ms = 30000
	partition.assignment.strategy = [class org.apache.kafka.clients.consumer.RangeAssignor, class org.apache.kafka.clients.consumer.CooperativeStickyAssignor]
	receive.buffer.bytes = 65536
	reconnect.backoff.max.ms = 1000
	reconnect.backoff.ms = 50
	request.timeout.ms = 30000
	retry.backoff.max.ms = 1000
	retry.backoff.ms = 100
	sasl.client.callback.handler.class = null
	sasl.jaas.config = null
	sasl.kerberos.kinit.cmd = /usr/bin/kinit
	sasl.kerberos.min.time.before.relogin = 60000
	sasl.kerberos.service.name = null
	sasl.kerberos.ticket.renew.jitter = 0.05
	sasl.kerberos.ticket.renew.window.factor = 0.8
	sasl.login.callback.handler.class = null
	sasl.login.class = null
	sasl.login.connect.timeout.ms = null
	sasl.login.read.timeout.ms = null
	sasl.login.refresh.buffer.seconds = 300
	sasl.login.refresh.min.period.seconds = 60
	sasl.login.refresh.window.factor = 0.8
	sasl.login.refresh.window.jitter = 0.05
	sasl.login.retry.backoff.max.ms = 10000
	sasl.login.retry.backoff.ms = 100
	sasl.mechanism = GSSAPI
	sasl.oauthbearer.clock.skew.seconds = 30
	sasl.oauthbearer.expected.audience = null
	sasl.oauthbearer.expected.issuer = null
	sasl.oauthbearer.jwks.endpoint.refresh.ms = 3600000
	sasl.oauthbearer.jwks.endpoint.retry.backoff.max.ms = 10000
	sasl.oauthbearer.jwks.endpoint.retry.backoff.ms = 100
	sasl.oauthbearer.jwks.endpoint.url = null
	sasl.oauthbearer.scope.claim.name = scope
	sasl.oauthbearer.sub.claim.name = sub
	sasl.oauthbearer.token.endpoint.url = null
	security.protocol = PLAINTEXT
	security.providers = null
	send.buffer.bytes = 131072
	session.timeout.ms = 45000
	socket.connection.setup.timeout.max.ms = 30000
	socket.connection.setup.timeout.ms = 10000
	ssl.cipher.suites = null
	ssl.enabled.protocols = [TLSv1.2, TLSv1.3]
	ssl.endpoint.identification.algorithm = https
	ssl.engine.factory.class = null
	ssl.key.password = null
	ssl.keymanager.algorithm = SunX509
	ssl.keystore.certificate.chain = null
	ssl.keystore.key = null
	ssl.keystore.location = null
	ssl.keystore.password = null
	ssl.keystore.type = JKS
	ssl.protocol = TLSv1.3
	ssl.provider = null
	ssl.secure.random.implementation = null
	ssl.trustmanager.algorithm = PKIX
	ssl.truststore.certificates = null
	ssl.truststore.location = null
	ssl.truststore.password = null
	ssl.truststore.type = JKS
	value.deserializer = class org.apache.kafka.common.serialization.StringDeserializer

2026-01-01 16:06:56 INFO  KafkaMetricsCollector:297 - initializing Kafka metrics collector
2026-01-01 16:06:56 INFO  AppInfoParser:124 - Kafka version: 3.7.0
2026-01-01 16:06:56 INFO  AppInfoParser:125 - Kafka commitId: 2ae524ed625438c5
2026-01-01 16:06:56 INFO  AppInfoParser:126 - Kafka startTimeMs: 1767263816280
2026-01-01 16:06:56 INFO  LegacyKafkaConsumer:475 - [Consumer clientId=consumer-my-group-1, groupId=my-group] Subscribed to topic(s): topic2
2026-01-01 16:06:56 INFO  Metadata:349 - [Producer clientId=producer-1] Cluster ID: KnaY91erT92QN5ly-M942w
2026-01-01 16:06:56 INFO  Metadata:349 - [Consumer clientId=consumer-my-group-1, groupId=my-group] Cluster ID: KnaY91erT92QN5ly-M942w
2026-01-01 16:06:56 INFO  TransactionManager:502 - [Producer clientId=producer-1] ProducerId set to 105 with epoch 0
2026-01-01 16:06:56 INFO  ConsumerCoordinator:936 - [Consumer clientId=consumer-my-group-1, groupId=my-group] Discovered group coordinator 10.129.148.129:9092 (id: 2147483647 rack: null)
2026-01-01 16:06:56 INFO  ConsumerCoordinator:604 - [Consumer clientId=consumer-my-group-1, groupId=my-group] (Re-)joining group
2026-01-01 16:06:56 INFO  ConsumerCoordinator:1102 - [Consumer clientId=consumer-my-group-1, groupId=my-group] Request joining group due to: need to re-join with the given member-id: consumer-my-group-1-108cdf01-edc5-4a54-9725-9f4613721464
2026-01-01 16:06:56 INFO  ConsumerCoordinator:604 - [Consumer clientId=consumer-my-group-1, groupId=my-group] (Re-)joining group
2026-01-01 16:06:56 INFO  ConsumerCoordinator:665 - [Consumer clientId=consumer-my-group-1, groupId=my-group] Successfully joined group with generation Generation{generationId=96, memberId='consumer-my-group-1-108cdf01-edc5-4a54-9725-9f4613721464', protocol='range'}
2026-01-01 16:06:56 INFO  ConsumerCoordinator:659 - [Consumer clientId=consumer-my-group-1, groupId=my-group] Finished assignment for group at generation 96: {consumer-my-group-1-108cdf01-edc5-4a54-9725-9f4613721464=Assignment(partitions=[topic2-0])}
2026-01-01 16:06:56 INFO  ConsumerCoordinator:842 - [Consumer clientId=consumer-my-group-1, groupId=my-group] Successfully synced group in generation Generation{generationId=96, memberId='consumer-my-group-1-108cdf01-edc5-4a54-9725-9f4613721464', protocol='range'}
2026-01-01 16:06:56 INFO  ConsumerCoordinator:319 - [Consumer clientId=consumer-my-group-1, groupId=my-group] Notifying assignor about the new Assignment(partitions=[topic2-0])
2026-01-01 16:06:56 INFO  ConsumerRebalanceListenerInvoker:56 - [Consumer clientId=consumer-my-group-1, groupId=my-group] Adding newly assigned partitions: topic2-0
2026-01-01 16:06:56 INFO  ConsumerUtils:199 - Setting offset for partition topic2-0 to the committed offset FetchPosition{offset=768408, offsetEpoch=Optional[0], currentLeader=LeaderAndEpoch{leader=Optional[10.129.148.129:9092 (id: 0 rack: null)], epoch=0}}
safedb syserr  data=java.nio.HeapByteBuffer[pos=0 lim=43 cap=43] &&& <ByteString@13f95696 size=43 contents="SELECT * FROM usertable WHERE YCSB_KEY=831;">
 Waiting for request 1767263816

safedb syserr  data=java.nio.HeapByteBuffer[pos=0 lim=41 cap=41] &&& <ByteString@32193bea size=41 contents="DELETE FROM usertable where YCSB_KEY=937;">
safedb syserr  data=java.nio.HeapByteBuffer[pos=0 lim=43 cap=43] &&& <ByteString@758705fa size=43 contents="SELECT * FROM usertable where YCSB_KEY=473;">
safedb syserr  data=java.nio.HeapByteBuffer[pos=0 lim=41 cap=41] &&& <ByteString@49d3c823 size=41 contents="DELETE FROM usertable WHERE YCSB_KEY=473;">
safedb syserr  data=java.nio.HeapByteBuffer[pos=0 lim=43 cap=43] &&& <ByteString@5ef6ae06 size=43 contents="SELECT * FROM usertable WHERE YCSB_KEY=778;">
safedb syserr  data=java.nio.HeapByteBuffer[pos=0 lim=43 cap=43] &&& <ByteString@1cdc4c27 size=43 contents="SELECT * FROM usertable WHERE YCSB_KEY=144;">
safedb syserr  data=java.nio.HeapByteBuffer[pos=0 lim=43 cap=43] &&& <ByteString@1e8ce150 size=43 contents="SELECT * FROM usertable WHERE YCSB_KEY=833;">
safedb syserr  data=java.nio.HeapByteBuffer[pos=0 lim=44 cap=44] &&& <ByteString@1b73be9f size=44 contents="SELECT * FROM usertable WHERE YCSB_KEY=1082;">
safedb syserr  data=java.nio.HeapByteBuffer[pos=0 lim=41 cap=41] &&& <ByteString@30b19518 size=41 contents="DELETE FROM usertable WHERE YCSB_KEY=950;">
safedb syserr  data=java.nio.HeapByteBuffer[pos=0 lim=43 cap=43] &&& <ByteString@6ad59d92 size=43 contents="SELECT * FROM usertable where YCSB_KEY=848;">
safedb syserr  data=java.nio.HeapByteBuffer[pos=0 lim=41 cap=41] &&& <ByteString@2cc44ad size=41 contents="DELETE FROM usertable WHERE YCSB_KEY=848;">
safedb syserr  data=java.nio.HeapByteBuffer[pos=0 lim=43 cap=43] &&& <ByteString@663411de size=43 contents="SELECT * FROM usertable WHERE YCSB_KEY=196;">
safedb syserr  data=java.nio.HeapByteBuffer[pos=0 lim=367 cap=367] &&& <ByteString@33b1c5c5 size=367 contents="INSERT INTO usertable (ycsb_key, FIELD10, FIELD...">
safedb syserr  data=java.nio.HeapByteBuffer[pos=0 lim=43 cap=43] &&& <ByteString@9ef8eb7 size=43 contents="SELECT * FROM usertable where YCSB_KEY=947;">
safedb syserr  data=java.nio.HeapByteBuffer[pos=0 lim=41 cap=41] &&& <ByteString@305a0c5f size=41 contents="DELETE FROM usertable WHERE YCSB_KEY=947;">
safedb syserr  data=java.nio.HeapByteBuffer[pos=0 lim=43 cap=43] &&& <ByteString@4372b9b6 size=43 contents="SELECT * FROM usertable WHERE YCSB_KEY=858;">
safedb syserr  data=java.nio.HeapByteBuffer[pos=0 lim=43 cap=43] &&& <ByteString@22ffa91a size=43 contents="SELECT * FROM usertable WHERE YCSB_KEY=808;">
safedb syserr  data=java.nio.HeapByteBuffer[pos=0 lim=367 cap=367] &&& <ByteString@40844aab size=367 contents="INSERT INTO usertable (ycsb_key, FIELD10, FIELD...">
safedb syserr  data=java.nio.HeapByteBuffer[pos=0 lim=41 cap=41] &&& <ByteString@66746f57 size=41 contents="DELETE FROM usertable WHERE YCSB_KEY=763;">
 Waiting for request 1767263816

safedb syserr  data=java.nio.HeapByteBuffer[pos=0 lim=43 cap=43] &&& <ByteString@28e8dde3 size=43 contents="SELECT * FROM usertable WHERE YCSB_KEY=336;">
safedb syserr  data=java.nio.HeapByteBuffer[pos=0 lim=367 cap=367] &&& <ByteString@1817f1eb size=367 contents="INSERT INTO usertable (ycsb_key, FIELD10, FIELD...">
safedb syserr  data=java.nio.HeapByteBuffer[pos=0 lim=43 cap=43] &&& <ByteString@301ec38b size=43 contents="SELECT * FROM usertable WHERE YCSB_KEY=197;">
safedb syserr  data=java.nio.HeapByteBuffer[pos=0 lim=43 cap=43] &&& <ByteString@c5dc4a2 size=43 contents="SELECT * FROM usertable WHERE YCSB_KEY=165;">
safedb syserr  data=java.nio.HeapByteBuffer[pos=0 lim=43 cap=43] &&& <ByteString@340b9973 size=43 contents="SELECT * FROM usertable WHERE YCSB_KEY=406;">
safedb syserr  data=java.nio.HeapByteBuffer[pos=0 lim=43 cap=43] &&& <ByteString@373ebf74 size=43 contents="SELECT * FROM usertable WHERE YCSB_KEY=590;">
safedb syserr  data=java.nio.HeapByteBuffer[pos=0 lim=367 cap=367] &&& <ByteString@189aa67a size=367 contents="INSERT INTO usertable (ycsb_key, FIELD10, FIELD...">
safedb syserr  data=java.nio.HeapByteBuffer[pos=0 lim=42 cap=42] &&& <ByteString@112f364d size=42 contents="SELECT * FROM usertable where YCSB_KEY=96;">
safedb syserr  data=java.nio.HeapByteBuffer[pos=0 lim=40 cap=40] &&& <ByteString@59252cb6 size=40 contents="DELETE FROM usertable WHERE YCSB_KEY=96;">
safedb syserr  data=java.nio.HeapByteBuffer[pos=0 lim=267 cap=267] &&& <ByteString@241e8ea6 size=267 contents="INSERT INTO usertable VALUES (12001,\'A1vCDlW9TS...">
safedb syserr  data=java.nio.HeapByteBuffer[pos=0 lim=43 cap=43] &&& <ByteString@4dc8caa7 size=43 contents="SELECT * FROM usertable WHERE YCSB_KEY=967;">
safedb syserr  data=java.nio.HeapByteBuffer[pos=0 lim=43 cap=43] &&& <ByteString@3b00856b size=43 contents="SELECT * FROM usertable WHERE YCSB_KEY=388;">
safedb syserr  data=java.nio.HeapByteBuffer[pos=0 lim=367 cap=367] &&& <ByteString@53d102a2 size=367 contents="INSERT INTO usertable (ycsb_key, FIELD10, FIELD...">
safedb syserr  data=java.nio.HeapByteBuffer[pos=0 lim=44 cap=44] &&& <ByteString@5aac4250 size=44 contents="SELECT * FROM usertable WHERE YCSB_KEY=1579;">
safedb syserr  data=java.nio.HeapByteBuffer[pos=0 lim=42 cap=42] &&& <ByteString@59f63e24 size=42 contents="SELECT * FROM usertable where YCSB_KEY=30;">
safedb syserr  data=java.nio.HeapByteBuffer[pos=0 lim=40 cap=40] &&& <ByteString@fade1fc size=40 contents="DELETE FROM usertable WHERE YCSB_KEY=30;">
safedb syserr  data=java.nio.HeapByteBuffer[pos=0 lim=40 cap=40] &&& <ByteString@613a8ee1 size=40 contents="DELETE FROM usertable where YCSB_KEY=41;">
safedb syserr  data=java.nio.HeapByteBuffer[pos=0 lim=41 cap=41] &&& <ByteString@1b765a2c size=41 contents="DELETE FROM usertable WHERE YCSB_KEY=751;">
safedb syserr  data=java.nio.HeapByteBuffer[pos=0 lim=43 cap=43] &&& <ByteString@18920cc size=43 contents="SELECT * FROM usertable where YCSB_KEY=419;">
safedb syserr  data=java.nio.HeapByteBuffer[pos=0 lim=366 cap=366] &&& <ByteString@6492fab5 size=366 contents="INSERT INTO usertable (ycsb_key, FIELD10, FIELD...">
safedb syserr  data=java.nio.HeapByteBuffer[pos=0 lim=41 cap=41] &&& <ByteString@5f6722d3 size=41 contents="DELETE FROM usertable WHERE YCSB_KEY=419;">
safedb syserr  data=java.nio.HeapByteBuffer[pos=0 lim=43 cap=43] &&& <ByteString@51972dc7 size=43 contents="SELECT * FROM usertable WHERE YCSB_KEY=549;">
 Waiting for request 1767263816

safedb syserr  data=java.nio.HeapByteBuffer[pos=0 lim=43 cap=43] &&& <ByteString@5911e990 size=43 contents="SELECT * FROM usertable WHERE YCSB_KEY=658;">
safedb syserr  data=java.nio.HeapByteBuffer[pos=0 lim=43 cap=43] &&& <ByteString@24d09c1 size=43 contents="SELECT * FROM usertable WHERE YCSB_KEY=400;">
safedb syserr  data=java.nio.HeapByteBuffer[pos=0 lim=366 cap=366] &&& <ByteString@47f4e407 size=366 contents="INSERT INTO usertable (ycsb_key, FIELD10, FIELD...">
safedb syserr  data=java.nio.HeapByteBuffer[pos=0 lim=42 cap=42] &&& <ByteString@fc258b1 size=42 contents="SELECT * FROM usertable WHERE YCSB_KEY=15;">
safedb syserr  data=java.nio.HeapByteBuffer[pos=0 lim=44 cap=44] &&& <ByteString@4af0df05 size=44 contents="SELECT * FROM usertable WHERE YCSB_KEY=1404;">
safedb syserr  data=java.nio.HeapByteBuffer[pos=0 lim=41 cap=41] &&& <ByteString@674bd420 size=41 contents="DELETE FROM usertable where YCSB_KEY=291;">
safedb syserr  data=java.nio.HeapByteBuffer[pos=0 lim=367 cap=367] &&& <ByteString@4b45dcb8 size=367 contents="INSERT INTO usertable (ycsb_key, FIELD10, FIELD...">
safedb syserr  data=java.nio.HeapByteBuffer[pos=0 lim=44 cap=44] &&& <ByteString@50ecde95 size=44 contents="SELECT * FROM usertable WHERE YCSB_KEY=1099;">
safedb syserr  data=java.nio.HeapByteBuffer[pos=0 lim=43 cap=43] &&& <ByteString@45815ffc size=43 contents="SELECT * FROM usertable WHERE YCSB_KEY=838;">
safedb syserr  data=java.nio.HeapByteBuffer[pos=0 lim=41 cap=41] &&& <ByteString@6622fc65 size=41 contents="DELETE FROM usertable WHERE YCSB_KEY=859;">
safedb syserr  data=java.nio.HeapByteBuffer[pos=0 lim=367 cap=367] &&& <ByteString@64ba3208 size=367 contents="INSERT INTO usertable (ycsb_key, FIELD10, FIELD...">
safedb syserr  data=java.nio.HeapByteBuffer[pos=0 lim=267 cap=267] &&& <ByteString@5e1fa5b1 size=267 contents="INSERT INTO usertable VALUES (12002,\'51OAI4dGn0...">
safedb syserr  data=java.nio.HeapByteBuffer[pos=0 lim=41 cap=41] &&& <ByteString@3e821657 size=41 contents="DELETE FROM usertable WHERE YCSB_KEY=497;">
safedb syserr  data=java.nio.HeapByteBuffer[pos=0 lim=43 cap=43] &&& <ByteString@615091b8 size=43 contents="SELECT * FROM usertable WHERE YCSB_KEY=565;">
safedb syserr  data=java.nio.HeapByteBuffer[pos=0 lim=43 cap=43] &&& <ByteString@43b6123e size=43 contents="SELECT * FROM usertable WHERE YCSB_KEY=655;">
safedb syserr  data=java.nio.HeapByteBuffer[pos=0 lim=43 cap=43] &&& <ByteString@12bd8a64 size=43 contents="SELECT * FROM usertable WHERE YCSB_KEY=429;">
safedb syserr  data=java.nio.HeapByteBuffer[pos=0 lim=44 cap=44] &&& <ByteString@ebb6851 size=44 contents="SELECT * FROM usertable WHERE YCSB_KEY=1539;">
safedb syserr  data=java.nio.HeapByteBuffer[pos=0 lim=43 cap=43] &&& <ByteString@6f152006 size=43 contents="SELECT * FROM usertable WHERE YCSB_KEY=631;">
safedb syserr  data=java.nio.HeapByteBuffer[pos=0 lim=43 cap=43] &&& <ByteString@7cbc3762 size=43 contents="SELECT * FROM usertable where YCSB_KEY=851;">
safedb syserr  data=java.nio.HeapByteBuffer[pos=0 lim=41 cap=41] &&& <ByteString@56303b57 size=41 contents="DELETE FROM usertable WHERE YCSB_KEY=851;">
safedb syserr  data=java.nio.HeapByteBuffer[pos=0 lim=367 cap=367] &&& <ByteString@78f5c518 size=367 contents="INSERT INTO usertable (ycsb_key, FIELD10, FIELD...">
safedb syserr  data=java.nio.HeapByteBuffer[pos=0 lim=43 cap=43] &&& <ByteString@753432a2 size=43 contents="SELECT * FROM usertable WHERE YCSB_KEY=574;">
safedb syserr  data=java.nio.HeapByteBuffer[pos=0 lim=40 cap=40] &&& <ByteString@44e3a2b2 size=40 contents="DELETE FROM usertable WHERE YCSB_KEY=48;">
safedb syserr  data=java.nio.HeapByteBuffer[pos=0 lim=367 cap=367] &&& <ByteString@1d2bd371 size=367 contents="INSERT INTO usertable (ycsb_key, FIELD10, FIELD...">
safedb syserr  data=java.nio.HeapByteBuffer[pos=0 lim=43 cap=43] &&& <ByteString@18bc345 size=43 contents="SELECT * FROM usertable WHERE YCSB_KEY=766;">
safedb syserr  data=java.nio.HeapByteBuffer[pos=0 lim=41 cap=41] &&& <ByteString@3724af13 size=41 contents="DELETE FROM usertable WHERE YCSB_KEY=368;">
safedb syserr  data=java.nio.HeapByteBuffer[pos=0 lim=43 cap=43] &&& <ByteString@180da663 size=43 contents="SELECT * FROM usertable WHERE YCSB_KEY=774;">
safedb syserr  data=java.nio.HeapByteBuffer[pos=0 lim=43 cap=43] &&& <ByteString@424ebba3 size=43 contents="SELECT * FROM usertable WHERE YCSB_KEY=602;">
safedb syserr  data=java.nio.HeapByteBuffer[pos=0 lim=43 cap=43] &&& <ByteString@7a560583 size=43 contents="SELECT * FROM usertable WHERE YCSB_KEY=740;">
safedb syserr  data=java.nio.HeapByteBuffer[pos=0 lim=43 cap=43] &&& <ByteString@77a7cf58 size=43 contents="SELECT * FROM usertable WHERE YCSB_KEY=966;">
 Waiting for request 1767263816

safedb syserr  data=java.nio.HeapByteBuffer[pos=0 lim=367 cap=367] &&& <ByteString@37efd131 size=367 contents="INSERT INTO usertable (ycsb_key, FIELD10, FIELD...">
safedb syserr  data=java.nio.HeapByteBuffer[pos=0 lim=43 cap=43] &&& <ByteString@60957c0f size=43 contents="SELECT * FROM usertable WHERE YCSB_KEY=324;">
safedb syserr  data=java.nio.HeapByteBuffer[pos=0 lim=43 cap=43] &&& <ByteString@1dd6d4b7 size=43 contents="SELECT * FROM usertable WHERE YCSB_KEY=136;">
safedb syserr  data=java.nio.HeapByteBuffer[pos=0 lim=43 cap=43] &&& <ByteString@784c3487 size=43 contents="SELECT * FROM usertable WHERE YCSB_KEY=416;">
safedb syserr  data=java.nio.HeapByteBuffer[pos=0 lim=366 cap=366] &&& <ByteString@7966baa7 size=366 contents="INSERT INTO usertable (ycsb_key, FIELD10, FIELD...">
safedb syserr  data=java.nio.HeapByteBuffer[pos=0 lim=41 cap=41] &&& <ByteString@2d36e77e size=41 contents="DELETE FROM usertable WHERE YCSB_KEY=343;">
safedb syserr  data=java.nio.HeapByteBuffer[pos=0 lim=367 cap=367] &&& <ByteString@366c4480 size=367 contents="INSERT INTO usertable (ycsb_key, FIELD10, FIELD...">
safedb syserr  data=java.nio.HeapByteBuffer[pos=0 lim=41 cap=41] &&& <ByteString@5cdd09b1 size=41 contents="DELETE FROM usertable WHERE YCSB_KEY=993;">
safedb syserr  data=java.nio.HeapByteBuffer[pos=0 lim=43 cap=43] &&& <ByteString@681a8b4e size=43 contents="SELECT * FROM usertable WHERE YCSB_KEY=409;">
safedb syserr  data=java.nio.HeapByteBuffer[pos=0 lim=42 cap=42] &&& <ByteString@4cf8b2dc size=42 contents="SELECT * FROM usertable WHERE YCSB_KEY=67;">
safedb syserr  data=java.nio.HeapByteBuffer[pos=0 lim=43 cap=43] &&& <ByteString@4218500f size=43 contents="SELECT * FROM usertable WHERE YCSB_KEY=855;">
safedb syserr  data=java.nio.HeapByteBuffer[pos=0 lim=41 cap=41] &&& <ByteString@c35172e size=41 contents="DELETE FROM usertable where YCSB_KEY=763;">
safedb syserr  data=java.nio.HeapByteBuffer[pos=0 lim=41 cap=41] &&& <ByteString@4566d049 size=41 contents="DELETE FROM usertable WHERE YCSB_KEY=975;">
safedb syserr  data=java.nio.HeapByteBuffer[pos=0 lim=267 cap=267] &&& <ByteString@1c3b9394 size=267 contents="INSERT INTO usertable VALUES (12003,\'rt8DejuOkV...">
safedb syserr  data=java.nio.HeapByteBuffer[pos=0 lim=43 cap=43] &&& <ByteString@4c2cc639 size=43 contents="SELECT * FROM usertable WHERE YCSB_KEY=686;">
safedb syserr  data=java.nio.HeapByteBuffer[pos=0 lim=43 cap=43] &&& <ByteString@ec2cc4 size=43 contents="SELECT * FROM usertable WHERE YCSB_KEY=123;">
safedb syserr  data=java.nio.HeapByteBuffer[pos=0 lim=367 cap=367] &&& <ByteString@333dd51e size=367 contents="INSERT INTO usertable (ycsb_key, FIELD10, FIELD...">
safedb syserr  data=java.nio.HeapByteBuffer[pos=0 lim=43 cap=43] &&& <ByteString@2cc3ad05 size=43 contents="SELECT * FROM usertable WHERE YCSB_KEY=296;">
safedb syserr  data=java.nio.HeapByteBuffer[pos=0 lim=43 cap=43] &&& <ByteString@3d9f6567 size=43 contents="SELECT * FROM usertable WHERE YCSB_KEY=603;">
safedb syserr  data=java.nio.HeapByteBuffer[pos=0 lim=367 cap=367] &&& <ByteString@35e5d0e5 size=367 contents="INSERT INTO usertable (ycsb_key, FIELD10, FIELD...">
safedb syserr  data=java.nio.HeapByteBuffer[pos=0 lim=42 cap=42] &&& <ByteString@655ef322 size=42 contents="SELECT * FROM usertable WHERE YCSB_KEY=33;">
safedb syserr  data=java.nio.HeapByteBuffer[pos=0 lim=43 cap=43] &&& <ByteString@5066d65f size=43 contents="SELECT * FROM usertable WHERE YCSB_KEY=891;">
safedb syserr  data=java.nio.HeapByteBuffer[pos=0 lim=43 cap=43] &&& <ByteString@3ecd267f size=43 contents="SELECT * FROM usertable WHERE YCSB_KEY=807;">
safedb syserr  data=java.nio.HeapByteBuffer[pos=0 lim=41 cap=41] &&& <ByteString@6bb2d00b size=41 contents="DELETE FROM usertable WHERE YCSB_KEY=194;">
safedb syserr  data=java.nio.HeapByteBuffer[pos=0 lim=41 cap=41] &&& <ByteString@319bc845 size=41 contents="DELETE FROM usertable WHERE YCSB_KEY=895;">
safedb syserr  data=java.nio.HeapByteBuffer[pos=0 lim=367 cap=367] &&& <ByteString@54e22bdd size=367 contents="INSERT INTO usertable (ycsb_key, FIELD10, FIELD...">
safedb syserr  data=java.nio.HeapByteBuffer[pos=0 lim=44 cap=44] &&& <ByteString@6b98a075 size=44 contents="SELECT * FROM usertable WHERE YCSB_KEY=1170;">
safedb syserr  data=java.nio.HeapByteBuffer[pos=0 lim=43 cap=43] &&& <ByteString@20b12f8a size=43 contents="SELECT * FROM usertable WHERE YCSB_KEY=881;">
safedb syserr  data=java.nio.HeapByteBuffer[pos=0 lim=43 cap=43] &&& <ByteString@54a67a45 size=43 contents="SELECT * FROM usertable where YCSB_KEY=897;">
safedb syserr  data=java.nio.HeapByteBuffer[pos=0 lim=41 cap=41] &&& <ByteString@522a32b1 size=41 contents="DELETE FROM usertable WHERE YCSB_KEY=897;">
safedb syserr  data=java.nio.HeapByteBuffer[pos=0 lim=43 cap=43] &&& <ByteString@5ddea849 size=43 contents="SELECT * FROM usertable WHERE YCSB_KEY=739;">
safedb syserr  data=java.nio.HeapByteBuffer[pos=0 lim=41 cap=41] &&& <ByteString@704f1591 size=41 contents="DELETE FROM usertable where YCSB_KEY=815;">
safedb syserr  data=java.nio.HeapByteBuffer[pos=0 lim=367 cap=367] &&& <ByteString@3fb6cf60 size=367 contents="INSERT INTO usertable (ycsb_key, FIELD10, FIELD...">
safedb syserr  data=java.nio.HeapByteBuffer[pos=0 lim=43 cap=43] &&& <ByteString@dfddc9a size=43 contents="SELECT * FROM usertable WHERE YCSB_KEY=884;">
safedb syserr  data=java.nio.HeapByteBuffer[pos=0 lim=367 cap=367] &&& <ByteString@aafcffa size=367 contents="INSERT INTO usertable (ycsb_key, FIELD10, FIELD...">
safedb syserr  data=java.nio.HeapByteBuffer[pos=0 lim=43 cap=43] &&& <ByteString@2b5f4d54 size=43 contents="SELECT * FROM usertable WHERE YCSB_KEY=723;">
safedb syserr  data=java.nio.HeapByteBuffer[pos=0 lim=43 cap=43] &&& <ByteString@6b7906b3 size=43 contents="SELECT * FROM usertable where YCSB_KEY=198;">
safedb syserr  data=java.nio.HeapByteBuffer[pos=0 lim=41 cap=41] &&& <ByteString@256f8274 size=41 contents="DELETE FROM usertable WHERE YCSB_KEY=198;">
safedb syserr  data=java.nio.HeapByteBuffer[pos=0 lim=43 cap=43] &&& <ByteString@315f43d5 size=43 contents="SELECT * FROM usertable WHERE YCSB_KEY=413;">
 Waiting for request 1767263817

safedb syserr  data=java.nio.HeapByteBuffer[pos=0 lim=367 cap=367] &&& <ByteString@2f05be7f size=367 contents="INSERT INTO usertable (ycsb_key, FIELD10, FIELD...">
safedb syserr  data=java.nio.HeapByteBuffer[pos=0 lim=43 cap=43] &&& <ByteString@7ac2e39b size=43 contents="SELECT * FROM usertable WHERE YCSB_KEY=411;">
safedb syserr  data=java.nio.HeapByteBuffer[pos=0 lim=43 cap=43] &&& <ByteString@3f6db3fb size=43 contents="SELECT * FROM usertable WHERE YCSB_KEY=811;">
safedb syserr  data=java.nio.HeapByteBuffer[pos=0 lim=43 cap=43] &&& <ByteString@3a0d172f size=43 contents="SELECT * FROM usertable WHERE YCSB_KEY=129;">
safedb syserr  data=java.nio.HeapByteBuffer[pos=0 lim=267 cap=267] &&& <ByteString@781f10f2 size=267 contents="INSERT INTO usertable VALUES (12004,\'SRg4mUoOlA...">
safedb syserr  data=java.nio.HeapByteBuffer[pos=0 lim=43 cap=43] &&& <ByteString@17cdf2d0 size=43 contents="SELECT * FROM usertable WHERE YCSB_KEY=173;">
safedb syserr  data=java.nio.HeapByteBuffer[pos=0 lim=267 cap=267] &&& <ByteString@2371aaca size=267 contents="INSERT INTO usertable VALUES (12005,\'SdguMjKrpF...">
safedb syserr  data=java.nio.HeapByteBuffer[pos=0 lim=43 cap=43] &&& <ByteString@7b5a12ae size=43 contents="SELECT * FROM usertable WHERE YCSB_KEY=124;">
safedb syserr  data=java.nio.HeapByteBuffer[pos=0 lim=44 cap=44] &&& <ByteString@14dda234 size=44 contents="SELECT * FROM usertable WHERE YCSB_KEY=1198;">
safedb syserr  data=java.nio.HeapByteBuffer[pos=0 lim=43 cap=43] &&& <ByteString@54d18072 size=43 contents="SELECT * FROM usertable where YCSB_KEY=135;">
safedb syserr  data=java.nio.HeapByteBuffer[pos=0 lim=41 cap=41] &&& <ByteString@424fd310 size=41 contents="DELETE FROM usertable WHERE YCSB_KEY=135;">
safedb syserr  data=java.nio.HeapByteBuffer[pos=0 lim=367 cap=367] &&& <ByteString@5286c33a size=367 contents="INSERT INTO usertable (ycsb_key, FIELD10, FIELD...">
safedb syserr  data=java.nio.HeapByteBuffer[pos=0 lim=43 cap=43] &&& <ByteString@6c25e6c4 size=43 contents="SELECT * FROM usertable WHERE YCSB_KEY=896;">
safedb syserr  data=java.nio.HeapByteBuffer[pos=0 lim=43 cap=43] &&& <ByteString@48a12036 size=43 contents="SELECT * FROM usertable WHERE YCSB_KEY=633;">
safedb syserr  data=java.nio.HeapByteBuffer[pos=0 lim=43 cap=43] &&& <ByteString@b70da4c size=43 contents="SELECT * FROM usertable WHERE YCSB_KEY=505;">
safedb syserr  data=java.nio.HeapByteBuffer[pos=0 lim=43 cap=43] &&& <ByteString@435fb7b5 size=43 contents="SELECT * FROM usertable WHERE YCSB_KEY=847;">
safedb syserr  data=java.nio.HeapByteBuffer[pos=0 lim=41 cap=41] &&& <ByteString@696f0212 size=41 contents="DELETE FROM usertable where YCSB_KEY=276;">
safedb syserr  data=java.nio.HeapByteBuffer[pos=0 lim=43 cap=43] &&& <ByteString@56c698e3 size=43 contents="SELECT * FROM usertable WHERE YCSB_KEY=807;">
safedb syserr  data=java.nio.HeapByteBuffer[pos=0 lim=41 cap=41] &&& <ByteString@19553973 size=41 contents="DELETE FROM usertable WHERE YCSB_KEY=821;">
safedb syserr  data=java.nio.HeapByteBuffer[pos=0 lim=44 cap=44] &&& <ByteString@4c4748bf size=44 contents="SELECT * FROM usertable WHERE YCSB_KEY=1665;">
safedb syserr  data=java.nio.HeapByteBuffer[pos=0 lim=43 cap=43] &&& <ByteString@73dce0e6 size=43 contents="SELECT * FROM usertable WHERE YCSB_KEY=703;">
safedb syserr  data=java.nio.HeapByteBuffer[pos=0 lim=367 cap=367] &&& <ByteString@4795ded0 size=367 contents="INSERT INTO usertable (ycsb_key, FIELD10, FIELD...">
safedb syserr  data=java.nio.HeapByteBuffer[pos=0 lim=41 cap=41] &&& <ByteString@2eced48b size=41 contents="DELETE FROM usertable WHERE YCSB_KEY=822;">
safedb syserr  data=java.nio.HeapByteBuffer[pos=0 lim=43 cap=43] &&& <ByteString@5c8504fd size=43 contents="SELECT * FROM usertable WHERE YCSB_KEY=706;">
safedb syserr  data=java.nio.HeapByteBuffer[pos=0 lim=42 cap=42] &&& <ByteString@3f07b12c size=42 contents="SELECT * FROM usertable WHERE YCSB_KEY=25;">
safedb syserr  data=java.nio.HeapByteBuffer[pos=0 lim=44 cap=44] &&& <ByteString@3e14c16d size=44 contents="SELECT * FROM usertable WHERE YCSB_KEY=1767;">
safedb syserr  data=java.nio.HeapByteBuffer[pos=0 lim=43 cap=43] &&& <ByteString@3d3ba765 size=43 contents="SELECT * FROM usertable WHERE YCSB_KEY=848;">
safedb syserr  data=java.nio.HeapByteBuffer[pos=0 lim=41 cap=41] &&& <ByteString@793138bd size=41 contents="SELECT * FROM usertable WHERE YCSB_KEY=7;">
safedb syserr  data=java.nio.HeapByteBuffer[pos=0 lim=44 cap=44] &&& <ByteString@33aeca0b size=44 contents="SELECT * FROM usertable WHERE YCSB_KEY=1016;">

 txReplies num keys sz= 0
2026-01-01 16:06:57 DEBUG RaftClient:484 - close client-243709E9EDE2
 Waiting for request 1767263817

 Waiting for request 1767263817

 Waiting for request 1767263817

 Waiting for request 1767263817

 Waiting for request 1767263817

 Waiting for request 1767263817

 Waiting for request 1767263817

 Waiting for request 1767263817

 Waiting for request 1767263818

 Waiting for request 1767263818

 Waiting for request 1767263818

 Waiting for request 1767263818

 Waiting for request 1767263818

 Waiting for request 1767263818

 Waiting for request 1767263818

 Waiting for request 1767263818

 Waiting for request 1767263818

 Waiting for request 1767263819

 Waiting for request 1767263819

 Waiting for request 1767263819

 Waiting for request 1767263819

 Waiting for request 1767263819

 Waiting for request 1767263819

 Waiting for request 1767263819

 Waiting for request 1767263819

 Waiting for request 1767263819

 Waiting for request 1767263819

 Waiting for request 1767263820

 Waiting for request 1767263820

 Waiting for request 1767263820

 Waiting for request 1767263820

 Waiting for request 1767263820

 Waiting for request 1767263820

 Waiting for request 1767263820

 Waiting for request 1767263820

 Waiting for request 1767263820

 Waiting for request 1767263821

 Waiting for request 1767263821

 Waiting for request 1767263821

 Waiting for request 1767263821

 Waiting for request 1767263821

 Waiting for request 1767263821

 Waiting for request 1767263821

 Waiting for request 1767263821

 Waiting for request 1767263821

 Waiting for request 1767263822

 Waiting for request 1767263822

 Waiting for request 1767263822

 Waiting for request 1767263822

 Waiting for request 1767263822

 Waiting for request 1767263822

 Waiting for request 1767263822

 Waiting for request 1767263822

 Waiting for request 1767263823

 Waiting for request 1767263823

 Waiting for request 1767263823

 Waiting for request 1767263823

 Waiting for request 1767263823

 Waiting for request 1767263823

 Waiting for request 1767263823

 Waiting for request 1767263823

 Waiting for request 1767263823

 Waiting for request 1767263824

 Waiting for request 1767263824

 Waiting for request 1767263824

 Waiting for request 1767263824

 Waiting for request 1767263824

 Waiting for request 1767263824

 Waiting for request 1767263824

 Waiting for request 1767263824

 Waiting for request 1767263824

 Waiting for request 1767263824

 Waiting for request 1767263825

 Waiting for request 1767263825

 Waiting for request 1767263825

 Waiting for request 1767263825

 Waiting for request 1767263825

 Waiting for request 1767263825

 Waiting for request 1767263825

 Waiting for request 1767263825

 Waiting for request 1767263826

 Waiting for request 1767263826

 Waiting for request 1767263826

 Waiting for request 1767263826

 Waiting for request 1767263826

 Waiting for request 1767263826

 Waiting for request 1767263826

 Waiting for request 1767263826

 Waiting for request 1767263826

 Waiting for request 1767263827

 Waiting for request 1767263827

 Waiting for request 1767263827

 Waiting for request 1767263827

 Waiting for request 1767263827

 Waiting for request 1767263827

 Waiting for request 1767263827

 Waiting for request 1767263827

 Waiting for request 1767263827

 Waiting for request 1767263827

 Waiting for request 1767263828

 Waiting for request 1767263828

 Waiting for request 1767263828

 Waiting for request 1767263828

 Waiting for request 1767263828

 Waiting for request 1767263828

 Waiting for request 1767263828

 Waiting for request 1767263828

 Waiting for request 1767263828

 Waiting for request 1767263829

 Waiting for request 1767263829

 Waiting for request 1767263829

 Waiting for request 1767263829

 Waiting for request 1767263829

 Waiting for request 1767263829

 Waiting for request 1767263829

 Waiting for request 1767263829

 Waiting for request 1767263829

 Waiting for request 1767263830

 Waiting for request 1767263830

 Waiting for request 1767263830

 Waiting for request 1767263830

 Waiting for request 1767263830

 Waiting for request 1767263830

 Waiting for request 1767263830

 Waiting for request 1767263830

 Waiting for request 1767263830

 Waiting for request 1767263830

 Waiting for request 1767263831

 Waiting for request 1767263831

 Waiting for request 1767263831

 Waiting for request 1767263831

 Waiting for request 1767263831

 Waiting for request 1767263831

 Waiting for request 1767263831

 Waiting for request 1767263831

 Waiting for request 1767263831

 Waiting for request 1767263832

 Waiting for request 1767263832

 Waiting for request 1767263832

 Waiting for request 1767263832

 Waiting for request 1767263832

 Waiting for request 1767263832

 Waiting for request 1767263832

 Waiting for request 1767263832

 Waiting for request 1767263832

 Waiting for request 1767263833

 Waiting for request 1767263833

 Waiting for request 1767263833

 Waiting for request 1767263833

 Waiting for request 1767263833

 Waiting for request 1767263833

 Waiting for request 1767263833

 Waiting for request 1767263833

 Waiting for request 1767263833

 Waiting for request 1767263834

 Waiting for request 1767263834

 Waiting for request 1767263834

 Waiting for request 1767263834

 Waiting for request 1767263834

 Waiting for request 1767263834

 Waiting for request 1767263834

 Waiting for request 1767263834

 Waiting for request 1767263834

 Waiting for request 1767263835

 Waiting for request 1767263835

 req= c2-15 startTime = 1036511413212 endTime= null
 req= c2-16 startTime = 1036511420557 endTime= null
 req= c2-13 startTime = 1036511397678 endTime= null
 req= c2-140 startTime = 1036511902220 endTime= null
 req= c2-14 startTime = 1036511403737 endTime= null
 req= c2-19 startTime = 1036511440607 endTime= null
 req= c2-17 startTime = 1036511427404 endTime= null
 req= c2-18 startTime = 1036511433341 endTime= null
 req= c2-22 startTime = 1036511459346 endTime= null
 req= c2-23 startTime = 1036511465194 endTime= null
 req= c2-20 startTime = 1036511446999 endTime= null
 req= c2-21 startTime = 1036511453776 endTime= null
 req= c2-26 startTime = 1036511483673 endTime= null
 req= c2-27 startTime = 1036511488725 endTime= null
 req= c2-24 startTime = 1036511472107 endTime= null
 req= c2-25 startTime = 1036511478074 endTime= null
 req= c2-28 startTime = 1036511493884 endTime= null
 req= c2-29 startTime = 1036511499636 endTime= null
 req= c2-30 startTime = 1036511506497 endTime= null
 req= c2-7 startTime = 1036511359279 endTime= null
 req= c2-33 startTime = 1036511524585 endTime= null
 req= c2-6 startTime = 1036511352695 endTime= null
 req= c2-34 startTime = 1036511529556 endTime= null
 req= c2-9 startTime = 1036511371701 endTime= null
 req= c2-31 startTime = 1036511512973 endTime= null
 req= c2-8 startTime = 1036511365758 endTime= null
 req= c2-32 startTime = 1036511518573 endTime= null
 req= c2-3 startTime = 1036511331112 endTime= null
 req= c2-2 startTime = 1036511319306 endTime= null
 req= c2-5 startTime = 1036511345833 endTime= null
 req= c2-4 startTime = 1036511337606 endTime= null
 req= c2-1 startTime = 1036510886123 endTime= null
 req= c2-37 startTime = 1036511544911 endTime= null
 req= c2-38 startTime = 1036511550509 endTime= null
 req= c2-35 startTime = 1036511534343 endTime= null
 req= c2-36 startTime = 1036511539488 endTime= null
 req= c2-39 startTime = 1036511555458 endTime= null
 req= c2-40 startTime = 1036511560998 endTime= null
 req= c2-124 startTime = 1036511848607 endTime= null
 req= c2-41 startTime = 1036511565622 endTime= null
 req= c2-123 startTime = 1036511844898 endTime= null
 req= c2-126 startTime = 1036511857121 endTime= null
 req= c2-125 startTime = 1036511852605 endTime= null
 req= c2-44 startTime = 1036511580350 endTime= null
 req= c2-120 startTime = 1036511835079 endTime= null
 req= c2-45 startTime = 1036511584590 endTime= null
 req= c2-42 startTime = 1036511569861 endTime= null
 req= c2-122 startTime = 1036511841778 endTime= null
 req= c2-43 startTime = 1036511575383 endTime= null
 req= c2-121 startTime = 1036511838692 endTime= null
 req= c2-128 startTime = 1036511867118 endTime= null
 req= c2-127 startTime = 1036511862045 endTime= null
 req= c2-129 startTime = 1036511872568 endTime= null
 req= c2-48 startTime = 1036511597614 endTime= null
 req= c2-49 startTime = 1036511601593 endTime= null
 req= c2-46 startTime = 1036511589010 endTime= null
 req= c2-47 startTime = 1036511593697 endTime= null
 req= c2-51 startTime = 1036511611564 endTime= null
 req= c2-135 startTime = 1036511889384 endTime= null
 req= c2-52 startTime = 1036511616186 endTime= null
 req= c2-134 startTime = 1036511886987 endTime= null
 req= c2-137 startTime = 1036511894392 endTime= null
 req= c2-50 startTime = 1036511606303 endTime= null
 req= c2-136 startTime = 1036511892040 endTime= null
 req= c2-55 startTime = 1036511628519 endTime= null
 req= c2-131 startTime = 1036511879210 endTime= null
 req= c2-56 startTime = 1036511632810 endTime= null
 req= c2-130 startTime = 1036511876178 endTime= null
 req= c2-53 startTime = 1036511620719 endTime= null
 req= c2-133 startTime = 1036511884501 endTime= null
 req= c2-54 startTime = 1036511624625 endTime= null
 req= c2-132 startTime = 1036511881978 endTime= null
 req= c2-139 startTime = 1036511899237 endTime= null
 req= c2-138 startTime = 1036511896604 endTime= null
 req= c2-59 startTime = 1036511643547 endTime= null
 req= c2-57 startTime = 1036511636573 endTime= null
 req= c2-58 startTime = 1036511639875 endTime= null
 req= c2-62 startTime = 1036511653922 endTime= null
 req= c2-102 startTime = 1036511783173 endTime= null
 req= c2-63 startTime = 1036511657707 endTime= null
 req= c2-101 startTime = 1036511780697 endTime= null
 req= c2-60 startTime = 1036511647078 endTime= null
 req= c2-104 startTime = 1036511788082 endTime= null
 req= c2-61 startTime = 1036511650327 endTime= null
 req= c2-103 startTime = 1036511785596 endTime= null
 req= c2-66 startTime = 1036511668816 endTime= null
 req= c2-67 startTime = 1036511671708 endTime= null
 req= c2-64 startTime = 1036511661495 endTime= null
 req= c2-100 startTime = 1036511777998 endTime= null
 req= c2-65 startTime = 1036511665493 endTime= null
 req= c2-109 startTime = 1036511801722 endTime= null
 req= c2-106 startTime = 1036511793453 endTime= null
 req= c2-105 startTime = 1036511790727 endTime= null
 req= c2-108 startTime = 1036511798915 endTime= null
 req= c2-107 startTime = 1036511796159 endTime= null
 req= c2-68 startTime = 1036511674363 endTime= null
 req= c2-69 startTime = 1036511676931 endTime= null
 req= c2-73 startTime = 1036511689188 endTime= null
 req= c2-113 startTime = 1036511814070 endTime= null
 req= c2-74 startTime = 1036511692062 endTime= null
 req= c2-112 startTime = 1036511810752 endTime= null
 req= c2-71 startTime = 1036511682957 endTime= null
 req= c2-115 startTime = 1036511819562 endTime= null
 req= c2-72 startTime = 1036511685939 endTime= null
 req= c2-114 startTime = 1036511816866 endTime= null
 req= c2-77 startTime = 1036511700759 endTime= null
 req= c2-78 startTime = 1036511703939 endTime= null
 req= c2-75 startTime = 1036511694808 endTime= null
 req= c2-111 startTime = 1036511807214 endTime= null
 req= c2-76 startTime = 1036511697728 endTime= null
 req= c2-110 startTime = 1036511804451 endTime= null
 req= c2-117 startTime = 1036511825521 endTime= null
 req= c2-70 startTime = 1036511679682 endTime= null
 req= c2-116 startTime = 1036511822464 endTime= null
 req= c2-119 startTime = 1036511832048 endTime= null
 req= c2-118 startTime = 1036511828634 endTime= null
 req= c2-79 startTime = 1036511707235 endTime= null
 req= c2-84 startTime = 1036511724341 endTime= null
 req= c2-85 startTime = 1036511728232 endTime= null
 req= c2-82 startTime = 1036511716807 endTime= null
 req= c2-83 startTime = 1036511720621 endTime= null
 req= c2-88 startTime = 1036511741323 endTime= null
 req= c2-89 startTime = 1036511745102 endTime= null
 req= c2-86 startTime = 1036511732704 endTime= null
 req= c2-87 startTime = 1036511737317 endTime= null
 req= c2-80 startTime = 1036511710415 endTime= null
 req= c2-81 startTime = 1036511713468 endTime= null
 req= c2-95 startTime = 1036511763586 endTime= null
 req= c2-96 startTime = 1036511766248 endTime= null
 req= c2-93 startTime = 1036511757663 endTime= null
 req= c2-94 startTime = 1036511760696 endTime= null
 req= c2-11 startTime = 1036511383918 endTime= null
 req= c2-99 startTime = 1036511775379 endTime= null
 req= c2-12 startTime = 1036511390582 endTime= null
 req= c2-97 startTime = 1036511769150 endTime= null
 req= c2-10 startTime = 1036511377645 endTime= null
 req= c2-98 startTime = 1036511772362 endTime= null
 req= c2-91 startTime = 1036511751717 endTime= null
 req= c2-92 startTime = 1036511754645 endTime= null
 req= c2-90 startTime = 1036511748644 endTime= null
 Waiting for request 1767263835

 Waiting for request 1767263835

 Waiting for request 1767263835

 Waiting for request 1767263835

 Waiting for request 1767263835

 Waiting for request 1767263835

 Waiting for request 1767263835

 Waiting for request 1767263835

 Waiting for request 1767263836

 Waiting for request 1767263836

 Waiting for request 1767263836

 Waiting for request 1767263836

 Waiting for request 1767263836

 Waiting for request 1767263836

