Found /home/anant2040/git/ratis/ratis-examples/target/ratis-examples-3.2.0-SNAPSHOT.jar
Starting Async write now 
safedb syserr  data=java.nio.HeapByteBuffer[pos=0 lim=43 cap=43] &&& <ByteString@18078bef size=43 contents="SELECT * FROM usertable WHERE YCSB_KEY=868;">
2025-12-21 16:50:59 INFO  ProducerConfig:370 - ProducerConfig values: 
	acks = -1
	auto.include.jmx.reporter = true
	batch.size = 16384
	bootstrap.servers = [10.129.148.129:9092]
	buffer.memory = 33554432
	client.dns.lookup = use_all_dns_ips
	client.id = producer-1
	compression.type = none
	connections.max.idle.ms = 540000
	delivery.timeout.ms = 120000
	enable.idempotence = true
	enable.metrics.push = true
	interceptor.classes = []
	key.serializer = class org.apache.kafka.common.serialization.StringSerializer
	linger.ms = 0
	max.block.ms = 60000
	max.in.flight.requests.per.connection = 5
	max.request.size = 1048576
	metadata.max.age.ms = 300000
	metadata.max.idle.ms = 300000
	metric.reporters = []
	metrics.num.samples = 2
	metrics.recording.level = INFO
	metrics.sample.window.ms = 30000
	partitioner.adaptive.partitioning.enable = true
	partitioner.availability.timeout.ms = 0
	partitioner.class = null
	partitioner.ignore.keys = false
	receive.buffer.bytes = 32768
	reconnect.backoff.max.ms = 1000
	reconnect.backoff.ms = 50
	request.timeout.ms = 30000
	retries = 2147483647
	retry.backoff.max.ms = 1000
	retry.backoff.ms = 100
	sasl.client.callback.handler.class = null
	sasl.jaas.config = null
	sasl.kerberos.kinit.cmd = /usr/bin/kinit
	sasl.kerberos.min.time.before.relogin = 60000
	sasl.kerberos.service.name = null
	sasl.kerberos.ticket.renew.jitter = 0.05
	sasl.kerberos.ticket.renew.window.factor = 0.8
	sasl.login.callback.handler.class = null
	sasl.login.class = null
	sasl.login.connect.timeout.ms = null
	sasl.login.read.timeout.ms = null
	sasl.login.refresh.buffer.seconds = 300
	sasl.login.refresh.min.period.seconds = 60
	sasl.login.refresh.window.factor = 0.8
	sasl.login.refresh.window.jitter = 0.05
	sasl.login.retry.backoff.max.ms = 10000
	sasl.login.retry.backoff.ms = 100
	sasl.mechanism = GSSAPI
	sasl.oauthbearer.clock.skew.seconds = 30
	sasl.oauthbearer.expected.audience = null
	sasl.oauthbearer.expected.issuer = null
	sasl.oauthbearer.jwks.endpoint.refresh.ms = 3600000
	sasl.oauthbearer.jwks.endpoint.retry.backoff.max.ms = 10000
	sasl.oauthbearer.jwks.endpoint.retry.backoff.ms = 100
	sasl.oauthbearer.jwks.endpoint.url = null
	sasl.oauthbearer.scope.claim.name = scope
	sasl.oauthbearer.sub.claim.name = sub
	sasl.oauthbearer.token.endpoint.url = null
	security.protocol = PLAINTEXT
	security.providers = null
	send.buffer.bytes = 131072
	socket.connection.setup.timeout.max.ms = 30000
	socket.connection.setup.timeout.ms = 10000
	ssl.cipher.suites = null
	ssl.enabled.protocols = [TLSv1.2, TLSv1.3]
	ssl.endpoint.identification.algorithm = https
	ssl.engine.factory.class = null
	ssl.key.password = null
	ssl.keymanager.algorithm = SunX509
	ssl.keystore.certificate.chain = null
	ssl.keystore.key = null
	ssl.keystore.location = null
	ssl.keystore.password = null
	ssl.keystore.type = JKS
	ssl.protocol = TLSv1.3
	ssl.provider = null
	ssl.secure.random.implementation = null
	ssl.trustmanager.algorithm = PKIX
	ssl.truststore.certificates = null
	ssl.truststore.location = null
	ssl.truststore.password = null
	ssl.truststore.type = JKS
	transaction.timeout.ms = 60000
	transactional.id = null
	value.serializer = class org.apache.kafka.common.serialization.StringSerializer

2025-12-21 16:50:59 INFO  KafkaMetricsCollector:297 - initializing Kafka metrics collector
2025-12-21 16:50:59 INFO  KafkaProducer:597 - [Producer clientId=producer-1] Instantiated an idempotent producer.
2025-12-21 16:50:59 INFO  AppInfoParser:124 - Kafka version: 3.7.0
2025-12-21 16:50:59 INFO  AppInfoParser:125 - Kafka commitId: 2ae524ed625438c5
2025-12-21 16:50:59 INFO  AppInfoParser:126 - Kafka startTimeMs: 1766316059907
2025-12-21 16:50:59 INFO  ConsumerConfig:370 - ConsumerConfig values: 
	allow.auto.create.topics = true
	auto.commit.interval.ms = 5000
	auto.include.jmx.reporter = true
	auto.offset.reset = latest
	bootstrap.servers = [10.129.148.129:9092]
	check.crcs = true
	client.dns.lookup = use_all_dns_ips
	client.id = consumer-my-group-1
	client.rack = 
	connections.max.idle.ms = 540000
	default.api.timeout.ms = 60000
	enable.auto.commit = true
	enable.metrics.push = true
	exclude.internal.topics = true
	fetch.max.bytes = 52428800
	fetch.max.wait.ms = 500
	fetch.min.bytes = 1
	group.id = my-group
	group.instance.id = null
	group.protocol = classic
	group.remote.assignor = null
	heartbeat.interval.ms = 3000
	interceptor.classes = []
	internal.leave.group.on.close = true
	internal.throw.on.fetch.stable.offset.unsupported = false
	isolation.level = read_uncommitted
	key.deserializer = class org.apache.kafka.common.serialization.StringDeserializer
	max.partition.fetch.bytes = 1048576
	max.poll.interval.ms = 300000
	max.poll.records = 500
	metadata.max.age.ms = 300000
	metric.reporters = []
	metrics.num.samples = 2
	metrics.recording.level = INFO
	metrics.sample.window.ms = 30000
	partition.assignment.strategy = [class org.apache.kafka.clients.consumer.RangeAssignor, class org.apache.kafka.clients.consumer.CooperativeStickyAssignor]
	receive.buffer.bytes = 65536
	reconnect.backoff.max.ms = 1000
	reconnect.backoff.ms = 50
	request.timeout.ms = 30000
	retry.backoff.max.ms = 1000
	retry.backoff.ms = 100
	sasl.client.callback.handler.class = null
	sasl.jaas.config = null
	sasl.kerberos.kinit.cmd = /usr/bin/kinit
	sasl.kerberos.min.time.before.relogin = 60000
	sasl.kerberos.service.name = null
	sasl.kerberos.ticket.renew.jitter = 0.05
	sasl.kerberos.ticket.renew.window.factor = 0.8
	sasl.login.callback.handler.class = null
	sasl.login.class = null
	sasl.login.connect.timeout.ms = null
	sasl.login.read.timeout.ms = null
	sasl.login.refresh.buffer.seconds = 300
	sasl.login.refresh.min.period.seconds = 60
	sasl.login.refresh.window.factor = 0.8
	sasl.login.refresh.window.jitter = 0.05
	sasl.login.retry.backoff.max.ms = 10000
	sasl.login.retry.backoff.ms = 100
	sasl.mechanism = GSSAPI
	sasl.oauthbearer.clock.skew.seconds = 30
	sasl.oauthbearer.expected.audience = null
	sasl.oauthbearer.expected.issuer = null
	sasl.oauthbearer.jwks.endpoint.refresh.ms = 3600000
	sasl.oauthbearer.jwks.endpoint.retry.backoff.max.ms = 10000
	sasl.oauthbearer.jwks.endpoint.retry.backoff.ms = 100
	sasl.oauthbearer.jwks.endpoint.url = null
	sasl.oauthbearer.scope.claim.name = scope
	sasl.oauthbearer.sub.claim.name = sub
	sasl.oauthbearer.token.endpoint.url = null
	security.protocol = PLAINTEXT
	security.providers = null
	send.buffer.bytes = 131072
	session.timeout.ms = 45000
	socket.connection.setup.timeout.max.ms = 30000
	socket.connection.setup.timeout.ms = 10000
	ssl.cipher.suites = null
	ssl.enabled.protocols = [TLSv1.2, TLSv1.3]
	ssl.endpoint.identification.algorithm = https
	ssl.engine.factory.class = null
	ssl.key.password = null
	ssl.keymanager.algorithm = SunX509
	ssl.keystore.certificate.chain = null
	ssl.keystore.key = null
	ssl.keystore.location = null
	ssl.keystore.password = null
	ssl.keystore.type = JKS
	ssl.protocol = TLSv1.3
	ssl.provider = null
	ssl.secure.random.implementation = null
	ssl.trustmanager.algorithm = PKIX
	ssl.truststore.certificates = null
	ssl.truststore.location = null
	ssl.truststore.password = null
	ssl.truststore.type = JKS
	value.deserializer = class org.apache.kafka.common.serialization.StringDeserializer

2025-12-21 16:50:59 INFO  KafkaMetricsCollector:297 - initializing Kafka metrics collector
2025-12-21 16:50:59 INFO  AppInfoParser:124 - Kafka version: 3.7.0
2025-12-21 16:50:59 INFO  AppInfoParser:125 - Kafka commitId: 2ae524ed625438c5
2025-12-21 16:50:59 INFO  AppInfoParser:126 - Kafka startTimeMs: 1766316059943
2025-12-21 16:50:59 INFO  LegacyKafkaConsumer:475 - [Consumer clientId=consumer-my-group-1, groupId=my-group] Subscribed to topic(s): topic2
2025-12-21 16:51:00 INFO  Metadata:349 - [Producer clientId=producer-1] Cluster ID: KnaY91erT92QN5ly-M942w
2025-12-21 16:51:00 INFO  Metadata:349 - [Consumer clientId=consumer-my-group-1, groupId=my-group] Cluster ID: KnaY91erT92QN5ly-M942w
2025-12-21 16:51:00 INFO  TransactionManager:502 - [Producer clientId=producer-1] ProducerId set to 87 with epoch 0
2025-12-21 16:51:00 INFO  ConsumerCoordinator:936 - [Consumer clientId=consumer-my-group-1, groupId=my-group] Discovered group coordinator 10.129.148.129:9092 (id: 2147483647 rack: null)
2025-12-21 16:51:00 INFO  ConsumerCoordinator:604 - [Consumer clientId=consumer-my-group-1, groupId=my-group] (Re-)joining group
2025-12-21 16:51:00 INFO  ConsumerCoordinator:1102 - [Consumer clientId=consumer-my-group-1, groupId=my-group] Request joining group due to: need to re-join with the given member-id: consumer-my-group-1-2dd09c19-a92a-4597-a113-caaae7076404
2025-12-21 16:51:00 INFO  ConsumerCoordinator:604 - [Consumer clientId=consumer-my-group-1, groupId=my-group] (Re-)joining group
2025-12-21 16:51:00 INFO  ConsumerCoordinator:665 - [Consumer clientId=consumer-my-group-1, groupId=my-group] Successfully joined group with generation Generation{generationId=80, memberId='consumer-my-group-1-2dd09c19-a92a-4597-a113-caaae7076404', protocol='range'}
2025-12-21 16:51:00 INFO  ConsumerCoordinator:659 - [Consumer clientId=consumer-my-group-1, groupId=my-group] Finished assignment for group at generation 80: {consumer-my-group-1-2dd09c19-a92a-4597-a113-caaae7076404=Assignment(partitions=[topic2-0])}
2025-12-21 16:51:00 INFO  ConsumerCoordinator:842 - [Consumer clientId=consumer-my-group-1, groupId=my-group] Successfully synced group in generation Generation{generationId=80, memberId='consumer-my-group-1-2dd09c19-a92a-4597-a113-caaae7076404', protocol='range'}
2025-12-21 16:51:00 INFO  ConsumerCoordinator:319 - [Consumer clientId=consumer-my-group-1, groupId=my-group] Notifying assignor about the new Assignment(partitions=[topic2-0])
2025-12-21 16:51:00 INFO  ConsumerRebalanceListenerInvoker:56 - [Consumer clientId=consumer-my-group-1, groupId=my-group] Adding newly assigned partitions: topic2-0
2025-12-21 16:51:00 INFO  ConsumerUtils:199 - Setting offset for partition topic2-0 to the committed offset FetchPosition{offset=649707, offsetEpoch=Optional[0], currentLeader=LeaderAndEpoch{leader=Optional[10.129.148.129:9092 (id: 0 rack: null)], epoch=0}}
safedb syserr  data=java.nio.HeapByteBuffer[pos=0 lim=43 cap=43] &&& <ByteString@32193bea size=43 contents="SELECT * FROM usertable WHERE YCSB_KEY=831;">
safedb syserr  data=java.nio.HeapByteBuffer[pos=0 lim=41 cap=41] &&& <ByteString@758705fa size=41 contents="DELETE FROM usertable where YCSB_KEY=937;">
safedb syserr  data=java.nio.HeapByteBuffer[pos=0 lim=43 cap=43] &&& <ByteString@49d3c823 size=43 contents="SELECT * FROM usertable where YCSB_KEY=473;">

 pt... Kafka Consumer Record in braces:(c2-1 0 SELECT 1 [(868, 'YwxtTWAHiqkOJNCihsBi', '68hkO95VmWsHWqwEyvWD', 'ertD1y5XruMYqIVAbN4p', 'x72FhUdKhULL7PFl8jMg', '10kTAB7ZfkrMMMwectK9', '4z3KiFW7OK4bLco9jXcu', 'aC29VqWNockytVzCITZJ', 'wCuelaxKgrZqgDveTGHy', 'esmVd3TOseRzfXZk0Fdr', 'Gklz3kbbmkonscUr6Y8W')])

safedb syserr  data=java.nio.HeapByteBuffer[pos=0 lim=41 cap=41] &&& <ByteString@604c5de8 size=41 contents="DELETE FROM usertable WHERE YCSB_KEY=473;">

 pt... Kafka Consumer Record in braces:(c2-2 0 SELECT 1 [(831, 's4INFaeA6LzaaxIRWxtC', 'QjL9cSTEKeIlQLV77wFA', 'Exuy5KkWLB8rFy4pzi6S', 'fsfhTB3ip0PwJfUf4Tz5', 'wu7lOQO8tNp7Mhf2XOR0', 'fEgWlS8VKsAChsL9Kl5z', 'EWah3XklTdDi2zv2YBxu', 'qvaIBrrh03PVPcASIOWY', 'jVqeVpzOviXtLJuFmfJ1', 'yFXrzDekuLPImOZNeCD0')])


 pt... Kafka Consumer Record in braces:(c2-3 0 DELETE 1)


 pt... Kafka Consumer Record in braces:(c2-4 0 SELECT 1 [(473, 'ImnFCt8UwMV1txW2YYRX', 'L7YxEbBwIObBnrM03XId', '0KcicnqVPOnz5tvTHTSO', 'E1Ixpb8wAUrKHw2GmqkK', '1BcXCVUfWZ8BZrAYs7t1', '2tFsRxnuIYEzqygJNzXJ', 'ZD9vUY5YMH4cKhUAYkHl', 'S9lUwmllj6wBW8ucTPiQ', 'KhVsIeeTIRKZxnUcKJ8o', 'f62pFaYbBuiUO4VWQKFe')])

safedb syserr  data=java.nio.HeapByteBuffer[pos=0 lim=43 cap=43] &&& <ByteString@57abad67 size=43 contents="SELECT * FROM usertable WHERE YCSB_KEY=778;">

 pt... Kafka Consumer Record in braces:(c2-5 0 DELETE 1)

safedb syserr  data=java.nio.HeapByteBuffer[pos=0 lim=43 cap=43] &&& <ByteString@52851b44 size=43 contents="SELECT * FROM usertable WHERE YCSB_KEY=144;">

 pt... Kafka Consumer Record in braces:(c2-6 0 SELECT 1 [(778, 'DFSXMjXMm7WOlJYm16Lh', 'fi4oLP4GFL6eZecBOOU0', 'GDD6CPsRXx3nHQuc6Bmp', 'EdiIUOzbXZf1nMY7m4lK', 'SSVYHQw9iTaEq1g8W0Cr', 'TJ3Uh2da4RUMWi0VUJ0A', 'e5II1aBjMPE7D6e6blJy', 'dMD56PvWGbYiuqJPvrew', 'VZlWaLtCrTWw96p0YiBz', 'OUYjBJs9nTn50QKYNjNG')])

safedb syserr  data=java.nio.HeapByteBuffer[pos=0 lim=43 cap=43] &&& <ByteString@576f63f6 size=43 contents="SELECT * FROM usertable WHERE YCSB_KEY=833;">

 pt... Kafka Consumer Record in braces:(c2-7 0 SELECT 1 [(144, 'nmx7GE5CKM1Nu6BG8jUM', 'yi5vYi29fcgMkiWQgOJ7', 'Lv32oPfiCp2PbbrrTxVn', 'PiVHklyaSIizoaohlbvc', 'HDnxwu8OwFQK9VPhCg3t', 'WjscGgls57VyrVNNp8jm', 'N5uuALd8nIzlYgEOf0Gb', '2P00POI0ca3tes83Wpwi', 'AcOVcTCY6AEuP3oHvbEm', 'REsp1540XTtTXZ3Wpbss')])

safedb syserr  data=java.nio.HeapByteBuffer[pos=0 lim=44 cap=44] &&& <ByteString@ff684e1 size=44 contents="SELECT * FROM usertable WHERE YCSB_KEY=1082;">

 pt... Kafka Consumer Record in braces:(c2-8 0 SELECT 1 [(833, 'qdHRKWTvyu3vWL1NtbH2', 'atewT1tRLsGl9S8yQFBJ', 'KxhmVwhLexPXg6C7fzqM', 'VBBwN0H6zvLNV4y8M6Vv', 'mTbI42RW0D13S8elby9F', '4Ok4z07TmbHqdet7kmsb', 'KOgCmFK4R2EbGZIRzAbj', 'Sa1OO8mDSamb43JTEUb4', 'AWcTp7yrp7iMJfya5l8K', 'PFywAKwyJC3IDKNL4frf')])

safedb syserr  data=java.nio.HeapByteBuffer[pos=0 lim=41 cap=41] &&& <ByteString@55dfebeb size=41 contents="DELETE FROM usertable WHERE YCSB_KEY=950;">

 pt... Kafka Consumer Record in braces:(c2-9 0 SELECT 1 [(1082, 'FykI6Vojnpq36vV17CNY', 'AzVJcluVnJZqGxVlBLkc', 'xf5NzUHVLBkh9JbkIRZi', 'gWe2Rj8drLe3QonSqq41', 'ixy1x3cRWZu6zdy5SzY1', 'dYPbDle2Wbrt50N4ukh0', 'lPcA1zVpWqGoFG5HaPJF', 'H78oA3t2m0PP9Df7rSV0', 'H2MGKdu2YXRdbXmnKurF', 'Sfq0eKZkTpb1BS7I20zR')])

safedb syserr  data=java.nio.HeapByteBuffer[pos=0 lim=43 cap=43] &&& <ByteString@77b14724 size=43 contents="SELECT * FROM usertable where YCSB_KEY=848;">

 pt... Kafka Consumer Record in braces:(c2-10 0 DELETE 1)

safedb syserr  data=java.nio.HeapByteBuffer[pos=0 lim=41 cap=41] &&& <ByteString@604f2bd2 size=41 contents="DELETE FROM usertable WHERE YCSB_KEY=848;">

 pt... Kafka Consumer Record in braces:(c2-11 0 SELECT 1 [(848, 'YwxtTWAHiqkOJNCihsBi', '68hkO95VmWsHWqwEyvWD', 'ertD1y5XruMYqIVAbN4p', 'x72FhUdKhULL7PFl8jMg', '10kTAB7ZfkrMMMwectK9', '4z3KiFW7OK4bLco9jXcu', 'aC29VqWNockytVzCITZJ', 'wCuelaxKgrZqgDveTGHy', 'esmVd3TOseRzfXZk0Fdr', 'Gklz3kbbmkonscUr6Y8W')])

safedb syserr  data=java.nio.HeapByteBuffer[pos=0 lim=43 cap=43] &&& <ByteString@628c4ac0 size=43 contents="SELECT * FROM usertable WHERE YCSB_KEY=196;">

 pt... Kafka Consumer Record in braces:(c2-12 0 DELETE 1)

safedb syserr  data=java.nio.HeapByteBuffer[pos=0 lim=367 cap=367] &&& <ByteString@366ac49b size=367 contents="INSERT INTO usertable (ycsb_key, FIELD10, FIELD...">

 pt... Kafka Consumer Record in braces:(c2-13 0 SELECT 1 [(196, 'YwxtTWAHiqkOJNCihsBi', '68hkO95VmWsHWqwEyvWD', 'ertD1y5XruMYqIVAbN4p', 'x72FhUdKhULL7PFl8jMg', '10kTAB7ZfkrMMMwectK9', '4z3KiFW7OK4bLco9jXcu', 'aC29VqWNockytVzCITZJ', 'wCuelaxKgrZqgDveTGHy', 'esmVd3TOseRzfXZk0Fdr', 'Gklz3kbbmkonscUr6Y8W')])

safedb syserr  data=java.nio.HeapByteBuffer[pos=0 lim=43 cap=43] &&& <ByteString@62e20a76 size=43 contents="SELECT * FROM usertable where YCSB_KEY=947;">

 pt... Kafka Consumer Record in braces:(c2-14 0 INSERT 0 1)

safedb syserr  data=java.nio.HeapByteBuffer[pos=0 lim=41 cap=41] &&& <ByteString@1477089c size=41 contents="DELETE FROM usertable WHERE YCSB_KEY=947;">

 pt... Kafka Consumer Record in braces:(c2-15 0 SELECT 1 [(947, 'YwxtTWAHiqkOJNCihsBi', '68hkO95VmWsHWqwEyvWD', 'ertD1y5XruMYqIVAbN4p', 'x72FhUdKhULL7PFl8jMg', '10kTAB7ZfkrMMMwectK9', '4z3KiFW7OK4bLco9jXcu', 'aC29VqWNockytVzCITZJ', 'wCuelaxKgrZqgDveTGHy', 'esmVd3TOseRzfXZk0Fdr', 'Gklz3kbbmkonscUr6Y8W')])

safedb syserr  data=java.nio.HeapByteBuffer[pos=0 lim=43 cap=43] &&& <ByteString@59d2400d size=43 contents="SELECT * FROM usertable WHERE YCSB_KEY=858;">

 pt... Kafka Consumer Record in braces:(c2-16 0 DELETE 1)

safedb syserr  data=java.nio.HeapByteBuffer[pos=0 lim=43 cap=43] &&& <ByteString@5b202a3a size=43 contents="SELECT * FROM usertable WHERE YCSB_KEY=808;">

 pt... Kafka Consumer Record in braces:(c2-17 0 SELECT 1 [(858, 'YwxtTWAHiqkOJNCihsBi', '68hkO95VmWsHWqwEyvWD', 'ertD1y5XruMYqIVAbN4p', 'x72FhUdKhULL7PFl8jMg', '10kTAB7ZfkrMMMwectK9', '4z3KiFW7OK4bLco9jXcu', 'aC29VqWNockytVzCITZJ', 'wCuelaxKgrZqgDveTGHy', 'esmVd3TOseRzfXZk0Fdr', 'Gklz3kbbmkonscUr6Y8W')])

safedb syserr  data=java.nio.HeapByteBuffer[pos=0 lim=367 cap=367] &&& <ByteString@34cdeda2 size=367 contents="INSERT INTO usertable (ycsb_key, FIELD10, FIELD...">

 pt... Kafka Consumer Record in braces:(c2-18 0 SELECT 1 [(808, 'FBV0uy09qCs49C0eMYwV', 'JypERKVf4acO8UwC7Yo9', '2mJn7gtZ578zB6CSWC7y', 'qk8lGbwmeRIUbvbKGf1h', 'sEFwZ21pXrWfwLJ0vF40', 'v3nxHVlCd7LvwT4Ju5nL', '8YdJsKBu7uPWBwGHlsZW', 'gDstyhUjtPk2lQKg4mP5', '2etVaiZxvvvlYVkR2Wo4', '6ZW4yliESm78jqngycQD')])

safedb syserr  data=java.nio.HeapByteBuffer[pos=0 lim=41 cap=41] &&& <ByteString@4535b6d5 size=41 contents="DELETE FROM usertable WHERE YCSB_KEY=763;">

 pt... Kafka Consumer Record in braces:(c2-19 0 INSERT 0 1)

safedb syserr  data=java.nio.HeapByteBuffer[pos=0 lim=43 cap=43] &&& <ByteString@232a7d73 size=43 contents="SELECT * FROM usertable WHERE YCSB_KEY=336;">

 pt... Kafka Consumer Record in braces:(c2-20 0 DELETE 1)

safedb syserr  data=java.nio.HeapByteBuffer[pos=0 lim=367 cap=367] &&& <ByteString@74960bfa size=367 contents="INSERT INTO usertable (ycsb_key, FIELD10, FIELD...">

 pt... Kafka Consumer Record in braces:(c2-21 0 SELECT 1 [(336, 'BJX4oN9XAD2SH5y2BdFG', 'DwumNKINdhaSE7dRkyyu', 'u922kl5FyPBHT3b0L5Ts', 'BXtGNIiiEk7P3PU4wnke', '4h3pnJ2J3Ks8qR30IJEd', 'h2Pq7O1QsZQwGdSEGkd1', 'rUCeUo1rivA7ulGVePSW', 'lCCsMUjwB2EMqEVwK0Eu', 'HH7H79giGaVkqIVIVE1C', 'JvFEDUcCP2Obfo3Fg9gY')])

safedb syserr  data=java.nio.HeapByteBuffer[pos=0 lim=43 cap=43] &&& <ByteString@1f6c9cd8 size=43 contents="SELECT * FROM usertable WHERE YCSB_KEY=197;">

 pt... Kafka Consumer Record in braces:(c2-22 0 INSERT 0 1)

safedb syserr  data=java.nio.HeapByteBuffer[pos=0 lim=43 cap=43] &&& <ByteString@447a020 size=43 contents="SELECT * FROM usertable WHERE YCSB_KEY=165;">

 pt... Kafka Consumer Record in braces:(c2-23 0 SELECT 1 [(197, 'iW8vPNS8myVJUmK2aGmz', 'FA4yKkXFjSa2CR2XYiqC', 'hkb9NAPOS1Ak64xBVnnc', '2nLtypu569zeAIf4Ag8b', 'yJdqL6hBb56NsnBxTSn2', '0lfLop6t4v8VDAjEEsZs', 'AiguRQ5FWzqdZIMiBANP', 'lqcx7CubOdP8V8GHEgC3', '6kLcAUSImKBu3dqZItQp', 'yU9gxAdBvR3kDX8lNpW9')])

safedb syserr  data=java.nio.HeapByteBuffer[pos=0 lim=43 cap=43] &&& <ByteString@6d23017e size=43 contents="SELECT * FROM usertable WHERE YCSB_KEY=406;">

 pt... Kafka Consumer Record in braces:(c2-24 0 SELECT 1 [(165, 'spSjsi8nUQllWK4SDMqP', 'suaFTA8PNJDbFcmTsKCU', 'Fsd8IQ4R8lePnShhlFiM', 'N5Bdq8DCElW5JygqnqY9', 'qgPr4b7CfEoiIwYINStD', '3BZT8PNUci0mZDXwtD4b', 'OdPstxr9rJcL1KFTYpjB', 'Aub12s3h6VzsX5JrWSJm', 'n4cb9pkcuVdyB5x9DdYW', 'U28skGOcSThnizIrq05w')])

safedb syserr  data=java.nio.HeapByteBuffer[pos=0 lim=43 cap=43] &&& <ByteString@767e20cf size=43 contents="SELECT * FROM usertable WHERE YCSB_KEY=590;">

 pt... Kafka Consumer Record in braces:(c2-25 0 SELECT 1 [(406, '0mviiJNrfyUPRLUcKX5Z', 'syljE6forSG96imYb4RP', 'KwJb8UGZ2jWMJCWqCAkH', 'LZXg0jO3IXyPtF98UCVa', 'pjkLIbFlJQIHfFI7xPR0', 'U9pWn0ut7qeQ7zoNP2q8', 'hWtQPcQGqGyRXXGgnfdn', 'L4wmDvfmQLbC7jOuzl9r', 'g5e6hkCrR4OBJE0bz3aW', 'uxtiFoMCj5RtRIOZFsYG')])


 pt... Kafka Consumer Record in braces:(c2-26 0 SELECT 1 [(590, 'tmbNwe8Bli8qxDLDYw4V', 'AFz14MQWe7ZGzIsBMSfL', 'yGZcgWgucveb3Rrbw9Ds', 'FcUk9VSrHMKgdljzRC9m', 'CfMKRDUg8XR5MBZpBLy3', '4UNvPwrsgzsfS0U0XI0G', 'WqG7mxPjlUSNdyZMxCFB', 'cuvqQ32TfZK8LgPOPOMB', 'Rfwi7e3enaX00zKE3sht', 'xNcUvsCdivc5Hfcd87w9')])

safedb syserr  data=java.nio.HeapByteBuffer[pos=0 lim=367 cap=367] &&& <ByteString@17a1e4ca size=367 contents="INSERT INTO usertable (ycsb_key, FIELD10, FIELD...">
safedb syserr  data=java.nio.HeapByteBuffer[pos=0 lim=42 cap=42] &&& <ByteString@4a194c39 size=42 contents="SELECT * FROM usertable where YCSB_KEY=96;">

 pt... Kafka Consumer Record in braces:(c2-27 0 INSERT 0 1)

safedb syserr  data=java.nio.HeapByteBuffer[pos=0 lim=40 cap=40] &&& <ByteString@56113384 size=40 contents="DELETE FROM usertable WHERE YCSB_KEY=96;">

 pt... Kafka Consumer Record in braces:(c2-28 0 SELECT 1 [(96, 'tr9W7B4W8P64aOFx0i5r', 'GPJtfqxwpa4Y8NqpyYT9', 'bP5YiPHZJe6UoRF4cX4m', 'Nj0zfTVbuM0nsWNM7RO3', 'tgDQmF1pKFhRbpfZl5ro', 'WlUIcTHDxOxBuWjy08UY', 'ZJMnj9DBVOs5eZfbpgYU', 'WcD6LfBp9vvLTGm88UJa', 'fQqJG02wK3n6o74qv4BR', 'EYYATwLdVgK6ZhKgTdOC')])

safedb syserr  data=java.nio.HeapByteBuffer[pos=0 lim=267 cap=267] &&& <ByteString@5f9678e1 size=267 contents="INSERT INTO usertable VALUES (12001,\'A1vCDlW9TS...">

 pt... Kafka Consumer Record in braces:(c2-29 0 DELETE 1)

safedb syserr  data=java.nio.HeapByteBuffer[pos=0 lim=43 cap=43] &&& <ByteString@5a9d6f02 size=43 contents="SELECT * FROM usertable WHERE YCSB_KEY=967;">

 pt... Kafka Consumer Record in braces:(c2-30 0 INSERT 0 1)

safedb syserr  data=java.nio.HeapByteBuffer[pos=0 lim=43 cap=43] &&& <ByteString@5ccbeb64 size=43 contents="SELECT * FROM usertable WHERE YCSB_KEY=388;">

 pt... Kafka Consumer Record in braces:(c2-31 0 SELECT 1 [(967, '33zu3yDe9A88jvYNvvXZ', '7S9QzfcMbrcxrcVSaBgt', 'bYpq8VqAZ2lSLOGmPpCx', '2L0P6oqfGTV7SiSQxehn', 'REsi4tu0PmowYhJmy4Zl', '09VSpl98sOLZhRvUJUsO', 'fnCowdfLvQ0wv8mHCSVO', '2F1GSxmKXL9gisetm5wU', 'KdsiZYscpmTKehsWDuWq', 'G7SMNJx5p2KVfd2JXJgI')])

safedb syserr  data=java.nio.HeapByteBuffer[pos=0 lim=367 cap=367] &&& <ByteString@31d0e481 size=367 contents="INSERT INTO usertable (ycsb_key, FIELD10, FIELD...">

 pt... Kafka Consumer Record in braces:(c2-32 0 SELECT 1 [(388, 'bzYyqJJthizyRe3tbTT2', 'QEXOYVo8V0q1ZGiMMBTK', 'yTtBUjq4lCGgzKktVcaw', 'kdTuBYH0avlsUblrPW4g', '0dwyKdAm14yDTz1trdxH', 'tawNCkkUev1iHpGVjZFK', 'EZZ4vjOZR3Jo1AQGAI0v', 'fKkQfPrk0bD6XqVd5mZj', 'uqlw3Tio3NPO2zQDOmUJ', 's3wHgKxnxgEk9O2QQJ7M')])

safedb syserr  data=java.nio.HeapByteBuffer[pos=0 lim=44 cap=44] &&& <ByteString@542e560f size=44 contents="SELECT * FROM usertable WHERE YCSB_KEY=1579;">

 pt... Kafka Consumer Record in braces:(c2-33 0 INSERT 0 1)

safedb syserr  data=java.nio.HeapByteBuffer[pos=0 lim=42 cap=42] &&& <ByteString@1d730606 size=42 contents="SELECT * FROM usertable where YCSB_KEY=30;">

 pt... Kafka Consumer Record in braces:(c2-34 0 SELECT 1 [(1579, 'iXF070rocHLVGtGS9aSO', 'wsegP2kZrfSwD54lRbHD', 'SErlj33V3cqLu3sqEipv', 'gOnnKwg7r0sVU6ieiEjX', 'Ey98MgXQdEh1dowq2S8H', 'oN01mFUAc3BDSRYU38UU', '53Xfr5ozgvou2nV9711d', '1sEHDxkCVHgG5pCJU8LC', '01Dqnj2Zfsn6fQWUOUeY', '8TROylOjmBvw0noHllso')])

safedb syserr  data=java.nio.HeapByteBuffer[pos=0 lim=40 cap=40] &&& <ByteString@3016fd5e size=40 contents="DELETE FROM usertable WHERE YCSB_KEY=30;">

 pt... Kafka Consumer Record in braces:(c2-35 0 SELECT 1 [(30, '8tiIEyRYHrx68WsrL6yG', 'J8pS0ZrBcoyvePyWG2mI', 'L00V8Cr32aKXlspTJlKY', '4k3EW6G2VcLqLobfK1Hs', 'ZmEAvYrZaEL7p73im63e', 'QMw7n5sDgZMkYfvmu3uQ', 'MalPeDWarWaKdTm37ueJ', 'YvbZaJDSpNJsjn6fvV98', 'KanQtUb8XGYakOA8syQY', '6vWckgWUsEzz4NSE5E89')])

safedb syserr  data=java.nio.HeapByteBuffer[pos=0 lim=40 cap=40] &&& <ByteString@6c45ee6e size=40 contents="DELETE FROM usertable where YCSB_KEY=41;">

 pt... Kafka Consumer Record in braces:(c2-36 0 DELETE 1)

safedb syserr  data=java.nio.HeapByteBuffer[pos=0 lim=41 cap=41] &&& <ByteString@1338fb5 size=41 contents="DELETE FROM usertable WHERE YCSB_KEY=751;">

 pt... Kafka Consumer Record in braces:(c2-37 0 DELETE 1)

safedb syserr  data=java.nio.HeapByteBuffer[pos=0 lim=43 cap=43] &&& <ByteString@61f05988 size=43 contents="SELECT * FROM usertable where YCSB_KEY=419;">

 pt... Kafka Consumer Record in braces:(c2-38 0 DELETE 1)

safedb syserr  data=java.nio.HeapByteBuffer[pos=0 lim=366 cap=366] &&& <ByteString@67c2e933 size=366 contents="INSERT INTO usertable (ycsb_key, FIELD10, FIELD...">

 pt... Kafka Consumer Record in braces:(c2-39 0 SELECT 1 [(419, '5CUcaXQI6tFd5Hpp0RBp', 'IakDH8PaKimUAjOP07cK', 'V1kabyZulsRSJZDxqjHm', 'UBlnbViBuWQcfaKymuLS', 'FojI68B6RbJjF4vK6ZCY', '18QQuSvjvZYDhnfDccJs', 'ZlamLyuFsmMvzjF653NV', 'AHW2DqWiDFNgJiilsEG4', 's0Pv4sOw3ADVRtnqA5Mc', 'tS9eeuKYaISb5M72cJGw')])

safedb syserr  data=java.nio.HeapByteBuffer[pos=0 lim=41 cap=41] &&& <ByteString@178213b size=41 contents="DELETE FROM usertable WHERE YCSB_KEY=419;">

 pt... Kafka Consumer Record in braces:(c2-40 0 INSERT 0 1)

safedb syserr  data=java.nio.HeapByteBuffer[pos=0 lim=43 cap=43] &&& <ByteString@2e8e8225 size=43 contents="SELECT * FROM usertable WHERE YCSB_KEY=549;">

 pt... Kafka Consumer Record in braces:(c2-41 0 DELETE 1)

safedb syserr  data=java.nio.HeapByteBuffer[pos=0 lim=43 cap=43] &&& <ByteString@2807bdeb size=43 contents="SELECT * FROM usertable WHERE YCSB_KEY=658;">

 pt... Kafka Consumer Record in braces:(c2-42 0 SELECT 1 [(549, 'rDbzevsBZ1MESvfTB0PA', 'IXGAChciIfuYD6ehJaAi', 'jYR3f0J1L7TlnEjxiYC0', '5gP86xLmQKtA0MqP5ihm', 'Mo73cW3f1tB88Zw3Ds6S', 'NXUMgn87nMVAByXLHaCz', 'gfkRXWPOXYdxj6uJxck0', 'QjtaQMpzFeTCt4x2s8yT', '7HDVenHXKMJVM0doaGtf', 'ipxjUE4jHqaMcYAOe3OY')])

safedb syserr  data=java.nio.HeapByteBuffer[pos=0 lim=43 cap=43] &&& <ByteString@2c5529ab size=43 contents="SELECT * FROM usertable WHERE YCSB_KEY=400;">

 pt... Kafka Consumer Record in braces:(c2-43 0 SELECT 1 [(658, '7magKRjdJAvWK24LrmHq', '0oGOpc3X8fK56abfDQsC', 'dqtTHQXB6LsPVoZW3G5h', '7DNmRVFPxT3XeaiJu2ld', '4ybTg20CRuor4nraO6eh', 'QlBe1bVqGLsBvKWxtcPl', '2ZzMURhBD41BlBZWzPOA', 'XqugP4yLrz2fClAjiAmu', 'icTDdXnrl8lix0tA1iDf', 'Rm7TRp2HruKiNJaWuuzq')])

safedb syserr  data=java.nio.HeapByteBuffer[pos=0 lim=366 cap=366] &&& <ByteString@2c532cd8 size=366 contents="INSERT INTO usertable (ycsb_key, FIELD10, FIELD...">

 pt... Kafka Consumer Record in braces:(c2-44 0 SELECT 1 [(400, 'vAz9hAtgfbtc6vK3GGbX', '3wVsS8qFO2TQP6YnbvjM', 'YtQyeg645JUbaXJYpDrj', 'IPtkjyLYgD8KXNyBWm22', 'SLhY0ViuZWDPAjYoQQQz', 'RNqyruhi7XN3dPMFvlln', 'YOt4dvcGeiaQB5INwR2H', 'f1PTe49QTMsZMsAGljjj', 'CJevwJ96HVXlK4boC57b', 'aTBvKdfEm6rS3tH7YL1g')])

safedb syserr  data=java.nio.HeapByteBuffer[pos=0 lim=42 cap=42] &&& <ByteString@3700ec9c size=42 contents="SELECT * FROM usertable WHERE YCSB_KEY=15;">

 pt... Kafka Consumer Record in braces:(c2-45 0 INSERT 0 1)

safedb syserr  data=java.nio.HeapByteBuffer[pos=0 lim=44 cap=44] &&& <ByteString@31000e60 size=44 contents="SELECT * FROM usertable WHERE YCSB_KEY=1404;">

 pt... Kafka Consumer Record in braces:(c2-46 0 SELECT 1 [(15, '2QnwWsddRuYhY9DkMhqU', 'x6656t4KeWEOyFG16cNh', 'j6gDJCX599XGcyLcZk7a', 'OYDXpqoBB9D623RMiCDg', 'AOQlr95RzpyBiuG4pooR', 'ZZUk8vTGBj20IlU1fkt7', 'Q2KZb2oYrRY4Y8FCI82D', 'faD2sDhwNue2rTZ2cL6S', '7aaMkthgNiW6hmH1GfbK', 'POQn8zBEl2E8r6MJaqOw')])

safedb syserr  data=java.nio.HeapByteBuffer[pos=0 lim=41 cap=41] &&& <ByteString@54c62d71 size=41 contents="DELETE FROM usertable where YCSB_KEY=291;">

 pt... Kafka Consumer Record in braces:(c2-47 0 SELECT 1 [(1404, 'X3PiXz1XjCtzYinSr7C4', '0KsO8IG3uTAakrS4ntfQ', 'HHOsP5eWBTgLlgtLhEZj', '6JjgwvdToUstQwwAaPFm', '3yXumVaL8rQuy9EHr731', 'dp0sU87Fo305KfCD51VZ', 'MspAnIFqCGu9ZTaGArEz', 'RUOFUgRMLaIq66NKDNXz', 'viHOb1IOTtmB5bulvL0V', 'kmddM1KHWW9NVKw2Dzxz')])

safedb syserr  data=java.nio.HeapByteBuffer[pos=0 lim=367 cap=367] &&& <ByteString@2d1dee39 size=367 contents="INSERT INTO usertable (ycsb_key, FIELD10, FIELD...">

 pt... Kafka Consumer Record in braces:(c2-48 0 DELETE 1)

safedb syserr  data=java.nio.HeapByteBuffer[pos=0 lim=44 cap=44] &&& <ByteString@6ff65192 size=44 contents="SELECT * FROM usertable WHERE YCSB_KEY=1099;">

 pt... Kafka Consumer Record in braces:(c2-49 0 INSERT 0 1)

safedb syserr  data=java.nio.HeapByteBuffer[pos=0 lim=43 cap=43] &&& <ByteString@57ea113a size=43 contents="SELECT * FROM usertable WHERE YCSB_KEY=838;">

 pt... Kafka Consumer Record in braces:(c2-50 0 SELECT 1 [(1099, 'o6eXZupUtVr1vxGij8Gn', 'r349bcnAF1P9mKodFWsg', 'Ews5uuW5nXX3IHbyatJV', '4qG1yHIDmWSx2YMusrdy', 'IlzjZKt6qNA4omzqFAqi', '3cJ8hzVPdKrZNSzCDi6T', 'GKkkcD8QYhcUxOJbE7EW', 'YXwHeemh3Rh7fnMcT1S0', 'zFMB7c0sn0AEJBw8X6Q1', 'Z9lJoX6hLf8wJ9RwUacX')])

safedb syserr  data=java.nio.HeapByteBuffer[pos=0 lim=41 cap=41] &&& <ByteString@2b0f373b size=41 contents="DELETE FROM usertable WHERE YCSB_KEY=859;">

 pt... Kafka Consumer Record in braces:(c2-51 0 SELECT 1 [(838, 'YwxtTWAHiqkOJNCihsBi', '68hkO95VmWsHWqwEyvWD', 'ertD1y5XruMYqIVAbN4p', 'x72FhUdKhULL7PFl8jMg', '10kTAB7ZfkrMMMwectK9', '4z3KiFW7OK4bLco9jXcu', 'aC29VqWNockytVzCITZJ', 'wCuelaxKgrZqgDveTGHy', 'esmVd3TOseRzfXZk0Fdr', 'Gklz3kbbmkonscUr6Y8W')])

safedb syserr  data=java.nio.HeapByteBuffer[pos=0 lim=367 cap=367] &&& <ByteString@7216fb24 size=367 contents="INSERT INTO usertable (ycsb_key, FIELD10, FIELD...">

 pt... Kafka Consumer Record in braces:(c2-52 0 DELETE 1)

safedb syserr  data=java.nio.HeapByteBuffer[pos=0 lim=267 cap=267] &&& <ByteString@35a9782c size=267 contents="INSERT INTO usertable VALUES (12002,\'51OAI4dGn0...">

 pt... Kafka Consumer Record in braces:(c2-53 0 INSERT 0 1)

safedb syserr  data=java.nio.HeapByteBuffer[pos=0 lim=41 cap=41] &&& <ByteString@732f29af size=41 contents="DELETE FROM usertable WHERE YCSB_KEY=497;">

 pt... Kafka Consumer Record in braces:(c2-54 0 INSERT 0 1)

safedb syserr  data=java.nio.HeapByteBuffer[pos=0 lim=43 cap=43] &&& <ByteString@299321e2 size=43 contents="SELECT * FROM usertable WHERE YCSB_KEY=565;">

 pt... Kafka Consumer Record in braces:(c2-55 0 DELETE 1)

safedb syserr  data=java.nio.HeapByteBuffer[pos=0 lim=43 cap=43] &&& <ByteString@158a3b2e size=43 contents="SELECT * FROM usertable WHERE YCSB_KEY=655;">

 pt... Kafka Consumer Record in braces:(c2-56 0 SELECT 1 [(565, 'BlKuxloGsR5vnHpd2amN', 'XQi4YZKDxD5DGw7D4jWX', 'IptHuuLPxnPQQdHnAsdJ', '1IF3Ty9lbuztGGHfSDsh', '7uwWrBT2gnjnkr1pSg9H', 'YKJeK7OJ95W9K1pBwKAk', 'M1wyNhLCxqBpIC5mTWdI', 'LnvfyI62NYr9xijFxs6w', 'kaJBnznNXbbVPfPs0bLB', '8C6OJLe7mmwhU3BdwI5J')])

safedb syserr  data=java.nio.HeapByteBuffer[pos=0 lim=43 cap=43] &&& <ByteString@6b00f608 size=43 contents="SELECT * FROM usertable WHERE YCSB_KEY=429;">

 pt... Kafka Consumer Record in braces:(c2-57 0 SELECT 1 [(655, 'H3ymyVGcxDCywARYf1r6', '64AU1u1iDbwRRwhkL5la', 'YF5iixEJrMf92CFASUEV', '2OiVKsZ1Q2UF0AxgmoWK', 'W3AmxBFzITFFvz4nlu2s', 'Jk4LwoAlZfwsirGd2QYP', 'Xs5ddRt0jV2gRoY1gZXm', 'cw4yrZjqoxRtWVCoMS3S', 'hUfBc9n8zIuUWPhok4aX', 'yCWpRkgpg01Xcvy4EOa8')])

safedb syserr  data=java.nio.HeapByteBuffer[pos=0 lim=44 cap=44] &&& <ByteString@1d131e1b size=44 contents="SELECT * FROM usertable WHERE YCSB_KEY=1539;">

 pt... Kafka Consumer Record in braces:(c2-58 0 SELECT 1 [(429, 'Zco96Doc8Z3qxrwW8iGu', 'bwnGGoxKOCJs9InNJrIB', 'JwzIbUGU4Gvr4jIayd2y', 'NdTFuyhzucoIYUfQ3pXP', '7hLEJv5gAZJce8AYiNz7', 'IsfP78icN2mMfZDeZ8I4', 'GiHuvTpP2RAT5fmBDClW', 'WbOOHyTrhDVKOdralrCh', 'r8Ii5Mo91t6Pa0VyIOK8', 'KfVyGSOmxkEFNtvcwRQ2')])

safedb syserr  data=java.nio.HeapByteBuffer[pos=0 lim=43 cap=43] &&& <ByteString@4fce136b size=43 contents="SELECT * FROM usertable WHERE YCSB_KEY=631;">

 pt... Kafka Consumer Record in braces:(c2-59 0 SELECT 1 [(1539, 'iWpVmIuWma3XY72WFyw3', 'BRG9k4bccxA7yWfG5dmT', '6eiUnkiQuaroSuX78RqB', 'JOpVFTuXsfJmOGUqcLQM', 'np7peCACuutL7M65vV0M', 'gZwCqpyWMeUfJvXb0a7b', 'PKAGRXFhicARl6i3ukNm', 'vIQNRtQO55osvwGgAcBC', '21x130wQ2o5rBuk6Lw7g', '6Ard2BWzNAcGgpopggu7')])

safedb syserr  data=java.nio.HeapByteBuffer[pos=0 lim=43 cap=43] &&& <ByteString@260e86a1 size=43 contents="SELECT * FROM usertable where YCSB_KEY=851;">

 pt... Kafka Consumer Record in braces:(c2-60 0 SELECT 1 [(631, 'VZNGy9bqJ9FJpGCaydqV', 'snvYCygMCz7FyisWF0EV', 'pMV5J28ohXRN1PBS7wp1', '4IcNLBeJxX5tcRL2yWCe', 'c8xKpytjwGLtzpW1Fkwr', 'io2C3bzjOQrWuOlecvoo', 'n295lNmtcInAfMI1kY2S', 'ovepr3y1Ik1foztVlNAu', 'NYLAPJK6ggh8ym16Jvi9', 'jR4gkCgWWE7yyNnXympv')])

safedb syserr  data=java.nio.HeapByteBuffer[pos=0 lim=41 cap=41] &&& <ByteString@61e94def size=41 contents="DELETE FROM usertable WHERE YCSB_KEY=851;">

 pt... Kafka Consumer Record in braces:(c2-61 0 SELECT 1 [(851, 'zIS1ixB6dLEfcimHRrmA', 'B8kW1knCKM82PDCpCQ4e', 'SwphzYjTG5IJb1sztoJl', 'oNTNgwAEH3WZU1KAGQEJ', 'Ixc4kyItEypCmD5W0jZe', 'FLyqxu1YSmyqiJHVYKFK', '49lJitjoDB4QFhMAwEnQ', '6SDb5zKVJkNgG7GBG20X', '6lZYZdLQs3VIf6FhWlAR', 'FQbPdSbOjysloQAoay93')])

safedb syserr  data=java.nio.HeapByteBuffer[pos=0 lim=367 cap=367] &&& <ByteString@70ab2d48 size=367 contents="INSERT INTO usertable (ycsb_key, FIELD10, FIELD...">

 pt... Kafka Consumer Record in braces:(c2-62 0 DELETE 1)

safedb syserr  data=java.nio.HeapByteBuffer[pos=0 lim=43 cap=43] &&& <ByteString@3a393455 size=43 contents="SELECT * FROM usertable WHERE YCSB_KEY=574;">

 pt... Kafka Consumer Record in braces:(c2-63 0 INSERT 0 1)

safedb syserr  data=java.nio.HeapByteBuffer[pos=0 lim=40 cap=40] &&& <ByteString@3a6f2de3 size=40 contents="DELETE FROM usertable WHERE YCSB_KEY=48;">

 pt... Kafka Consumer Record in braces:(c2-64 0 SELECT 1 [(574, 'xVwcbn7AYAwXPjDzZ2lr', 'GNV8eb1cFmS0q5DTBIl6', 'ljidmEA1dL7BdqjR7gGp', 'EXBtEHx9G9lfaOm24uOM', '1tNblwGZGg9wLxRqhmee', 'NTunroZaxVQh0R1ewIxH', 'qPGHJF6AkWiRQdDoZSJ8', 'LUdxThcEVL60iAj5kxBP', 'x0UckDQe4iIenhQMKhU5', 'qIjBfpvwpg5CFll1TXzg')])

safedb syserr  data=java.nio.HeapByteBuffer[pos=0 lim=367 cap=367] &&& <ByteString@4b2a01d4 size=367 contents="INSERT INTO usertable (ycsb_key, FIELD10, FIELD...">

 pt... Kafka Consumer Record in braces:(c2-65 0 DELETE 1)

safedb syserr  data=java.nio.HeapByteBuffer[pos=0 lim=43 cap=43] &&& <ByteString@2f48b3d2 size=43 contents="SELECT * FROM usertable WHERE YCSB_KEY=766;">

 pt... Kafka Consumer Record in braces:(c2-66 0 INSERT 0 1)

safedb syserr  data=java.nio.HeapByteBuffer[pos=0 lim=41 cap=41] &&& <ByteString@23bff419 size=41 contents="DELETE FROM usertable WHERE YCSB_KEY=368;">

 pt... Kafka Consumer Record in braces:(c2-67 0 SELECT 1 [(766, 'YwxtTWAHiqkOJNCihsBi', '68hkO95VmWsHWqwEyvWD', 'ertD1y5XruMYqIVAbN4p', 'x72FhUdKhULL7PFl8jMg', '10kTAB7ZfkrMMMwectK9', '4z3KiFW7OK4bLco9jXcu', 'aC29VqWNockytVzCITZJ', 'wCuelaxKgrZqgDveTGHy', 'esmVd3TOseRzfXZk0Fdr', 'Gklz3kbbmkonscUr6Y8W')])

safedb syserr  data=java.nio.HeapByteBuffer[pos=0 lim=43 cap=43] &&& <ByteString@101639ae size=43 contents="SELECT * FROM usertable WHERE YCSB_KEY=774;">

 pt... Kafka Consumer Record in braces:(c2-68 0 DELETE 1)

safedb syserr  data=java.nio.HeapByteBuffer[pos=0 lim=43 cap=43] &&& <ByteString@44040454 size=43 contents="SELECT * FROM usertable WHERE YCSB_KEY=602;">

 pt... Kafka Consumer Record in braces:(c2-69 0 SELECT 1 [(774, 'k14ecdyVJf4z44QBw9tM', 'Fnjjg4kbylCnwrsb6sJb', 'veCjlNsjkmBS2xx2PQLq', 'SoUUdFJPOd9zzVWvGQ0g', 's0gNa5LQ7mPzchfQHUZW', 'jjY3DJRmerWYk38gYYnX', '05saBMWSoNpgBssNGIIr', 'IUneIabbanxugCmS2R5Q', 'aeLb1j21PvSyxP3Mkg8A', 'wu9AqxDrHjdhbE5HfoG8')])

safedb syserr  data=java.nio.HeapByteBuffer[pos=0 lim=43 cap=43] &&& <ByteString@42f8285e size=43 contents="SELECT * FROM usertable WHERE YCSB_KEY=740;">

 pt... Kafka Consumer Record in braces:(c2-70 0 SELECT 1 [(602, 'aSmiQhzCoNTe0IWlF7SM', '24eUwRuMhUFn4uLntECw', 'J366TDpnm7OtQSttu6GZ', 'kx0zYNjgipj4SdXAandh', 'xwqBYxxsi50eyeztfMdY', '25xKdSanMH5hdnNDhRVb', 'gBZiFqoxzDmpH8X4PRYn', 'atuzI8fISDBVnR9jxEay', 'lF2Hn5RpuAU7kJIWDbGc', 't0r19fY2IZfi3uDE6drY')])

safedb syserr  data=java.nio.HeapByteBuffer[pos=0 lim=43 cap=43] &&& <ByteString@68ead359 size=43 contents="SELECT * FROM usertable WHERE YCSB_KEY=966;">

 pt... Kafka Consumer Record in braces:(c2-71 0 SELECT 1 [(740, 'aM9FilSzZ90vzPOOtXEk', '5hXIWPNm3wdIIX4ksLlY', 'D96zCESwBeOWVsxGwFhO', 'Na9iwFbJ8NehEwJV36BU', 'gYAun56cMH0eGfoQCYVt', 'MbmdrzVK3wcu4k9Re1TN', 'HbYRGQVgzoDbo6cQ8jQv', 'VysBIm5mHqDVDc9lQQvF', '8y2sJfDSWMXYj8x1s74H', 'ceIWlF2by3yioR9Me9eg')])

safedb syserr  data=java.nio.HeapByteBuffer[pos=0 lim=367 cap=367] &&& <ByteString@a43ce46 size=367 contents="INSERT INTO usertable (ycsb_key, FIELD10, FIELD...">

 pt... Kafka Consumer Record in braces:(c2-72 0 SELECT 1 [(966, 'YwxtTWAHiqkOJNCihsBi', '68hkO95VmWsHWqwEyvWD', 'ertD1y5XruMYqIVAbN4p', 'x72FhUdKhULL7PFl8jMg', '10kTAB7ZfkrMMMwectK9', '4z3KiFW7OK4bLco9jXcu', 'aC29VqWNockytVzCITZJ', 'wCuelaxKgrZqgDveTGHy', 'esmVd3TOseRzfXZk0Fdr', 'Gklz3kbbmkonscUr6Y8W')])

safedb syserr  data=java.nio.HeapByteBuffer[pos=0 lim=43 cap=43] &&& <ByteString@37052337 size=43 contents="SELECT * FROM usertable WHERE YCSB_KEY=324;">

 pt... Kafka Consumer Record in braces:(c2-73 0 INSERT 0 1)

safedb syserr  data=java.nio.HeapByteBuffer[pos=0 lim=43 cap=43] &&& <ByteString@4d722ac9 size=43 contents="SELECT * FROM usertable WHERE YCSB_KEY=136;">

 pt... Kafka Consumer Record in braces:(c2-74 0 SELECT 1 [(324, 'roohS5JfnUqhd1gNKI1m', 'QnVfH4GdXjQ9ErtUfMBe', 'js9TMlut5EG9bqpiFelr', 'j2HT45i5fPgpfS9394xe', 'g8Kk7Ck5Uv8ThBZi2UKk', '9uzoj2qNxdo7qU9BaJi2', '8hArAUSlRThzMn8o8Hr4', 'WgPvjAUjjBwwkBbmothN', 'QBU43Da3aNanGB6r9erS', 'E8j7iB0HI74y1YH4NOge')])

safedb syserr  data=java.nio.HeapByteBuffer[pos=0 lim=43 cap=43] &&& <ByteString@3d97a632 size=43 contents="SELECT * FROM usertable WHERE YCSB_KEY=416;">

 pt... Kafka Consumer Record in braces:(c2-75 0 SELECT 1 [(136, 'HjNKDxgcRRiVrGDOFGEq', 'kd2NzgolBR3uPHPl0h0g', 'rGdvCR9a1iLQojgMFcRE', 'jWVpTaIxO7Q8xaoHdmB5', '4BiXNuVOdGGekgEIhTvJ', 'Op2ufFCWUKHQZPuSfD4Y', 'hueSNiOlyb0t0UyHPbkF', 'gwHYmx4gL6IsigMhBcUj', 'dzsRin7Z9aruiXhtIITH', 'my3mXQLyIKoEuV2EafvD')])

safedb syserr  data=java.nio.HeapByteBuffer[pos=0 lim=366 cap=366] &&& <ByteString@7e7b159b size=366 contents="INSERT INTO usertable (ycsb_key, FIELD10, FIELD...">

 pt... Kafka Consumer Record in braces:(c2-76 0 SELECT 1 [(416, 'FgMxgwVuCOhjtLAGJOIK', 'Ha9CUtr3yfkSbVm29wvn', 'bTetTEgnIVRshBcttYVc', 'RXguh8VijWiNtT6WW7bO', 'rYDW2PPCt0bWUYJwsicB', '06mSEyFx8JNikNhDoSoy', 'EkZcfaZfras1M7xR1GSQ', 'e8rMhEIV7auTpLcb8J4x', 'hf3slshMMh0k0DerM1FL', 'zHE4XhQVTtnN8gAV1e1A')])

safedb syserr  data=java.nio.HeapByteBuffer[pos=0 lim=41 cap=41] &&& <ByteString@293a5f75 size=41 contents="DELETE FROM usertable WHERE YCSB_KEY=343;">

 pt... Kafka Consumer Record in braces:(c2-77 0 INSERT 0 1)

safedb syserr  data=java.nio.HeapByteBuffer[pos=0 lim=367 cap=367] &&& <ByteString@56e8b606 size=367 contents="INSERT INTO usertable (ycsb_key, FIELD10, FIELD...">

 pt... Kafka Consumer Record in braces:(c2-78 0 DELETE 1)

safedb syserr  data=java.nio.HeapByteBuffer[pos=0 lim=41 cap=41] &&& <ByteString@53142455 size=41 contents="DELETE FROM usertable WHERE YCSB_KEY=993;">

 pt... Kafka Consumer Record in braces:(c2-79 0 INSERT 0 1)

safedb syserr  data=java.nio.HeapByteBuffer[pos=0 lim=43 cap=43] &&& <ByteString@60975100 size=43 contents="SELECT * FROM usertable WHERE YCSB_KEY=409;">

 pt... Kafka Consumer Record in braces:(c2-80 0 DELETE 1)

safedb syserr  data=java.nio.HeapByteBuffer[pos=0 lim=42 cap=42] &&& <ByteString@61c9c3fd size=42 contents="SELECT * FROM usertable WHERE YCSB_KEY=67;">

 pt... Kafka Consumer Record in braces:(c2-81 0 SELECT 1 [(409, 'skn8M18lQM9oc7rolm5w', '86USzQ3EbEpmatRb0q8B', '4comhmcTsneO39lyrm1g', 'un0GG4AWnwwLQhUZ2Qhw', 'TuArCcbxxbLihD5PurCR', '55vuiMpI4JHOGFZW51Wb', 'uoCUQOJliAM0momlZCWI', 'T8thLA9tebS0hQCQ0SyG', 'VDquq2mXPxjpIEy6l0Jh', 'RLtFIRJyTdbq0tOtrqbv')])

safedb syserr  data=java.nio.HeapByteBuffer[pos=0 lim=43 cap=43] &&& <ByteString@2c7b5824 size=43 contents="SELECT * FROM usertable WHERE YCSB_KEY=855;">

 pt... Kafka Consumer Record in braces:(c2-82 0 SELECT 1 [(67, 'OEzL4azQNppWqWpl98Gq', 'mKLAGbWZamwgppjBab3R', 'ignqMwyxVhFAcv0Jqjti', 'RTiDpvBRfBfLF254EIK1', 'wHB4se7fusy0zGyGPdCH', 'ShT9Lq9ah9grsf8N9GX3', 'zhpCgex6r8iExNits4o3', 'lyP7E1V527iGsIePfJoX', 'bzIrNe5MzOmO5EsRYrtR', '3jXE371aA1sYJ6p5U3v7')])

safedb syserr  data=java.nio.HeapByteBuffer[pos=0 lim=41 cap=41] &&& <ByteString@8c11eee size=41 contents="DELETE FROM usertable where YCSB_KEY=763;">

 pt... Kafka Consumer Record in braces:(c2-83 0 SELECT 1 [(855, 'YwxtTWAHiqkOJNCihsBi', '68hkO95VmWsHWqwEyvWD', 'ertD1y5XruMYqIVAbN4p', 'x72FhUdKhULL7PFl8jMg', '10kTAB7ZfkrMMMwectK9', '4z3KiFW7OK4bLco9jXcu', 'aC29VqWNockytVzCITZJ', 'wCuelaxKgrZqgDveTGHy', 'esmVd3TOseRzfXZk0Fdr', 'Gklz3kbbmkonscUr6Y8W')])

safedb syserr  data=java.nio.HeapByteBuffer[pos=0 lim=41 cap=41] &&& <ByteString@5cbe877d size=41 contents="DELETE FROM usertable WHERE YCSB_KEY=975;">

 pt... Kafka Consumer Record in braces:(c2-84 0 DELETE 1)

safedb syserr  data=java.nio.HeapByteBuffer[pos=0 lim=267 cap=267] &&& <ByteString@708400f6 size=267 contents="INSERT INTO usertable VALUES (12003,\'rt8DejuOkV...">

 pt... Kafka Consumer Record in braces:(c2-85 0 DELETE 1)

safedb syserr  data=java.nio.HeapByteBuffer[pos=0 lim=43 cap=43] &&& <ByteString@4bff64c2 size=43 contents="SELECT * FROM usertable WHERE YCSB_KEY=686;">

 pt... Kafka Consumer Record in braces:(c2-86 0 INSERT 0 1)

safedb syserr  data=java.nio.HeapByteBuffer[pos=0 lim=43 cap=43] &&& <ByteString@c2db68f size=43 contents="SELECT * FROM usertable WHERE YCSB_KEY=123;">

 pt... Kafka Consumer Record in braces:(c2-87 0 SELECT 1 [(686, 'g6rRGMOpYE6TBYNvNdt5', 'Q10HGBbFZW5SXkj2nf2n', '7wi6K9RHBKihlkAJzc3w', 'CVCDAAq1zkEBu7GUhv25', 'oQZJttiZOi1p9w1s08Gf', 'Rvmgrbg0zio22PRkcOZ9', 'c1aQZh3yyIeAVCvNDH86', 'wytzigKtbuL6ylu2WaUR', 'wmOpnb2SlowXRnpjgWzi', '2QLy8kfSWOkWhCnz5Zyo')])

safedb syserr  data=java.nio.HeapByteBuffer[pos=0 lim=367 cap=367] &&& <ByteString@61ce23ac size=367 contents="INSERT INTO usertable (ycsb_key, FIELD10, FIELD...">

 pt... Kafka Consumer Record in braces:(c2-88 0 SELECT 1 [(123, 'tVTmokFeqaits7gt9DtX', 'QDmPK2LzJCFzJVbGloA1', '8qRuDyZxQjDkMnOX5OyO', 'goKD3DrQuawba5mhtjim', 'aVGr35hYycDzhpvZSnIO', 'IAJZrgvskU3BzRUVvlvz', '3YtETl3rh2nxLjrkbMZ3', 'VviMCGqLWPZDCKBEYLhq', '91nmQrwFvxWXwET5lJDR', 'Ud4g2sOuDYpF1skhk6nR')])

safedb syserr  data=java.nio.HeapByteBuffer[pos=0 lim=43 cap=43] &&& <ByteString@6f2cfcc2 size=43 contents="SELECT * FROM usertable WHERE YCSB_KEY=296;">

 pt... Kafka Consumer Record in braces:(c2-89 0 INSERT 0 1)

safedb syserr  data=java.nio.HeapByteBuffer[pos=0 lim=43 cap=43] &&& <ByteString@ccb4b1b size=43 contents="SELECT * FROM usertable WHERE YCSB_KEY=603;">

 pt... Kafka Consumer Record in braces:(c2-90 0 SELECT 1 [(296, 'nuysA71tONFW0pAPaT7u', 'bwR9ZYewu40MbqfCq8iD', 'RmsxXxL6HU4rmN4S1Zve', 'kzmJNuWScXL29KZilb1Y', 'Kx8g84tZibxLEQS5UYbd', 'MGA3XMKmCBNYKeCXgjsi', '6jdEI8gX0rV9wZsdOHEO', 'JH0vWDDnFGhYbMWdITw7', 'Xnm6anTcfp4oPpCeTrSO', 'x0uqNa0JFhmvTcoIdzRh')])

safedb syserr  data=java.nio.HeapByteBuffer[pos=0 lim=367 cap=367] &&& <ByteString@2a5b3fee size=367 contents="INSERT INTO usertable (ycsb_key, FIELD10, FIELD...">

 pt... Kafka Consumer Record in braces:(c2-91 0 SELECT 1 [(603, 'QdspTp1IbvlsoLhrd4BI', 'bHFYyjYZug2tlOIuPUru', '487dt2mLKelHKbeIV0tq', 'Bti04CYf6Okx4jkzIMj0', 'boaJP6fma3dJykEXWV1x', 'UeZFYJzYwrbxTi3rGtIA', 'BWz33W0zoMLQFth4H5J7', 'VzZ1QFwjxsn37WyMNN7m', 'jfxIdKc26VIeyWJjnOlu', 'NhoM4inCciDq2Io4dH8K')])

safedb syserr  data=java.nio.HeapByteBuffer[pos=0 lim=42 cap=42] &&& <ByteString@52d645b1 size=42 contents="SELECT * FROM usertable WHERE YCSB_KEY=33;">

 pt... Kafka Consumer Record in braces:(c2-92 0 INSERT 0 1)

safedb syserr  data=java.nio.HeapByteBuffer[pos=0 lim=43 cap=43] &&& <ByteString@710b18a6 size=43 contents="SELECT * FROM usertable WHERE YCSB_KEY=891;">

 pt... Kafka Consumer Record in braces:(c2-93 0 SELECT 1 [(33, '6QqvTaTEP3FgBmbYyOvw', '3JxxLMoMr1rMl3V6Ua6A', 'Nk65QNejXqHnQtEERIej', 'W55x20vPfQ4AePGFKFWR', '7IjFq4dVZhNdg0hk42gw', 'Uu5jrhmg1KxH3lDWTFKn', '0bTDUWkBWDGtxFMxHlIn', 'jXr4TrJQCDyocv1d4u0v', 'Euc6MIYIxQtbZXrWpJNH', 'SE3h6YK7F3yMHhQNhftu')])

safedb syserr  data=java.nio.HeapByteBuffer[pos=0 lim=43 cap=43] &&& <ByteString@c055c54 size=43 contents="SELECT * FROM usertable WHERE YCSB_KEY=807;">

 pt... Kafka Consumer Record in braces:(c2-94 0 SELECT 1 [(891, 'dUlZNLcD44yxFFzsaGGJ', 'E2K5GECVJFc4MDPoHXl9', 'GbpQqT0NZ7UsnvN241nR', 'nlT6hiC75OWYEHG5nAYh', 'UOEKGBEgP9LRmQS0VIrQ', 's2tMOWTnzyUsWeTec2Ly', 'te2XsO4ZszvopcZBDMDh', 'TCqFlPfw4AXmnPcXKMj6', 'q0pXyoFXSaISycgy24Yv', 'xjwXZCd7lRqtDQpJ2Uch')])

safedb syserr  data=java.nio.HeapByteBuffer[pos=0 lim=41 cap=41] &&& <ByteString@73173f63 size=41 contents="DELETE FROM usertable WHERE YCSB_KEY=194;">

 pt... Kafka Consumer Record in braces:(c2-95 0 SELECT 1 [(807, 'umqYLaOXyP33XegYqFWe', 'turQ1UJWZr3LR6Z2U7Dd', 'wCaO1t0SQaERkq9l5QvY', 'fhD4nGYiKmnbntLAzOZM', '4vorUXAzJTlXzjGwaGFS', 'LZVh2ysEDB1xypldADuY', 'QsYzl48zeTjpPU7gKczD', 'AiRI6DmzbLfiRYkOzMDf', 'Oe2xJu2vkSmzXHkJmnUf', 'BMs6DckhsfrXaPwxeZ2w')])

safedb syserr  data=java.nio.HeapByteBuffer[pos=0 lim=41 cap=41] &&& <ByteString@7e276594 size=41 contents="DELETE FROM usertable WHERE YCSB_KEY=895;">

 pt... Kafka Consumer Record in braces:(c2-96 0 DELETE 1)

safedb syserr  data=java.nio.HeapByteBuffer[pos=0 lim=367 cap=367] &&& <ByteString@4233e892 size=367 contents="INSERT INTO usertable (ycsb_key, FIELD10, FIELD...">

 pt... Kafka Consumer Record in braces:(c2-97 0 DELETE 1)

safedb syserr  data=java.nio.HeapByteBuffer[pos=0 lim=44 cap=44] &&& <ByteString@58ffcbd7 size=44 contents="SELECT * FROM usertable WHERE YCSB_KEY=1170;">

 pt... Kafka Consumer Record in braces:(c2-98 0 INSERT 0 1)

safedb syserr  data=java.nio.HeapByteBuffer[pos=0 lim=43 cap=43] &&& <ByteString@3c9bfddc size=43 contents="SELECT * FROM usertable WHERE YCSB_KEY=881;">

 pt... Kafka Consumer Record in braces:(c2-99 0 SELECT 1 [(1170, 'j8E0AkSR9RHyaXhUiucK', 'f5THj3q6AZSSH71HBl4t', 'tLTrgsofAQ6Sx0aspiFj', 'yyQ1FmpfzhmgoDH4SgMH', 'CK5liqSA5iTtCFK773K6', 'eOSAi1MYkKawgQSF0F2k', '0grkEDisLV6HNkE402Q8', 'WnExaRyYTYAvbqi3Ii9l', '9Vyegn2mX9KyVTswzJEW', '4PXVfjOcz7ZEtFwdwcEn')])


 txReplies num keys sz= 99
2025-12-21 16:51:00 DEBUG RaftClient:484 - close client-5544BE5497AC

 pt... Kafka Consumer Record in braces:(c2-100 0 SELECT 1 [(881, 'SUETgGPJjxqcUc6Q34zC', '1mpxfz5VEkx7Q5WjcORg', 'J2DfWnljG0PbcvdFLXLB', '9HXOzNYxo5qqZY2Jy1Lk', 'SkEXGhfvVVTwxn2tu9tj', 'speKPMoaa58kTcN9FzHB', 'Dg4cKNvVrRqN5EhC2BkL', 'Fir1bAALCAgsmHnnu4us', '9ZEs8ZY50ypag8rC1sXG', 'InAaipoe5AHlIZ2EufQr')])

 Waiting for request 1766316060

 Waiting for request 1766316060

 Waiting for request 1766316061

 Waiting for request 1766316061

 Waiting for request 1766316061

 Waiting for request 1766316061

 Waiting for request 1766316061

 Waiting for request 1766316061

 Waiting for request 1766316061

 Waiting for request 1766316061

 Waiting for request 1766316061

 Waiting for request 1766316062

 Waiting for request 1766316062

 Waiting for request 1766316062

 Waiting for request 1766316062

 Waiting for request 1766316062

 Waiting for request 1766316062

 Waiting for request 1766316062

 Waiting for request 1766316062

 Waiting for request 1766316062

 Waiting for request 1766316063

 Waiting for request 1766316063

 Waiting for request 1766316063

 Waiting for request 1766316063

 Waiting for request 1766316063

 Waiting for request 1766316063

 Waiting for request 1766316063

 Waiting for request 1766316063

 Waiting for request 1766316063

 Waiting for request 1766316064

 Waiting for request 1766316064

 Waiting for request 1766316064

 Waiting for request 1766316064

 Waiting for request 1766316064

 Waiting for request 1766316064

 Waiting for request 1766316064

 Waiting for request 1766316064

 Waiting for request 1766316064

 Waiting for request 1766316065

 Waiting for request 1766316065

 Waiting for request 1766316065

 Waiting for request 1766316065

 Waiting for request 1766316065

 Waiting for request 1766316065

 Waiting for request 1766316065

 Waiting for request 1766316065

 Waiting for request 1766316065

 Waiting for request 1766316066

 Waiting for request 1766316066

 Waiting for request 1766316066

 Waiting for request 1766316066

 Waiting for request 1766316066

 Waiting for request 1766316066

 Waiting for request 1766316066

 Waiting for request 1766316066

 Waiting for request 1766316066

 Waiting for request 1766316067

 Waiting for request 1766316067

 Waiting for request 1766316067

 Waiting for request 1766316067

 Waiting for request 1766316067

 Waiting for request 1766316067

 Waiting for request 1766316067

 Waiting for request 1766316067

 Waiting for request 1766316067

 Waiting for request 1766316068

 Waiting for request 1766316068

 Waiting for request 1766316068

 Waiting for request 1766316068

 Waiting for request 1766316068

 Waiting for request 1766316068

 Waiting for request 1766316068

 Waiting for request 1766316068

 Waiting for request 1766316068

 Waiting for request 1766316069

 Waiting for request 1766316069

 Waiting for request 1766316069

 Waiting for request 1766316069

 Waiting for request 1766316069

 Waiting for request 1766316069

 Waiting for request 1766316069

 Waiting for request 1766316069

 Waiting for request 1766316069

 Waiting for request 1766316070

 Waiting for request 1766316070

 Waiting for request 1766316070

 Waiting for request 1766316070

 Waiting for request 1766316070

 Waiting for request 1766316070

 Waiting for request 1766316070

 Waiting for request 1766316070

 Waiting for request 1766316071

 Waiting for request 1766316071

 Waiting for request 1766316071

 Waiting for request 1766316071

 Waiting for request 1766316071

 Waiting for request 1766316071

 Waiting for request 1766316071

 Waiting for request 1766316071

 Waiting for request 1766316071

 Waiting for request 1766316071

 Waiting for request 1766316072

 Waiting for request 1766316072

 Waiting for request 1766316072

 Waiting for request 1766316072

 Waiting for request 1766316072

 Waiting for request 1766316072

 Waiting for request 1766316072

 Waiting for request 1766316072

 Waiting for request 1766316072

 Waiting for request 1766316073

 Waiting for request 1766316073

 Waiting for request 1766316073

 Waiting for request 1766316073

 Waiting for request 1766316073

 Waiting for request 1766316073

 Waiting for request 1766316073

 Waiting for request 1766316073

 Waiting for request 1766316073

 Waiting for request 1766316074

 Waiting for request 1766316074

 Waiting for request 1766316074

 Waiting for request 1766316074

 Waiting for request 1766316074

 Waiting for request 1766316074

 Waiting for request 1766316074

 Waiting for request 1766316074

 Waiting for request 1766316074

 Waiting for request 1766316075

 Waiting for request 1766316075

 Waiting for request 1766316075

 Waiting for request 1766316075

 Waiting for request 1766316075

 Waiting for request 1766316075

 Waiting for request 1766316075

 Waiting for request 1766316075

 Waiting for request 1766316075

 Waiting for request 1766316076

 Waiting for request 1766316076

