Found /home/anant2040/git/ratis/ratis-examples/target/ratis-examples-3.2.0-SNAPSHOT.jar
Starting Async write now 
2025-12-17 15:03:15 INFO  ProducerConfig:370 - ProducerConfig values: 
	acks = -1
	auto.include.jmx.reporter = true
	batch.size = 16384
	bootstrap.servers = [10.129.148.129:9092]
	buffer.memory = 33554432
	client.dns.lookup = use_all_dns_ips
	client.id = producer-1
	compression.type = none
	connections.max.idle.ms = 540000
	delivery.timeout.ms = 120000
	enable.idempotence = true
	enable.metrics.push = true
	interceptor.classes = []
	key.serializer = class org.apache.kafka.common.serialization.StringSerializer
	linger.ms = 0
	max.block.ms = 60000
	max.in.flight.requests.per.connection = 5
	max.request.size = 1048576
	metadata.max.age.ms = 300000
	metadata.max.idle.ms = 300000
	metric.reporters = []
	metrics.num.samples = 2
	metrics.recording.level = INFO
	metrics.sample.window.ms = 30000
	partitioner.adaptive.partitioning.enable = true
	partitioner.availability.timeout.ms = 0
	partitioner.class = null
	partitioner.ignore.keys = false
	receive.buffer.bytes = 32768
	reconnect.backoff.max.ms = 1000
	reconnect.backoff.ms = 50
	request.timeout.ms = 30000
	retries = 2147483647
	retry.backoff.max.ms = 1000
	retry.backoff.ms = 100
	sasl.client.callback.handler.class = null
	sasl.jaas.config = null
	sasl.kerberos.kinit.cmd = /usr/bin/kinit
	sasl.kerberos.min.time.before.relogin = 60000
	sasl.kerberos.service.name = null
	sasl.kerberos.ticket.renew.jitter = 0.05
	sasl.kerberos.ticket.renew.window.factor = 0.8
	sasl.login.callback.handler.class = null
	sasl.login.class = null
	sasl.login.connect.timeout.ms = null
	sasl.login.read.timeout.ms = null
	sasl.login.refresh.buffer.seconds = 300
	sasl.login.refresh.min.period.seconds = 60
	sasl.login.refresh.window.factor = 0.8
	sasl.login.refresh.window.jitter = 0.05
	sasl.login.retry.backoff.max.ms = 10000
	sasl.login.retry.backoff.ms = 100
	sasl.mechanism = GSSAPI
	sasl.oauthbearer.clock.skew.seconds = 30
	sasl.oauthbearer.expected.audience = null
	sasl.oauthbearer.expected.issuer = null
	sasl.oauthbearer.jwks.endpoint.refresh.ms = 3600000
	sasl.oauthbearer.jwks.endpoint.retry.backoff.max.ms = 10000
	sasl.oauthbearer.jwks.endpoint.retry.backoff.ms = 100
	sasl.oauthbearer.jwks.endpoint.url = null
	sasl.oauthbearer.scope.claim.name = scope
	sasl.oauthbearer.sub.claim.name = sub
	sasl.oauthbearer.token.endpoint.url = null
	security.protocol = PLAINTEXT
	security.providers = null
	send.buffer.bytes = 131072
	socket.connection.setup.timeout.max.ms = 30000
	socket.connection.setup.timeout.ms = 10000
	ssl.cipher.suites = null
	ssl.enabled.protocols = [TLSv1.2, TLSv1.3]
	ssl.endpoint.identification.algorithm = https
	ssl.engine.factory.class = null
	ssl.key.password = null
	ssl.keymanager.algorithm = SunX509
	ssl.keystore.certificate.chain = null
	ssl.keystore.key = null
	ssl.keystore.location = null
	ssl.keystore.password = null
	ssl.keystore.type = JKS
	ssl.protocol = TLSv1.3
	ssl.provider = null
	ssl.secure.random.implementation = null
	ssl.trustmanager.algorithm = PKIX
	ssl.truststore.certificates = null
	ssl.truststore.location = null
	ssl.truststore.password = null
	ssl.truststore.type = JKS
	transaction.timeout.ms = 60000
	transactional.id = null
	value.serializer = class org.apache.kafka.common.serialization.StringSerializer

2025-12-17 15:03:15 INFO  KafkaMetricsCollector:297 - initializing Kafka metrics collector
2025-12-17 15:03:15 INFO  KafkaProducer:597 - [Producer clientId=producer-1] Instantiated an idempotent producer.
2025-12-17 15:03:15 INFO  AppInfoParser:124 - Kafka version: 3.7.0
2025-12-17 15:03:15 INFO  AppInfoParser:125 - Kafka commitId: 2ae524ed625438c5
2025-12-17 15:03:15 INFO  AppInfoParser:126 - Kafka startTimeMs: 1765963995441
2025-12-17 15:03:15 INFO  ConsumerConfig:370 - ConsumerConfig values: 
	allow.auto.create.topics = true
	auto.commit.interval.ms = 5000
	auto.include.jmx.reporter = true
	auto.offset.reset = latest
	bootstrap.servers = [10.129.148.129:9092]
	check.crcs = true
	client.dns.lookup = use_all_dns_ips
	client.id = consumer-my-group-1
	client.rack = 
	connections.max.idle.ms = 540000
	default.api.timeout.ms = 60000
	enable.auto.commit = true
	enable.metrics.push = true
	exclude.internal.topics = true
	fetch.max.bytes = 52428800
	fetch.max.wait.ms = 500
	fetch.min.bytes = 1
	group.id = my-group
	group.instance.id = null
	group.protocol = classic
	group.remote.assignor = null
	heartbeat.interval.ms = 3000
	interceptor.classes = []
	internal.leave.group.on.close = true
	internal.throw.on.fetch.stable.offset.unsupported = false
	isolation.level = read_uncommitted
	key.deserializer = class org.apache.kafka.common.serialization.StringDeserializer
	max.partition.fetch.bytes = 1048576
	max.poll.interval.ms = 300000
	max.poll.records = 500
	metadata.max.age.ms = 300000
	metric.reporters = []
	metrics.num.samples = 2
	metrics.recording.level = INFO
	metrics.sample.window.ms = 30000
	partition.assignment.strategy = [class org.apache.kafka.clients.consumer.RangeAssignor, class org.apache.kafka.clients.consumer.CooperativeStickyAssignor]
	receive.buffer.bytes = 65536
	reconnect.backoff.max.ms = 1000
	reconnect.backoff.ms = 50
	request.timeout.ms = 30000
	retry.backoff.max.ms = 1000
	retry.backoff.ms = 100
	sasl.client.callback.handler.class = null
	sasl.jaas.config = null
	sasl.kerberos.kinit.cmd = /usr/bin/kinit
	sasl.kerberos.min.time.before.relogin = 60000
	sasl.kerberos.service.name = null
	sasl.kerberos.ticket.renew.jitter = 0.05
	sasl.kerberos.ticket.renew.window.factor = 0.8
	sasl.login.callback.handler.class = null
	sasl.login.class = null
	sasl.login.connect.timeout.ms = null
	sasl.login.read.timeout.ms = null
	sasl.login.refresh.buffer.seconds = 300
	sasl.login.refresh.min.period.seconds = 60
	sasl.login.refresh.window.factor = 0.8
	sasl.login.refresh.window.jitter = 0.05
	sasl.login.retry.backoff.max.ms = 10000
	sasl.login.retry.backoff.ms = 100
	sasl.mechanism = GSSAPI
	sasl.oauthbearer.clock.skew.seconds = 30
	sasl.oauthbearer.expected.audience = null
	sasl.oauthbearer.expected.issuer = null
	sasl.oauthbearer.jwks.endpoint.refresh.ms = 3600000
	sasl.oauthbearer.jwks.endpoint.retry.backoff.max.ms = 10000
	sasl.oauthbearer.jwks.endpoint.retry.backoff.ms = 100
	sasl.oauthbearer.jwks.endpoint.url = null
	sasl.oauthbearer.scope.claim.name = scope
	sasl.oauthbearer.sub.claim.name = sub
	sasl.oauthbearer.token.endpoint.url = null
	security.protocol = PLAINTEXT
	security.providers = null
	send.buffer.bytes = 131072
	session.timeout.ms = 45000
	socket.connection.setup.timeout.max.ms = 30000
	socket.connection.setup.timeout.ms = 10000
	ssl.cipher.suites = null
	ssl.enabled.protocols = [TLSv1.2, TLSv1.3]
	ssl.endpoint.identification.algorithm = https
	ssl.engine.factory.class = null
	ssl.key.password = null
	ssl.keymanager.algorithm = SunX509
	ssl.keystore.certificate.chain = null
	ssl.keystore.key = null
	ssl.keystore.location = null
	ssl.keystore.password = null
	ssl.keystore.type = JKS
	ssl.protocol = TLSv1.3
	ssl.provider = null
	ssl.secure.random.implementation = null
	ssl.trustmanager.algorithm = PKIX
	ssl.truststore.certificates = null
	ssl.truststore.location = null
	ssl.truststore.password = null
	ssl.truststore.type = JKS
	value.deserializer = class org.apache.kafka.common.serialization.StringDeserializer

2025-12-17 15:03:15 INFO  KafkaMetricsCollector:297 - initializing Kafka metrics collector
2025-12-17 15:03:15 INFO  AppInfoParser:124 - Kafka version: 3.7.0
2025-12-17 15:03:15 INFO  AppInfoParser:125 - Kafka commitId: 2ae524ed625438c5
2025-12-17 15:03:15 INFO  AppInfoParser:126 - Kafka startTimeMs: 1765963995479
2025-12-17 15:03:15 INFO  LegacyKafkaConsumer:475 - [Consumer clientId=consumer-my-group-1, groupId=my-group] Subscribed to topic(s): topic2
2025-12-17 15:03:15 INFO  Metadata:349 - [Producer clientId=producer-1] Cluster ID: RoDpOzHHSqetx75HCfkdgg
2025-12-17 15:03:15 INFO  Metadata:349 - [Consumer clientId=consumer-my-group-1, groupId=my-group] Cluster ID: RoDpOzHHSqetx75HCfkdgg
2025-12-17 15:03:15 INFO  TransactionManager:502 - [Producer clientId=producer-1] ProducerId set to 1089 with epoch 0
2025-12-17 15:03:15 INFO  ConsumerCoordinator:936 - [Consumer clientId=consumer-my-group-1, groupId=my-group] Discovered group coordinator 10.129.148.129:9092 (id: 2147483647 rack: null)
2025-12-17 15:03:15 INFO  ConsumerCoordinator:604 - [Consumer clientId=consumer-my-group-1, groupId=my-group] (Re-)joining group
2025-12-17 15:03:15 INFO  ConsumerCoordinator:1102 - [Consumer clientId=consumer-my-group-1, groupId=my-group] Request joining group due to: need to re-join with the given member-id: consumer-my-group-1-3006f7b7-3f2a-4427-8d4a-f26c943e7fdc
2025-12-17 15:03:15 INFO  ConsumerCoordinator:604 - [Consumer clientId=consumer-my-group-1, groupId=my-group] (Re-)joining group
2025-12-17 15:03:15 INFO  ConsumerCoordinator:665 - [Consumer clientId=consumer-my-group-1, groupId=my-group] Successfully joined group with generation Generation{generationId=23, memberId='consumer-my-group-1-3006f7b7-3f2a-4427-8d4a-f26c943e7fdc', protocol='range'}
2025-12-17 15:03:15 INFO  ConsumerCoordinator:659 - [Consumer clientId=consumer-my-group-1, groupId=my-group] Finished assignment for group at generation 23: {consumer-my-group-1-3006f7b7-3f2a-4427-8d4a-f26c943e7fdc=Assignment(partitions=[topic2-0])}
2025-12-17 15:03:15 INFO  ConsumerCoordinator:842 - [Consumer clientId=consumer-my-group-1, groupId=my-group] Successfully synced group in generation Generation{generationId=23, memberId='consumer-my-group-1-3006f7b7-3f2a-4427-8d4a-f26c943e7fdc', protocol='range'}
2025-12-17 15:03:15 INFO  ConsumerCoordinator:319 - [Consumer clientId=consumer-my-group-1, groupId=my-group] Notifying assignor about the new Assignment(partitions=[topic2-0])
2025-12-17 15:03:15 INFO  ConsumerRebalanceListenerInvoker:56 - [Consumer clientId=consumer-my-group-1, groupId=my-group] Adding newly assigned partitions: topic2-0
2025-12-17 15:03:15 INFO  ConsumerUtils:199 - Setting offset for partition topic2-0 to the committed offset FetchPosition{offset=518, offsetEpoch=Optional[0], currentLeader=LeaderAndEpoch{leader=Optional[10.129.148.129:9092 (id: 0 rack: null)], epoch=0}}

 pt... Kafka Consumer Record in braces:(c2-1 0 SELECT 1 [(868, '1HN1XmDqAgYWQZvX5wSh', 'vkY09ZuvGHNj7Dbrknjj', 'XE3lMtYGXNWD73Jp7G4f', '27oB0OFqNAGYKTUJzIdD', 'Ld01zfxURc6XND1SF4eC', 'O1zmYkL2uf6B6H4UkxlE', '8N4VFn8XSBd8haf3BTNz', 'IqBGgdty3BWlit22zPqH', 'Wn1gwsn1gvpwqmFeHrIz', '6fhVenLB62xJckbDBIc5')])


 pt... Kafka Consumer Record in braces:(c2-2 0 SELECT 1 [(831, 's4INFaeA6LzaaxIRWxtC', 'QjL9cSTEKeIlQLV77wFA', 'Exuy5KkWLB8rFy4pzi6S', 'fsfhTB3ip0PwJfUf4Tz5', 'wu7lOQO8tNp7Mhf2XOR0', 'fEgWlS8VKsAChsL9Kl5z', 'EWah3XklTdDi2zv2YBxu', 'qvaIBrrh03PVPcASIOWY', 'jVqeVpzOviXtLJuFmfJ1', 'yFXrzDekuLPImOZNeCD0')])


 pt... Kafka Consumer Record in braces:(c2-3 0 DELETE 1)


 pt... Kafka Consumer Record in braces:(c2-4 0 SELECT 1 [(473, '68hkO95VmWsHWqwEyvWD', 'ertD1y5XruMYqIVAbN4p', 'x72FhUdKhULL7PFl8jMg', '10kTAB7ZfkrMMMwectK9', '4z3KiFW7OK4bLco9jXcu', 'aC29VqWNockytVzCITZJ', 'wCuelaxKgrZqgDveTGHy', 'esmVd3TOseRzfXZk0Fdr', 'Gklz3kbbmkonscUr6Y8W', 'YwxtTWAHiqkOJNCihsBi')])


 pt... Kafka Consumer Record in braces:(c2-5 0 DELETE 1)


 pt... Kafka Consumer Record in braces:(c2-6 0 SELECT 1 [(778, '24Icq1Iaq0J96HBJLyBw', 'AkZw0WQorESN9z1TtVjK', 'b1Ssf1gpWirYnSzMvvCC', 'dKMBgb2tFVTZ5K4nkdxW', 'HGRssdGU03lM6cC0hG17', 'XoCFDEMe9pUilf9S3ISx', 'q7qmnzvICnDWZrQfoQiE', '0EbLOCezwv8yMH1rFTzI', 'dnO9UEfx5pdcaFmSxVsx', 'iGp1gmeaxlU2rku2WwtN')])


 pt... Kafka Consumer Record in braces:(c2-7 0 SELECT 1 [(144, 'nmx7GE5CKM1Nu6BG8jUM', 'yi5vYi29fcgMkiWQgOJ7', 'Lv32oPfiCp2PbbrrTxVn', 'PiVHklyaSIizoaohlbvc', 'HDnxwu8OwFQK9VPhCg3t', 'WjscGgls57VyrVNNp8jm', 'N5uuALd8nIzlYgEOf0Gb', '2P00POI0ca3tes83Wpwi', 'AcOVcTCY6AEuP3oHvbEm', 'REsp1540XTtTXZ3Wpbss')])


 pt... Kafka Consumer Record in braces:(c2-8 0 SELECT 1 [(833, 'aPeQclPCozuKBVQ3KFAA', 'xW9BjMhhzQCYU9pZ2NBq', 's3q6GtBxJBIS9Rtk7DMd', 'GTWqUmdYFhHBXS7D1kLJ', '4a0faN1dOkWnVVQcq1MY', 'yqLi2CWgSHbhGNp92uD7', 'uDJKonGsJVeTF0uJxdrG', 'icJc9UW5SpRp3ucn1jks', 'T2NW5ZXp7qG2HwCkNSsw', 'hUn5BkSZdVcouLzteRCz')])


 pt... Kafka Consumer Record in braces:(c2-9 0 SELECT 1 [(1082, 'FykI6Vojnpq36vV17CNY', 'AzVJcluVnJZqGxVlBLkc', 'xf5NzUHVLBkh9JbkIRZi', 'gWe2Rj8drLe3QonSqq41', 'ixy1x3cRWZu6zdy5SzY1', 'dYPbDle2Wbrt50N4ukh0', 'lPcA1zVpWqGoFG5HaPJF', 'H78oA3t2m0PP9Df7rSV0', 'H2MGKdu2YXRdbXmnKurF', 'Sfq0eKZkTpb1BS7I20zR')])


 pt... Kafka Consumer Record in braces:(c2-10 0 DELETE 1)


 pt... Kafka Consumer Record in braces:(c2-11 0 SELECT 1 [(848, 'mEqyAkNWO7lsa7Lcozjk', '2MgVc4w4XrmYIvtUL0eX', 'XIchnV38BjGTAl7wP5eo', 'qWiommUSlF7xuLhufNft', 'VXTk4n9A6EFvIOS2r0IR', 'iibPrbo7ur2UG7UvP0fZ', 'g1S1DBixpVvVthj4cllh', 'BchwAOc1ybmy1J7HvPut', 'd3O9jM5LZgPxlPHgzpmJ', 'QEaOq5yIkrwTUtNgsvut')])


 pt... Kafka Consumer Record in braces:(c2-12 0 DELETE 1)


 pt... Kafka Consumer Record in braces:(c2-13 0 SELECT 1 [(196, 'sXUNuK4j0WkxGFiRrskr', '7mKGhBblClTViBNfxlOp', 'B6dEaCODTNCWnhMEjq8n', 'DcWYbYglXX9UIwjAjMTG', 'ITzzbC4OLlzsK5iltpPS', 'A5Z49reTNp5d0KVIbo6B', 'nsHfuEGe4Z5CjmoDnYYp', 'rrD3WXaO53QpxAgaKSwA', 'EVOLKs7oRnLhosa7FdPG', 'R82aeH4eU5cR89QEAwfX')])


 pt... Kafka Consumer Record in braces:(c2-14 0 INSERT 0 1)


 pt... Kafka Consumer Record in braces:(c2-15 0 SELECT 1 [(947, '5tNzYtVQU5Q90sGwal3L', 'NiUUo0VAUggcRjwbpCYN', 'vQJWWSHUwdfUF9l4mQhh', 'DgxtrkanoatSTKQc6sGF', 'DvpSEnKOMuTaY7JSYk3j', 'TIUchMe4tf2TUs7oxEVz', 'LV51NTz2fbj3YkNoEE6Y', 'eJiVH5nz6K0A25r0fjMZ', 'pNF39IaZXtNeoIj3hAUv', '0dZNavJwV4MeWJtyPYS6')])


 pt... Kafka Consumer Record in braces:(c2-16 0 DELETE 1)


 pt... Kafka Consumer Record in braces:(c2-17 0 SELECT 1 [(858, 'Sq43zUws1F15z2imIhfa', 'I2HjPYt86NacuqbLCAuU', 'ZPMIwKXs7UAiy1BoPvNM', 'na2WFpXtlTDDYiQ1HvJp', 'bWkMp9oIojHshpOBBLWS', 'tuTwTR3Q9pee0bwYdEmK', 'QteSouCF5eRXsDKBiaK9', 'mPeJipf9OiGVD908HVgz', 't84hfD7Iawvdyh659K0m', 'O6RqJ2mt3BqdpOLPkqU5')])


 pt... Kafka Consumer Record in braces:(c2-18 0 SELECT 1 [(808, 'UkBlXElnqhjSNsJsFh16', 'shPmIEW5K7QsmqHJgKbN', 'unQC1KVw4tY3hibTcptb', 'thbFRC87vw1EeQCsin8i', '66I4V4MprxXHv3dCoDLZ', 'dowb3AMQENQquAf6ZX55', 'Pw1zNLS72gNqZFkWV93k', '5oU7vEDXb3QwgBgFwUNS', 'MVKo2RRD3fj6MhmxXejm', '2KTQzYpI9jqSw5Iz91Lc')])


 pt... Kafka Consumer Record in braces:(c2-19 0 INSERT 0 1)


 pt... Kafka Consumer Record in braces:(c2-20 0 DELETE 1)


 pt... Kafka Consumer Record in braces:(c2-21 0 SELECT 1 [(336, '17l5CsN0Uhtbz6cT1mC1', '7ixr44nNX81WFqFfn1Sk', 'EKgpxd9O357SpOzIfYsY', 'AcbuSoVQsn7mzXb0laSW', '9WDJX6h5VD7NSOQ6NhX4', '3sSk7cLhG0nE3Ax0nHuP', 'LTCcPWqskDqfedW3hkYH', 'XXFw6ydHwbuufkVcHTMx', 'I3sKX0Y9pUM4JUheoeFq', 'vS1LxBiHNIzMDJy91ZZC')])


 pt... Kafka Consumer Record in braces:(c2-22 0 INSERT 0 1)


 pt... Kafka Consumer Record in braces:(c2-23 0 SELECT 1 [(197, '9Ua3LmHGCqknavvRoUi7', 'AAIpgsRB1uF4rj5Q4kVx', '41OtoZIAhxKOf4FHoeeq', 'oJLGzqCNW2yREj38KU2T', 'nn6aP1mF7iod1WgEDXdP', 'VWpNkHvBPaDifZGDYvaI', 'FeJRYj9K5grj3oumqwtU', 'MwvZyeDbm6DtNcTFxrrz', 'K8jsiQYAHvqjVOatYN7g', 'szAuRaISLbJgsEhtAlry')])


 pt... Kafka Consumer Record in braces:(c2-24 0 SELECT 1 [(165, 'HkJUoGkkNJzT3JyUVmHm', 'qVCCyhFMZTVou4FT3gJA', 'aHWmZbOnBmQQ4IQkPetU', '9eNCDa8CAKBOtgTdaWzJ', 'gQjfSKkXrVCEPxbrxLqt', 'LTAxJADyyvwwjDuZx5oK', '905gPbm219Mv5uFTORSl', 'aokdIaJU9Udu3bOzzlvH', 'osIre4XjXWoCmstMckNI', 'YGXtxTp5gPgkc4VTdDny')])


 pt... Kafka Consumer Record in braces:(c2-25 0 SELECT 1 [(406, '0mviiJNrfyUPRLUcKX5Z', 'syljE6forSG96imYb4RP', 'KwJb8UGZ2jWMJCWqCAkH', 'LZXg0jO3IXyPtF98UCVa', 'pjkLIbFlJQIHfFI7xPR0', 'U9pWn0ut7qeQ7zoNP2q8', 'hWtQPcQGqGyRXXGgnfdn', 'L4wmDvfmQLbC7jOuzl9r', 'g5e6hkCrR4OBJE0bz3aW', 'uxtiFoMCj5RtRIOZFsYG')])


 pt... Kafka Consumer Record in braces:(c2-26 0 SELECT 1 [(590, 'cHEzN6t0QURva0ZhBxys', 'YIP0qKjEmtPVQpixoV5s', 'gRaMwqWpAGoMlmywAI28', 'wIETrvdcLaBJ2tawSbjE', '56H0Cce8srnhu9XuPKAs', 'Z3WPX6KKZt3XlspEFQYZ', '1a5pR8ONDJVAGBOzbZo0', 'GARrSPKVrNHWh2TtW53Q', 'hy5RyicgWpz8VyguXP5z', 'lHzeZyI5NAlKsgieEPOq')])


 pt... Kafka Consumer Record in braces:(c2-27 0 INSERT 0 1)


 pt... Kafka Consumer Record in braces:(c2-28 0 SELECT 1 [(96, 'SM0swvRU5YcEv5Lff7gu', 'E3T3BZ5JkwrGdJsxOAWi', 'oA7bCM6aglY7BqniqYt7', 'nmW5gbFnWmIS0TSiSWgQ', '0eUh3o5WN9ecMxhnJ1op', 'L4kNJKSGTGHes81I8nef', 'uwK1hwJIpfaB3ftXtvFU', 'CnA2HJqh0G1gF17TflXo', '4cbHmPml5RTnZryJDTlT', 'HjA2FC3qVg9Vw1GHFNGN')])


 pt... Kafka Consumer Record in braces:(c2-29 0 DELETE 1)


 pt... Kafka Consumer Record in braces:(c2-30 0 INSERT 0 1)


 pt... Kafka Consumer Record in braces:(c2-31 0 SELECT 1 [(967, '33zu3yDe9A88jvYNvvXZ', '7S9QzfcMbrcxrcVSaBgt', 'bYpq8VqAZ2lSLOGmPpCx', '2L0P6oqfGTV7SiSQxehn', 'REsi4tu0PmowYhJmy4Zl', '09VSpl98sOLZhRvUJUsO', 'fnCowdfLvQ0wv8mHCSVO', '2F1GSxmKXL9gisetm5wU', 'KdsiZYscpmTKehsWDuWq', 'G7SMNJx5p2KVfd2JXJgI')])


 pt... Kafka Consumer Record in braces:(c2-32 0 SELECT 1 [(388, 'Pit9uQS4xyoIm5gFrKMY', 'rrInMFRkotwwHWvmfRjt', 'W0zxD4zbfE5JMIhICYX5', 'Sd5vdvWa4EdjRgV9k61e', '9cjhZ0O3ZiMi2FguO02W', 'PUQEeT3iDzi5Jjv9c8xk', '1tsBG1juvASUGHb10019', 'hML8C63qCCDNW14M6LhD', 'xZeOZSvFrqdWmOOJ6zyu', 'LfLBx8MHxy8N9sPz0Xwr')])


 pt... Kafka Consumer Record in braces:(c2-33 0 INSERT 0 1)


 pt... Kafka Consumer Record in braces:(c2-34 0 SELECT 1 [(1579, 'iXF070rocHLVGtGS9aSO', 'wsegP2kZrfSwD54lRbHD', 'SErlj33V3cqLu3sqEipv', 'gOnnKwg7r0sVU6ieiEjX', 'Ey98MgXQdEh1dowq2S8H', 'oN01mFUAc3BDSRYU38UU', '53Xfr5ozgvou2nV9711d', '1sEHDxkCVHgG5pCJU8LC', '01Dqnj2Zfsn6fQWUOUeY', '8TROylOjmBvw0noHllso')])


 pt... Kafka Consumer Record in braces:(c2-35 0 SELECT 1 [(30, 'hwVmWeltuBVYD33PQt2b', '26aaKqQ2PnoBiXiJNLos', 'NT2d51e3ieYOhmMvwREw', 'YTxQ6VIVlHgLdoR4l8oB', 'QOrEUdCAyUHOvNSSI0W7', 'z99nupDQ7rDhVJklaL4b', 'VLQSn424TY4bXLePMsmq', 'tB4gAeIzdG8R0G7KMaWG', 'InIoEifVrF6Bw5pLik42', 'KxU5yW3KLtZtvk3rW6CD')])


 pt... Kafka Consumer Record in braces:(c2-36 0 DELETE 1)


 pt... Kafka Consumer Record in braces:(c2-37 0 DELETE 1)


 pt... Kafka Consumer Record in braces:(c2-38 0 DELETE 1)


 pt... Kafka Consumer Record in braces:(c2-39 0 SELECT 1 [(419, 'MfItaZb2oBnDwBJMjbgQ', 'YDpLdGgx8Nx5YKWNr5fS', 'pJFOENrxNr0UshkF3rye', 'kB39IABe0uZIc9pXkU81', '06t0gI1LlIZmkcydq1xY', '8Pa7NBwN1FinP0C13dn9', 'cOYo7z3zPMTp13gTbYMO', 'XxFGIDwqVbnNiAN4Rnfu', 'QFkNR58deERLHjDcCynN', 'Rmo1BA17qzWjuSmXaqyt')])


 pt... Kafka Consumer Record in braces:(c2-40 0 INSERT 0 1)


 pt... Kafka Consumer Record in braces:(c2-41 0 DELETE 1)


 pt... Kafka Consumer Record in braces:(c2-42 0 SELECT 1 [(549, 'qo4LXi4501i9slJd8kVQ', 'RXfqnaji2jptCRglfVfH', 'sVGtYConNxCQlg1GxHFO', 'bChh60LdDgNpyqgEZ6mm', 'XiONccKR28AnFGu3Pw12', '4DrVitODyoSJeWWpAbtO', 'NpgVE0UVi2VzfN9cUBWt', 'YDVdJWebqdDF0XVBGaxI', 'sQ061AU7ahzj4IlZHHnS', '97cfKAxrnmbdtbhmlhQC')])


 pt... Kafka Consumer Record in braces:(c2-43 0 SELECT 1 [(658, '4zSJQQmFoRoJD5KItCXK', 'pSUDyVEcrSdWarT8jDD4', 'zSTuoSdTTIEqAMzzdX92', 'S8TWLG73JcN2m1Em0jOK', 'UX503zGtiC9KoCgqlwyo', 'kosPYUpK18rQLKxVIKKq', 'Wynl6LD8KKSUzupmO6Ip', 'HR9oFmSk7iltS8buQb8b', 'HhbHdGSwWKeTeI8OkWEW', 'k5AMsbpHWOPEqs4vVV1R')])


 pt... Kafka Consumer Record in braces:(c2-44 0 SELECT 1 [(400, 'GgX0WEfzR9iH1Be6afNo', 'wSFbjCZhYzRbO4Chy5O7', 'csp9gzFT84s68jcbZ7Dr', 'dDbr9KUNydFRu4CXkYW8', 'l0vtBDhPYsMEHsWcm6CU', 'MRBHy3pjjH2EoNoQcObe', 'zrnlG43eyflDVLPfQIIK', '9iN2f7v2qklWxRsVGxQ4', '4hOfxVbWVvi9mLAj76jy', 'xQWhM3cuBg1iEhJjolQZ')])


 pt... Kafka Consumer Record in braces:(c2-45 0 INSERT 0 1)


 pt... Kafka Consumer Record in braces:(c2-46 0 SELECT 1 [(15, '2QnwWsddRuYhY9DkMhqU', 'x6656t4KeWEOyFG16cNh', 'j6gDJCX599XGcyLcZk7a', 'OYDXpqoBB9D623RMiCDg', 'AOQlr95RzpyBiuG4pooR', 'ZZUk8vTGBj20IlU1fkt7', 'Q2KZb2oYrRY4Y8FCI82D', 'faD2sDhwNue2rTZ2cL6S', '7aaMkthgNiW6hmH1GfbK', 'POQn8zBEl2E8r6MJaqOw')])


 pt... Kafka Consumer Record in braces:(c2-47 0 SELECT 1 [(1404, 'X3PiXz1XjCtzYinSr7C4', '0KsO8IG3uTAakrS4ntfQ', 'HHOsP5eWBTgLlgtLhEZj', '6JjgwvdToUstQwwAaPFm', '3yXumVaL8rQuy9EHr731', 'dp0sU87Fo305KfCD51VZ', 'MspAnIFqCGu9ZTaGArEz', 'RUOFUgRMLaIq66NKDNXz', 'viHOb1IOTtmB5bulvL0V', 'kmddM1KHWW9NVKw2Dzxz')])


 pt... Kafka Consumer Record in braces:(c2-48 0 DELETE 1)


 pt... Kafka Consumer Record in braces:(c2-49 0 INSERT 0 1)


 pt... Kafka Consumer Record in braces:(c2-50 0 SELECT 1 [(1099, 'o6eXZupUtVr1vxGij8Gn', 'r349bcnAF1P9mKodFWsg', 'Ews5uuW5nXX3IHbyatJV', '4qG1yHIDmWSx2YMusrdy', 'IlzjZKt6qNA4omzqFAqi', '3cJ8hzVPdKrZNSzCDi6T', 'GKkkcD8QYhcUxOJbE7EW', 'YXwHeemh3Rh7fnMcT1S0', 'zFMB7c0sn0AEJBw8X6Q1', 'Z9lJoX6hLf8wJ9RwUacX')])


 pt... Kafka Consumer Record in braces:(c2-51 0 SELECT 1 [(838, 'YwxtTWAHiqkOJNCihsBi', '68hkO95VmWsHWqwEyvWD', 'ertD1y5XruMYqIVAbN4p', 'x72FhUdKhULL7PFl8jMg', '10kTAB7ZfkrMMMwectK9', '4z3KiFW7OK4bLco9jXcu', 'aC29VqWNockytVzCITZJ', 'wCuelaxKgrZqgDveTGHy', 'esmVd3TOseRzfXZk0Fdr', 'Gklz3kbbmkonscUr6Y8W')])


 pt... Kafka Consumer Record in braces:(c2-52 0 DELETE 1)


 pt... Kafka Consumer Record in braces:(c2-53 0 INSERT 0 1)


 pt... Kafka Consumer Record in braces:(c2-54 0 INSERT 0 1)


 pt... Kafka Consumer Record in braces:(c2-55 0 DELETE 1)


 pt... Kafka Consumer Record in braces:(c2-56 0 SELECT 1 [(565, 'BlKuxloGsR5vnHpd2amN', 'XQi4YZKDxD5DGw7D4jWX', 'IptHuuLPxnPQQdHnAsdJ', '1IF3Ty9lbuztGGHfSDsh', '7uwWrBT2gnjnkr1pSg9H', 'YKJeK7OJ95W9K1pBwKAk', 'M1wyNhLCxqBpIC5mTWdI', 'LnvfyI62NYr9xijFxs6w', 'kaJBnznNXbbVPfPs0bLB', '8C6OJLe7mmwhU3BdwI5J')])


 pt... Kafka Consumer Record in braces:(c2-57 0 SELECT 1 [(655, 'YyfADEVAxMQzbIugKPSK', 'rybGDqrjVtKnX0BHrteq', '6odvhq2oCYZ5ZBG2qCSS', '8pcvbAUa2YCYqJql6ilL', 'pv6nLJ3f06TNbegOHqiL', 'D1IquIvYUMvI74HD6xxM', 'FaS3DmEpkq66T1MxiCFL', 'xx1CvGa6JIvXhnEQu6lr', 'eG2fqG04XRmv3I2dYghM', 'RqdlutNQgeLSQ91CP0hv')])


 pt... Kafka Consumer Record in braces:(c2-58 0 SELECT 1 [(429, 'Zco96Doc8Z3qxrwW8iGu', 'bwnGGoxKOCJs9InNJrIB', 'JwzIbUGU4Gvr4jIayd2y', 'NdTFuyhzucoIYUfQ3pXP', '7hLEJv5gAZJce8AYiNz7', 'IsfP78icN2mMfZDeZ8I4', 'GiHuvTpP2RAT5fmBDClW', 'WbOOHyTrhDVKOdralrCh', 'r8Ii5Mo91t6Pa0VyIOK8', 'KfVyGSOmxkEFNtvcwRQ2')])


 pt... Kafka Consumer Record in braces:(c2-59 0 SELECT 1 [(1539, 'iWpVmIuWma3XY72WFyw3', 'BRG9k4bccxA7yWfG5dmT', '6eiUnkiQuaroSuX78RqB', 'JOpVFTuXsfJmOGUqcLQM', 'np7peCACuutL7M65vV0M', 'gZwCqpyWMeUfJvXb0a7b', 'PKAGRXFhicARl6i3ukNm', 'vIQNRtQO55osvwGgAcBC', '21x130wQ2o5rBuk6Lw7g', '6Ard2BWzNAcGgpopggu7')])


 pt... Kafka Consumer Record in braces:(c2-60 0 SELECT 1 [(631, 'VZNGy9bqJ9FJpGCaydqV', 'snvYCygMCz7FyisWF0EV', 'pMV5J28ohXRN1PBS7wp1', '4IcNLBeJxX5tcRL2yWCe', 'c8xKpytjwGLtzpW1Fkwr', 'io2C3bzjOQrWuOlecvoo', 'n295lNmtcInAfMI1kY2S', 'ovepr3y1Ik1foztVlNAu', 'NYLAPJK6ggh8ym16Jvi9', 'jR4gkCgWWE7yyNnXympv')])


 pt... Kafka Consumer Record in braces:(c2-61 0 SELECT 1 [(851, 'qq1m1VLAGVcXvRpgygL0', '2R1Ml54fF8cCmyzZfWwl', 'X2Oyjv0L0nf2c0x4Ghtv', 'RWX3vG8lGEfkp8L6zboo', 'u548yVXsYxeShYWfQixZ', '4PswqJRs43q6bktn5435', 'dhtO0rZGoGSFE4Z1JSlg', 'GYbz4rwUXWFNBiLmou6R', 'sxWBgpW9pcwwkgZD6wzx', 'VKUDvcbrJ8Jn3uyjDuSk')])


 pt... Kafka Consumer Record in braces:(c2-62 0 DELETE 1)


 pt... Kafka Consumer Record in braces:(c2-63 0 INSERT 0 1)


 pt... Kafka Consumer Record in braces:(c2-64 0 SELECT 1 [(574, 'hgLsc6LBmBn6w28kN74P', '1xF6vgp3YX670kxFciSi', 'Xz1lOFa11Qqg8UEKbEEO', 'DqBIfvbE4U6PHBpCPzYF', 'Wj5i1fXADQMyhkYsyMqc', 'ceMBs0YmQl08NEHKTvzu', 'a0aB0fccuFlWpfXZUF0x', 'OPxWVZpRGamsH9DhWBbB', 'kBkjdbmhHxISLfxgbjBo', 'iUxO8P6xTbz2dMjmJfTR')])


 pt... Kafka Consumer Record in braces:(c2-65 0 DELETE 1)


 pt... Kafka Consumer Record in braces:(c2-66 0 INSERT 0 1)


 pt... Kafka Consumer Record in braces:(c2-67 0 SELECT 1 [(766, 'YwxtTWAHiqkOJNCihsBi', '68hkO95VmWsHWqwEyvWD', 'ertD1y5XruMYqIVAbN4p', 'x72FhUdKhULL7PFl8jMg', '10kTAB7ZfkrMMMwectK9', '4z3KiFW7OK4bLco9jXcu', 'aC29VqWNockytVzCITZJ', 'wCuelaxKgrZqgDveTGHy', 'esmVd3TOseRzfXZk0Fdr', 'Gklz3kbbmkonscUr6Y8W')])


 pt... Kafka Consumer Record in braces:(c2-68 0 DELETE 1)


 pt... Kafka Consumer Record in braces:(c2-69 0 SELECT 1 [(774, '6am8VbRVMlIeUC1gO0EW', 'LYsovWhlkT5IWQwBbYRK', 'gyURXEgkb4BjBUCG8rbh', '43LDwbJEoldgEzwpcjcv', 'NbQxNiIaylXPAqB2tjaU', 'V3znSJR3QImtGHC6Kt5N', '5jQSyzCFKU4DBnPUKxhF', 'uSXCCETW83Lp6Ghjdw4i', 'POflGInjjbMHga7jiRwf', 'eCFrli5JGEGaMRQ2fY1u')])


 pt... Kafka Consumer Record in braces:(c2-70 0 SELECT 1 [(602, 'YwxtTWAHiqkOJNCihsBi', '68hkO95VmWsHWqwEyvWD', 'ertD1y5XruMYqIVAbN4p', 'x72FhUdKhULL7PFl8jMg', '10kTAB7ZfkrMMMwectK9', '4z3KiFW7OK4bLco9jXcu', 'aC29VqWNockytVzCITZJ', 'wCuelaxKgrZqgDveTGHy', 'esmVd3TOseRzfXZk0Fdr', 'Gklz3kbbmkonscUr6Y8W')])


 pt... Kafka Consumer Record in braces:(c2-71 0 SELECT 1 [(740, 'KQ7DQ2YFQSKq9xc8g4ZG', 'GEoteXeCQIf9tO4QJQN6', 'yrtnavfCIJBhKmgrlMNu', '4qznyqyKtQCSpeKcEYy2', '8HDRSc9Y23Eh7O25UobI', '1AgjwoDeJZtboHC5DNrJ', 'ev61OHHTiXjCNh6sbtZU', 'wm91SjxobiDhXTDAe5z5', 'H58Doiu69I13EUyBRttz', 'pASIkWNnTLGXYyQnvid4')])


 pt... Kafka Consumer Record in braces:(c2-72 0 SELECT 1 [(966, 'YwxtTWAHiqkOJNCihsBi', '68hkO95VmWsHWqwEyvWD', 'ertD1y5XruMYqIVAbN4p', 'x72FhUdKhULL7PFl8jMg', '10kTAB7ZfkrMMMwectK9', '4z3KiFW7OK4bLco9jXcu', 'aC29VqWNockytVzCITZJ', 'wCuelaxKgrZqgDveTGHy', 'esmVd3TOseRzfXZk0Fdr', 'Gklz3kbbmkonscUr6Y8W')])


 pt... Kafka Consumer Record in braces:(c2-73 0 INSERT 0 1)


 pt... Kafka Consumer Record in braces:(c2-74 0 SELECT 1 [(324, 'roohS5JfnUqhd1gNKI1m', 'QnVfH4GdXjQ9ErtUfMBe', 'js9TMlut5EG9bqpiFelr', 'j2HT45i5fPgpfS9394xe', 'g8Kk7Ck5Uv8ThBZi2UKk', '9uzoj2qNxdo7qU9BaJi2', '8hArAUSlRThzMn8o8Hr4', 'WgPvjAUjjBwwkBbmothN', 'QBU43Da3aNanGB6r9erS', 'E8j7iB0HI74y1YH4NOge')])


 pt... Kafka Consumer Record in braces:(c2-75 0 SELECT 1 [(136, 'HjNKDxgcRRiVrGDOFGEq', 'kd2NzgolBR3uPHPl0h0g', 'rGdvCR9a1iLQojgMFcRE', 'jWVpTaIxO7Q8xaoHdmB5', '4BiXNuVOdGGekgEIhTvJ', 'Op2ufFCWUKHQZPuSfD4Y', 'hueSNiOlyb0t0UyHPbkF', 'gwHYmx4gL6IsigMhBcUj', 'dzsRin7Z9aruiXhtIITH', 'my3mXQLyIKoEuV2EafvD')])


 pt... Kafka Consumer Record in braces:(c2-76 0 SELECT 1 [(416, 'Y7HBPat7MSLehxtCpVdm', '0Z0iSBWIjGFmZVCalmzw', '7mTIKcrNjVNMazIR33fZ', 'LyFGm3zBkVM47hI0j2Ci', 'eXiDiKYSeZWBSWulPyui', 'zJgCyMHojZqbcq60e6tG', 'rbQBaVcbqDijWCtGxgVK', '6An0T5JHVFMno2gkYwf1', 'jNdthdONTixZLwNAF5bc', 'UXianob4LC211uKlE507')])


 pt... Kafka Consumer Record in braces:(c2-77 0 INSERT 0 1)


 pt... Kafka Consumer Record in braces:(c2-78 0 DELETE 1)


 pt... Kafka Consumer Record in braces:(c2-79 0 INSERT 0 1)


 pt... Kafka Consumer Record in braces:(c2-80 0 DELETE 1)


 pt... Kafka Consumer Record in braces:(c2-81 0 SELECT 1 [(409, 'skn8M18lQM9oc7rolm5w', '86USzQ3EbEpmatRb0q8B', '4comhmcTsneO39lyrm1g', 'un0GG4AWnwwLQhUZ2Qhw', 'TuArCcbxxbLihD5PurCR', '55vuiMpI4JHOGFZW51Wb', 'uoCUQOJliAM0momlZCWI', 'T8thLA9tebS0hQCQ0SyG', 'VDquq2mXPxjpIEy6l0Jh', 'RLtFIRJyTdbq0tOtrqbv')])


 pt... Kafka Consumer Record in braces:(c2-82 0 SELECT 1 [(67, 'zMZDDaOSjhROlWWiezaR', 'cHhpJtdIIjP58QTckXag', 'VIciJ8dogDcae3kuiO8Q', 'YgvX0vXeo5JwzRtTlQ3m', '3C8e1un6WJTUSot4WGoj', 'YtpeOn3Z7izZCK8uhZLL', 'i4UpL6uYLpl7N348BmVD', 'D0eQGWPFojelHQhvHasD', 'SPih9nc4mkj19Mhml0GB', 'YiPXMaJxVa0B7ixwEiyg')])


 pt... Kafka Consumer Record in braces:(c2-83 0 SELECT 1 [(855, 'YwxtTWAHiqkOJNCihsBi', '68hkO95VmWsHWqwEyvWD', 'ertD1y5XruMYqIVAbN4p', 'x72FhUdKhULL7PFl8jMg', '10kTAB7ZfkrMMMwectK9', '4z3KiFW7OK4bLco9jXcu', 'aC29VqWNockytVzCITZJ', 'wCuelaxKgrZqgDveTGHy', 'esmVd3TOseRzfXZk0Fdr', 'Gklz3kbbmkonscUr6Y8W')])


 pt... Kafka Consumer Record in braces:(c2-84 0 DELETE 1)


 pt... Kafka Consumer Record in braces:(c2-85 0 DELETE 1)


 pt... Kafka Consumer Record in braces:(c2-86 0 INSERT 0 1)


 pt... Kafka Consumer Record in braces:(c2-87 0 SELECT 1 [(686, 'bDbrufvknSncTKZ6DiKQ', 'guHtNrzs1VWFGVinZmsN', '3Jt06t9WeYlDGNHVfCHK', '6d92hwLkNGcMEhRB7L5J', 'vwbBGHqRfffTCKSYaUP6', 'TLJJqi3XoznaqQitxNEc', 'szvhBZJ2EA5AcshnfJQj', '1eXkCSvyM4UY4tMzpmX5', 'C7axwMPpYZbngctEYXM2', 'x1r0SMbI1Gi7m5hJ0jQi')])


 pt... Kafka Consumer Record in braces:(c2-88 0 SELECT 1 [(123, 'tVTmokFeqaits7gt9DtX', 'QDmPK2LzJCFzJVbGloA1', '8qRuDyZxQjDkMnOX5OyO', 'goKD3DrQuawba5mhtjim', 'aVGr35hYycDzhpvZSnIO', 'IAJZrgvskU3BzRUVvlvz', '3YtETl3rh2nxLjrkbMZ3', 'VviMCGqLWPZDCKBEYLhq', '91nmQrwFvxWXwET5lJDR', 'Ud4g2sOuDYpF1skhk6nR')])


 pt... Kafka Consumer Record in braces:(c2-89 0 INSERT 0 1)


 pt... Kafka Consumer Record in braces:(c2-90 0 SELECT 1 [(296, 'KqXytA9wW45EjOZAHarz', 'Nw2uSE3dseRhdsegLOT4', '6NwtKrbjZ69r12QAwNWG', 'KIj0Yotxa2by0DNCS4el', 'PuBmjPJMD8g3CIgwPjpc', '3fosdsttfjNXm6djUM9q', 'X4vItW7i38n2WDAFKgTt', 'ZwsOiiyZG5t704fl4sow', 'C9b9rNTFSWeKE3Ff2kYh', 'rGrpGPTgKPpZX73IqOW8')])


 pt... Kafka Consumer Record in braces:(c2-91 0 SELECT 1 [(603, 'N4H4zbAmOX65bIyxk8P7', 'shWTYpZIvvnY1cMSaKl8', 'jxxhBzLSpG49vTIHoPWU', 'D8O0SP68SbhWBu6lG37J', '9MJsKlwrKKrwzEPFbBd8', 'eNnVgBV19fYBmJLmDIue', 'SAWll0U3TQhGCdtnnjmq', 'RTfP8VWixXHM9KdEJHVd', 'gWrajygVocY5e4ZaO6pM', 'bdOXaiwduY6pTmliDQON')])


 pt... Kafka Consumer Record in braces:(c2-92 0 INSERT 0 1)


 pt... Kafka Consumer Record in braces:(c2-93 0 SELECT 1 [(33, 'xsEDcWEYGHUGJcGj5uWL', 'eYwlX08XfofM9rPtNozG', 'vxgl6hwCFslQIqAeItN1', 'Fro5bS6LFK0gzTs68TSe', 'WNSIQ1wdQknAvhYN7HpA', 'E7Hw4fi3INU81hRWyiXx', 'EiZnb9nTUWU6ou0dVOlP', 'uKp0tUMabXY0LCXmb9sx', 'ZdOBqK7JCMqZozUDiIes', 'soGqA10nOphRRR5Cx36f')])


 pt... Kafka Consumer Record in braces:(c2-94 0 SELECT 1 [(891, 'dUlZNLcD44yxFFzsaGGJ', 'E2K5GECVJFc4MDPoHXl9', 'GbpQqT0NZ7UsnvN241nR', 'nlT6hiC75OWYEHG5nAYh', 'UOEKGBEgP9LRmQS0VIrQ', 's2tMOWTnzyUsWeTec2Ly', 'te2XsO4ZszvopcZBDMDh', 'TCqFlPfw4AXmnPcXKMj6', 'q0pXyoFXSaISycgy24Yv', 'xjwXZCd7lRqtDQpJ2Uch')])


 pt... Kafka Consumer Record in braces:(c2-95 0 SELECT 1 [(807, 'umqYLaOXyP33XegYqFWe', 'turQ1UJWZr3LR6Z2U7Dd', 'wCaO1t0SQaERkq9l5QvY', 'fhD4nGYiKmnbntLAzOZM', '4vorUXAzJTlXzjGwaGFS', 'LZVh2ysEDB1xypldADuY', 'QsYzl48zeTjpPU7gKczD', 'AiRI6DmzbLfiRYkOzMDf', 'Oe2xJu2vkSmzXHkJmnUf', 'BMs6DckhsfrXaPwxeZ2w')])


 pt... Kafka Consumer Record in braces:(c2-96 0 DELETE 1)


 pt... Kafka Consumer Record in braces:(c2-97 0 DELETE 1)


 pt... Kafka Consumer Record in braces:(c2-98 0 INSERT 0 1)


 pt... Kafka Consumer Record in braces:(c2-99 0 SELECT 1 [(1170, 'j8E0AkSR9RHyaXhUiucK', 'f5THj3q6AZSSH71HBl4t', 'tLTrgsofAQ6Sx0aspiFj', 'yyQ1FmpfzhmgoDH4SgMH', 'CK5liqSA5iTtCFK773K6', 'eOSAi1MYkKawgQSF0F2k', '0grkEDisLV6HNkE402Q8', 'WnExaRyYTYAvbqi3Ii9l', '9Vyegn2mX9KyVTswzJEW', '4PXVfjOcz7ZEtFwdwcEn')])

 req= c2-15 execTime = 8287094
 req= c2-16 execTime = 8533292
 req= c2-13 execTime = 8169716
 req= c2-14 execTime = 12370204
 req= c2-19 execTime = 13462998
 req= c2-17 execTime = 7794527
 req= c2-18 execTime = 7297953
 req= c2-22 execTime = 6715489
 req= c2-23 execTime = 5594011
 req= c2-20 execTime = 8770063
 req= c2-21 execTime = 8328331
 req= c2-26 execTime = 6868163
 req= c2-27 execTime = 6295668
 req= c2-24 execTime = 5676255
 req= c2-25 execTime = 6281872
 req= c2-28 execTime = 6330322
 req= c2-29 execTime = 6316627
 req= c2-30 execTime = 6250945
 req= c2-7 execTime = 8115705
 req= c2-33 execTime = 6642002
 req= c2-6 execTime = 8721833
 req= c2-34 execTime = 5753649
 req= c2-9 execTime = 9533334
 req= c2-31 execTime = 6222612
 req= c2-8 execTime = 8541598
 req= c2-32 execTime = 7720940
 req= c2-3 execTime = 25122929
 req= c2-2 execTime = 40717454
 req= c2-5 execTime = 13225676
 req= c2-4 execTime = 17608343
 req= c2-1 execTime = 447638567
 req= c2-37 execTime = 8102610
 req= c2-38 execTime = 7227472
 req= c2-35 execTime = 6707014
 req= c2-36 execTime = 7250565
 req= c2-39 execTime = 6262716
 req= c2-40 execTime = 5960613
 req= c2-41 execTime = 5694929
 req= c2-44 execTime = 5402545
 req= c2-45 execTime = 6246196
 req= c2-42 execTime = 6197364
 req= c2-43 execTime = 6045983
 req= c2-48 execTime = 5274537
 req= c2-49 execTime = 5611965
 req= c2-46 execTime = 5373561
 req= c2-47 execTime = 4759739
 req= c2-51 execTime = 5961375
 req= c2-52 execTime = 7183010
 req= c2-50 execTime = 5504335
 req= c2-55 execTime = 6078142
 req= c2-56 execTime = 6735236
 req= c2-53 execTime = 6040412
 req= c2-54 execTime = 5727420
 req= c2-59 execTime = 6358745
 req= c2-57 execTime = 5674071
 req= c2-58 execTime = 6532198
 req= c2-62 execTime = 7247108
 req= c2-63 execTime = 6900824
 req= c2-60 execTime = 6346823
 req= c2-61 execTime = 6072643
 req= c2-66 execTime = 6381247
 req= c2-67 execTime = 6026066
 req= c2-64 execTime = 7974322
 req= c2-65 execTime = 6663663
 req= c2-68 execTime = 5916051
 req= c2-69 execTime = 6137944
 req= c2-73 execTime = 6090155
 req= c2-74 execTime = 5972316

 pt... Kafka Consumer Record in braces:(c2-100 0 SELECT 1 [(881, 'LTdo6wkGPloVn5BCp1uX', 'WLGLDqzJc4nrK80g6IM3', 'mnZkE4kj4CIP6s7buwvc', 'JxBFZ2KSWDYV4xIAUb75', 'DeM8OoPbPTc0ndU7K18n', 'e06JKZXUMNOy2PXBHmoT', 'uiiPAU0WDsJKusnrHOCc', 'OILHwhrEPlqKnAJ5u51Q', '1eQvRpM2qvIvbodvAjLo', '5pC9YSqGtAu2zRNQAGZc')])

 req= c2-71 execTime = 6099823
 req= c2-72 execTime = 6457989
 req= c2-77 execTime = 6085386
 req= c2-78 execTime = 5683848
 Waiting for request 1765963997

 Waiting for request 1765963998

 Waiting for request 1765963999

 Waiting for request 1765964000

 Waiting for request 1765964001

 Waiting for request 1765964002

 Waiting for request 1765964003

 Waiting for request 1765964004

 Waiting for request 1765964006

 Waiting for request 1765964007

 Waiting for request 1765964008

 Waiting for request 1765964009

 Waiting for request 1765964010

 Waiting for request 1765964011

 Waiting for request 1765964012

 Waiting for request 1765964013

 Waiting for request 1765964014

 Waiting for request 1765964015

 Waiting for request 1765964016

 Waiting for request 1765964017

 Waiting for request 1765964019

 Waiting for request 1765964020

 Waiting for request 1765964021

 Waiting for request 1765964022

 Waiting for request 1765964023

 Waiting for request 1765964024

 Waiting for request 1765964025

 Waiting for request 1765964026

 Waiting for request 1765964027

 Waiting for request 1765964028

 Waiting for request 1765964029

 Waiting for request 1765964030

 Waiting for request 1765964031

 Waiting for request 1765964032

 Waiting for request 1765964033

 Waiting for request 1765964034

 Waiting for request 1765964035

 Waiting for request 1765964037

 Waiting for request 1765964038

 Waiting for request 1765964039

 Waiting for request 1765964040

 Waiting for request 1765964041

 Waiting for request 1765964042

 Waiting for request 1765964043

 Waiting for request 1765964044

 Waiting for request 1765964045

 Waiting for request 1765964046

 Waiting for request 1765964047

 Waiting for request 1765964048

 Waiting for request 1765964049

 Waiting for request 1765964051

 Waiting for request 1765964052

 Waiting for request 1765964053

 Waiting for request 1765964054

 Waiting for request 1765964055

 Waiting for request 1765964056

 Waiting for request 1765964057

 Waiting for request 1765964058

 Waiting for request 1765964059

 Waiting for request 1765964060

 Waiting for request 1765964061

 Waiting for request 1765964062

 Waiting for request 1765964063

 Waiting for request 1765964064

 Waiting for request 1765964065

 Waiting for request 1765964066

 Waiting for request 1765964067

 Waiting for request 1765964068

 Waiting for request 1765964070

 Waiting for request 1765964071

 Waiting for request 1765964072

 Waiting for request 1765964073

 Waiting for request 1765964074

 Waiting for request 1765964075

 Waiting for request 1765964076

 Waiting for request 1765964077

 Waiting for request 1765964078

 Waiting for request 1765964079

 Waiting for request 1765964080

 Waiting for request 1765964081

 Waiting for request 1765964082

 Waiting for request 1765964084

 Waiting for request 1765964085

 Waiting for request 1765964086

 Waiting for request 1765964087

 Waiting for request 1765964088

 Waiting for request 1765964089

 Waiting for request 1765964090

 Waiting for request 1765964091

 Waiting for request 1765964092

 Waiting for request 1765964093

 Waiting for request 1765964094

 Waiting for request 1765964095

 Waiting for request 1765964096

 Waiting for request 1765964097

 Waiting for request 1765964099

 Waiting for request 1765964100

 Waiting for request 1765964101

 Waiting for request 1765964102

 Waiting for request 1765964103

 Waiting for request 1765964104

 Waiting for request 1765964105

 Waiting for request 1765964106

