Found /home/anant2040/git/ratis/ratis-examples/target/ratis-examples-3.2.0-SNAPSHOT.jar
Starting Async write now 
2025-12-17 14:45:48 INFO  ProducerConfig:370 - ProducerConfig values: 
	acks = -1
	auto.include.jmx.reporter = true
	batch.size = 16384
	bootstrap.servers = [10.129.148.129:9092]
	buffer.memory = 33554432
	client.dns.lookup = use_all_dns_ips
	client.id = producer-1
	compression.type = none
	connections.max.idle.ms = 540000
	delivery.timeout.ms = 120000
	enable.idempotence = true
	enable.metrics.push = true
	interceptor.classes = []
	key.serializer = class org.apache.kafka.common.serialization.StringSerializer
	linger.ms = 0
	max.block.ms = 60000
	max.in.flight.requests.per.connection = 5
	max.request.size = 1048576
	metadata.max.age.ms = 300000
	metadata.max.idle.ms = 300000
	metric.reporters = []
	metrics.num.samples = 2
	metrics.recording.level = INFO
	metrics.sample.window.ms = 30000
	partitioner.adaptive.partitioning.enable = true
	partitioner.availability.timeout.ms = 0
	partitioner.class = null
	partitioner.ignore.keys = false
	receive.buffer.bytes = 32768
	reconnect.backoff.max.ms = 1000
	reconnect.backoff.ms = 50
	request.timeout.ms = 30000
	retries = 2147483647
	retry.backoff.max.ms = 1000
	retry.backoff.ms = 100
	sasl.client.callback.handler.class = null
	sasl.jaas.config = null
	sasl.kerberos.kinit.cmd = /usr/bin/kinit
	sasl.kerberos.min.time.before.relogin = 60000
	sasl.kerberos.service.name = null
	sasl.kerberos.ticket.renew.jitter = 0.05
	sasl.kerberos.ticket.renew.window.factor = 0.8
	sasl.login.callback.handler.class = null
	sasl.login.class = null
	sasl.login.connect.timeout.ms = null
	sasl.login.read.timeout.ms = null
	sasl.login.refresh.buffer.seconds = 300
	sasl.login.refresh.min.period.seconds = 60
	sasl.login.refresh.window.factor = 0.8
	sasl.login.refresh.window.jitter = 0.05
	sasl.login.retry.backoff.max.ms = 10000
	sasl.login.retry.backoff.ms = 100
	sasl.mechanism = GSSAPI
	sasl.oauthbearer.clock.skew.seconds = 30
	sasl.oauthbearer.expected.audience = null
	sasl.oauthbearer.expected.issuer = null
	sasl.oauthbearer.jwks.endpoint.refresh.ms = 3600000
	sasl.oauthbearer.jwks.endpoint.retry.backoff.max.ms = 10000
	sasl.oauthbearer.jwks.endpoint.retry.backoff.ms = 100
	sasl.oauthbearer.jwks.endpoint.url = null
	sasl.oauthbearer.scope.claim.name = scope
	sasl.oauthbearer.sub.claim.name = sub
	sasl.oauthbearer.token.endpoint.url = null
	security.protocol = PLAINTEXT
	security.providers = null
	send.buffer.bytes = 131072
	socket.connection.setup.timeout.max.ms = 30000
	socket.connection.setup.timeout.ms = 10000
	ssl.cipher.suites = null
	ssl.enabled.protocols = [TLSv1.2, TLSv1.3]
	ssl.endpoint.identification.algorithm = https
	ssl.engine.factory.class = null
	ssl.key.password = null
	ssl.keymanager.algorithm = SunX509
	ssl.keystore.certificate.chain = null
	ssl.keystore.key = null
	ssl.keystore.location = null
	ssl.keystore.password = null
	ssl.keystore.type = JKS
	ssl.protocol = TLSv1.3
	ssl.provider = null
	ssl.secure.random.implementation = null
	ssl.trustmanager.algorithm = PKIX
	ssl.truststore.certificates = null
	ssl.truststore.location = null
	ssl.truststore.password = null
	ssl.truststore.type = JKS
	transaction.timeout.ms = 60000
	transactional.id = null
	value.serializer = class org.apache.kafka.common.serialization.StringSerializer

2025-12-17 14:45:48 INFO  KafkaMetricsCollector:297 - initializing Kafka metrics collector
2025-12-17 14:45:48 INFO  KafkaProducer:597 - [Producer clientId=producer-1] Instantiated an idempotent producer.
2025-12-17 14:45:48 INFO  AppInfoParser:124 - Kafka version: 3.7.0
2025-12-17 14:45:48 INFO  AppInfoParser:125 - Kafka commitId: 2ae524ed625438c5
2025-12-17 14:45:48 INFO  AppInfoParser:126 - Kafka startTimeMs: 1765962948467
2025-12-17 14:45:48 INFO  ConsumerConfig:370 - ConsumerConfig values: 
	allow.auto.create.topics = true
	auto.commit.interval.ms = 5000
	auto.include.jmx.reporter = true
	auto.offset.reset = latest
	bootstrap.servers = [10.129.148.129:9092]
	check.crcs = true
	client.dns.lookup = use_all_dns_ips
	client.id = consumer-my-group-1
	client.rack = 
	connections.max.idle.ms = 540000
	default.api.timeout.ms = 60000
	enable.auto.commit = true
	enable.metrics.push = true
	exclude.internal.topics = true
	fetch.max.bytes = 52428800
	fetch.max.wait.ms = 500
	fetch.min.bytes = 1
	group.id = my-group
	group.instance.id = null
	group.protocol = classic
	group.remote.assignor = null
	heartbeat.interval.ms = 3000
	interceptor.classes = []
	internal.leave.group.on.close = true
	internal.throw.on.fetch.stable.offset.unsupported = false
	isolation.level = read_uncommitted
	key.deserializer = class org.apache.kafka.common.serialization.StringDeserializer
	max.partition.fetch.bytes = 1048576
	max.poll.interval.ms = 300000
	max.poll.records = 500
	metadata.max.age.ms = 300000
	metric.reporters = []
	metrics.num.samples = 2
	metrics.recording.level = INFO
	metrics.sample.window.ms = 30000
	partition.assignment.strategy = [class org.apache.kafka.clients.consumer.RangeAssignor, class org.apache.kafka.clients.consumer.CooperativeStickyAssignor]
	receive.buffer.bytes = 65536
	reconnect.backoff.max.ms = 1000
	reconnect.backoff.ms = 50
	request.timeout.ms = 30000
	retry.backoff.max.ms = 1000
	retry.backoff.ms = 100
	sasl.client.callback.handler.class = null
	sasl.jaas.config = null
	sasl.kerberos.kinit.cmd = /usr/bin/kinit
	sasl.kerberos.min.time.before.relogin = 60000
	sasl.kerberos.service.name = null
	sasl.kerberos.ticket.renew.jitter = 0.05
	sasl.kerberos.ticket.renew.window.factor = 0.8
	sasl.login.callback.handler.class = null
	sasl.login.class = null
	sasl.login.connect.timeout.ms = null
	sasl.login.read.timeout.ms = null
	sasl.login.refresh.buffer.seconds = 300
	sasl.login.refresh.min.period.seconds = 60
	sasl.login.refresh.window.factor = 0.8
	sasl.login.refresh.window.jitter = 0.05
	sasl.login.retry.backoff.max.ms = 10000
	sasl.login.retry.backoff.ms = 100
	sasl.mechanism = GSSAPI
	sasl.oauthbearer.clock.skew.seconds = 30
	sasl.oauthbearer.expected.audience = null
	sasl.oauthbearer.expected.issuer = null
	sasl.oauthbearer.jwks.endpoint.refresh.ms = 3600000
	sasl.oauthbearer.jwks.endpoint.retry.backoff.max.ms = 10000
	sasl.oauthbearer.jwks.endpoint.retry.backoff.ms = 100
	sasl.oauthbearer.jwks.endpoint.url = null
	sasl.oauthbearer.scope.claim.name = scope
	sasl.oauthbearer.sub.claim.name = sub
	sasl.oauthbearer.token.endpoint.url = null
	security.protocol = PLAINTEXT
	security.providers = null
	send.buffer.bytes = 131072
	session.timeout.ms = 45000
	socket.connection.setup.timeout.max.ms = 30000
	socket.connection.setup.timeout.ms = 10000
	ssl.cipher.suites = null
	ssl.enabled.protocols = [TLSv1.2, TLSv1.3]
	ssl.endpoint.identification.algorithm = https
	ssl.engine.factory.class = null
	ssl.key.password = null
	ssl.keymanager.algorithm = SunX509
	ssl.keystore.certificate.chain = null
	ssl.keystore.key = null
	ssl.keystore.location = null
	ssl.keystore.password = null
	ssl.keystore.type = JKS
	ssl.protocol = TLSv1.3
	ssl.provider = null
	ssl.secure.random.implementation = null
	ssl.trustmanager.algorithm = PKIX
	ssl.truststore.certificates = null
	ssl.truststore.location = null
	ssl.truststore.password = null
	ssl.truststore.type = JKS
	value.deserializer = class org.apache.kafka.common.serialization.StringDeserializer

2025-12-17 14:45:48 INFO  KafkaMetricsCollector:297 - initializing Kafka metrics collector
2025-12-17 14:45:48 INFO  AppInfoParser:124 - Kafka version: 3.7.0
2025-12-17 14:45:48 INFO  AppInfoParser:125 - Kafka commitId: 2ae524ed625438c5
2025-12-17 14:45:48 INFO  AppInfoParser:126 - Kafka startTimeMs: 1765962948507
2025-12-17 14:45:48 INFO  LegacyKafkaConsumer:475 - [Consumer clientId=consumer-my-group-1, groupId=my-group] Subscribed to topic(s): topic2
2025-12-17 14:45:48 INFO  Metadata:349 - [Producer clientId=producer-1] Cluster ID: RoDpOzHHSqetx75HCfkdgg
2025-12-17 14:45:48 INFO  TransactionManager:502 - [Producer clientId=producer-1] ProducerId set to 1086 with epoch 0
2025-12-17 14:45:48 INFO  Metadata:349 - [Consumer clientId=consumer-my-group-1, groupId=my-group] Cluster ID: RoDpOzHHSqetx75HCfkdgg
2025-12-17 14:45:48 INFO  ConsumerCoordinator:936 - [Consumer clientId=consumer-my-group-1, groupId=my-group] Discovered group coordinator 10.129.148.129:9092 (id: 2147483647 rack: null)
2025-12-17 14:45:48 INFO  ConsumerCoordinator:604 - [Consumer clientId=consumer-my-group-1, groupId=my-group] (Re-)joining group
2025-12-17 14:45:48 INFO  ConsumerCoordinator:1102 - [Consumer clientId=consumer-my-group-1, groupId=my-group] Request joining group due to: need to re-join with the given member-id: consumer-my-group-1-8cc1bdac-3d5e-4881-b274-f64e7a144753
2025-12-17 14:45:48 INFO  ConsumerCoordinator:604 - [Consumer clientId=consumer-my-group-1, groupId=my-group] (Re-)joining group
2025-12-17 14:45:48 INFO  ConsumerCoordinator:665 - [Consumer clientId=consumer-my-group-1, groupId=my-group] Successfully joined group with generation Generation{generationId=21, memberId='consumer-my-group-1-8cc1bdac-3d5e-4881-b274-f64e7a144753', protocol='range'}
2025-12-17 14:45:48 INFO  ConsumerCoordinator:659 - [Consumer clientId=consumer-my-group-1, groupId=my-group] Finished assignment for group at generation 21: {consumer-my-group-1-8cc1bdac-3d5e-4881-b274-f64e7a144753=Assignment(partitions=[topic2-0])}
2025-12-17 14:45:48 INFO  ConsumerCoordinator:842 - [Consumer clientId=consumer-my-group-1, groupId=my-group] Successfully synced group in generation Generation{generationId=21, memberId='consumer-my-group-1-8cc1bdac-3d5e-4881-b274-f64e7a144753', protocol='range'}
2025-12-17 14:45:48 INFO  ConsumerCoordinator:319 - [Consumer clientId=consumer-my-group-1, groupId=my-group] Notifying assignor about the new Assignment(partitions=[topic2-0])
2025-12-17 14:45:48 INFO  ConsumerRebalanceListenerInvoker:56 - [Consumer clientId=consumer-my-group-1, groupId=my-group] Adding newly assigned partitions: topic2-0
2025-12-17 14:45:48 INFO  ConsumerUtils:199 - Setting offset for partition topic2-0 to the committed offset FetchPosition{offset=418, offsetEpoch=Optional[0], currentLeader=LeaderAndEpoch{leader=Optional[10.129.148.129:9092 (id: 0 rack: null)], epoch=0}}

 pt... c2-1 execTime (ns)= 472475250

 pt... c2-2 execTime (ns)= 35903844

 pt... c2-3 execTime (ns)= 20430246

 pt... c2-4 execTime (ns)= 14911452

 pt... c2-5 execTime (ns)= 8914156

 pt... c2-6 execTime (ns)= 8767103

 pt... c2-7 execTime (ns)= 9221959

 pt... c2-8 execTime (ns)= 7881904

 pt... c2-9 execTime (ns)= 7893937

 pt... c2-10 execTime (ns)= 8017416

 pt... c2-11 execTime (ns)= 9105362

 pt... c2-12 execTime (ns)= 8475349

 pt... c2-13 execTime (ns)= 7490776

 pt... c2-14 execTime (ns)= 11445929

 pt... c2-15 execTime (ns)= 7208862

 pt... c2-16 execTime (ns)= 8620749

 pt... c2-17 execTime (ns)= 7751702

 pt... c2-18 execTime (ns)= 7397022

 pt... c2-19 execTime (ns)= 6838853

 pt... c2-20 execTime (ns)= 6796815

 pt... c2-21 execTime (ns)= 7088998

 pt... c2-22 execTime (ns)= 6942886

 pt... c2-23 execTime (ns)= 5851474

 pt... c2-24 execTime (ns)= 6104935

 pt... c2-25 execTime (ns)= 6872936

 pt... c2-26 execTime (ns)= 7155021

 pt... c2-27 execTime (ns)= 8233909

 pt... c2-28 execTime (ns)= 7664369

 pt... c2-29 execTime (ns)= 7645735

 pt... c2-30 execTime (ns)= 7373588

 pt... c2-31 execTime (ns)= 7027604

 pt... c2-32 execTime (ns)= 6402800

 pt... c2-33 execTime (ns)= 5925823

 pt... c2-34 execTime (ns)= 5134058

 pt... c2-35 execTime (ns)= 4847666

 pt... c2-36 execTime (ns)= 5778919

 pt... c2-37 execTime (ns)= 6309367

 pt... c2-38 execTime (ns)= 5573687

 pt... c2-39 execTime (ns)= 5510048

 pt... c2-40 execTime (ns)= 5252569

 pt... c2-41 execTime (ns)= 5587773

 pt... c2-42 execTime (ns)= 6509669

 pt... c2-43 execTime (ns)= 5861343

 pt... c2-44 execTime (ns)= 5278527

 pt... c2-45 execTime (ns)= 5241850

 pt... c2-46 execTime (ns)= 5108851

 pt... c2-47 execTime (ns)= 5544532

 pt... c2-48 execTime (ns)= 23093094

 pt... c2-49 execTime (ns)= 12700456

 pt... c2-50 execTime (ns)= 6577646

 pt... c2-51 execTime (ns)= 5634510

 pt... c2-52 execTime (ns)= 5499639

 pt... c2-53 execTime (ns)= 5077844

 pt... c2-54 execTime (ns)= 5063367

 pt... c2-55 execTime (ns)= 4958441

 pt... c2-56 execTime (ns)= 4921823

 pt... c2-57 execTime (ns)= 5545945

 pt... c2-58 execTime (ns)= 5851374

 pt... c2-59 execTime (ns)= 5122797

 pt... c2-60 execTime (ns)= 5275161

 pt... c2-61 execTime (ns)= 5189151

 pt... c2-62 execTime (ns)= 5664656

 pt... c2-63 execTime (ns)= 5466899

 pt... c2-64 execTime (ns)= 5873736

 pt... c2-65 execTime (ns)= 5839552

 pt... c2-66 execTime (ns)= 5182940

 pt... c2-67 execTime (ns)= 4744363

 pt... c2-68 execTime (ns)= 4889664

 pt... c2-69 execTime (ns)= 4419468

 pt... c2-70 execTime (ns)= 4729775

 pt... c2-71 execTime (ns)= 4427373

 pt... c2-72 execTime (ns)= 4849369

 pt... c2-73 execTime (ns)= 4812680

 pt... c2-74 execTime (ns)= 4931902

 pt... c2-75 execTime (ns)= 5269601

 pt... c2-76 execTime (ns)= 5256316

 pt... c2-77 execTime (ns)= 5501923

 pt... c2-78 execTime (ns)= 5354198

 pt... c2-79 execTime (ns)= 4891767

 pt... c2-80 execTime (ns)= 5065561

 pt... c2-81 execTime (ns)= 5243583

 pt... c2-82 execTime (ns)= 5461138

 pt... c2-83 execTime (ns)= 6048942

 pt... c2-84 execTime (ns)= 6562268

 pt... c2-85 execTime (ns)= 7520331

 pt... c2-86 execTime (ns)= 6296322

 pt... c2-87 execTime (ns)= 5452942

 pt... c2-88 execTime (ns)= 5233794

 pt... c2-89 execTime (ns)= 5111046

 pt... c2-90 execTime (ns)= 4675886

 pt... c2-91 execTime (ns)= 4441338

 pt... c2-92 execTime (ns)= 5123288

 pt... c2-93 execTime (ns)= 5299536

 pt... c2-94 execTime (ns)= 4745556

 pt... c2-95 execTime (ns)= 4488807

 pt... c2-96 execTime (ns)= 5580540

 pt... c2-97 execTime (ns)= 5396236

 pt... c2-98 execTime (ns)= 5349579

 pt... c2-99 execTime (ns)= 4787753
 req= c2-15 execTime = 7208862
 req= c2-16 execTime = 8620749
 req= c2-13 execTime = 7490776
 req= c2-14 execTime = 11445929
 req= c2-19 execTime = 6838853
 req= c2-17 execTime = 7751702
 req= c2-18 execTime = 7397022
 req= c2-22 execTime = 6942886
 req= c2-23 execTime = 5851474
 req= c2-20 execTime = 6796815
 req= c2-21 execTime = 7088998
 req= c2-26 execTime = 7155021
 req= c2-27 execTime = 8233909
 req= c2-24 execTime = 6104935
 req= c2-25 execTime = 6872936
 req= c2-28 execTime = 7664369
 req= c2-29 execTime = 7645735
 req= c2-30 execTime = 7373588
 req= c2-7 execTime = 9221959
 req= c2-33 execTime = 5925823
 req= c2-6 execTime = 8767103
 req= c2-34 execTime = 5134058
 req= c2-9 execTime = 7893937
 req= c2-31 execTime = 7027604
 req= c2-8 execTime = 7881904
 req= c2-32 execTime = 6402800
 req= c2-3 execTime = 20430246
 req= c2-2 execTime = 35903844
 req= c2-5 execTime = 8914156
 req= c2-4 execTime = 14911452
 req= c2-1 execTime = 472475250
 req= c2-37 execTime = 6309367
 req= c2-38 execTime = 5573687
 req= c2-35 execTime = 4847666
 req= c2-36 execTime = 5778919
 req= c2-39 execTime = 5510048
 req= c2-40 execTime = 5252569
 req= c2-41 execTime = 5587773
 req= c2-44 execTime = 5278527
 req= c2-45 execTime = 5241850
 req= c2-42 execTime = 6509669
 req= c2-43 execTime = 5861343
 req= c2-48 execTime = 23093094
 req= c2-49 execTime = 12700456
 req= c2-46 execTime = 5108851
 req= c2-47 execTime = 5544532
 req= c2-51 execTime = 5634510
 req= c2-52 execTime = 5499639
 req= c2-50 execTime = 6577646
 req= c2-55 execTime = 4958441
 req= c2-56 execTime = 4921823
 req= c2-53 execTime = 5077844
 req= c2-54 execTime = 5063367
 req= c2-59 execTime = 5122797
 req= c2-57 execTime = 5545945
 req= c2-58 execTime = 5851374
 req= c2-62 execTime = 5664656
 req= c2-63 execTime = 5466899
 req= c2-60 execTime = 5275161
 req= c2-61 execTime = 5189151
 req= c2-66 execTime = 5182940
 req= c2-67 execTime = 4744363
 req= c2-64 execTime = 5873736
 req= c2-65 execTime = 5839552
 req= c2-68 execTime = 4889664
 req= c2-69 execTime = 4419468
 req= c2-73 execTime = 4812680
 req= c2-74 execTime = 4931902
 req= c2-71 execTime = 4427373
 req= c2-72 execTime = 4849369
 req= c2-77 execTime = 5501923
 req= c2-78 execTime = 5354198
 req= c2-75 execTime = 5269601
 req= c2-76 execTime = 5256316
 req= c2-70 execTime = 4729775
 req= c2-79 execTime = 4891767
 req= c2-84 execTime = 6562268
 req= c2-85 execTime = 7520331
 req= c2-82 execTime = 5461138
 req= c2-83 execTime = 6048942
 req= c2-88 execTime = 5233794
 req= c2-89 execTime = 5111046
 req= c2-86 execTime = 6296322
 req= c2-87 execTime = 5452942
 req= c2-80 execTime = 5065561
 req= c2-81 execTime = 5243583
 req= c2-95 execTime = 4488807
 req= c2-96 execTime = 5580540
 req= c2-93 execTime = 5299536
 req= c2-94 execTime = 4745556
 req= c2-11 execTime = 9105362
 req= c2-99 execTime = 4787753
 req= c2-12 execTime = 8475349
 req= c2-97 execTime = 5396236
 req= c2-10 execTime = 8017416
 req= c2-98 execTime = 5349579
 req= c2-91 execTime = 4441338
 req= c2-92 execTime = 5123288
 req= c2-90 execTime = 4675886

 txReplies num keys sz= 99
Avg time taken: 11554338 nanosec
Total time taken: 953085 microsec
2025-12-17 14:45:49 DEBUG RaftClient:484 - close client-62298179A9DE

 pt... c2-100 execTime (ns)= 4943854
 Waiting for request 1765962950

 Waiting for request 1765962951

 Waiting for request 1765962952

 Waiting for request 1765962953

 Waiting for request 1765962954

 Waiting for request 1765962955

