Found /home/anant2040/git/ratis/ratis-examples/target/ratis-examples-3.2.0-SNAPSHOT.jar
2025-12-17 14:37:32 INFO  FileStore:46 - example.filestore.statemachine.write.thread.num = 1 (custom)
2025-12-17 14:37:32 INFO  FileStore:46 - example.filestore.statemachine.read.thread.num = 1 (custom)
2025-12-17 14:37:32 INFO  FileStore:46 - example.filestore.statemachine.commit.thread.num = 1 (custom)
2025-12-17 14:37:32 INFO  FileStore:46 - example.filestore.statemachine.delete.thread.num = 1 (default)
2025-12-17 14:37:32 INFO  FileStore:46 - example.filestore.statemachine.dir = [/tmp/ratis2/n2] (custom)
2025-12-17 14:37:32 INFO  RaftServer:46 - raft.rpc.type = GRPC (default)
2025-12-17 14:37:32 INFO  GrpcConfigKeys:53 - raft.grpc.admin.host = null (fallback to raft.grpc.server.host)
2025-12-17 14:37:32 INFO  GrpcConfigKeys:53 - raft.grpc.admin.port = 7000 (fallback to raft.grpc.server.port)
2025-12-17 14:37:32 INFO  GrpcConfigKeys:53 - raft.grpc.client.host = null (fallback to raft.grpc.server.host)
2025-12-17 14:37:32 INFO  GrpcConfigKeys:53 - raft.grpc.client.port = 7000 (fallback to raft.grpc.server.port)
2025-12-17 14:37:32 INFO  GrpcConfigKeys:46 - raft.grpc.server.host = null (default)
2025-12-17 14:37:32 INFO  GrpcConfigKeys:46 - raft.grpc.server.port = 7000 (custom)
2025-12-17 14:37:32 INFO  GrpcServicesImpl:46 - raft.grpc.message.size.max = 64MB (=67108864) (default)
2025-12-17 14:37:32 INFO  GrpcServicesImpl:46 - raft.grpc.flow.control.window = 1MB (=1048576) (default)
2025-12-17 14:37:32 INFO  RaftServerConfigKeys:46 - raft.server.rpc.request.timeout = 3000ms (default)
2025-12-17 14:37:32 INFO  GrpcConfigKeys:46 - raft.grpc.server.heartbeat.channel = true (default)
2025-12-17 14:37:32 INFO  GrpcConfigKeys:46 - raft.grpc.server.zerocopy.enabled = false (default)
2025-12-17 14:37:32 INFO  RaftServerConfigKeys:46 - raft.server.log.appender.buffer.byte-limit = 4MB (=4194304) (default)
2025-12-17 14:37:32 INFO  GrpcConfigKeys:46 - raft.grpc.server.async.request.thread.pool.cached = true (default)
2025-12-17 14:37:32 INFO  GrpcConfigKeys:46 - raft.grpc.server.async.request.thread.pool.size = 32 (default)
2025-12-17 14:37:32 INFO  GrpcServerProtocolService:248 - null: Zero copy is disabled.
2025-12-17 14:37:32 INFO  GrpcClientProtocolService:175 - null: Zero copy is disabled.
2025-12-17 14:37:32 INFO  DataStreamServerImpl:46 - raft.datastream.type = DISABLED (default)
2025-12-17 14:37:32 INFO  RaftServerConfigKeys:46 - raft.server.sleep.deviation.threshold = 300ms (default)
2025-12-17 14:37:32 INFO  RaftServerConfigKeys:46 - raft.server.close.threshold = 60s (default)
2025-12-17 14:37:32 INFO  RaftServerConfigKeys:46 - raft.server.leaderelection.leader.step-down.wait-time = 10s (default)
2025-12-17 14:37:32 INFO  RaftServerConfigKeys:46 - raft.server.storage.dir = [/tmp/ratis2/n2] (custom)
2025-12-17 14:37:32 INFO  RaftServerConfigKeys:46 - raft.server.threadpool.proxy.cached = true (default)
2025-12-17 14:37:32 INFO  RaftServerConfigKeys:46 - raft.server.threadpool.proxy.size = 0 (default)
2025-12-17 14:37:32 INFO  RaftServer:120 - n2: addNew group-6F7570313233:[n2|127.0.0.1:7000] returns group-6F7570313233:java.util.concurrent.CompletableFuture@35f26e72[Not completed]
2025-12-17 14:37:32 INFO  RaftServer$Division:256 - n2: new RaftServerImpl for group-6F7570313233:[n2|127.0.0.1:7000] with FileStoreStateMachine:uninitialized
2025-12-17 14:37:32 INFO  RaftServerConfigKeys:46 - raft.server.rpc.timeout.min = 2s (custom)
2025-12-17 14:37:32 INFO  RaftServerConfigKeys:46 - raft.server.rpc.timeout.max = 3s (custom)
2025-12-17 14:37:32 INFO  RaftServerConfigKeys:46 - raft.server.rpc.sleep.time = 25ms (default)
2025-12-17 14:37:32 INFO  RaftServerConfigKeys:46 - raft.server.rpc.slowness.timeout = 60s (default)
2025-12-17 14:37:32 INFO  RaftServerConfigKeys:46 - raft.server.leaderelection.leader.step-down.wait-time = 10s (default)
2025-12-17 14:37:32 INFO  RaftServerConfigKeys:46 - raft.server.leaderelection.member.majority-add = false (default)
2025-12-17 14:37:32 INFO  RaftServerConfigKeys:46 - raft.server.sleep.deviation.threshold = 300ms (default)
2025-12-17 14:37:32 INFO  RaftServer$Division:114 - n2@group-6F7570313233: ConfigurationManager, init=conf: {index: -1, cur=peers:[n2|127.0.0.1:7000]|listeners:[], old=null}, confs=<EMPTY_MAP>
2025-12-17 14:37:32 INFO  RaftServerConfigKeys:46 - raft.server.notification.no-leader.timeout = 60s (default)
2025-12-17 14:37:32 INFO  RaftServerConfigKeys:46 - raft.server.read.timeout = 10s (default)
2025-12-17 14:37:32 INFO  RaftServerConfigKeys:46 - raft.server.retrycache.expirytime = 60s (default)
2025-12-17 14:37:32 INFO  RaftServerConfigKeys:46 - raft.server.retrycache.statistics.expirytime = 100ms (default)
2025-12-17 14:37:32 INFO  RaftServerConfigKeys:46 - raft.server.read.option = DEFAULT (default)
2025-12-17 14:37:32 INFO  RaftServerConfigKeys:46 - raft.server.read.read-after-write-consistent.write-index-cache.expiry-time = 60s (default)
2025-12-17 14:37:32 INFO  RaftServerConfigKeys:46 - raft.server.rpc.request.timeout = 3000ms (default)
2025-12-17 14:37:32 INFO  RaftServerConfigKeys:46 - raft.server.log.appender.install.snapshot.enabled = true (default)
2025-12-17 14:37:32 INFO  RaftServerConfigKeys:46 - raft.server.threadpool.server.cached = true (default)
2025-12-17 14:37:32 INFO  RaftServerConfigKeys:46 - raft.server.threadpool.server.size = 0 (default)
2025-12-17 14:37:32 INFO  RaftServerConfigKeys:46 - raft.server.threadpool.client.cached = true (default)
2025-12-17 14:37:32 INFO  RaftServerConfigKeys:46 - raft.server.threadpool.client.size = 0 (default)
2025-12-17 14:37:32 INFO  RaftServerConfigKeys:46 - raft.server.storage.free-space.min = 0MB (=0) (default)
2025-12-17 14:37:32 INFO  RaftServerConfigKeys:46 - raft.server.log.corruption.policy = EXCEPTION (default)
2025-12-17 14:37:32 INFO  RaftServerConfigKeys:46 - raft.server.storage.dir = [/tmp/ratis2/n2] (custom)
2025-12-17 14:37:32 INFO  RaftStorageDirectory:138 - The storage directory /tmp/ratis2/n2/64656d6f-5261-6674-4772-6f7570313233 does not exist. Creating ...
2025-12-17 14:37:32 INFO  RaftStorageDirectory:229 - Lock on /tmp/ratis2/n2/64656d6f-5261-6674-4772-6f7570313233/in_use.lock acquired by nodename 3541967@desk14-179
2025-12-17 14:37:32 INFO  RaftStorage:98 - Storage directory /tmp/ratis2/n2/64656d6f-5261-6674-4772-6f7570313233 has been successfully formatted.
 initialize threadID: 33  
2025-12-17 14:37:33 INFO  ProducerConfig:370 - ProducerConfig values: 
	acks = -1
	auto.include.jmx.reporter = true
	batch.size = 16384
	bootstrap.servers = [10.129.148.129:9092]
	buffer.memory = 33554432
	client.dns.lookup = use_all_dns_ips
	client.id = producer-1
	compression.type = none
	connections.max.idle.ms = 540000
	delivery.timeout.ms = 120000
	enable.idempotence = true
	enable.metrics.push = true
	interceptor.classes = []
	key.serializer = class org.apache.kafka.common.serialization.StringSerializer
	linger.ms = 0
	max.block.ms = 60000
	max.in.flight.requests.per.connection = 5
	max.request.size = 1048576
	metadata.max.age.ms = 300000
	metadata.max.idle.ms = 300000
	metric.reporters = []
	metrics.num.samples = 2
	metrics.recording.level = INFO
	metrics.sample.window.ms = 30000
	partitioner.adaptive.partitioning.enable = true
	partitioner.availability.timeout.ms = 0
	partitioner.class = null
	partitioner.ignore.keys = false
	receive.buffer.bytes = 32768
	reconnect.backoff.max.ms = 1000
	reconnect.backoff.ms = 50
	request.timeout.ms = 30000
	retries = 2147483647
	retry.backoff.max.ms = 1000
	retry.backoff.ms = 100
	sasl.client.callback.handler.class = null
	sasl.jaas.config = null
	sasl.kerberos.kinit.cmd = /usr/bin/kinit
	sasl.kerberos.min.time.before.relogin = 60000
	sasl.kerberos.service.name = null
	sasl.kerberos.ticket.renew.jitter = 0.05
	sasl.kerberos.ticket.renew.window.factor = 0.8
	sasl.login.callback.handler.class = null
	sasl.login.class = null
	sasl.login.connect.timeout.ms = null
	sasl.login.read.timeout.ms = null
	sasl.login.refresh.buffer.seconds = 300
	sasl.login.refresh.min.period.seconds = 60
	sasl.login.refresh.window.factor = 0.8
	sasl.login.refresh.window.jitter = 0.05
	sasl.login.retry.backoff.max.ms = 10000
	sasl.login.retry.backoff.ms = 100
	sasl.mechanism = GSSAPI
	sasl.oauthbearer.clock.skew.seconds = 30
	sasl.oauthbearer.expected.audience = null
	sasl.oauthbearer.expected.issuer = null
	sasl.oauthbearer.jwks.endpoint.refresh.ms = 3600000
	sasl.oauthbearer.jwks.endpoint.retry.backoff.max.ms = 10000
	sasl.oauthbearer.jwks.endpoint.retry.backoff.ms = 100
	sasl.oauthbearer.jwks.endpoint.url = null
	sasl.oauthbearer.scope.claim.name = scope
	sasl.oauthbearer.sub.claim.name = sub
	sasl.oauthbearer.token.endpoint.url = null
	security.protocol = PLAINTEXT
	security.providers = null
	send.buffer.bytes = 131072
	socket.connection.setup.timeout.max.ms = 30000
	socket.connection.setup.timeout.ms = 10000
	ssl.cipher.suites = null
	ssl.enabled.protocols = [TLSv1.2, TLSv1.3]
	ssl.endpoint.identification.algorithm = https
	ssl.engine.factory.class = null
	ssl.key.password = null
	ssl.keymanager.algorithm = SunX509
	ssl.keystore.certificate.chain = null
	ssl.keystore.key = null
	ssl.keystore.location = null
	ssl.keystore.password = null
	ssl.keystore.type = JKS
	ssl.protocol = TLSv1.3
	ssl.provider = null
	ssl.secure.random.implementation = null
	ssl.trustmanager.algorithm = PKIX
	ssl.truststore.certificates = null
	ssl.truststore.location = null
	ssl.truststore.password = null
	ssl.truststore.type = JKS
	transaction.timeout.ms = 60000
	transactional.id = null
	value.serializer = class org.apache.kafka.common.serialization.StringSerializer

2025-12-17 14:37:33 INFO  KafkaMetricsCollector:297 - initializing Kafka metrics collector
2025-12-17 14:37:33 INFO  KafkaProducer:597 - [Producer clientId=producer-1] Instantiated an idempotent producer.
2025-12-17 14:37:33 INFO  AppInfoParser:124 - Kafka version: 3.7.0
2025-12-17 14:37:33 INFO  AppInfoParser:125 - Kafka commitId: 2ae524ed625438c5
2025-12-17 14:37:33 INFO  AppInfoParser:126 - Kafka startTimeMs: 1765962453051
2025-12-17 14:37:33 INFO  RaftServerConfigKeys:46 - raft.server.log.use.memory = false (default)
2025-12-17 14:37:33 INFO  RaftServerConfigKeys:46 - raft.server.log.purge.gap = 1024 (default)
2025-12-17 14:37:33 INFO  RaftServerConfigKeys:46 - raft.server.log.appender.buffer.byte-limit = 4MB (=4194304) (default)
2025-12-17 14:37:33 INFO  RaftServerConfigKeys:46 - raft.server.log.statemachine.data.read.timeout = 1000ms (default)
2025-12-17 14:37:33 INFO  RaftServerConfigKeys:46 - raft.server.log.purge.preservation.log.num = 0 (default)
2025-12-17 14:37:33 INFO  RaftServerConfigKeys:46 - raft.server.log.segment.size.max = 32MB (=33554432) (default)
2025-12-17 14:37:33 INFO  RaftServerConfigKeys:46 - raft.server.log.segment.cache.num.max = 6 (default)
2025-12-17 14:37:33 INFO  RaftServerConfigKeys:46 - raft.server.log.segment.cache.size.max = 200MB (=209715200) (default)
2025-12-17 14:37:33 INFO  RaftServerConfigKeys:46 - raft.server.log.appender.buffer.byte-limit = 4MB (=4194304) (default)
2025-12-17 14:37:33 INFO  AwaitToRun:81 - Thread[#36,n2@group-6F7570313233-cacheEviction-AwaitToRun,5,main] started
2025-12-17 14:37:33 INFO  SegmentedRaftLogWorker:188 - new n2@group-6F7570313233-SegmentedRaftLogWorker for RaftStorageImpl:Storage Directory /tmp/ratis2/n2/64656d6f-5261-6674-4772-6f7570313233
2025-12-17 14:37:33 INFO  RaftServerConfigKeys:46 - raft.server.log.queue.byte-limit = 64MB (=67108864) (default)
2025-12-17 14:37:33 INFO  RaftServerConfigKeys:46 - raft.server.log.queue.element-limit = 4096 (default)
2025-12-17 14:37:33 INFO  RaftServerConfigKeys:46 - raft.server.log.segment.size.max = 32MB (=33554432) (default)
2025-12-17 14:37:33 INFO  RaftServerConfigKeys:46 - raft.server.log.preallocated.size = 4MB (=4194304) (default)
2025-12-17 14:37:33 INFO  RaftServerConfigKeys:46 - raft.server.log.force.sync.num = 128 (default)
2025-12-17 14:37:33 INFO  RaftServerConfigKeys:46 - raft.server.log.statemachine.data.sync = true (default)
2025-12-17 14:37:33 INFO  RaftServerConfigKeys:46 - raft.server.log.statemachine.data.sync.timeout = 10s (default)
2025-12-17 14:37:33 INFO  RaftServerConfigKeys:46 - raft.server.log.statemachine.data.sync.timeout.retry = -1 (default)
2025-12-17 14:37:33 INFO  RaftServerConfigKeys:46 - raft.server.log.write.buffer.size = 8MB (=8388608) (default)
2025-12-17 14:37:33 INFO  RaftServerConfigKeys:46 - raft.server.log.appender.buffer.byte-limit = 4MB (=4194304) (default)
2025-12-17 14:37:33 INFO  RaftServerConfigKeys:46 - raft.server.log.unsafe-flush.enabled = false (default)
2025-12-17 14:37:33 INFO  RaftServerConfigKeys:46 - raft.server.log.async-flush.enabled = false (default)
2025-12-17 14:37:33 INFO  RaftServerConfigKeys:46 - raft.server.log.statemachine.data.caching.enabled = false (default)
2025-12-17 14:37:33 INFO  SegmentedRaftLogWorker:139 - n2@group-6F7570313233-SegmentedRaftLogWorker: flushIndex: setUnconditionally 0 -> -1
2025-12-17 14:37:33 INFO  SegmentedRaftLogWorker:139 - n2@group-6F7570313233-SegmentedRaftLogWorker: safeCacheEvictIndex: setUnconditionally 0 -> -1
2025-12-17 14:37:33 INFO  RaftServer$Division:392 - n2@group-6F7570313233: start as a follower, conf=conf: {index: -1, cur=peers:[n2|127.0.0.1:7000]|listeners:[], old=null}
2025-12-17 14:37:33 INFO  RaftServer$Division:379 - n2@group-6F7570313233: changes role from      null to FOLLOWER at term 0 for startAsFollower
2025-12-17 14:37:33 INFO  RoleInfo:148 - n2: start n2@group-6F7570313233-FollowerState
2025-12-17 14:37:33 INFO  RaftServerConfigKeys:53 - raft.server.rpc.first-election.timeout.min = 2s (fallback to raft.server.rpc.timeout.min)
2025-12-17 14:37:33 INFO  RaftServerConfigKeys:53 - raft.server.rpc.first-election.timeout.max = 3s (fallback to raft.server.rpc.timeout.max)
2025-12-17 14:37:33 INFO  JmxRegister:44 - Successfully registered JMX Bean with object name Ratis:service=RaftServer,group=group-6F7570313233,id=n2
2025-12-17 14:37:33 INFO  JmxRegister:58 - register mxBean class org.apache.ratis.server.impl.RaftServerJmxAdapter as Ratis:service=RaftServer,group=group-6F7570313233,id=n2
2025-12-17 14:37:33 INFO  RaftServerConfigKeys:46 - raft.server.snapshot.trigger-when-stop.enabled = true (default)
2025-12-17 14:37:33 INFO  RaftServerConfigKeys:46 - raft.server.snapshot.trigger-when-remove.enabled = true (default)
2025-12-17 14:37:33 INFO  RaftServerConfigKeys:46 - raft.server.snapshot.auto.trigger.enabled = false (default)
2025-12-17 14:37:33 INFO  RaftServerConfigKeys:46 - raft.server.snapshot.retention.file.num = -1 (default)
2025-12-17 14:37:33 INFO  RaftServerConfigKeys:46 - raft.server.log.purge.upto.snapshot.index = false (default)
2025-12-17 14:37:33 INFO  RaftServer$Division:406 - n2@group-6F7570313233: Successfully started.
2025-12-17 14:37:33 INFO  RaftServer:430 - n2: start RPC server
2025-12-17 14:37:33 INFO  GrpcServicesImpl:353 - n2: GrpcServicesImpl started, listening on 7000
2025-12-17 14:37:33 INFO  JvmPauseMonitor:146 - JvmPauseMonitor-n2: Started
2025-12-17 14:37:33 INFO  Metadata:349 - [Producer clientId=producer-1] Cluster ID: RoDpOzHHSqetx75HCfkdgg
2025-12-17 14:37:33 INFO  TransactionManager:502 - [Producer clientId=producer-1] ProducerId set to 1083 with epoch 0
2025-12-17 14:37:35 INFO  FollowerState:161 - n2@group-6F7570313233-FollowerState: change to CANDIDATE, lastRpcElapsedTime:2287479201ns, electionTimeout:2286ms
2025-12-17 14:37:35 INFO  RoleInfo:121 - n2: shutdown n2@group-6F7570313233-FollowerState
2025-12-17 14:37:35 INFO  RaftServer$Division:379 - n2@group-6F7570313233: changes role from  FOLLOWER to CANDIDATE at term 0 for changeToCandidate
2025-12-17 14:37:35 INFO  RaftServerConfigKeys:46 - raft.server.leaderelection.pre-vote = true (default)
2025-12-17 14:37:35 INFO  RoleInfo:148 - n2: start n2@group-6F7570313233-LeaderElection1
2025-12-17 14:37:35 INFO  LeaderElection:332 - n2@group-6F7570313233-LeaderElection1 PRE_VOTE round 0: submit vote requests at term 0 for conf: {index: -1, cur=peers:[n2|127.0.0.1:7000]|listeners:[], old=null}
2025-12-17 14:37:35 INFO  LeaderElection:334 - n2@group-6F7570313233-LeaderElection1 PRE_VOTE round 0: result PASSED (term=0)
2025-12-17 14:37:35 INFO  LeaderElection:332 - n2@group-6F7570313233-LeaderElection1 ELECTION round 0: submit vote requests at term 1 for conf: {index: -1, cur=peers:[n2|127.0.0.1:7000]|listeners:[], old=null}
2025-12-17 14:37:35 INFO  LeaderElection:334 - n2@group-6F7570313233-LeaderElection1 ELECTION round 0: result PASSED (term=1)
2025-12-17 14:37:35 INFO  RoleInfo:141 - n2: shutdown n2@group-6F7570313233-LeaderElection1
2025-12-17 14:37:35 INFO  RaftServer$Division:379 - n2@group-6F7570313233: changes role from CANDIDATE to LEADER at term 1 for changeToLeader
2025-12-17 14:37:35 INFO  RaftServerConfigKeys:46 - raft.server.staging.catchup.gap = 1000 (default)
2025-12-17 14:37:35 INFO  RaftServerConfigKeys:46 - raft.server.write.element-limit = 40960 (custom)
2025-12-17 14:37:35 INFO  RaftServerConfigKeys:46 - raft.server.write.byte-limit = 1000MB (=1048576000) (custom)
2025-12-17 14:37:35 INFO  RaftServerConfigKeys:46 - raft.server.watch.timeout = 10s (default)
2025-12-17 14:37:35 INFO  RaftServerConfigKeys:46 - raft.server.watch.timeout.denomination = 1s (default)
2025-12-17 14:37:35 INFO  RaftServerConfigKeys:46 - raft.server.watch.element-limit = 65536 (default)
2025-12-17 14:37:35 INFO  RaftServerConfigKeys:46 - raft.server.read.leader.lease.enabled = false (default)
2025-12-17 14:37:35 INFO  RaftServerConfigKeys:46 - raft.server.read.leader.lease.timeout.ratio = 0.9 (default)
2025-12-17 14:37:35 INFO  RaftServerConfigKeys:46 - raft.server.rpc.timeout.min = 2s (custom)
2025-12-17 14:37:35 INFO  RaftServerConfigKeys:46 - raft.server.log.log-metadata.enabled = true (default)
2025-12-17 14:37:35 INFO  RaftServerConfigKeys:46 - raft.server.write.element-limit = 40960 (custom)
2025-12-17 14:37:35 INFO  RaftServerConfigKeys:46 - raft.server.write.follower.gap.ratio.max = -1.0 (default)
2025-12-17 14:37:35 INFO  RoleInfo:148 - n2: start n2@group-6F7570313233-LeaderStateImpl
2025-12-17 14:37:35 INFO  RaftServer$Division:563 - n2@group-6F7570313233: set firstElectionSinceStartup to false for becomeLeader
2025-12-17 14:37:35 INFO  RaftServer$Division:272 - n2@group-6F7570313233: change Leader from null to n2 at term 1 for becomeLeader, leader elected after 2455ms
2025-12-17 14:37:35 INFO  SegmentedRaftLogWorker:442 - n2@group-6F7570313233-SegmentedRaftLogWorker: Starting segment from index:0
2025-12-17 14:37:35 INFO  RaftServer$Division:386 - n2@group-6F7570313233: set configuration conf: {index: 0, cur=peers:[n2|127.0.0.1:7000]|listeners:[], old=null}
2025-12-17 14:37:35 INFO  BufferedWriteChannel:61 - open log_inprogress_0 at position 0
2025-12-17 14:37:35 INFO  SegmentedRaftLogWorker:663 - n2@group-6F7570313233-SegmentedRaftLogWorker: created new log segment /tmp/ratis2/n2/64656d6f-5261-6674-4772-6f7570313233/current/log_inprogress_0
2025-12-17 14:37:35 INFO  RaftServer$Division:314 - Leader n2@group-6F7570313233-LeaderStateImpl is ready since appliedIndex == startIndex == 0
