Found /home/anant2040/git/ratis/ratis-examples/target/ratis-examples-3.2.0-SNAPSHOT.jar
Starting Async write now 
safedb syserr  data=java.nio.HeapByteBuffer[pos=0 lim=43 cap=43] &&& <ByteString@55b699ef size=43 contents="SELECT * FROM usertable WHERE YCSB_KEY=868;">
2026-01-17 14:57:39 INFO  ProducerConfig:370 - ProducerConfig values: 
	acks = -1
	auto.include.jmx.reporter = true
	batch.size = 16384
	bootstrap.servers = [10.129.148.129:9092]
	buffer.memory = 33554432
	client.dns.lookup = use_all_dns_ips
	client.id = producer-1
	compression.type = none
	connections.max.idle.ms = 540000
	delivery.timeout.ms = 120000
	enable.idempotence = true
	enable.metrics.push = true
	interceptor.classes = []
	key.serializer = class org.apache.kafka.common.serialization.StringSerializer
	linger.ms = 0
	max.block.ms = 60000
	max.in.flight.requests.per.connection = 5
	max.request.size = 1048576
	metadata.max.age.ms = 300000
	metadata.max.idle.ms = 300000
	metric.reporters = []
	metrics.num.samples = 2
	metrics.recording.level = INFO
	metrics.sample.window.ms = 30000
	partitioner.adaptive.partitioning.enable = true
	partitioner.availability.timeout.ms = 0
	partitioner.class = null
	partitioner.ignore.keys = false
	receive.buffer.bytes = 32768
	reconnect.backoff.max.ms = 1000
	reconnect.backoff.ms = 50
	request.timeout.ms = 30000
	retries = 2147483647
	retry.backoff.max.ms = 1000
	retry.backoff.ms = 100
	sasl.client.callback.handler.class = null
	sasl.jaas.config = null
	sasl.kerberos.kinit.cmd = /usr/bin/kinit
	sasl.kerberos.min.time.before.relogin = 60000
	sasl.kerberos.service.name = null
	sasl.kerberos.ticket.renew.jitter = 0.05
	sasl.kerberos.ticket.renew.window.factor = 0.8
	sasl.login.callback.handler.class = null
	sasl.login.class = null
	sasl.login.connect.timeout.ms = null
	sasl.login.read.timeout.ms = null
	sasl.login.refresh.buffer.seconds = 300
	sasl.login.refresh.min.period.seconds = 60
	sasl.login.refresh.window.factor = 0.8
	sasl.login.refresh.window.jitter = 0.05
	sasl.login.retry.backoff.max.ms = 10000
	sasl.login.retry.backoff.ms = 100
	sasl.mechanism = GSSAPI
	sasl.oauthbearer.clock.skew.seconds = 30
	sasl.oauthbearer.expected.audience = null
	sasl.oauthbearer.expected.issuer = null
	sasl.oauthbearer.jwks.endpoint.refresh.ms = 3600000
	sasl.oauthbearer.jwks.endpoint.retry.backoff.max.ms = 10000
	sasl.oauthbearer.jwks.endpoint.retry.backoff.ms = 100
	sasl.oauthbearer.jwks.endpoint.url = null
	sasl.oauthbearer.scope.claim.name = scope
	sasl.oauthbearer.sub.claim.name = sub
	sasl.oauthbearer.token.endpoint.url = null
	security.protocol = PLAINTEXT
	security.providers = null
	send.buffer.bytes = 131072
	socket.connection.setup.timeout.max.ms = 30000
	socket.connection.setup.timeout.ms = 10000
	ssl.cipher.suites = null
	ssl.enabled.protocols = [TLSv1.2, TLSv1.3]
	ssl.endpoint.identification.algorithm = https
	ssl.engine.factory.class = null
	ssl.key.password = null
	ssl.keymanager.algorithm = SunX509
	ssl.keystore.certificate.chain = null
	ssl.keystore.key = null
	ssl.keystore.location = null
	ssl.keystore.password = null
	ssl.keystore.type = JKS
	ssl.protocol = TLSv1.3
	ssl.provider = null
	ssl.secure.random.implementation = null
	ssl.trustmanager.algorithm = PKIX
	ssl.truststore.certificates = null
	ssl.truststore.location = null
	ssl.truststore.password = null
	ssl.truststore.type = JKS
	transaction.timeout.ms = 60000
	transactional.id = null
	value.serializer = class org.apache.kafka.common.serialization.StringSerializer

2026-01-17 14:57:39 INFO  KafkaMetricsCollector:297 - initializing Kafka metrics collector
2026-01-17 14:57:39 INFO  KafkaProducer:597 - [Producer clientId=producer-1] Instantiated an idempotent producer.
2026-01-17 14:57:39 INFO  AppInfoParser:124 - Kafka version: 3.7.0
2026-01-17 14:57:39 INFO  AppInfoParser:125 - Kafka commitId: 2ae524ed625438c5
2026-01-17 14:57:39 INFO  AppInfoParser:126 - Kafka startTimeMs: 1768642059409
2026-01-17 14:57:39 INFO  ConsumerConfig:370 - ConsumerConfig values: 
	allow.auto.create.topics = true
	auto.commit.interval.ms = 5000
	auto.include.jmx.reporter = true
	auto.offset.reset = latest
	bootstrap.servers = [10.129.148.129:9092]
	check.crcs = true
	client.dns.lookup = use_all_dns_ips
	client.id = consumer-my-group-1
	client.rack = 
	connections.max.idle.ms = 540000
	default.api.timeout.ms = 60000
	enable.auto.commit = true
	enable.metrics.push = true
	exclude.internal.topics = true
	fetch.max.bytes = 52428800
	fetch.max.wait.ms = 500
	fetch.min.bytes = 1
	group.id = my-group
	group.instance.id = null
	group.protocol = classic
	group.remote.assignor = null
	heartbeat.interval.ms = 3000
	interceptor.classes = []
	internal.leave.group.on.close = true
	internal.throw.on.fetch.stable.offset.unsupported = false
	isolation.level = read_uncommitted
	key.deserializer = class org.apache.kafka.common.serialization.StringDeserializer
	max.partition.fetch.bytes = 1048576
	max.poll.interval.ms = 300000
	max.poll.records = 500
	metadata.max.age.ms = 300000
	metric.reporters = []
	metrics.num.samples = 2
	metrics.recording.level = INFO
	metrics.sample.window.ms = 30000
	partition.assignment.strategy = [class org.apache.kafka.clients.consumer.RangeAssignor, class org.apache.kafka.clients.consumer.CooperativeStickyAssignor]
	receive.buffer.bytes = 65536
	reconnect.backoff.max.ms = 1000
	reconnect.backoff.ms = 50
	request.timeout.ms = 30000
	retry.backoff.max.ms = 1000
	retry.backoff.ms = 100
	sasl.client.callback.handler.class = null
	sasl.jaas.config = null
	sasl.kerberos.kinit.cmd = /usr/bin/kinit
	sasl.kerberos.min.time.before.relogin = 60000
	sasl.kerberos.service.name = null
	sasl.kerberos.ticket.renew.jitter = 0.05
	sasl.kerberos.ticket.renew.window.factor = 0.8
	sasl.login.callback.handler.class = null
	sasl.login.class = null
	sasl.login.connect.timeout.ms = null
	sasl.login.read.timeout.ms = null
	sasl.login.refresh.buffer.seconds = 300
	sasl.login.refresh.min.period.seconds = 60
	sasl.login.refresh.window.factor = 0.8
	sasl.login.refresh.window.jitter = 0.05
	sasl.login.retry.backoff.max.ms = 10000
	sasl.login.retry.backoff.ms = 100
	sasl.mechanism = GSSAPI
	sasl.oauthbearer.clock.skew.seconds = 30
	sasl.oauthbearer.expected.audience = null
	sasl.oauthbearer.expected.issuer = null
	sasl.oauthbearer.jwks.endpoint.refresh.ms = 3600000
	sasl.oauthbearer.jwks.endpoint.retry.backoff.max.ms = 10000
	sasl.oauthbearer.jwks.endpoint.retry.backoff.ms = 100
	sasl.oauthbearer.jwks.endpoint.url = null
	sasl.oauthbearer.scope.claim.name = scope
	sasl.oauthbearer.sub.claim.name = sub
	sasl.oauthbearer.token.endpoint.url = null
	security.protocol = PLAINTEXT
	security.providers = null
	send.buffer.bytes = 131072
	session.timeout.ms = 45000
	socket.connection.setup.timeout.max.ms = 30000
	socket.connection.setup.timeout.ms = 10000
	ssl.cipher.suites = null
	ssl.enabled.protocols = [TLSv1.2, TLSv1.3]
	ssl.endpoint.identification.algorithm = https
	ssl.engine.factory.class = null
	ssl.key.password = null
	ssl.keymanager.algorithm = SunX509
	ssl.keystore.certificate.chain = null
	ssl.keystore.key = null
	ssl.keystore.location = null
	ssl.keystore.password = null
	ssl.keystore.type = JKS
	ssl.protocol = TLSv1.3
	ssl.provider = null
	ssl.secure.random.implementation = null
	ssl.trustmanager.algorithm = PKIX
	ssl.truststore.certificates = null
	ssl.truststore.location = null
	ssl.truststore.password = null
	ssl.truststore.type = JKS
	value.deserializer = class org.apache.kafka.common.serialization.StringDeserializer

2026-01-17 14:57:39 INFO  KafkaMetricsCollector:297 - initializing Kafka metrics collector
2026-01-17 14:57:39 INFO  AppInfoParser:124 - Kafka version: 3.7.0
2026-01-17 14:57:39 INFO  AppInfoParser:125 - Kafka commitId: 2ae524ed625438c5
2026-01-17 14:57:39 INFO  AppInfoParser:126 - Kafka startTimeMs: 1768642059445
2026-01-17 14:57:39 INFO  LegacyKafkaConsumer:475 - [Consumer clientId=consumer-my-group-1, groupId=my-group] Subscribed to topic(s): topic2
2026-01-17 14:57:39 INFO  Metadata:349 - [Producer clientId=producer-1] Cluster ID: KnaY91erT92QN5ly-M942w
2026-01-17 14:57:39 INFO  TransactionManager:502 - [Producer clientId=producer-1] ProducerId set to 181 with epoch 0
2026-01-17 14:57:39 INFO  Metadata:349 - [Consumer clientId=consumer-my-group-1, groupId=my-group] Cluster ID: KnaY91erT92QN5ly-M942w
2026-01-17 14:57:39 INFO  ConsumerCoordinator:936 - [Consumer clientId=consumer-my-group-1, groupId=my-group] Discovered group coordinator 10.129.148.129:9092 (id: 2147483647 rack: null)
2026-01-17 14:57:39 INFO  ConsumerCoordinator:604 - [Consumer clientId=consumer-my-group-1, groupId=my-group] (Re-)joining group
2026-01-17 14:57:39 INFO  ConsumerCoordinator:1102 - [Consumer clientId=consumer-my-group-1, groupId=my-group] Request joining group due to: need to re-join with the given member-id: consumer-my-group-1-7cbb3560-7edb-42e7-a31d-bdaba96bd7f7
2026-01-17 14:57:39 INFO  ConsumerCoordinator:604 - [Consumer clientId=consumer-my-group-1, groupId=my-group] (Re-)joining group
2026-01-17 14:57:39 INFO  ConsumerCoordinator:665 - [Consumer clientId=consumer-my-group-1, groupId=my-group] Successfully joined group with generation Generation{generationId=208, memberId='consumer-my-group-1-7cbb3560-7edb-42e7-a31d-bdaba96bd7f7', protocol='range'}
2026-01-17 14:57:39 INFO  ConsumerCoordinator:659 - [Consumer clientId=consumer-my-group-1, groupId=my-group] Finished assignment for group at generation 208: {consumer-my-group-1-7cbb3560-7edb-42e7-a31d-bdaba96bd7f7=Assignment(partitions=[topic2-0])}
2026-01-17 14:57:39 INFO  ConsumerCoordinator:842 - [Consumer clientId=consumer-my-group-1, groupId=my-group] Successfully synced group in generation Generation{generationId=208, memberId='consumer-my-group-1-7cbb3560-7edb-42e7-a31d-bdaba96bd7f7', protocol='range'}
2026-01-17 14:57:39 INFO  ConsumerCoordinator:319 - [Consumer clientId=consumer-my-group-1, groupId=my-group] Notifying assignor about the new Assignment(partitions=[topic2-0])
2026-01-17 14:57:39 INFO  ConsumerRebalanceListenerInvoker:56 - [Consumer clientId=consumer-my-group-1, groupId=my-group] Adding newly assigned partitions: topic2-0
2026-01-17 14:57:39 INFO  ConsumerUtils:199 - Setting offset for partition topic2-0 to the committed offset FetchPosition{offset=1129976, offsetEpoch=Optional[0], currentLeader=LeaderAndEpoch{leader=Optional[10.129.148.129:9092 (id: 0 rack: null)], epoch=0}}
safedb syserr  data=java.nio.HeapByteBuffer[pos=0 lim=43 cap=43] &&& <ByteString@13f95696 size=43 contents="SELECT * FROM usertable WHERE YCSB_KEY=831;">
 Waiting for request 1768642059

safedb syserr  data=java.nio.HeapByteBuffer[pos=0 lim=41 cap=41] &&& <ByteString@32193bea size=41 contents="DELETE FROM usertable where YCSB_KEY=937;">
safedb syserr  data=java.nio.HeapByteBuffer[pos=0 lim=43 cap=43] &&& <ByteString@758705fa size=43 contents="SELECT * FROM usertable where YCSB_KEY=473;">
safedb syserr  data=java.nio.HeapByteBuffer[pos=0 lim=41 cap=41] &&& <ByteString@49d3c823 size=41 contents="DELETE FROM usertable WHERE YCSB_KEY=473;">
safedb syserr  data=java.nio.HeapByteBuffer[pos=0 lim=43 cap=43] &&& <ByteString@604c5de8 size=43 contents="SELECT * FROM usertable WHERE YCSB_KEY=778;">
safedb syserr  data=java.nio.HeapByteBuffer[pos=0 lim=43 cap=43] &&& <ByteString@57abad67 size=43 contents="SELECT * FROM usertable WHERE YCSB_KEY=144;">
safedb syserr  data=java.nio.HeapByteBuffer[pos=0 lim=43 cap=43] &&& <ByteString@52851b44 size=43 contents="SELECT * FROM usertable WHERE YCSB_KEY=833;">
safedb syserr  data=java.nio.HeapByteBuffer[pos=0 lim=44 cap=44] &&& <ByteString@576f63f6 size=44 contents="SELECT * FROM usertable WHERE YCSB_KEY=1082;">
safedb syserr  data=java.nio.HeapByteBuffer[pos=0 lim=41 cap=41] &&& <ByteString@ff684e1 size=41 contents="DELETE FROM usertable WHERE YCSB_KEY=950;">
safedb syserr  data=java.nio.HeapByteBuffer[pos=0 lim=43 cap=43] &&& <ByteString@55dfebeb size=43 contents="SELECT * FROM usertable where YCSB_KEY=848;">
safedb syserr  data=java.nio.HeapByteBuffer[pos=0 lim=41 cap=41] &&& <ByteString@77b14724 size=41 contents="DELETE FROM usertable WHERE YCSB_KEY=848;">
safedb syserr  data=java.nio.HeapByteBuffer[pos=0 lim=43 cap=43] &&& <ByteString@604f2bd2 size=43 contents="SELECT * FROM usertable WHERE YCSB_KEY=196;">
safedb syserr  data=java.nio.HeapByteBuffer[pos=0 lim=367 cap=367] &&& <ByteString@7b84fcf8 size=367 contents="INSERT INTO usertable (ycsb_key, FIELD10, FIELD...">
safedb syserr  data=java.nio.HeapByteBuffer[pos=0 lim=43 cap=43] &&& <ByteString@366ac49b size=43 contents="SELECT * FROM usertable where YCSB_KEY=947;">
safedb syserr  data=java.nio.HeapByteBuffer[pos=0 lim=41 cap=41] &&& <ByteString@62e20a76 size=41 contents="DELETE FROM usertable WHERE YCSB_KEY=947;">
safedb syserr  data=java.nio.HeapByteBuffer[pos=0 lim=43 cap=43] &&& <ByteString@1477089c size=43 contents="SELECT * FROM usertable WHERE YCSB_KEY=858;">
safedb syserr  data=java.nio.HeapByteBuffer[pos=0 lim=43 cap=43] &&& <ByteString@59d2400d size=43 contents="SELECT * FROM usertable WHERE YCSB_KEY=808;">
safedb syserr  data=java.nio.HeapByteBuffer[pos=0 lim=367 cap=367] &&& <ByteString@5b202a3a size=367 contents="INSERT INTO usertable (ycsb_key, FIELD10, FIELD...">
safedb syserr  data=java.nio.HeapByteBuffer[pos=0 lim=41 cap=41] &&& <ByteString@34cdeda2 size=41 contents="DELETE FROM usertable WHERE YCSB_KEY=763;">
 Waiting for request 1768642059

safedb syserr  data=java.nio.HeapByteBuffer[pos=0 lim=43 cap=43] &&& <ByteString@4535b6d5 size=43 contents="SELECT * FROM usertable WHERE YCSB_KEY=336;">
safedb syserr  data=java.nio.HeapByteBuffer[pos=0 lim=367 cap=367] &&& <ByteString@232a7d73 size=367 contents="INSERT INTO usertable (ycsb_key, FIELD10, FIELD...">
safedb syserr  data=java.nio.HeapByteBuffer[pos=0 lim=43 cap=43] &&& <ByteString@74960bfa size=43 contents="SELECT * FROM usertable WHERE YCSB_KEY=197;">
safedb syserr  data=java.nio.HeapByteBuffer[pos=0 lim=43 cap=43] &&& <ByteString@1f6c9cd8 size=43 contents="SELECT * FROM usertable WHERE YCSB_KEY=165;">
safedb syserr  data=java.nio.HeapByteBuffer[pos=0 lim=43 cap=43] &&& <ByteString@447a020 size=43 contents="SELECT * FROM usertable WHERE YCSB_KEY=406;">
safedb syserr  data=java.nio.HeapByteBuffer[pos=0 lim=43 cap=43] &&& <ByteString@6d23017e size=43 contents="SELECT * FROM usertable WHERE YCSB_KEY=590;">
safedb syserr  data=java.nio.HeapByteBuffer[pos=0 lim=367 cap=367] &&& <ByteString@767e20cf size=367 contents="INSERT INTO usertable (ycsb_key, FIELD10, FIELD...">
safedb syserr  data=java.nio.HeapByteBuffer[pos=0 lim=42 cap=42] &&& <ByteString@17a1e4ca size=42 contents="SELECT * FROM usertable where YCSB_KEY=96;">
safedb syserr  data=java.nio.HeapByteBuffer[pos=0 lim=40 cap=40] &&& <ByteString@4a194c39 size=40 contents="DELETE FROM usertable WHERE YCSB_KEY=96;">
safedb syserr  data=java.nio.HeapByteBuffer[pos=0 lim=267 cap=267] &&& <ByteString@56113384 size=267 contents="INSERT INTO usertable VALUES (12001,\'A1vCDlW9TS...">
safedb syserr  data=java.nio.HeapByteBuffer[pos=0 lim=43 cap=43] &&& <ByteString@5f9678e1 size=43 contents="SELECT * FROM usertable WHERE YCSB_KEY=967;">
safedb syserr  data=java.nio.HeapByteBuffer[pos=0 lim=43 cap=43] &&& <ByteString@5a9d6f02 size=43 contents="SELECT * FROM usertable WHERE YCSB_KEY=388;">
safedb syserr  data=java.nio.HeapByteBuffer[pos=0 lim=367 cap=367] &&& <ByteString@5ccbeb64 size=367 contents="INSERT INTO usertable (ycsb_key, FIELD10, FIELD...">
safedb syserr  data=java.nio.HeapByteBuffer[pos=0 lim=44 cap=44] &&& <ByteString@5aac4250 size=44 contents="SELECT * FROM usertable WHERE YCSB_KEY=1579;">
safedb syserr  data=java.nio.HeapByteBuffer[pos=0 lim=42 cap=42] &&& <ByteString@59f63e24 size=42 contents="SELECT * FROM usertable where YCSB_KEY=30;">
safedb syserr  data=java.nio.HeapByteBuffer[pos=0 lim=40 cap=40] &&& <ByteString@fade1fc size=40 contents="DELETE FROM usertable WHERE YCSB_KEY=30;">
safedb syserr  data=java.nio.HeapByteBuffer[pos=0 lim=40 cap=40] &&& <ByteString@613a8ee1 size=40 contents="DELETE FROM usertable where YCSB_KEY=41;">
safedb syserr  data=java.nio.HeapByteBuffer[pos=0 lim=41 cap=41] &&& <ByteString@1b765a2c size=41 contents="DELETE FROM usertable WHERE YCSB_KEY=751;">
safedb syserr  data=java.nio.HeapByteBuffer[pos=0 lim=43 cap=43] &&& <ByteString@18920cc size=43 contents="SELECT * FROM usertable where YCSB_KEY=419;">
safedb syserr  data=java.nio.HeapByteBuffer[pos=0 lim=366 cap=366] &&& <ByteString@6492fab5 size=366 contents="INSERT INTO usertable (ycsb_key, FIELD10, FIELD...">
safedb syserr  data=java.nio.HeapByteBuffer[pos=0 lim=41 cap=41] &&& <ByteString@5f6722d3 size=41 contents="DELETE FROM usertable WHERE YCSB_KEY=419;">
safedb syserr  data=java.nio.HeapByteBuffer[pos=0 lim=43 cap=43] &&& <ByteString@51972dc7 size=43 contents="SELECT * FROM usertable WHERE YCSB_KEY=549;">
safedb syserr  data=java.nio.HeapByteBuffer[pos=0 lim=43 cap=43] &&& <ByteString@5911e990 size=43 contents="SELECT * FROM usertable WHERE YCSB_KEY=658;">
safedb syserr  data=java.nio.HeapByteBuffer[pos=0 lim=43 cap=43] &&& <ByteString@24d09c1 size=43 contents="SELECT * FROM usertable WHERE YCSB_KEY=400;">
safedb syserr  data=java.nio.HeapByteBuffer[pos=0 lim=366 cap=366] &&& <ByteString@47f4e407 size=366 contents="INSERT INTO usertable (ycsb_key, FIELD10, FIELD...">
 Waiting for request 1768642059

safedb syserr  data=java.nio.HeapByteBuffer[pos=0 lim=42 cap=42] &&& <ByteString@fc258b1 size=42 contents="SELECT * FROM usertable WHERE YCSB_KEY=15;">
safedb syserr  data=java.nio.HeapByteBuffer[pos=0 lim=44 cap=44] &&& <ByteString@4af0df05 size=44 contents="SELECT * FROM usertable WHERE YCSB_KEY=1404;">
safedb syserr  data=java.nio.HeapByteBuffer[pos=0 lim=41 cap=41] &&& <ByteString@674bd420 size=41 contents="DELETE FROM usertable where YCSB_KEY=291;">
safedb syserr  data=java.nio.HeapByteBuffer[pos=0 lim=367 cap=367] &&& <ByteString@4b45dcb8 size=367 contents="INSERT INTO usertable (ycsb_key, FIELD10, FIELD...">
safedb syserr  data=java.nio.HeapByteBuffer[pos=0 lim=44 cap=44] &&& <ByteString@50ecde95 size=44 contents="SELECT * FROM usertable WHERE YCSB_KEY=1099;">
safedb syserr  data=java.nio.HeapByteBuffer[pos=0 lim=43 cap=43] &&& <ByteString@45815ffc size=43 contents="SELECT * FROM usertable WHERE YCSB_KEY=838;">
safedb syserr  data=java.nio.HeapByteBuffer[pos=0 lim=41 cap=41] &&& <ByteString@6622fc65 size=41 contents="DELETE FROM usertable WHERE YCSB_KEY=859;">
safedb syserr  data=java.nio.HeapByteBuffer[pos=0 lim=367 cap=367] &&& <ByteString@64ba3208 size=367 contents="INSERT INTO usertable (ycsb_key, FIELD10, FIELD...">
safedb syserr  data=java.nio.HeapByteBuffer[pos=0 lim=267 cap=267] &&& <ByteString@5e1fa5b1 size=267 contents="INSERT INTO usertable VALUES (12002,\'51OAI4dGn0...">
safedb syserr  data=java.nio.HeapByteBuffer[pos=0 lim=41 cap=41] &&& <ByteString@3e821657 size=41 contents="DELETE FROM usertable WHERE YCSB_KEY=497;">
safedb syserr  data=java.nio.HeapByteBuffer[pos=0 lim=43 cap=43] &&& <ByteString@615091b8 size=43 contents="SELECT * FROM usertable WHERE YCSB_KEY=565;">
safedb syserr  data=java.nio.HeapByteBuffer[pos=0 lim=43 cap=43] &&& <ByteString@43b6123e size=43 contents="SELECT * FROM usertable WHERE YCSB_KEY=655;">
safedb syserr  data=java.nio.HeapByteBuffer[pos=0 lim=43 cap=43] &&& <ByteString@12bd8a64 size=43 contents="SELECT * FROM usertable WHERE YCSB_KEY=429;">
safedb syserr  data=java.nio.HeapByteBuffer[pos=0 lim=44 cap=44] &&& <ByteString@ebb6851 size=44 contents="SELECT * FROM usertable WHERE YCSB_KEY=1539;">
safedb syserr  data=java.nio.HeapByteBuffer[pos=0 lim=43 cap=43] &&& <ByteString@6f152006 size=43 contents="SELECT * FROM usertable WHERE YCSB_KEY=631;">
safedb syserr  data=java.nio.HeapByteBuffer[pos=0 lim=43 cap=43] &&& <ByteString@7cbc3762 size=43 contents="SELECT * FROM usertable where YCSB_KEY=851;">
safedb syserr  data=java.nio.HeapByteBuffer[pos=0 lim=41 cap=41] &&& <ByteString@56303b57 size=41 contents="DELETE FROM usertable WHERE YCSB_KEY=851;">
safedb syserr  data=java.nio.HeapByteBuffer[pos=0 lim=367 cap=367] &&& <ByteString@78f5c518 size=367 contents="INSERT INTO usertable (ycsb_key, FIELD10, FIELD...">
safedb syserr  data=java.nio.HeapByteBuffer[pos=0 lim=43 cap=43] &&& <ByteString@753432a2 size=43 contents="SELECT * FROM usertable WHERE YCSB_KEY=574;">
safedb syserr  data=java.nio.HeapByteBuffer[pos=0 lim=40 cap=40] &&& <ByteString@44e3a2b2 size=40 contents="DELETE FROM usertable WHERE YCSB_KEY=48;">
safedb syserr  data=java.nio.HeapByteBuffer[pos=0 lim=367 cap=367] &&& <ByteString@1d2bd371 size=367 contents="INSERT INTO usertable (ycsb_key, FIELD10, FIELD...">
safedb syserr  data=java.nio.HeapByteBuffer[pos=0 lim=43 cap=43] &&& <ByteString@18bc345 size=43 contents="SELECT * FROM usertable WHERE YCSB_KEY=766;">
safedb syserr  data=java.nio.HeapByteBuffer[pos=0 lim=41 cap=41] &&& <ByteString@3724af13 size=41 contents="DELETE FROM usertable WHERE YCSB_KEY=368;">
safedb syserr  data=java.nio.HeapByteBuffer[pos=0 lim=43 cap=43] &&& <ByteString@180da663 size=43 contents="SELECT * FROM usertable WHERE YCSB_KEY=774;">
safedb syserr  data=java.nio.HeapByteBuffer[pos=0 lim=43 cap=43] &&& <ByteString@424ebba3 size=43 contents="SELECT * FROM usertable WHERE YCSB_KEY=602;">
safedb syserr  data=java.nio.HeapByteBuffer[pos=0 lim=43 cap=43] &&& <ByteString@7a560583 size=43 contents="SELECT * FROM usertable WHERE YCSB_KEY=740;">
safedb syserr  data=java.nio.HeapByteBuffer[pos=0 lim=43 cap=43] &&& <ByteString@616fe72b size=43 contents="SELECT * FROM usertable WHERE YCSB_KEY=966;">
safedb syserr  data=java.nio.HeapByteBuffer[pos=0 lim=367 cap=367] &&& <ByteString@7e5d9a50 size=367 contents="INSERT INTO usertable (ycsb_key, FIELD10, FIELD...">
safedb syserr  data=java.nio.HeapByteBuffer[pos=0 lim=43 cap=43] &&& <ByteString@fcb4004 size=43 contents="SELECT * FROM usertable WHERE YCSB_KEY=324;">
safedb syserr  data=java.nio.HeapByteBuffer[pos=0 lim=43 cap=43] &&& <ByteString@2dd29a59 size=43 contents="SELECT * FROM usertable WHERE YCSB_KEY=136;">
safedb syserr  data=java.nio.HeapByteBuffer[pos=0 lim=43 cap=43] &&& <ByteString@40dff0b7 size=43 contents="SELECT * FROM usertable WHERE YCSB_KEY=416;">
safedb syserr  data=java.nio.HeapByteBuffer[pos=0 lim=366 cap=366] &&& <ByteString@1253e7cb size=366 contents="INSERT INTO usertable (ycsb_key, FIELD10, FIELD...">
safedb syserr  data=java.nio.HeapByteBuffer[pos=0 lim=41 cap=41] &&& <ByteString@3b0c9195 size=41 contents="DELETE FROM usertable WHERE YCSB_KEY=343;">
safedb syserr  data=java.nio.HeapByteBuffer[pos=0 lim=367 cap=367] &&& <ByteString@302a07d size=367 contents="INSERT INTO usertable (ycsb_key, FIELD10, FIELD...">
safedb syserr  data=java.nio.HeapByteBuffer[pos=0 lim=41 cap=41] &&& <ByteString@7e8dcdaa size=41 contents="DELETE FROM usertable WHERE YCSB_KEY=993;">
safedb syserr  data=java.nio.HeapByteBuffer[pos=0 lim=43 cap=43] &&& <ByteString@5c08c46a size=43 contents="SELECT * FROM usertable WHERE YCSB_KEY=409;">
safedb syserr  data=java.nio.HeapByteBuffer[pos=0 lim=42 cap=42] &&& <ByteString@5829e4f4 size=42 contents="SELECT * FROM usertable WHERE YCSB_KEY=67;">
 Waiting for request 1768642060

safedb syserr  data=java.nio.HeapByteBuffer[pos=0 lim=43 cap=43] &&& <ByteString@1b2c4efb size=43 contents="SELECT * FROM usertable WHERE YCSB_KEY=855;">
safedb syserr  data=java.nio.HeapByteBuffer[pos=0 lim=41 cap=41] &&& <ByteString@3cc41abc size=41 contents="DELETE FROM usertable where YCSB_KEY=763;">
safedb syserr  data=java.nio.HeapByteBuffer[pos=0 lim=41 cap=41] &&& <ByteString@3668d4 size=41 contents="DELETE FROM usertable WHERE YCSB_KEY=975;">
safedb syserr  data=java.nio.HeapByteBuffer[pos=0 lim=267 cap=267] &&& <ByteString@7f6f61c8 size=267 contents="INSERT INTO usertable VALUES (12003,\'rt8DejuOkV...">
safedb syserr  data=java.nio.HeapByteBuffer[pos=0 lim=43 cap=43] &&& <ByteString@4097cac size=43 contents="SELECT * FROM usertable WHERE YCSB_KEY=686;">
safedb syserr  data=java.nio.HeapByteBuffer[pos=0 lim=43 cap=43] &&& <ByteString@52d645b1 size=43 contents="SELECT * FROM usertable WHERE YCSB_KEY=123;">
safedb syserr  data=java.nio.HeapByteBuffer[pos=0 lim=367 cap=367] &&& <ByteString@710b18a6 size=367 contents="INSERT INTO usertable (ycsb_key, FIELD10, FIELD...">
safedb syserr  data=java.nio.HeapByteBuffer[pos=0 lim=43 cap=43] &&& <ByteString@c055c54 size=43 contents="SELECT * FROM usertable WHERE YCSB_KEY=296;">
safedb syserr  data=java.nio.HeapByteBuffer[pos=0 lim=43 cap=43] &&& <ByteString@73173f63 size=43 contents="SELECT * FROM usertable WHERE YCSB_KEY=603;">
safedb syserr  data=java.nio.HeapByteBuffer[pos=0 lim=367 cap=367] &&& <ByteString@7e276594 size=367 contents="INSERT INTO usertable (ycsb_key, FIELD10, FIELD...">
safedb syserr  data=java.nio.HeapByteBuffer[pos=0 lim=42 cap=42] &&& <ByteString@4233e892 size=42 contents="SELECT * FROM usertable WHERE YCSB_KEY=33;">
safedb syserr  data=java.nio.HeapByteBuffer[pos=0 lim=43 cap=43] &&& <ByteString@58ffcbd7 size=43 contents="SELECT * FROM usertable WHERE YCSB_KEY=891;">
safedb syserr  data=java.nio.HeapByteBuffer[pos=0 lim=43 cap=43] &&& <ByteString@3c9bfddc size=43 contents="SELECT * FROM usertable WHERE YCSB_KEY=807;">
safedb syserr  data=java.nio.HeapByteBuffer[pos=0 lim=41 cap=41] &&& <ByteString@4c5474f5 size=41 contents="DELETE FROM usertable WHERE YCSB_KEY=194;">
safedb syserr  data=java.nio.HeapByteBuffer[pos=0 lim=41 cap=41] &&& <ByteString@3bd418e4 size=41 contents="DELETE FROM usertable WHERE YCSB_KEY=895;">
safedb syserr  data=java.nio.HeapByteBuffer[pos=0 lim=367 cap=367] &&& <ByteString@2e61d218 size=367 contents="INSERT INTO usertable (ycsb_key, FIELD10, FIELD...">
safedb syserr  data=java.nio.HeapByteBuffer[pos=0 lim=44 cap=44] &&& <ByteString@e84a8e1 size=44 contents="SELECT * FROM usertable WHERE YCSB_KEY=1170;">
safedb syserr  data=java.nio.HeapByteBuffer[pos=0 lim=43 cap=43] &&& <ByteString@7d42c224 size=43 contents="SELECT * FROM usertable WHERE YCSB_KEY=881;">
safedb syserr  data=java.nio.HeapByteBuffer[pos=0 lim=43 cap=43] &&& <ByteString@35390ee3 size=43 contents="SELECT * FROM usertable where YCSB_KEY=897;">
safedb syserr  data=java.nio.HeapByteBuffer[pos=0 lim=41 cap=41] &&& <ByteString@5ee2b6f9 size=41 contents="DELETE FROM usertable WHERE YCSB_KEY=897;">
safedb syserr  data=java.nio.HeapByteBuffer[pos=0 lim=43 cap=43] &&& <ByteString@58fb7731 size=43 contents="SELECT * FROM usertable WHERE YCSB_KEY=739;">
safedb syserr  data=java.nio.HeapByteBuffer[pos=0 lim=41 cap=41] &&& <ByteString@37ddb69a size=41 contents="DELETE FROM usertable where YCSB_KEY=815;">
safedb syserr  data=java.nio.HeapByteBuffer[pos=0 lim=367 cap=367] &&& <ByteString@4b9df8a size=367 contents="INSERT INTO usertable (ycsb_key, FIELD10, FIELD...">
safedb syserr  data=java.nio.HeapByteBuffer[pos=0 lim=43 cap=43] &&& <ByteString@6955cb39 size=43 contents="SELECT * FROM usertable WHERE YCSB_KEY=884;">
safedb syserr  data=java.nio.HeapByteBuffer[pos=0 lim=367 cap=367] &&& <ByteString@5f7b97da size=367 contents="INSERT INTO usertable (ycsb_key, FIELD10, FIELD...">
safedb syserr  data=java.nio.HeapByteBuffer[pos=0 lim=43 cap=43] &&& <ByteString@3a1dd365 size=43 contents="SELECT * FROM usertable WHERE YCSB_KEY=723;">
safedb syserr  data=java.nio.HeapByteBuffer[pos=0 lim=43 cap=43] &&& <ByteString@68044f4 size=43 contents="SELECT * FROM usertable where YCSB_KEY=198;">
safedb syserr  data=java.nio.HeapByteBuffer[pos=0 lim=41 cap=41] &&& <ByteString@68fa0ba8 size=41 contents="DELETE FROM usertable WHERE YCSB_KEY=198;">
safedb syserr  data=java.nio.HeapByteBuffer[pos=0 lim=43 cap=43] &&& <ByteString@640f11a1 size=43 contents="SELECT * FROM usertable WHERE YCSB_KEY=413;">
safedb syserr  data=java.nio.HeapByteBuffer[pos=0 lim=367 cap=367] &&& <ByteString@78365cfa size=367 contents="INSERT INTO usertable (ycsb_key, FIELD10, FIELD...">
safedb syserr  data=java.nio.HeapByteBuffer[pos=0 lim=43 cap=43] &&& <ByteString@52de51b6 size=43 contents="SELECT * FROM usertable WHERE YCSB_KEY=411;">
safedb syserr  data=java.nio.HeapByteBuffer[pos=0 lim=43 cap=43] &&& <ByteString@68ad99fe size=43 contents="SELECT * FROM usertable WHERE YCSB_KEY=811;">
safedb syserr  data=java.nio.HeapByteBuffer[pos=0 lim=43 cap=43] &&& <ByteString@2a79d4b1 size=43 contents="SELECT * FROM usertable WHERE YCSB_KEY=129;">
safedb syserr  data=java.nio.HeapByteBuffer[pos=0 lim=267 cap=267] &&& <ByteString@1755e85b size=267 contents="INSERT INTO usertable VALUES (12004,\'SRg4mUoOlA...">
safedb syserr  data=java.nio.HeapByteBuffer[pos=0 lim=43 cap=43] &&& <ByteString@5b529706 size=43 contents="SELECT * FROM usertable WHERE YCSB_KEY=173;">
safedb syserr  data=java.nio.HeapByteBuffer[pos=0 lim=267 cap=267] &&& <ByteString@5553d0f5 size=267 contents="INSERT INTO usertable VALUES (12005,\'SdguMjKrpF...">
safedb syserr  data=java.nio.HeapByteBuffer[pos=0 lim=43 cap=43] &&& <ByteString@3f390d63 size=43 contents="SELECT * FROM usertable WHERE YCSB_KEY=124;">
safedb syserr  data=java.nio.HeapByteBuffer[pos=0 lim=44 cap=44] &&& <ByteString@2374d36a size=44 contents="SELECT * FROM usertable WHERE YCSB_KEY=1198;">
safedb syserr  data=java.nio.HeapByteBuffer[pos=0 lim=43 cap=43] &&& <ByteString@47a5b70d size=43 contents="SELECT * FROM usertable where YCSB_KEY=135;">
safedb syserr  data=java.nio.HeapByteBuffer[pos=0 lim=41 cap=41] &&& <ByteString@38f116f6 size=41 contents="DELETE FROM usertable WHERE YCSB_KEY=135;">
 Waiting for request 1768642060

safedb syserr  data=java.nio.HeapByteBuffer[pos=0 lim=367 cap=367] &&& <ByteString@5c530d1e size=367 contents="INSERT INTO usertable (ycsb_key, FIELD10, FIELD...">
safedb syserr  data=java.nio.HeapByteBuffer[pos=0 lim=43 cap=43] &&& <ByteString@c5ee75e size=43 contents="SELECT * FROM usertable WHERE YCSB_KEY=896;">
safedb syserr  data=java.nio.HeapByteBuffer[pos=0 lim=43 cap=43] &&& <ByteString@70efb718 size=43 contents="SELECT * FROM usertable WHERE YCSB_KEY=633;">
safedb syserr  data=java.nio.HeapByteBuffer[pos=0 lim=43 cap=43] &&& <ByteString@4e858e0a size=43 contents="SELECT * FROM usertable WHERE YCSB_KEY=505;">
safedb syserr  data=java.nio.HeapByteBuffer[pos=0 lim=43 cap=43] &&& <ByteString@b7838a9 size=43 contents="SELECT * FROM usertable WHERE YCSB_KEY=847;">
safedb syserr  data=java.nio.HeapByteBuffer[pos=0 lim=41 cap=41] &&& <ByteString@1c3146bc size=41 contents="DELETE FROM usertable where YCSB_KEY=276;">
safedb syserr  data=java.nio.HeapByteBuffer[pos=0 lim=43 cap=43] &&& <ByteString@f478a81 size=43 contents="SELECT * FROM usertable WHERE YCSB_KEY=807;">
safedb syserr  data=java.nio.HeapByteBuffer[pos=0 lim=41 cap=41] &&& <ByteString@7fe7c640 size=41 contents="DELETE FROM usertable WHERE YCSB_KEY=821;">
safedb syserr  data=java.nio.HeapByteBuffer[pos=0 lim=44 cap=44] &&& <ByteString@32c8e539 size=44 contents="SELECT * FROM usertable WHERE YCSB_KEY=1665;">
safedb syserr  data=java.nio.HeapByteBuffer[pos=0 lim=43 cap=43] &&& <ByteString@32811494 size=43 contents="SELECT * FROM usertable WHERE YCSB_KEY=703;">
safedb syserr  data=java.nio.HeapByteBuffer[pos=0 lim=367 cap=367] &&& <ByteString@14d14731 size=367 contents="INSERT INTO usertable (ycsb_key, FIELD10, FIELD...">
safedb syserr  data=java.nio.HeapByteBuffer[pos=0 lim=41 cap=41] &&& <ByteString@42f33b5d size=41 contents="DELETE FROM usertable WHERE YCSB_KEY=822;">
safedb syserr  data=java.nio.HeapByteBuffer[pos=0 lim=43 cap=43] &&& <ByteString@6475472c size=43 contents="SELECT * FROM usertable WHERE YCSB_KEY=706;">
safedb syserr  data=java.nio.HeapByteBuffer[pos=0 lim=42 cap=42] &&& <ByteString@7096b474 size=42 contents="SELECT * FROM usertable WHERE YCSB_KEY=25;">
safedb syserr  data=java.nio.HeapByteBuffer[pos=0 lim=44 cap=44] &&& <ByteString@784b990c size=44 contents="SELECT * FROM usertable WHERE YCSB_KEY=1767;">
safedb syserr  data=java.nio.HeapByteBuffer[pos=0 lim=43 cap=43] &&& <ByteString@5d1659ea size=43 contents="SELECT * FROM usertable WHERE YCSB_KEY=848;">
safedb syserr  data=java.nio.HeapByteBuffer[pos=0 lim=41 cap=41] &&& <ByteString@5c18016b size=41 contents="SELECT * FROM usertable WHERE YCSB_KEY=7;">
safedb syserr  data=java.nio.HeapByteBuffer[pos=0 lim=44 cap=44] &&& <ByteString@57ac5227 size=44 contents="SELECT * FROM usertable WHERE YCSB_KEY=1016;">

 txReplies num keys sz= 0
 Waiting for request 1768642060

2026-01-17 14:57:40 DEBUG RaftClient:484 - close client-D002775E6AB7
 Waiting for request 1768642060

 Waiting for request 1768642060

 Waiting for request 1768642060

 Waiting for request 1768642060

 Waiting for request 1768642060

 Waiting for request 1768642061

 Waiting for request 1768642061

 Waiting for request 1768642061

 Waiting for request 1768642061

 Waiting for request 1768642061

 Waiting for request 1768642061

 Waiting for request 1768642061

 Waiting for request 1768642061

 Waiting for request 1768642061

 Waiting for request 1768642062

 Waiting for request 1768642062

 Waiting for request 1768642062

 Waiting for request 1768642062

 Waiting for request 1768642062

 Waiting for request 1768642062

 Waiting for request 1768642062

 Waiting for request 1768642062

 Waiting for request 1768642063

 Waiting for request 1768642063

 Waiting for request 1768642063

 Waiting for request 1768642063

 Waiting for request 1768642063

 Waiting for request 1768642063

 Waiting for request 1768642063

 Waiting for request 1768642063

 Waiting for request 1768642063

 Waiting for request 1768642064

 Waiting for request 1768642064

 Waiting for request 1768642064

 Waiting for request 1768642064

 Waiting for request 1768642064

 Waiting for request 1768642064

 Waiting for request 1768642064

 Waiting for request 1768642064

 Waiting for request 1768642064

 Waiting for request 1768642065

 Waiting for request 1768642065

 Waiting for request 1768642065

 req= c2-15 startTime = 854384475405 endTime= null
 req= c2-16 startTime = 854384482138 endTime= null
 req= c2-13 startTime = 854384458907 endTime= null
 req= c2-140 startTime = 854384915104 endTime= null
 req= c2-14 startTime = 854384464981 endTime= null
 req= c2-19 startTime = 854384499772 endTime= null
 req= c2-17 startTime = 854384488341 endTime= null
 req= c2-18 startTime = 854384494533 endTime= null
 req= c2-22 startTime = 854384517225 endTime= null
 req= c2-23 startTime = 854384523333 endTime= null
 req= c2-20 startTime = 854384505991 endTime= null
 req= c2-21 startTime = 854384511824 endTime= null
 req= c2-26 startTime = 854384538656 endTime= null
 req= c2-27 startTime = 854384544561 endTime= null
 req= c2-24 startTime = 854384528486 endTime= null
 req= c2-25 startTime = 854384534070 endTime= null
 req= c2-28 startTime = 854384548944 endTime= null
 req= c2-29 startTime = 854384553569 endTime= null
 req= c2-30 startTime = 854384558891 endTime= null
 req= c2-7 startTime = 854384418304 endTime= null
 req= c2-33 startTime = 854384574252 endTime= null
 req= c2-6 startTime = 854384410450 endTime= null
 req= c2-34 startTime = 854384579621 endTime= null
 req= c2-9 startTime = 854384431963 endTime= null
 req= c2-31 startTime = 854384564486 endTime= null
 req= c2-8 startTime = 854384425466 endTime= null
 req= c2-32 startTime = 854384569385 endTime= null
 req= c2-3 startTime = 854384388342 endTime= null
 req= c2-2 startTime = 854384373691 endTime= null
 req= c2-5 startTime = 854384403559 endTime= null
 req= c2-4 startTime = 854384396364 endTime= null
 req= c2-1 startTime = 854383941718 endTime= null
 req= c2-37 startTime = 854384593070 endTime= null
 req= c2-38 startTime = 854384598092 endTime= null
 req= c2-35 startTime = 854384583886 endTime= null
 req= c2-36 startTime = 854384588225 endTime= null
 req= c2-39 startTime = 854384601815 endTime= null
 req= c2-40 startTime = 854384605045 endTime= null
 req= c2-124 startTime = 854384860244 endTime= null
 req= c2-41 startTime = 854384608266 endTime= null
 req= c2-123 startTime = 854384856508 endTime= null
 req= c2-126 startTime = 854384869216 endTime= null
 req= c2-125 startTime = 854384864761 endTime= null
 req= c2-44 startTime = 854384618565 endTime= null
 req= c2-120 startTime = 854384846303 endTime= null
 req= c2-45 startTime = 854384621895 endTime= null
 req= c2-42 startTime = 854384611391 endTime= null
 req= c2-122 startTime = 854384853230 endTime= null
 req= c2-43 startTime = 854384615013 endTime= null
 req= c2-121 startTime = 854384849817 endTime= null
 req= c2-128 startTime = 854384879609 endTime= null
 req= c2-127 startTime = 854384874118 endTime= null
 req= c2-129 startTime = 854384886073 endTime= null
 req= c2-48 startTime = 854384631510 endTime= null
 req= c2-49 startTime = 854384634625 endTime= null
 req= c2-46 startTime = 854384625452 endTime= null
 req= c2-47 startTime = 854384628489 endTime= null
 req= c2-51 startTime = 854384641284 endTime= null
 req= c2-135 startTime = 854384903017 endTime= null
 req= c2-52 startTime = 854384644622 endTime= null
 req= c2-134 startTime = 854384900707 endTime= null
 req= c2-137 startTime = 854384907712 endTime= null
 req= c2-50 startTime = 854384637868 endTime= null
 req= c2-136 startTime = 854384905426 endTime= null
 req= c2-55 startTime = 854384654516 endTime= null
 req= c2-131 startTime = 854384892509 endTime= null
 req= c2-56 startTime = 854384657693 endTime= null
 req= c2-130 startTime = 854384889714 endTime= null
 req= c2-53 startTime = 854384648405 endTime= null
 req= c2-133 startTime = 854384898190 endTime= null
 req= c2-54 startTime = 854384651610 endTime= null
 req= c2-132 startTime = 854384895473 endTime= null
 req= c2-139 startTime = 854384912688 endTime= null
 req= c2-138 startTime = 854384909991 endTime= null
 req= c2-59 startTime = 854384666023 endTime= null
 req= c2-57 startTime = 854384660588 endTime= null
 req= c2-58 startTime = 854384663247 endTime= null
 req= c2-62 startTime = 854384675102 endTime= null
 req= c2-102 startTime = 854384795857 endTime= null
 req= c2-63 startTime = 854384678669 endTime= null
 req= c2-101 startTime = 854384793296 endTime= null
 req= c2-60 startTime = 854384668987 endTime= null
 req= c2-104 startTime = 854384800876 endTime= null
 req= c2-61 startTime = 854384671863 endTime= null
 req= c2-103 startTime = 854384798330 endTime= null
 req= c2-66 startTime = 854384689673 endTime= null
 req= c2-67 startTime = 854384692356 endTime= null
 req= c2-64 startTime = 854384682200 endTime= null
 req= c2-100 startTime = 854384790824 endTime= null
 req= c2-65 startTime = 854384686413 endTime= null
 req= c2-109 startTime = 854384815734 endTime= null
 req= c2-106 startTime = 854384807267 endTime= null
 req= c2-105 startTime = 854384803788 endTime= null
 req= c2-108 startTime = 854384813185 endTime= null
 req= c2-107 startTime = 854384810452 endTime= null
 req= c2-68 startTime = 854384695073 endTime= null
 req= c2-69 startTime = 854384697675 endTime= null
 req= c2-73 startTime = 854384708684 endTime= null
 req= c2-113 startTime = 854384826650 endTime= null
 req= c2-74 startTime = 854384711732 endTime= null
 req= c2-112 startTime = 854384823466 endTime= null
 req= c2-71 startTime = 854384702931 endTime= null
 req= c2-115 startTime = 854384831714 endTime= null
 req= c2-72 startTime = 854384705604 endTime= null
 req= c2-114 startTime = 854384829344 endTime= null
 req= c2-77 startTime = 854384719301 endTime= null
 req= c2-78 startTime = 854384722557 endTime= null
 req= c2-75 startTime = 854384714208 endTime= null
 req= c2-111 startTime = 854384820734 endTime= null
 req= c2-76 startTime = 854384716694 endTime= null
 req= c2-110 startTime = 854384818298 endTime= null
 req= c2-117 startTime = 854384837170 endTime= null
 req= c2-70 startTime = 854384700267 endTime= null
 req= c2-116 startTime = 854384834240 endTime= null
 req= c2-119 startTime = 854384843088 endTime= null
 req= c2-118 startTime = 854384840016 endTime= null
 req= c2-79 startTime = 854384725465 endTime= null
 req= c2-84 startTime = 854384741819 endTime= null
 req= c2-85 startTime = 854384745741 endTime= null
 req= c2-82 startTime = 854384734399 endTime= null
 req= c2-83 startTime = 854384737955 endTime= null
 req= c2-88 startTime = 854384757985 endTime= null
 req= c2-89 startTime = 854384760475 endTime= null
 req= c2-86 startTime = 854384750538 endTime= null
 req= c2-87 startTime = 854384754977 endTime= null
 req= c2-80 startTime = 854384728181 endTime= null
 req= c2-81 startTime = 854384731241 endTime= null
 req= c2-95 startTime = 854384777151 endTime= null
 req= c2-96 startTime = 854384780006 endTime= null
 req= c2-93 startTime = 854384771760 endTime= null
 req= c2-94 startTime = 854384774464 endTime= null
 req= c2-11 startTime = 854384446713 endTime= null
 req= c2-99 startTime = 854384788385 endTime= null
 req= c2-12 startTime = 854384453017 endTime= null
 req= c2-97 startTime = 854384783021 endTime= null
 req= c2-10 startTime = 854384438750 endTime= null
 req= c2-98 startTime = 854384785849 endTime= null
 req= c2-91 startTime = 854384766042 endTime= null
 req= c2-92 startTime = 854384768948 endTime= null
 req= c2-90 startTime = 854384763315 endTime= null
Total time taken: 1098055 microsec
start time: 854383929678466 nanosec  && msec=1768642059270
 Waiting for request 1768642065

 Waiting for request 1768642065

 Waiting for request 1768642065

 Waiting for request 1768642065

 Waiting for request 1768642065

 Waiting for request 1768642066

 Waiting for request 1768642066

 Waiting for request 1768642066

